[0.007s] Invoking command in '/home/omen16/workspace/grad_ws/build/kiss_icp': CMAKE_PREFIX_PATH=${CMAKE_PREFIX_PATH}:/home/omen16/workspace/grad_ws/install/lidar_processor:/opt/ros/humble /home/omen16/.local/bin/cmake /home/omen16/workspace/grad_ws/src/kiss-icp/ros -DAMENT_CMAKE_SYMLINK_INSTALL=1 -DCMAKE_INSTALL_PREFIX=/home/omen16/workspace/grad_ws/install/kiss_icp
[0.217s] -- The CXX compiler identification is GNU 11.4.0
[0.222s] -- Detecting CXX compiler ABI info
[0.274s] -- Detecting CXX compiler ABI info - done
[0.284s] -- Check for working CXX compiler: /usr/bin/c++ - skipped
[0.285s] -- Detecting CXX compile features
[0.285s] -- Detecting CXX compile features - done
[0.332s] [0mCMake Deprecation Warning at /home/omen16/workspace/grad_ws/src/kiss-icp/cpp/kiss_icp/3rdparty/find_dependencies.cmake:25 (cmake_policy):
[0.332s]   The OLD behavior for policy CMP0135 will be removed from a future version
[0.332s]   of CMake.
[0.332s] 
[0.332s]   The cmake-policies(7) manual explains that the OLD behaviors of all
[0.332s]   policies are deprecated and that a policy should be set to OLD only under
[0.332s]   specific short-term circumstances.  Projects should be ported to the NEW
[0.332s]   behavior and not rely on setting a policy to OLD.
[0.332s] Call Stack (most recent call first):
[0.332s]   /home/omen16/workspace/grad_ws/src/kiss-icp/cpp/kiss_icp/CMakeLists.txt:48 (include)
[0.332s] 
[0.332s] [0m
[1.348s] -- The C compiler identification is GNU 11.4.0
[1.353s] -- Detecting C compiler ABI info
[1.461s] -- Detecting C compiler ABI info - done
[1.486s] -- Check for working C compiler: /usr/bin/cc - skipped
[1.487s] -- Detecting C compile features
[1.487s] -- Detecting C compile features - done
[2.286s] [0mCMake Deprecation Warning at /home/omen16/workspace/grad_ws/build/kiss_icp/_deps/tessil-src/CMakeLists.txt:1 (cmake_minimum_required):
[2.286s]   Compatibility with CMake < 3.10 will be removed from a future version of
[2.286s]   CMake.
[2.286s] 
[2.286s]   Update the VERSION argument <min> value.  Or, use the <min>...<max> syntax
[2.286s]   to tell CMake that the project requires at least <min> but has been updated
[2.286s]   to work with policies introduced by <max> or earlier.
[2.286s] 
[2.286s] [0m
[2.302s] -- Found ament_cmake: 1.3.12 (/opt/ros/humble/share/ament_cmake/cmake)
[2.385s] -- Found Python3: /usr/bin/python3 (found version "3.10.12") found components: Interpreter
[2.442s] -- Override CMake install command with custom implementation using symlinks instead of copying resources
[2.482s] -- Found geometry_msgs: 4.9.0 (/opt/ros/humble/share/geometry_msgs/cmake)
[2.526s] -- Found rosidl_generator_c: 3.1.7 (/opt/ros/humble/share/rosidl_generator_c/cmake)
[2.532s] -- Found rosidl_adapter: 3.1.7 (/opt/ros/humble/share/rosidl_adapter/cmake)
[2.542s] -- Found rosidl_generator_cpp: 3.1.7 (/opt/ros/humble/share/rosidl_generator_cpp/cmake)
[2.557s] -- Using all available rosidl_typesupport_c: rosidl_typesupport_fastrtps_c;rosidl_typesupport_introspection_c
[2.574s] -- Using all available rosidl_typesupport_cpp: rosidl_typesupport_fastrtps_cpp;rosidl_typesupport_introspection_cpp
[2.613s] -- Found nav_msgs: 4.9.0 (/opt/ros/humble/share/nav_msgs/cmake)
[2.630s] -- Found rclcpp: 16.0.15 (/opt/ros/humble/share/rclcpp/cmake)
[2.675s] -- Found rmw_implementation_cmake: 6.1.2 (/opt/ros/humble/share/rmw_implementation_cmake/cmake)
[2.678s] -- Found rmw_fastrtps_cpp: 6.2.9 (/opt/ros/humble/share/rmw_fastrtps_cpp/cmake)
[2.815s] -- Found OpenSSL: /usr/lib/x86_64-linux-gnu/libcrypto.so (found version "3.0.2")
[2.841s] -- Found FastRTPS: /opt/ros/humble/include
[2.876s] -- Using RMW implementation 'rmw_fastrtps_cpp' as default
[2.887s] -- Performing Test CMAKE_HAVE_LIBC_PTHREAD
[2.945s] -- Performing Test CMAKE_HAVE_LIBC_PTHREAD - Success
[2.946s] -- Found Threads: TRUE
[2.990s] -- Found rclcpp_components: 16.0.15 (/opt/ros/humble/share/rclcpp_components/cmake)
[3.021s] -- Found sensor_msgs: 4.9.0 (/opt/ros/humble/share/sensor_msgs/cmake)
[3.038s] -- Found tf2_ros: 0.25.16 (/opt/ros/humble/share/tf2_ros/cmake)
[3.113s] -- Found std_srvs: 4.9.0 (/opt/ros/humble/share/std_srvs/cmake)
[3.164s] -- Configuring done (3.1s)
[3.186s] -- Generating done (0.0s)
[3.209s] -- Build files have been written to: /home/omen16/workspace/grad_ws/build/kiss_icp
[3.218s] Invoked command in '/home/omen16/workspace/grad_ws/build/kiss_icp' returned '0': CMAKE_PREFIX_PATH=${CMAKE_PREFIX_PATH}:/home/omen16/workspace/grad_ws/install/lidar_processor:/opt/ros/humble /home/omen16/.local/bin/cmake /home/omen16/workspace/grad_ws/src/kiss-icp/ros -DAMENT_CMAKE_SYMLINK_INSTALL=1 -DCMAKE_INSTALL_PREFIX=/home/omen16/workspace/grad_ws/install/kiss_icp
[3.220s] Invoking command in '/home/omen16/workspace/grad_ws/build/kiss_icp': CMAKE_PREFIX_PATH=${CMAKE_PREFIX_PATH}:/home/omen16/workspace/grad_ws/install/lidar_processor:/opt/ros/humble /home/omen16/.local/bin/cmake --build /home/omen16/workspace/grad_ws/build/kiss_icp -- -j32 -l32
[3.285s] [  7%] [32mBuilding CXX object kiss_icp/core/CMakeFiles/kiss_icp_core.dir/Registration.cpp.o[0m
[3.286s] [ 14%] [32mBuilding CXX object kiss_icp/core/CMakeFiles/kiss_icp_core.dir/VoxelUtils.cpp.o[0m
[3.286s] [ 21%] [32mBuilding CXX object kiss_icp/metrics/CMakeFiles/kiss_icp_metrics.dir/Metrics.cpp.o[0m
[3.286s] [ 28%] [32mBuilding CXX object kiss_icp/core/CMakeFiles/kiss_icp_core.dir/Preprocessing.cpp.o[0m
[3.286s] [ 35%] [32mBuilding CXX object kiss_icp/core/CMakeFiles/kiss_icp_core.dir/VoxelHashMap.cpp.o[0m
[3.286s] [ 42%] [32mBuilding CXX object kiss_icp/core/CMakeFiles/kiss_icp_core.dir/Threshold.cpp.o[0m
[3.288s] [ 50%] [32mBuilding CXX object CMakeFiles/kiss_icp_node.dir/rclcpp_components/node_main_kiss_icp_node.cpp.o[0m
[5.231s] [ 57%] [1m[32mLinking CXX executable kiss_icp_node[0m
[5.445s] [ 57%] Built target kiss_icp_node
[6.778s] [ 64%] [1m[32mLinking CXX static library libkiss_icp_core.a[0m
[6.842s] [ 64%] Built target kiss_icp_core
[6.850s] [ 71%] [32mBuilding CXX object kiss_icp/pipeline/CMakeFiles/kiss_icp_pipeline.dir/KissICP.cpp.o[0m
[7.814s] [ 78%] [1m[32mLinking CXX static library libkiss_icp_pipeline.a[0m
[7.886s] [ 78%] Built target kiss_icp_pipeline
[7.894s] [ 85%] [32mBuilding CXX object CMakeFiles/odometry_component.dir/src/OdometryServer.cpp.o[0m
[9.501s] [ 92%] [1m[32mLinking CXX static library libkiss_icp_metrics.a[0m
[9.539s] [ 92%] Built target kiss_icp_metrics
[18.962s] [100%] [1m[32mLinking CXX shared library libodometry_component.so[0m
[19.110s] [100%] Built target odometry_component
[19.129s] Invoked command in '/home/omen16/workspace/grad_ws/build/kiss_icp' returned '0': CMAKE_PREFIX_PATH=${CMAKE_PREFIX_PATH}:/home/omen16/workspace/grad_ws/install/lidar_processor:/opt/ros/humble /home/omen16/.local/bin/cmake --build /home/omen16/workspace/grad_ws/build/kiss_icp -- -j32 -l32
[19.176s] Invoking command in '/home/omen16/workspace/grad_ws/build/kiss_icp': CMAKE_PREFIX_PATH=${CMAKE_PREFIX_PATH}:/home/omen16/workspace/grad_ws/install/lidar_processor:/opt/ros/humble /home/omen16/.local/bin/cmake --install /home/omen16/workspace/grad_ws/build/kiss_icp
[19.221s] -- Install configuration: "Release"
[19.221s] -- Execute custom install script
[19.222s] -- Symlinking: /home/omen16/workspace/grad_ws/install/kiss_icp/lib/kiss_icp/kiss_icp_node
[19.225s] -- Symlinking: /home/omen16/workspace/grad_ws/install/kiss_icp/lib/libodometry_component.so
[19.228s] -- Symlinking: /home/omen16/workspace/grad_ws/install/kiss_icp/share/kiss_icp//launch/odometry.launch.py
[19.231s] -- Symlinking: /home/omen16/workspace/grad_ws/install/kiss_icp/share/kiss_icp//rviz/kiss_icp.rviz
[19.234s] -- Symlinking: /home/omen16/workspace/grad_ws/install/kiss_icp/share/kiss_icp//config/config.yaml
[19.237s] -- Symlinking: /home/omen16/workspace/grad_ws/install/kiss_icp/share/ament_index/resource_index/package_run_dependencies/kiss_icp
[19.239s] -- Symlinking: /home/omen16/workspace/grad_ws/install/kiss_icp/share/ament_index/resource_index/parent_prefix_path/kiss_icp
[19.241s] -- Symlinking: /home/omen16/workspace/grad_ws/install/kiss_icp/share/kiss_icp/environment/ament_prefix_path.sh
[19.244s] -- Symlinking: /home/omen16/workspace/grad_ws/install/kiss_icp/share/kiss_icp/environment/ament_prefix_path.dsv
[19.246s] -- Symlinking: /home/omen16/workspace/grad_ws/install/kiss_icp/share/kiss_icp/environment/path.sh
[19.248s] -- Symlinking: /home/omen16/workspace/grad_ws/install/kiss_icp/share/kiss_icp/environment/path.dsv
[19.250s] -- Symlinking: /home/omen16/workspace/grad_ws/install/kiss_icp/share/kiss_icp/local_setup.bash
[19.252s] -- Symlinking: /home/omen16/workspace/grad_ws/install/kiss_icp/share/kiss_icp/local_setup.sh
[19.254s] -- Symlinking: /home/omen16/workspace/grad_ws/install/kiss_icp/share/kiss_icp/local_setup.zsh
[19.256s] -- Symlinking: /home/omen16/workspace/grad_ws/install/kiss_icp/share/kiss_icp/local_setup.dsv
[19.258s] -- Symlinking: /home/omen16/workspace/grad_ws/install/kiss_icp/share/kiss_icp/package.dsv
[19.261s] -- Symlinking: /home/omen16/workspace/grad_ws/install/kiss_icp/share/ament_index/resource_index/packages/kiss_icp
[19.263s] -- Symlinking: /home/omen16/workspace/grad_ws/install/kiss_icp/share/ament_index/resource_index/rclcpp_components/kiss_icp
[19.265s] -- Symlinking: /home/omen16/workspace/grad_ws/install/kiss_icp/share/kiss_icp/cmake/kiss_icpConfig.cmake
[19.267s] -- Symlinking: /home/omen16/workspace/grad_ws/install/kiss_icp/share/kiss_icp/cmake/kiss_icpConfig-version.cmake
[19.269s] -- Symlinking: /home/omen16/workspace/grad_ws/install/kiss_icp/share/kiss_icp/package.xml
[19.273s] Invoked command in '/home/omen16/workspace/grad_ws/build/kiss_icp' returned '0': CMAKE_PREFIX_PATH=${CMAKE_PREFIX_PATH}:/home/omen16/workspace/grad_ws/install/lidar_processor:/opt/ros/humble /home/omen16/.local/bin/cmake --install /home/omen16/workspace/grad_ws/build/kiss_icp
