[0.009s] Invoking command in '/home/omen16/workspace/grad_ws/build/velodyne_pointcloud': CMAKE_PREFIX_PATH=/home/omen16/workspace/grad_ws/install/velodyne_msgs:/home/omen16/workspace/grad_ws/install/velodyne:/home/omen16/workspace/grad_ws/install/velodyne_pointcloud:/home/omen16/workspace/grad_ws/install/velodyne_driver:/home/omen16/workspace/grad_ws/install/velodyne_laserscan:/home/omen16/workspace/grad_ws/install/lidar_processor:/opt/ros/humble LD_LIBRARY_PATH=/home/omen16/workspace/grad_ws/install/velodyne_msgs/lib:/usr/local/cuda-12.8/lib64:/home/omen16/workspace/grad_ws/install/velodyne_pointcloud/lib:/home/omen16/workspace/grad_ws/install/velodyne_driver/lib:/home/omen16/workspace/grad_ws/install/velodyne_laserscan/lib:/opt/ros/humble/opt/rviz_ogre_vendor/lib:/opt/ros/humble/lib/x86_64-linux-gnu:/opt/ros/humble/lib /usr/bin/cmake /home/omen16/workspace/grad_ws/src/velodyne/velodyne_pointcloud -DCMAKE_INSTALL_PREFIX=/home/omen16/workspace/grad_ws/install/velodyne_pointcloud
[0.056s] -- The C compiler identification is GNU 11.4.0
[0.109s] -- The CXX compiler identification is GNU 11.4.0
[0.115s] -- Detecting C compiler ABI info
[0.179s] -- Detecting C compiler ABI info - done
[0.185s] -- Check for working C compiler: /usr/bin/cc - skipped
[0.185s] -- Detecting C compile features
[0.186s] -- Detecting C compile features - done
[0.188s] -- Detecting CXX compiler ABI info
[0.353s] -- Detecting CXX compiler ABI info - done
[0.358s] -- Check for working CXX compiler: /usr/bin/c++ - skipped
[0.358s] -- Detecting CXX compile features
[0.358s] -- Detecting CXX compile features - done
[0.360s] -- Found ament_cmake: 1.3.12 (/opt/ros/humble/share/ament_cmake/cmake)
[0.475s] -- Found Python3: /usr/bin/python3 (found version "3.10.12") found components: Interpreter 
[0.549s] -- Found angles: 1.15.0 (/opt/ros/humble/share/angles/cmake)
[0.552s] -- Found diagnostic_updater: 4.0.6 (/opt/ros/humble/share/diagnostic_updater/cmake)
[0.582s] -- Found rosidl_generator_c: 3.1.7 (/opt/ros/humble/share/rosidl_generator_c/cmake)
[0.585s] -- Found rosidl_adapter: 3.1.7 (/opt/ros/humble/share/rosidl_adapter/cmake)
[0.591s] -- Found rosidl_generator_cpp: 3.1.7 (/opt/ros/humble/share/rosidl_generator_cpp/cmake)
[0.599s] -- Using all available rosidl_typesupport_c: rosidl_typesupport_fastrtps_c;rosidl_typesupport_introspection_c
[0.610s] -- Using all available rosidl_typesupport_cpp: rosidl_typesupport_fastrtps_cpp;rosidl_typesupport_introspection_cpp
[0.669s] -- Found rmw_implementation_cmake: 6.1.2 (/opt/ros/humble/share/rmw_implementation_cmake/cmake)
[0.672s] -- Found rmw_fastrtps_cpp: 6.2.9 (/opt/ros/humble/share/rmw_fastrtps_cpp/cmake)
[0.744s] -- Found OpenSSL: /usr/lib/x86_64-linux-gnu/libcrypto.so (found version "3.0.2")  
[0.765s] -- Found FastRTPS: /opt/ros/humble/include  
[0.796s] -- Using RMW implementation 'rmw_fastrtps_cpp' as default
[0.802s] -- Looking for pthread.h
[0.864s] -- Looking for pthread.h - found
[0.864s] -- Performing Test CMAKE_HAVE_LIBC_PTHREAD
[0.928s] -- Performing Test CMAKE_HAVE_LIBC_PTHREAD - Success
[0.929s] -- Found Threads: TRUE  
[1.058s] -- Found geometry_msgs: 4.9.0 (/opt/ros/humble/share/geometry_msgs/cmake)
[1.072s] -- Found message_filters: 4.3.11 (/opt/ros/humble/share/message_filters/cmake)
[1.091s] -- Checking for module 'eigen3'
[1.106s] --   Found eigen3, version 3.4.0
[1.142s] -- Found Eigen: /usr/include/eigen3 (Required is at least version "3.1") 
[1.143s] -- Eigen found (include: /usr/include/eigen3, version: 3.4.0)
[1.168s] -- Found Boost: /usr/lib/x86_64-linux-gnu/cmake/Boost-1.74.0/BoostConfig.cmake (found suitable version "1.74.0", minimum required is "1.65.0") found components: system filesystem date_time iostreams serialization 
[1.170s] -- looking for PCL_COMMON
[1.171s] -- Found PCL_COMMON: /usr/lib/x86_64-linux-gnu/libpcl_common.so  
[1.171s] -- Found PCL: pcl_common;Boost::system;Boost::filesystem;Boost::date_time;Boost::iostreams;Boost::serialization  
[1.173s] -- Found rclcpp_components: 16.0.15 (/opt/ros/humble/share/rclcpp_components/cmake)
[1.195s] -- Found sensor_msgs: 4.9.0 (/opt/ros/humble/share/sensor_msgs/cmake)
[1.208s] -- Found tf2: 0.25.16 (/opt/ros/humble/share/tf2/cmake)
[1.211s] -- Found tf2_ros: 0.25.16 (/opt/ros/humble/share/tf2_ros/cmake)
[1.267s] -- Found velodyne_msgs: 2.5.1 (/home/omen16/workspace/grad_ws/install/velodyne_msgs/share/velodyne_msgs/cmake)
[1.278s] -- Found yaml_cpp_vendor: 8.0.2 (/opt/ros/humble/share/yaml_cpp_vendor/cmake)
[1.283s] -- Found ament_lint_auto: 0.12.14 (/opt/ros/humble/share/ament_lint_auto/cmake)
[1.346s] -- Found gtest sources under '/opt/ros/humble/src/gtest_vendor': C++ tests using 'Google Test' will be built
[1.353s] -- Added test 'copyright' to check source files copyright and LICENSE
[1.357s] -- Added test 'cppcheck' to perform static code analysis on C / C++ code
[1.357s] -- Configured cppcheck include dirs: $<BUILD_INTERFACE:/home/omen16/workspace/grad_ws/src/velodyne/velodyne_pointcloud/include>
[1.357s] -- Configured cppcheck exclude dirs and/or files: 
[1.361s] -- Added test 'cpplint' to check C / C++ code against the Google style
[1.361s] -- Configured cpplint exclude dirs and/or files: 
[1.362s] -- Added test 'flake8' to check Python code syntax and style conventions
[1.363s] -- Added test 'lint_cmake' to check CMake code style
[1.363s] -- Added test 'pep257' to check Python code against some of the docstring style conventions in PEP 257
[1.367s] -- Added test 'uncrustify' to check C / C++ code style
[1.367s] -- Configured uncrustify additional arguments: 
[1.371s] -- Configuring done
[1.416s] -- Generating done
[1.431s] -- Build files have been written to: /home/omen16/workspace/grad_ws/build/velodyne_pointcloud
[1.445s] Invoked command in '/home/omen16/workspace/grad_ws/build/velodyne_pointcloud' returned '0': CMAKE_PREFIX_PATH=/home/omen16/workspace/grad_ws/install/velodyne_msgs:/home/omen16/workspace/grad_ws/install/velodyne:/home/omen16/workspace/grad_ws/install/velodyne_pointcloud:/home/omen16/workspace/grad_ws/install/velodyne_driver:/home/omen16/workspace/grad_ws/install/velodyne_laserscan:/home/omen16/workspace/grad_ws/install/lidar_processor:/opt/ros/humble LD_LIBRARY_PATH=/home/omen16/workspace/grad_ws/install/velodyne_msgs/lib:/usr/local/cuda-12.8/lib64:/home/omen16/workspace/grad_ws/install/velodyne_pointcloud/lib:/home/omen16/workspace/grad_ws/install/velodyne_driver/lib:/home/omen16/workspace/grad_ws/install/velodyne_laserscan/lib:/opt/ros/humble/opt/rviz_ogre_vendor/lib:/opt/ros/humble/lib/x86_64-linux-gnu:/opt/ros/humble/lib /usr/bin/cmake /home/omen16/workspace/grad_ws/src/velodyne/velodyne_pointcloud -DCMAKE_INSTALL_PREFIX=/home/omen16/workspace/grad_ws/install/velodyne_pointcloud
[1.446s] Invoking command in '/home/omen16/workspace/grad_ws/build/velodyne_pointcloud': CMAKE_PREFIX_PATH=/home/omen16/workspace/grad_ws/install/velodyne_msgs:/home/omen16/workspace/grad_ws/install/velodyne:/home/omen16/workspace/grad_ws/install/velodyne_pointcloud:/home/omen16/workspace/grad_ws/install/velodyne_driver:/home/omen16/workspace/grad_ws/install/velodyne_laserscan:/home/omen16/workspace/grad_ws/install/lidar_processor:/opt/ros/humble LD_LIBRARY_PATH=/home/omen16/workspace/grad_ws/install/velodyne_msgs/lib:/usr/local/cuda-12.8/lib64:/home/omen16/workspace/grad_ws/install/velodyne_pointcloud/lib:/home/omen16/workspace/grad_ws/install/velodyne_driver/lib:/home/omen16/workspace/grad_ws/install/velodyne_laserscan/lib:/opt/ros/humble/opt/rviz_ogre_vendor/lib:/opt/ros/humble/lib/x86_64-linux-gnu:/opt/ros/humble/lib /usr/bin/cmake --build /home/omen16/workspace/grad_ws/build/velodyne_pointcloud -- -j32 -l32
[1.496s] [ 16%] [32mBuilding CXX object CMakeFiles/velodyne_rawdata.dir/src/lib/calibration.cpp.o[0m
[1.497s] [ 16%] [32mBuilding CXX object CMakeFiles/velodyne_rawdata.dir/src/lib/rawdata.cpp.o[0m
[1.497s] [ 22%] [32mBuilding CXX object gtest/CMakeFiles/gtest.dir/src/gtest-all.cc.o[0m
[1.497s] [ 22%] [32mBuilding CXX object CMakeFiles/velodyne_cloud_types.dir/src/lib/pointcloudXYZIRT.cpp.o[0m
[1.498s] [ 33%] [32mBuilding CXX object gtest/CMakeFiles/gtest_main.dir/src/gtest_main.cc.o[0m
[1.498s] [ 33%] [32mBuilding CXX object CMakeFiles/velodyne_cloud_types.dir/src/lib/organized_cloudXYZIRT.cpp.o[0m
[1.982s] [ 38%] [32m[1mLinking CXX static library libgtest_main.a[0m
[2.015s] [ 38%] Built target gtest_main
[3.779s] [ 44%] [32m[1mLinking CXX static library libgtest.a[0m
[3.847s] [ 44%] Built target gtest
[3.869s] [ 50%] [32mBuilding CXX object tests/CMakeFiles/test_row_step.dir/test_row_step.cpp.o[0m
[5.495s] [ 55%] [32m[1mLinking CXX shared library libvelodyne_cloud_types.so[0m
[5.636s] [ 61%] [32m[1mLinking CXX shared library libvelodyne_rawdata.so[0m
[5.693s] [ 61%] Built target velodyne_cloud_types
[5.967s] [ 61%] Built target velodyne_rawdata
[5.989s] [ 66%] [32mBuilding CXX object tests/CMakeFiles/test_calibration.dir/test_calibration.cpp.o[0m
[5.990s] [ 72%] [32mBuilding CXX object CMakeFiles/transform.dir/src/conversions/transform.cpp.o[0m
[6.852s] [ 77%] [32m[1mLinking CXX executable test_calibration[0m
[7.017s] [ 77%] Built target test_calibration
[8.063s] [ 83%] [32m[1mLinking CXX executable test_row_step[0m
[8.222s] [ 83%] Built target test_row_step
[14.276s] [ 88%] [32m[1mLinking CXX shared library libtransform.so[0m
[14.682s] [ 88%] Built target transform
[14.701s] [ 94%] [32mBuilding CXX object CMakeFiles/velodyne_transform_node.dir/src/conversions/transform_node.cpp.o[0m
[18.609s] [100%] [32m[1mLinking CXX executable velodyne_transform_node[0m
[18.812s] [100%] Built target velodyne_transform_node
[18.824s] Invoked command in '/home/omen16/workspace/grad_ws/build/velodyne_pointcloud' returned '0': CMAKE_PREFIX_PATH=/home/omen16/workspace/grad_ws/install/velodyne_msgs:/home/omen16/workspace/grad_ws/install/velodyne:/home/omen16/workspace/grad_ws/install/velodyne_pointcloud:/home/omen16/workspace/grad_ws/install/velodyne_driver:/home/omen16/workspace/grad_ws/install/velodyne_laserscan:/home/omen16/workspace/grad_ws/install/lidar_processor:/opt/ros/humble LD_LIBRARY_PATH=/home/omen16/workspace/grad_ws/install/velodyne_msgs/lib:/usr/local/cuda-12.8/lib64:/home/omen16/workspace/grad_ws/install/velodyne_pointcloud/lib:/home/omen16/workspace/grad_ws/install/velodyne_driver/lib:/home/omen16/workspace/grad_ws/install/velodyne_laserscan/lib:/opt/ros/humble/opt/rviz_ogre_vendor/lib:/opt/ros/humble/lib/x86_64-linux-gnu:/opt/ros/humble/lib /usr/bin/cmake --build /home/omen16/workspace/grad_ws/build/velodyne_pointcloud -- -j32 -l32
[18.825s] Invoking command in '/home/omen16/workspace/grad_ws/build/velodyne_pointcloud': CMAKE_PREFIX_PATH=/home/omen16/workspace/grad_ws/install/velodyne_msgs:/home/omen16/workspace/grad_ws/install/velodyne:/home/omen16/workspace/grad_ws/install/velodyne_pointcloud:/home/omen16/workspace/grad_ws/install/velodyne_driver:/home/omen16/workspace/grad_ws/install/velodyne_laserscan:/home/omen16/workspace/grad_ws/install/lidar_processor:/opt/ros/humble LD_LIBRARY_PATH=/home/omen16/workspace/grad_ws/install/velodyne_msgs/lib:/usr/local/cuda-12.8/lib64:/home/omen16/workspace/grad_ws/install/velodyne_pointcloud/lib:/home/omen16/workspace/grad_ws/install/velodyne_driver/lib:/home/omen16/workspace/grad_ws/install/velodyne_laserscan/lib:/opt/ros/humble/opt/rviz_ogre_vendor/lib:/opt/ros/humble/lib/x86_64-linux-gnu:/opt/ros/humble/lib /usr/bin/cmake --install /home/omen16/workspace/grad_ws/build/velodyne_pointcloud
[18.831s] -- Install configuration: ""
[18.832s] -- Installing: /home/omen16/workspace/grad_ws/install/velodyne_pointcloud/lib/libvelodyne_cloud_types.so
[18.833s] -- Set runtime path of "/home/omen16/workspace/grad_ws/install/velodyne_pointcloud/lib/libvelodyne_cloud_types.so" to ""
[18.833s] -- Installing: /home/omen16/workspace/grad_ws/install/velodyne_pointcloud/lib/libvelodyne_rawdata.so
[18.834s] -- Set runtime path of "/home/omen16/workspace/grad_ws/install/velodyne_pointcloud/lib/libvelodyne_rawdata.so" to ""
[18.834s] -- Installing: /home/omen16/workspace/grad_ws/install/velodyne_pointcloud/lib/libtransform.so
[18.846s] -- Set runtime path of "/home/omen16/workspace/grad_ws/install/velodyne_pointcloud/lib/libtransform.so" to ""
[18.847s] -- Installing: /home/omen16/workspace/grad_ws/install/velodyne_pointcloud/lib/velodyne_pointcloud/velodyne_transform_node
[18.848s] -- Set runtime path of "/home/omen16/workspace/grad_ws/install/velodyne_pointcloud/lib/velodyne_pointcloud/velodyne_transform_node" to ""
[18.848s] -- Installing: /home/omen16/workspace/grad_ws/install/velodyne_pointcloud/include/velodyne_pointcloud
[18.848s] -- Installing: /home/omen16/workspace/grad_ws/install/velodyne_pointcloud/include/velodyne_pointcloud/calibration.hpp
[18.848s] -- Installing: /home/omen16/workspace/grad_ws/install/velodyne_pointcloud/include/velodyne_pointcloud/pointcloudXYZIRT.hpp
[18.848s] -- Installing: /home/omen16/workspace/grad_ws/install/velodyne_pointcloud/include/velodyne_pointcloud/datacontainerbase.hpp
[18.848s] -- Installing: /home/omen16/workspace/grad_ws/install/velodyne_pointcloud/include/velodyne_pointcloud/organized_cloudXYZIRT.hpp
[18.848s] -- Installing: /home/omen16/workspace/grad_ws/install/velodyne_pointcloud/include/velodyne_pointcloud/rawdata.hpp
[18.848s] -- Installing: /home/omen16/workspace/grad_ws/install/velodyne_pointcloud/include/velodyne_pointcloud/transform.hpp
[18.848s] -- Installing: /home/omen16/workspace/grad_ws/install/velodyne_pointcloud/share/velodyne_pointcloud/config
[18.848s] -- Installing: /home/omen16/workspace/grad_ws/install/velodyne_pointcloud/share/velodyne_pointcloud/config/VLP16-velodyne_transform_node-params.yaml
[18.849s] -- Installing: /home/omen16/workspace/grad_ws/install/velodyne_pointcloud/share/velodyne_pointcloud/config/VLS128-velodyne_transform_node-params.yaml
[18.849s] -- Installing: /home/omen16/workspace/grad_ws/install/velodyne_pointcloud/share/velodyne_pointcloud/config/VLP32C-velodyne_transform_node-params.yaml
[18.849s] -- Installing: /home/omen16/workspace/grad_ws/install/velodyne_pointcloud/share/velodyne_pointcloud/launch
[18.849s] -- Installing: /home/omen16/workspace/grad_ws/install/velodyne_pointcloud/share/velodyne_pointcloud/launch/velodyne_transform_node-VLP32C-launch.py
[18.849s] -- Installing: /home/omen16/workspace/grad_ws/install/velodyne_pointcloud/share/velodyne_pointcloud/launch/velodyne_transform_node-VLS128-composed-launch.py
[18.849s] -- Installing: /home/omen16/workspace/grad_ws/install/velodyne_pointcloud/share/velodyne_pointcloud/launch/velodyne_transform_node-VLP16-composed-launch.py
[18.849s] -- Installing: /home/omen16/workspace/grad_ws/install/velodyne_pointcloud/share/velodyne_pointcloud/launch/velodyne_transform_node-VLS128-launch.py
[18.849s] -- Installing: /home/omen16/workspace/grad_ws/install/velodyne_pointcloud/share/velodyne_pointcloud/launch/velodyne_transform_node-VLP16-launch.py
[18.850s] -- Installing: /home/omen16/workspace/grad_ws/install/velodyne_pointcloud/share/velodyne_pointcloud/launch/velodyne_transform_node-VLP32C-composed-launch.py
[18.850s] -- Installing: /home/omen16/workspace/grad_ws/install/velodyne_pointcloud/share/velodyne_pointcloud/params
[18.850s] -- Installing: /home/omen16/workspace/grad_ws/install/velodyne_pointcloud/share/velodyne_pointcloud/params/issue_84_float_intensities.yaml
[18.850s] -- Installing: /home/omen16/workspace/grad_ws/install/velodyne_pointcloud/share/velodyne_pointcloud/params/64e_s3-xiesc.yaml
[18.851s] -- Installing: /home/omen16/workspace/grad_ws/install/velodyne_pointcloud/share/velodyne_pointcloud/params/rviz_points.vcg
[18.851s] -- Installing: /home/omen16/workspace/grad_ws/install/velodyne_pointcloud/share/velodyne_pointcloud/params/VeloView-VLP-32C.yaml
[18.851s] -- Installing: /home/omen16/workspace/grad_ws/install/velodyne_pointcloud/share/velodyne_pointcloud/params/32db.yaml
[18.852s] -- Installing: /home/omen16/workspace/grad_ws/install/velodyne_pointcloud/share/velodyne_pointcloud/params/VLS128.yaml
[18.852s] -- Installing: /home/omen16/workspace/grad_ws/install/velodyne_pointcloud/share/velodyne_pointcloud/params/64e_s2.1-sztaki.yaml
[18.852s] -- Installing: /home/omen16/workspace/grad_ws/install/velodyne_pointcloud/share/velodyne_pointcloud/params/VLP16_hires_db.yaml
[18.852s] -- Installing: /home/omen16/workspace/grad_ws/install/velodyne_pointcloud/share/velodyne_pointcloud/params/VLP16db.yaml
[18.853s] -- Installing: /home/omen16/workspace/grad_ws/install/velodyne_pointcloud/share/velodyne_pointcloud/params/64e_utexas.yaml
[18.854s] -- Installing: /home/omen16/workspace/grad_ws/install/velodyne_pointcloud/share/velodyne_pointcloud/environment/library_path.sh
[18.854s] -- Installing: /home/omen16/workspace/grad_ws/install/velodyne_pointcloud/share/velodyne_pointcloud/environment/library_path.dsv
[18.854s] -- Installing: /home/omen16/workspace/grad_ws/install/velodyne_pointcloud/share/ament_index/resource_index/package_run_dependencies/velodyne_pointcloud
[18.854s] -- Installing: /home/omen16/workspace/grad_ws/install/velodyne_pointcloud/share/ament_index/resource_index/parent_prefix_path/velodyne_pointcloud
[18.855s] -- Installing: /home/omen16/workspace/grad_ws/install/velodyne_pointcloud/share/velodyne_pointcloud/environment/ament_prefix_path.sh
[18.855s] -- Installing: /home/omen16/workspace/grad_ws/install/velodyne_pointcloud/share/velodyne_pointcloud/environment/ament_prefix_path.dsv
[18.855s] -- Installing: /home/omen16/workspace/grad_ws/install/velodyne_pointcloud/share/velodyne_pointcloud/environment/path.sh
[18.855s] -- Installing: /home/omen16/workspace/grad_ws/install/velodyne_pointcloud/share/velodyne_pointcloud/environment/path.dsv
[18.855s] -- Installing: /home/omen16/workspace/grad_ws/install/velodyne_pointcloud/share/velodyne_pointcloud/local_setup.bash
[18.855s] -- Installing: /home/omen16/workspace/grad_ws/install/velodyne_pointcloud/share/velodyne_pointcloud/local_setup.sh
[18.855s] -- Installing: /home/omen16/workspace/grad_ws/install/velodyne_pointcloud/share/velodyne_pointcloud/local_setup.zsh
[18.855s] -- Installing: /home/omen16/workspace/grad_ws/install/velodyne_pointcloud/share/velodyne_pointcloud/local_setup.dsv
[18.855s] -- Installing: /home/omen16/workspace/grad_ws/install/velodyne_pointcloud/share/velodyne_pointcloud/package.dsv
[18.855s] -- Installing: /home/omen16/workspace/grad_ws/install/velodyne_pointcloud/share/ament_index/resource_index/packages/velodyne_pointcloud
[18.856s] -- Installing: /home/omen16/workspace/grad_ws/install/velodyne_pointcloud/share/ament_index/resource_index/rclcpp_components/velodyne_pointcloud
[18.856s] -- Installing: /home/omen16/workspace/grad_ws/install/velodyne_pointcloud/share/velodyne_pointcloud/cmake/velodyne_pointcloudExport.cmake
[18.856s] -- Installing: /home/omen16/workspace/grad_ws/install/velodyne_pointcloud/share/velodyne_pointcloud/cmake/velodyne_pointcloudExport-noconfig.cmake
[18.856s] -- Installing: /home/omen16/workspace/grad_ws/install/velodyne_pointcloud/share/velodyne_pointcloud/cmake/ament_cmake_export_include_directories-extras.cmake
[18.856s] -- Installing: /home/omen16/workspace/grad_ws/install/velodyne_pointcloud/share/velodyne_pointcloud/cmake/ament_cmake_export_dependencies-extras.cmake
[18.856s] -- Installing: /home/omen16/workspace/grad_ws/install/velodyne_pointcloud/share/velodyne_pointcloud/cmake/ament_cmake_export_libraries-extras.cmake
[18.856s] -- Installing: /home/omen16/workspace/grad_ws/install/velodyne_pointcloud/share/velodyne_pointcloud/cmake/ament_cmake_export_targets-extras.cmake
[18.856s] -- Installing: /home/omen16/workspace/grad_ws/install/velodyne_pointcloud/share/velodyne_pointcloud/cmake/velodyne_pointcloudConfig.cmake
[18.857s] -- Installing: /home/omen16/workspace/grad_ws/install/velodyne_pointcloud/share/velodyne_pointcloud/cmake/velodyne_pointcloudConfig-version.cmake
[18.857s] -- Installing: /home/omen16/workspace/grad_ws/install/velodyne_pointcloud/share/velodyne_pointcloud/package.xml
[18.859s] Invoked command in '/home/omen16/workspace/grad_ws/build/velodyne_pointcloud' returned '0': CMAKE_PREFIX_PATH=/home/omen16/workspace/grad_ws/install/velodyne_msgs:/home/omen16/workspace/grad_ws/install/velodyne:/home/omen16/workspace/grad_ws/install/velodyne_pointcloud:/home/omen16/workspace/grad_ws/install/velodyne_driver:/home/omen16/workspace/grad_ws/install/velodyne_laserscan:/home/omen16/workspace/grad_ws/install/lidar_processor:/opt/ros/humble LD_LIBRARY_PATH=/home/omen16/workspace/grad_ws/install/velodyne_msgs/lib:/usr/local/cuda-12.8/lib64:/home/omen16/workspace/grad_ws/install/velodyne_pointcloud/lib:/home/omen16/workspace/grad_ws/install/velodyne_driver/lib:/home/omen16/workspace/grad_ws/install/velodyne_laserscan/lib:/opt/ros/humble/opt/rviz_ogre_vendor/lib:/opt/ros/humble/lib/x86_64-linux-gnu:/opt/ros/humble/lib /usr/bin/cmake --install /home/omen16/workspace/grad_ws/build/velodyne_pointcloud
