[0.053s] DEBUG:colcon:Command line arguments: ['/usr/bin/colcon', 'build', '--symlink-install', '--packages-select', 'lidar_processor']
[0.053s] DEBUG:colcon:Parsed command line arguments: Namespace(log_base=None, log_level=None, verb_name='build', build_base='build', install_base='install', merge_install=False, symlink_install=True, test_result_base=None, continue_on_error=False, executor='parallel', parallel_workers=32, event_handlers=None, ignore_user_meta=False, metas=['./colcon.meta'], base_paths=['.'], packages_ignore=None, packages_ignore_regex=None, paths=None, packages_up_to=None, packages_up_to_regex=None, packages_above=None, packages_above_and_dependencies=None, packages_above_depth=None, packages_select_by_dep=None, packages_skip_by_dep=None, packages_skip_up_to=None, packages_select_build_failed=False, packages_skip_build_finished=False, packages_select_test_failures=False, packages_skip_test_passed=False, packages_select=['lidar_processor'], packages_skip=None, packages_select_regex=None, packages_skip_regex=None, packages_start=None, packages_end=None, allow_overriding=[], cmake_args=None, cmake_target=None, cmake_target_skip_unavailable=False, cmake_clean_cache=False, cmake_clean_first=False, cmake_force_configure=False, ament_cmake_args=None, catkin_cmake_args=None, catkin_skip_building_tests=False, mixin_files=None, mixin=None, verb_parser=<colcon_mixin.mixin.mixin_argument.MixinArgumentDecorator object at 0x7ff9dc1732e0>, verb_extension=<colcon_core.verb.build.BuildVerb object at 0x7ff9dc172da0>, main=<bound method BuildVerb.main of <colcon_core.verb.build.BuildVerb object at 0x7ff9dc172da0>>, mixin_verb=('build',))
[0.136s] Level 1:colcon.colcon_core.package_discovery:discover_packages(colcon_meta) check parameters
[0.136s] Level 1:colcon.colcon_core.package_discovery:discover_packages(recursive) check parameters
[0.136s] Level 1:colcon.colcon_core.package_discovery:discover_packages(ignore) check parameters
[0.136s] Level 1:colcon.colcon_core.package_discovery:discover_packages(path) check parameters
[0.136s] Level 1:colcon.colcon_core.package_discovery:discover_packages(colcon_meta) discover
[0.136s] Level 1:colcon.colcon_core.package_discovery:discover_packages(recursive) discover
[0.136s] INFO:colcon.colcon_core.package_discovery:Crawling recursively for packages in '/home/omen16/workspace/grad_ws'
[0.136s] Level 1:colcon.colcon_core.package_identification:_identify(.) by extensions ['ignore', 'ignore_ament_install']
[0.136s] Level 1:colcon.colcon_core.package_identification:_identify(.) by extension 'ignore'
[0.136s] Level 1:colcon.colcon_core.package_identification:_identify(.) by extension 'ignore_ament_install'
[0.136s] Level 1:colcon.colcon_core.package_identification:_identify(.) by extensions ['colcon_pkg']
[0.136s] Level 1:colcon.colcon_core.package_identification:_identify(.) by extension 'colcon_pkg'
[0.136s] Level 1:colcon.colcon_core.package_identification:_identify(.) by extensions ['colcon_meta']
[0.136s] Level 1:colcon.colcon_core.package_identification:_identify(.) by extension 'colcon_meta'
[0.136s] Level 1:colcon.colcon_core.package_identification:_identify(.) by extensions ['ros']
[0.136s] Level 1:colcon.colcon_core.package_identification:_identify(.) by extension 'ros'
[0.142s] Level 1:colcon.colcon_core.package_identification:_identify(.) by extensions ['cmake', 'python']
[0.142s] Level 1:colcon.colcon_core.package_identification:_identify(.) by extension 'cmake'
[0.142s] Level 1:colcon.colcon_core.package_identification:_identify(.) by extension 'python'
[0.142s] Level 1:colcon.colcon_core.package_identification:_identify(.) by extensions ['python_setup_py']
[0.142s] Level 1:colcon.colcon_core.package_identification:_identify(.) by extension 'python_setup_py'
[0.142s] Level 1:colcon.colcon_core.package_identification:_identify(build) by extensions ['ignore', 'ignore_ament_install']
[0.142s] Level 1:colcon.colcon_core.package_identification:_identify(build) by extension 'ignore'
[0.142s] Level 1:colcon.colcon_core.package_identification:_identify(build) ignored
[0.142s] Level 1:colcon.colcon_core.package_identification:_identify(install) by extensions ['ignore', 'ignore_ament_install']
[0.142s] Level 1:colcon.colcon_core.package_identification:_identify(install) by extension 'ignore'
[0.142s] Level 1:colcon.colcon_core.package_identification:_identify(install) ignored
[0.142s] Level 1:colcon.colcon_core.package_identification:_identify(log) by extensions ['ignore', 'ignore_ament_install']
[0.142s] Level 1:colcon.colcon_core.package_identification:_identify(log) by extension 'ignore'
[0.142s] Level 1:colcon.colcon_core.package_identification:_identify(log) ignored
[0.142s] Level 1:colcon.colcon_core.package_identification:_identify(src) by extensions ['ignore', 'ignore_ament_install']
[0.142s] Level 1:colcon.colcon_core.package_identification:_identify(src) by extension 'ignore'
[0.142s] Level 1:colcon.colcon_core.package_identification:_identify(src) by extension 'ignore_ament_install'
[0.142s] Level 1:colcon.colcon_core.package_identification:_identify(src) by extensions ['colcon_pkg']
[0.142s] Level 1:colcon.colcon_core.package_identification:_identify(src) by extension 'colcon_pkg'
[0.142s] Level 1:colcon.colcon_core.package_identification:_identify(src) by extensions ['colcon_meta']
[0.142s] Level 1:colcon.colcon_core.package_identification:_identify(src) by extension 'colcon_meta'
[0.142s] Level 1:colcon.colcon_core.package_identification:_identify(src) by extensions ['ros']
[0.142s] Level 1:colcon.colcon_core.package_identification:_identify(src) by extension 'ros'
[0.142s] Level 1:colcon.colcon_core.package_identification:_identify(src) by extensions ['cmake', 'python']
[0.143s] Level 1:colcon.colcon_core.package_identification:_identify(src) by extension 'cmake'
[0.143s] Level 1:colcon.colcon_core.package_identification:_identify(src) by extension 'python'
[0.143s] Level 1:colcon.colcon_core.package_identification:_identify(src) by extensions ['python_setup_py']
[0.143s] Level 1:colcon.colcon_core.package_identification:_identify(src) by extension 'python_setup_py'
[0.143s] Level 1:colcon.colcon_core.package_identification:_identify(src/lidar_processor) by extensions ['ignore', 'ignore_ament_install']
[0.143s] Level 1:colcon.colcon_core.package_identification:_identify(src/lidar_processor) by extension 'ignore'
[0.143s] Level 1:colcon.colcon_core.package_identification:_identify(src/lidar_processor) by extension 'ignore_ament_install'
[0.143s] Level 1:colcon.colcon_core.package_identification:_identify(src/lidar_processor) by extensions ['colcon_pkg']
[0.143s] Level 1:colcon.colcon_core.package_identification:_identify(src/lidar_processor) by extension 'colcon_pkg'
[0.143s] Level 1:colcon.colcon_core.package_identification:_identify(src/lidar_processor) by extensions ['colcon_meta']
[0.143s] Level 1:colcon.colcon_core.package_identification:_identify(src/lidar_processor) by extension 'colcon_meta'
[0.143s] Level 1:colcon.colcon_core.package_identification:_identify(src/lidar_processor) by extensions ['ros']
[0.143s] Level 1:colcon.colcon_core.package_identification:_identify(src/lidar_processor) by extension 'ros'
[0.144s] DEBUG:colcon.colcon_core.package_identification:Package 'src/lidar_processor' with type 'ros.ament_python' and name 'lidar_processor'
[0.144s] Level 1:colcon.colcon_core.package_identification:_identify(src/velodyne) by extensions ['ignore', 'ignore_ament_install']
[0.144s] Level 1:colcon.colcon_core.package_identification:_identify(src/velodyne) by extension 'ignore'
[0.144s] Level 1:colcon.colcon_core.package_identification:_identify(src/velodyne) by extension 'ignore_ament_install'
[0.144s] Level 1:colcon.colcon_core.package_identification:_identify(src/velodyne) by extensions ['colcon_pkg']
[0.144s] Level 1:colcon.colcon_core.package_identification:_identify(src/velodyne) by extension 'colcon_pkg'
[0.144s] Level 1:colcon.colcon_core.package_identification:_identify(src/velodyne) by extensions ['colcon_meta']
[0.144s] Level 1:colcon.colcon_core.package_identification:_identify(src/velodyne) by extension 'colcon_meta'
[0.144s] Level 1:colcon.colcon_core.package_identification:_identify(src/velodyne) by extensions ['ros']
[0.144s] Level 1:colcon.colcon_core.package_identification:_identify(src/velodyne) by extension 'ros'
[0.144s] Level 1:colcon.colcon_core.package_identification:_identify(src/velodyne) by extensions ['cmake', 'python']
[0.144s] Level 1:colcon.colcon_core.package_identification:_identify(src/velodyne) by extension 'cmake'
[0.144s] Level 1:colcon.colcon_core.package_identification:_identify(src/velodyne) by extension 'python'
[0.144s] Level 1:colcon.colcon_core.package_identification:_identify(src/velodyne) by extensions ['python_setup_py']
[0.144s] Level 1:colcon.colcon_core.package_identification:_identify(src/velodyne) by extension 'python_setup_py'
[0.144s] Level 1:colcon.colcon_core.package_identification:_identify(src/velodyne/velodyne) by extensions ['ignore', 'ignore_ament_install']
[0.144s] Level 1:colcon.colcon_core.package_identification:_identify(src/velodyne/velodyne) by extension 'ignore'
[0.144s] Level 1:colcon.colcon_core.package_identification:_identify(src/velodyne/velodyne) by extension 'ignore_ament_install'
[0.144s] Level 1:colcon.colcon_core.package_identification:_identify(src/velodyne/velodyne) by extensions ['colcon_pkg']
[0.144s] Level 1:colcon.colcon_core.package_identification:_identify(src/velodyne/velodyne) by extension 'colcon_pkg'
[0.144s] Level 1:colcon.colcon_core.package_identification:_identify(src/velodyne/velodyne) by extensions ['colcon_meta']
[0.144s] Level 1:colcon.colcon_core.package_identification:_identify(src/velodyne/velodyne) by extension 'colcon_meta'
[0.144s] Level 1:colcon.colcon_core.package_identification:_identify(src/velodyne/velodyne) by extensions ['ros']
[0.144s] Level 1:colcon.colcon_core.package_identification:_identify(src/velodyne/velodyne) by extension 'ros'
[0.145s] DEBUG:colcon.colcon_core.package_identification:Package 'src/velodyne/velodyne' with type 'ros.ament_cmake' and name 'velodyne'
[0.145s] Level 1:colcon.colcon_core.package_identification:_identify(src/velodyne/velodyne_driver) by extensions ['ignore', 'ignore_ament_install']
[0.145s] Level 1:colcon.colcon_core.package_identification:_identify(src/velodyne/velodyne_driver) by extension 'ignore'
[0.145s] Level 1:colcon.colcon_core.package_identification:_identify(src/velodyne/velodyne_driver) by extension 'ignore_ament_install'
[0.145s] Level 1:colcon.colcon_core.package_identification:_identify(src/velodyne/velodyne_driver) by extensions ['colcon_pkg']
[0.145s] Level 1:colcon.colcon_core.package_identification:_identify(src/velodyne/velodyne_driver) by extension 'colcon_pkg'
[0.145s] Level 1:colcon.colcon_core.package_identification:_identify(src/velodyne/velodyne_driver) by extensions ['colcon_meta']
[0.145s] Level 1:colcon.colcon_core.package_identification:_identify(src/velodyne/velodyne_driver) by extension 'colcon_meta'
[0.145s] Level 1:colcon.colcon_core.package_identification:_identify(src/velodyne/velodyne_driver) by extensions ['ros']
[0.145s] Level 1:colcon.colcon_core.package_identification:_identify(src/velodyne/velodyne_driver) by extension 'ros'
[0.146s] DEBUG:colcon.colcon_core.package_identification:Package 'src/velodyne/velodyne_driver' with type 'ros.ament_cmake' and name 'velodyne_driver'
[0.146s] Level 1:colcon.colcon_core.package_identification:_identify(src/velodyne/velodyne_laserscan) by extensions ['ignore', 'ignore_ament_install']
[0.146s] Level 1:colcon.colcon_core.package_identification:_identify(src/velodyne/velodyne_laserscan) by extension 'ignore'
[0.146s] Level 1:colcon.colcon_core.package_identification:_identify(src/velodyne/velodyne_laserscan) by extension 'ignore_ament_install'
[0.146s] Level 1:colcon.colcon_core.package_identification:_identify(src/velodyne/velodyne_laserscan) by extensions ['colcon_pkg']
[0.146s] Level 1:colcon.colcon_core.package_identification:_identify(src/velodyne/velodyne_laserscan) by extension 'colcon_pkg'
[0.146s] Level 1:colcon.colcon_core.package_identification:_identify(src/velodyne/velodyne_laserscan) by extensions ['colcon_meta']
[0.146s] Level 1:colcon.colcon_core.package_identification:_identify(src/velodyne/velodyne_laserscan) by extension 'colcon_meta'
[0.146s] Level 1:colcon.colcon_core.package_identification:_identify(src/velodyne/velodyne_laserscan) by extensions ['ros']
[0.146s] Level 1:colcon.colcon_core.package_identification:_identify(src/velodyne/velodyne_laserscan) by extension 'ros'
[0.147s] DEBUG:colcon.colcon_core.package_identification:Package 'src/velodyne/velodyne_laserscan' with type 'ros.ament_cmake' and name 'velodyne_laserscan'
[0.147s] Level 1:colcon.colcon_core.package_identification:_identify(src/velodyne/velodyne_msgs) by extensions ['ignore', 'ignore_ament_install']
[0.147s] Level 1:colcon.colcon_core.package_identification:_identify(src/velodyne/velodyne_msgs) by extension 'ignore'
[0.147s] Level 1:colcon.colcon_core.package_identification:_identify(src/velodyne/velodyne_msgs) by extension 'ignore_ament_install'
[0.147s] Level 1:colcon.colcon_core.package_identification:_identify(src/velodyne/velodyne_msgs) by extensions ['colcon_pkg']
[0.147s] Level 1:colcon.colcon_core.package_identification:_identify(src/velodyne/velodyne_msgs) by extension 'colcon_pkg'
[0.147s] Level 1:colcon.colcon_core.package_identification:_identify(src/velodyne/velodyne_msgs) by extensions ['colcon_meta']
[0.147s] Level 1:colcon.colcon_core.package_identification:_identify(src/velodyne/velodyne_msgs) by extension 'colcon_meta'
[0.147s] Level 1:colcon.colcon_core.package_identification:_identify(src/velodyne/velodyne_msgs) by extensions ['ros']
[0.147s] Level 1:colcon.colcon_core.package_identification:_identify(src/velodyne/velodyne_msgs) by extension 'ros'
[0.147s] DEBUG:colcon.colcon_core.package_identification:Package 'src/velodyne/velodyne_msgs' with type 'ros.ament_cmake' and name 'velodyne_msgs'
[0.147s] Level 1:colcon.colcon_core.package_identification:_identify(src/velodyne/velodyne_pointcloud) by extensions ['ignore', 'ignore_ament_install']
[0.147s] Level 1:colcon.colcon_core.package_identification:_identify(src/velodyne/velodyne_pointcloud) by extension 'ignore'
[0.147s] Level 1:colcon.colcon_core.package_identification:_identify(src/velodyne/velodyne_pointcloud) by extension 'ignore_ament_install'
[0.147s] Level 1:colcon.colcon_core.package_identification:_identify(src/velodyne/velodyne_pointcloud) by extensions ['colcon_pkg']
[0.147s] Level 1:colcon.colcon_core.package_identification:_identify(src/velodyne/velodyne_pointcloud) by extension 'colcon_pkg'
[0.147s] Level 1:colcon.colcon_core.package_identification:_identify(src/velodyne/velodyne_pointcloud) by extensions ['colcon_meta']
[0.147s] Level 1:colcon.colcon_core.package_identification:_identify(src/velodyne/velodyne_pointcloud) by extension 'colcon_meta'
[0.147s] Level 1:colcon.colcon_core.package_identification:_identify(src/velodyne/velodyne_pointcloud) by extensions ['ros']
[0.147s] Level 1:colcon.colcon_core.package_identification:_identify(src/velodyne/velodyne_pointcloud) by extension 'ros'
[0.148s] DEBUG:colcon.colcon_core.package_identification:Package 'src/velodyne/velodyne_pointcloud' with type 'ros.ament_cmake' and name 'velodyne_pointcloud'
[0.148s] Level 1:colcon.colcon_core.package_discovery:discover_packages(recursive) using defaults
[0.148s] Level 1:colcon.colcon_core.package_discovery:discover_packages(ignore) discover
[0.148s] Level 1:colcon.colcon_core.package_discovery:discover_packages(ignore) using defaults
[0.148s] Level 1:colcon.colcon_core.package_discovery:discover_packages(path) discover
[0.148s] Level 1:colcon.colcon_core.package_discovery:discover_packages(path) using defaults
[0.162s] INFO:colcon.colcon_core.package_selection:Skipping not selected package 'velodyne_laserscan' in 'src/velodyne/velodyne_laserscan'
[0.162s] INFO:colcon.colcon_core.package_selection:Skipping not selected package 'velodyne_msgs' in 'src/velodyne/velodyne_msgs'
[0.162s] INFO:colcon.colcon_core.package_selection:Skipping not selected package 'velodyne_driver' in 'src/velodyne/velodyne_driver'
[0.162s] INFO:colcon.colcon_core.package_selection:Skipping not selected package 'velodyne_pointcloud' in 'src/velodyne/velodyne_pointcloud'
[0.162s] INFO:colcon.colcon_core.package_selection:Skipping not selected package 'velodyne' in 'src/velodyne/velodyne'
[0.162s] Level 1:colcon.colcon_core.package_discovery:discover_packages(prefix_path) check parameters
[0.162s] Level 1:colcon.colcon_core.package_discovery:discover_packages(prefix_path) discover
[0.163s] DEBUG:colcon.colcon_installed_package_information.package_discovery:Found 6 installed packages in /home/omen16/workspace/grad_ws/install
[0.164s] DEBUG:colcon.colcon_installed_package_information.package_discovery:Found 272 installed packages in /opt/ros/humble
[0.165s] Level 1:colcon.colcon_core.package_discovery:discover_packages(prefix_path) using defaults
[0.183s] Level 5:colcon.colcon_core.verb:set package 'lidar_processor' build argument 'cmake_args' from command line to 'None'
[0.183s] Level 5:colcon.colcon_core.verb:set package 'lidar_processor' build argument 'cmake_target' from command line to 'None'
[0.183s] Level 5:colcon.colcon_core.verb:set package 'lidar_processor' build argument 'cmake_target_skip_unavailable' from command line to 'False'
[0.183s] Level 5:colcon.colcon_core.verb:set package 'lidar_processor' build argument 'cmake_clean_cache' from command line to 'False'
[0.183s] Level 5:colcon.colcon_core.verb:set package 'lidar_processor' build argument 'cmake_clean_first' from command line to 'False'
[0.183s] Level 5:colcon.colcon_core.verb:set package 'lidar_processor' build argument 'cmake_force_configure' from command line to 'False'
[0.183s] Level 5:colcon.colcon_core.verb:set package 'lidar_processor' build argument 'ament_cmake_args' from command line to 'None'
[0.183s] Level 5:colcon.colcon_core.verb:set package 'lidar_processor' build argument 'catkin_cmake_args' from command line to 'None'
[0.183s] Level 5:colcon.colcon_core.verb:set package 'lidar_processor' build argument 'catkin_skip_building_tests' from command line to 'False'
[0.183s] DEBUG:colcon.colcon_core.verb:Building package 'lidar_processor' with the following arguments: {'ament_cmake_args': None, 'build_base': '/home/omen16/workspace/grad_ws/build/lidar_processor', 'catkin_cmake_args': None, 'catkin_skip_building_tests': False, 'cmake_args': None, 'cmake_clean_cache': False, 'cmake_clean_first': False, 'cmake_force_configure': False, 'cmake_target': None, 'cmake_target_skip_unavailable': False, 'install_base': '/home/omen16/workspace/grad_ws/install/lidar_processor', 'merge_install': False, 'path': '/home/omen16/workspace/grad_ws/src/lidar_processor', 'symlink_install': True, 'test_result_base': None}
[0.183s] INFO:colcon.colcon_core.executor:Executing jobs using 'parallel' executor
[0.184s] DEBUG:colcon.colcon_parallel_executor.executor.parallel:run_until_complete
[0.184s] INFO:colcon.colcon_ros.task.ament_python.build:Building ROS package in '/home/omen16/workspace/grad_ws/src/lidar_processor' with build type 'ament_python'
[0.184s] Level 1:colcon.colcon_core.shell:create_environment_hook('lidar_processor', 'ament_prefix_path')
[0.185s] INFO:colcon.colcon_core.plugin_system:Skipping extension 'colcon_core.shell.bat': Not used on non-Windows systems
[0.186s] INFO:colcon.colcon_core.shell:Creating environment hook '/home/omen16/workspace/grad_ws/install/lidar_processor/share/lidar_processor/hook/ament_prefix_path.ps1'
[0.186s] INFO:colcon.colcon_core.shell:Creating environment descriptor '/home/omen16/workspace/grad_ws/install/lidar_processor/share/lidar_processor/hook/ament_prefix_path.dsv'
[0.186s] INFO:colcon.colcon_core.shell:Creating environment hook '/home/omen16/workspace/grad_ws/install/lidar_processor/share/lidar_processor/hook/ament_prefix_path.sh'
[0.186s] INFO:colcon.colcon_core.shell:Skip shell extension 'powershell' for command environment: Not usable outside of PowerShell
[0.186s] DEBUG:colcon.colcon_core.shell:Skip shell extension 'dsv' for command environment
[0.320s] INFO:colcon.colcon_core.task.python.build:Building Python package in '/home/omen16/workspace/grad_ws/src/lidar_processor'
[0.321s] INFO:colcon.colcon_core.shell:Skip shell extension 'powershell' for command environment: Not usable outside of PowerShell
[0.321s] DEBUG:colcon.colcon_core.shell:Skip shell extension 'dsv' for command environment
[0.492s] DEBUG:colcon.colcon_core.event_handler.log_command:Invoking command in '/home/omen16/workspace/grad_ws/build/lidar_processor': PYTHONPATH=/home/omen16/workspace/grad_ws/build/lidar_processor/prefix_override:/usr/lib/python3/dist-packages/colcon_core/task/python/colcon_distutils_commands:/home/omen16/workspace/grad_ws/install/lidar_processor/lib/python3.10/site-packages:${PYTHONPATH} /usr/bin/python3 -W ignore:setup.py install is deprecated -W ignore:easy_install command is deprecated setup.py develop --editable --build-directory /home/omen16/workspace/grad_ws/build/lidar_processor/build --no-deps symlink_data
[0.723s] Level 1:colcon.colcon_core.shell:create_environment_hook('lidar_processor', 'pythonpath_develop')
[0.724s] DEBUG:colcon.colcon_core.event_handler.log_command:Invoked command in '/home/omen16/workspace/grad_ws/build/lidar_processor' returned '0': PYTHONPATH=/home/omen16/workspace/grad_ws/build/lidar_processor/prefix_override:/usr/lib/python3/dist-packages/colcon_core/task/python/colcon_distutils_commands:/home/omen16/workspace/grad_ws/install/lidar_processor/lib/python3.10/site-packages:${PYTHONPATH} /usr/bin/python3 -W ignore:setup.py install is deprecated -W ignore:easy_install command is deprecated setup.py develop --editable --build-directory /home/omen16/workspace/grad_ws/build/lidar_processor/build --no-deps symlink_data
[0.724s] INFO:colcon.colcon_core.shell:Creating environment hook '/home/omen16/workspace/grad_ws/build/lidar_processor/share/lidar_processor/hook/pythonpath_develop.ps1'
[0.724s] INFO:colcon.colcon_core.shell:Creating environment descriptor '/home/omen16/workspace/grad_ws/build/lidar_processor/share/lidar_processor/hook/pythonpath_develop.dsv'
[0.724s] INFO:colcon.colcon_core.shell:Creating environment hook '/home/omen16/workspace/grad_ws/build/lidar_processor/share/lidar_processor/hook/pythonpath_develop.sh'
[0.726s] Level 1:colcon.colcon_core.environment:checking '/home/omen16/workspace/grad_ws/install/lidar_processor' for CMake module files
[0.726s] Level 1:colcon.colcon_core.environment:checking '/home/omen16/workspace/grad_ws/install/lidar_processor' for CMake config files
[0.726s] Level 1:colcon.colcon_core.environment:checking '/home/omen16/workspace/grad_ws/install/lidar_processor/lib'
[0.726s] Level 1:colcon.colcon_core.environment:checking '/home/omen16/workspace/grad_ws/install/lidar_processor/bin'
[0.726s] Level 1:colcon.colcon_core.environment:checking '/home/omen16/workspace/grad_ws/install/lidar_processor/lib/pkgconfig/lidar_processor.pc'
[0.726s] Level 1:colcon.colcon_core.environment:checking '/home/omen16/workspace/grad_ws/install/lidar_processor/lib/python3.10/site-packages'
[0.726s] Level 1:colcon.colcon_core.shell:create_environment_hook('lidar_processor', 'pythonpath')
[0.727s] INFO:colcon.colcon_core.shell:Creating environment hook '/home/omen16/workspace/grad_ws/install/lidar_processor/share/lidar_processor/hook/pythonpath.ps1'
[0.727s] INFO:colcon.colcon_core.shell:Creating environment descriptor '/home/omen16/workspace/grad_ws/install/lidar_processor/share/lidar_processor/hook/pythonpath.dsv'
[0.727s] INFO:colcon.colcon_core.shell:Creating environment hook '/home/omen16/workspace/grad_ws/install/lidar_processor/share/lidar_processor/hook/pythonpath.sh'
[0.727s] Level 1:colcon.colcon_core.environment:checking '/home/omen16/workspace/grad_ws/install/lidar_processor/bin'
[0.727s] Level 1:colcon.colcon_core.environment:create_environment_scripts_only(lidar_processor)
[0.727s] INFO:colcon.colcon_core.shell:Creating package script '/home/omen16/workspace/grad_ws/install/lidar_processor/share/lidar_processor/package.ps1'
[0.728s] INFO:colcon.colcon_core.shell:Creating package descriptor '/home/omen16/workspace/grad_ws/install/lidar_processor/share/lidar_processor/package.dsv'
[0.728s] INFO:colcon.colcon_core.shell:Creating package script '/home/omen16/workspace/grad_ws/install/lidar_processor/share/lidar_processor/package.sh'
[0.729s] INFO:colcon.colcon_core.shell:Creating package script '/home/omen16/workspace/grad_ws/install/lidar_processor/share/lidar_processor/package.bash'
[0.729s] INFO:colcon.colcon_core.shell:Creating package script '/home/omen16/workspace/grad_ws/install/lidar_processor/share/lidar_processor/package.zsh'
[0.729s] Level 1:colcon.colcon_core.environment:create_file_with_runtime_dependencies(/home/omen16/workspace/grad_ws/install/lidar_processor/share/colcon-core/packages/lidar_processor)
[0.729s] DEBUG:colcon.colcon_parallel_executor.executor.parallel:closing loop
[0.729s] DEBUG:colcon.colcon_parallel_executor.executor.parallel:loop closed
[0.730s] DEBUG:colcon.colcon_parallel_executor.executor.parallel:run_until_complete finished with '0'
[0.730s] DEBUG:colcon.colcon_core.event_reactor:joining thread
[0.732s] INFO:colcon.colcon_core.plugin_system:Skipping extension 'colcon_notification.desktop_notification.terminal_notifier': Not used on non-Darwin systems
[0.732s] INFO:colcon.colcon_core.plugin_system:Skipping extension 'colcon_notification.desktop_notification.win32': Not used on non-Windows systems
[0.732s] INFO:colcon.colcon_notification.desktop_notification:Sending desktop notification using 'notify2'
[0.745s] DEBUG:colcon.colcon_core.event_reactor:joined thread
[0.745s] INFO:colcon.colcon_core.shell:Creating prefix script '/home/omen16/workspace/grad_ws/install/local_setup.ps1'
[0.746s] INFO:colcon.colcon_core.shell:Creating prefix util module '/home/omen16/workspace/grad_ws/install/_local_setup_util_ps1.py'
[0.746s] INFO:colcon.colcon_core.shell:Creating prefix chain script '/home/omen16/workspace/grad_ws/install/setup.ps1'
[0.747s] INFO:colcon.colcon_core.shell:Creating prefix script '/home/omen16/workspace/grad_ws/install/local_setup.sh'
[0.747s] INFO:colcon.colcon_core.shell:Creating prefix util module '/home/omen16/workspace/grad_ws/install/_local_setup_util_sh.py'
[0.748s] INFO:colcon.colcon_core.shell:Creating prefix chain script '/home/omen16/workspace/grad_ws/install/setup.sh'
[0.748s] INFO:colcon.colcon_core.shell:Creating prefix script '/home/omen16/workspace/grad_ws/install/local_setup.bash'
[0.748s] INFO:colcon.colcon_core.shell:Creating prefix chain script '/home/omen16/workspace/grad_ws/install/setup.bash'
[0.749s] INFO:colcon.colcon_core.shell:Creating prefix script '/home/omen16/workspace/grad_ws/install/local_setup.zsh'
[0.749s] INFO:colcon.colcon_core.shell:Creating prefix chain script '/home/omen16/workspace/grad_ws/install/setup.zsh'
