[0.011s] Invoking command in '/home/omen16/workspace/grad_ws/build/velodyne_laserscan': CMAKE_PREFIX_PATH=${CMAKE_PREFIX_PATH}:/home/omen16/workspace/grad_ws/install/lidar_processor:/opt/ros/humble /usr/bin/cmake --build /home/omen16/workspace/grad_ws/build/velodyne_laserscan -- -j32 -l32
[0.055s] [ 50%] Built target velodyne_laserscan
[0.080s] [100%] Built target velodyne_laserscan_node
[0.174s] Invoked command in '/home/omen16/workspace/grad_ws/build/velodyne_laserscan' returned '0': CMAKE_PREFIX_PATH=${CMAKE_PREFIX_PATH}:/home/omen16/workspace/grad_ws/install/lidar_processor:/opt/ros/humble /usr/bin/cmake --build /home/omen16/workspace/grad_ws/build/velodyne_laserscan -- -j32 -l32
[0.182s] Invoking command in '/home/omen16/workspace/grad_ws/build/velodyne_laserscan': CMAKE_PREFIX_PATH=${CMAKE_PREFIX_PATH}:/home/omen16/workspace/grad_ws/install/lidar_processor:/opt/ros/humble /usr/bin/cmake --install /home/omen16/workspace/grad_ws/build/velodyne_laserscan
[0.301s] -- Install configuration: ""
[0.301s] -- Up-to-date: /home/omen16/workspace/grad_ws/install/velodyne_laserscan/lib/libvelodyne_laserscan.so
[0.302s] -- Up-to-date: /home/omen16/workspace/grad_ws/install/velodyne_laserscan/lib/velodyne_laserscan/velodyne_laserscan_node
[0.303s] -- Up-to-date: /home/omen16/workspace/grad_ws/install/velodyne_laserscan/include/velodyne_laserscan
[0.303s] -- Up-to-date: /home/omen16/workspace/grad_ws/install/velodyne_laserscan/include/velodyne_laserscan/velodyne_laserscan.hpp
[0.303s] -- Up-to-date: /home/omen16/workspace/grad_ws/install/velodyne_laserscan/share/velodyne_laserscan/config
[0.303s] -- Up-to-date: /home/omen16/workspace/grad_ws/install/velodyne_laserscan/share/velodyne_laserscan/config/default-velodyne_laserscan_node-params.yaml
[0.303s] -- Up-to-date: /home/omen16/workspace/grad_ws/install/velodyne_laserscan/share/velodyne_laserscan/launch
[0.303s] -- Up-to-date: /home/omen16/workspace/grad_ws/install/velodyne_laserscan/share/velodyne_laserscan/launch/velodyne_laserscan_node-launch.py
[0.303s] -- Up-to-date: /home/omen16/workspace/grad_ws/install/velodyne_laserscan/share/velodyne_laserscan/launch/velodyne_laserscan_node-composed-launch.py
[0.303s] -- Up-to-date: /home/omen16/workspace/grad_ws/install/velodyne_laserscan/share/ament_index/resource_index/package_run_dependencies/velodyne_laserscan
[0.303s] -- Up-to-date: /home/omen16/workspace/grad_ws/install/velodyne_laserscan/share/ament_index/resource_index/parent_prefix_path/velodyne_laserscan
[0.303s] -- Up-to-date: /home/omen16/workspace/grad_ws/install/velodyne_laserscan/share/velodyne_laserscan/environment/ament_prefix_path.sh
[0.303s] -- Up-to-date: /home/omen16/workspace/grad_ws/install/velodyne_laserscan/share/velodyne_laserscan/environment/ament_prefix_path.dsv
[0.303s] -- Up-to-date: /home/omen16/workspace/grad_ws/install/velodyne_laserscan/share/velodyne_laserscan/environment/path.sh
[0.303s] -- Up-to-date: /home/omen16/workspace/grad_ws/install/velodyne_laserscan/share/velodyne_laserscan/environment/path.dsv
[0.303s] -- Up-to-date: /home/omen16/workspace/grad_ws/install/velodyne_laserscan/share/velodyne_laserscan/local_setup.bash
[0.303s] -- Up-to-date: /home/omen16/workspace/grad_ws/install/velodyne_laserscan/share/velodyne_laserscan/local_setup.sh
[0.303s] -- Up-to-date: /home/omen16/workspace/grad_ws/install/velodyne_laserscan/share/velodyne_laserscan/local_setup.zsh
[0.303s] -- Up-to-date: /home/omen16/workspace/grad_ws/install/velodyne_laserscan/share/velodyne_laserscan/local_setup.dsv
[0.303s] -- Installing: /home/omen16/workspace/grad_ws/install/velodyne_laserscan/share/velodyne_laserscan/package.dsv
[0.410s] -- Up-to-date: /home/omen16/workspace/grad_ws/install/velodyne_laserscan/share/ament_index/resource_index/packages/velodyne_laserscan
[0.410s] -- Up-to-date: /home/omen16/workspace/grad_ws/install/velodyne_laserscan/share/ament_index/resource_index/rclcpp_components/velodyne_laserscan
[0.411s] -- Up-to-date: /home/omen16/workspace/grad_ws/install/velodyne_laserscan/share/velodyne_laserscan/cmake/velodyne_laserscanExport.cmake
[0.411s] -- Up-to-date: /home/omen16/workspace/grad_ws/install/velodyne_laserscan/share/velodyne_laserscan/cmake/velodyne_laserscanExport-noconfig.cmake
[0.411s] -- Up-to-date: /home/omen16/workspace/grad_ws/install/velodyne_laserscan/share/velodyne_laserscan/cmake/ament_cmake_export_include_directories-extras.cmake
[0.411s] -- Up-to-date: /home/omen16/workspace/grad_ws/install/velodyne_laserscan/share/velodyne_laserscan/cmake/ament_cmake_export_targets-extras.cmake
[0.411s] -- Up-to-date: /home/omen16/workspace/grad_ws/install/velodyne_laserscan/share/velodyne_laserscan/cmake/ament_cmake_export_dependencies-extras.cmake
[0.411s] -- Up-to-date: /home/omen16/workspace/grad_ws/install/velodyne_laserscan/share/velodyne_laserscan/cmake/velodyne_laserscanConfig.cmake
[0.411s] -- Up-to-date: /home/omen16/workspace/grad_ws/install/velodyne_laserscan/share/velodyne_laserscan/cmake/velodyne_laserscanConfig-version.cmake
[0.411s] -- Up-to-date: /home/omen16/workspace/grad_ws/install/velodyne_laserscan/share/velodyne_laserscan/package.xml
[0.415s] Invoked command in '/home/omen16/workspace/grad_ws/build/velodyne_laserscan' returned '0': CMAKE_PREFIX_PATH=${CMAKE_PREFIX_PATH}:/home/omen16/workspace/grad_ws/install/lidar_processor:/opt/ros/humble /usr/bin/cmake --install /home/omen16/workspace/grad_ws/build/velodyne_laserscan
