[0.013s] Invoking command in '/home/omen16/workspace/grad_ws/build/velodyne_laserscan': CMAKE_PREFIX_PATH=${CMAKE_PREFIX_PATH}:/home/omen16/workspace/grad_ws/install/lidar_processor:/opt/ros/humble /usr/bin/cmake --build /home/omen16/workspace/grad_ws/build/velodyne_laserscan -- -j32 -l32
[0.093s] [35m[1mConsolidate compiler generated dependencies of target velodyne_laserscan[0m
[0.123s] [ 25%] [32m[1mLinking CXX shared library libvelodyne_laserscan.so[0m
[0.471s] [ 50%] Built target velodyne_laserscan
[0.480s] [35m[1mConsolidate compiler generated dependencies of target velodyne_laserscan_node[0m
[0.494s] [ 75%] [32m[1mLinking CXX executable velodyne_laserscan_node[0m
[0.629s] [100%] Built target velodyne_laserscan_node
[0.641s] Invoked command in '/home/omen16/workspace/grad_ws/build/velodyne_laserscan' returned '0': CMAKE_PREFIX_PATH=${CMAKE_PREFIX_PATH}:/home/omen16/workspace/grad_ws/install/lidar_processor:/opt/ros/humble /usr/bin/cmake --build /home/omen16/workspace/grad_ws/build/velodyne_laserscan -- -j32 -l32
[0.643s] Invoking command in '/home/omen16/workspace/grad_ws/build/velodyne_laserscan': CMAKE_PREFIX_PATH=${CMAKE_PREFIX_PATH}:/home/omen16/workspace/grad_ws/install/lidar_processor:/opt/ros/humble /usr/bin/cmake --install /home/omen16/workspace/grad_ws/build/velodyne_laserscan
[0.649s] -- Install configuration: ""
[0.649s] -- Installing: /home/omen16/workspace/grad_ws/install/velodyne_laserscan/lib/libvelodyne_laserscan.so
[0.657s] -- Set runtime path of "/home/omen16/workspace/grad_ws/install/velodyne_laserscan/lib/libvelodyne_laserscan.so" to ""
[0.658s] -- Installing: /home/omen16/workspace/grad_ws/install/velodyne_laserscan/lib/velodyne_laserscan/velodyne_laserscan_node
[0.658s] -- Set runtime path of "/home/omen16/workspace/grad_ws/install/velodyne_laserscan/lib/velodyne_laserscan/velodyne_laserscan_node" to ""
[0.658s] -- Up-to-date: /home/omen16/workspace/grad_ws/install/velodyne_laserscan/include/velodyne_laserscan
[0.658s] -- Up-to-date: /home/omen16/workspace/grad_ws/install/velodyne_laserscan/include/velodyne_laserscan/velodyne_laserscan.hpp
[0.659s] -- Up-to-date: /home/omen16/workspace/grad_ws/install/velodyne_laserscan/share/velodyne_laserscan/config
[0.659s] -- Up-to-date: /home/omen16/workspace/grad_ws/install/velodyne_laserscan/share/velodyne_laserscan/config/default-velodyne_laserscan_node-params.yaml
[0.659s] -- Up-to-date: /home/omen16/workspace/grad_ws/install/velodyne_laserscan/share/velodyne_laserscan/launch
[0.659s] -- Up-to-date: /home/omen16/workspace/grad_ws/install/velodyne_laserscan/share/velodyne_laserscan/launch/velodyne_laserscan_node-launch.py
[0.659s] -- Up-to-date: /home/omen16/workspace/grad_ws/install/velodyne_laserscan/share/velodyne_laserscan/launch/velodyne_laserscan_node-composed-launch.py
[0.659s] -- Up-to-date: /home/omen16/workspace/grad_ws/install/velodyne_laserscan/share/ament_index/resource_index/package_run_dependencies/velodyne_laserscan
[0.659s] -- Up-to-date: /home/omen16/workspace/grad_ws/install/velodyne_laserscan/share/ament_index/resource_index/parent_prefix_path/velodyne_laserscan
[0.660s] -- Up-to-date: /home/omen16/workspace/grad_ws/install/velodyne_laserscan/share/velodyne_laserscan/environment/ament_prefix_path.sh
[0.660s] -- Up-to-date: /home/omen16/workspace/grad_ws/install/velodyne_laserscan/share/velodyne_laserscan/environment/ament_prefix_path.dsv
[0.660s] -- Up-to-date: /home/omen16/workspace/grad_ws/install/velodyne_laserscan/share/velodyne_laserscan/environment/path.sh
[0.660s] -- Up-to-date: /home/omen16/workspace/grad_ws/install/velodyne_laserscan/share/velodyne_laserscan/environment/path.dsv
[0.660s] -- Up-to-date: /home/omen16/workspace/grad_ws/install/velodyne_laserscan/share/velodyne_laserscan/local_setup.bash
[0.660s] -- Up-to-date: /home/omen16/workspace/grad_ws/install/velodyne_laserscan/share/velodyne_laserscan/local_setup.sh
[0.660s] -- Up-to-date: /home/omen16/workspace/grad_ws/install/velodyne_laserscan/share/velodyne_laserscan/local_setup.zsh
[0.660s] -- Up-to-date: /home/omen16/workspace/grad_ws/install/velodyne_laserscan/share/velodyne_laserscan/local_setup.dsv
[0.660s] -- Installing: /home/omen16/workspace/grad_ws/install/velodyne_laserscan/share/velodyne_laserscan/package.dsv
[0.660s] -- Up-to-date: /home/omen16/workspace/grad_ws/install/velodyne_laserscan/share/ament_index/resource_index/packages/velodyne_laserscan
[0.661s] -- Up-to-date: /home/omen16/workspace/grad_ws/install/velodyne_laserscan/share/ament_index/resource_index/rclcpp_components/velodyne_laserscan
[0.662s] -- Up-to-date: /home/omen16/workspace/grad_ws/install/velodyne_laserscan/share/velodyne_laserscan/cmake/velodyne_laserscanExport.cmake
[0.662s] -- Up-to-date: /home/omen16/workspace/grad_ws/install/velodyne_laserscan/share/velodyne_laserscan/cmake/velodyne_laserscanExport-noconfig.cmake
[0.662s] -- Up-to-date: /home/omen16/workspace/grad_ws/install/velodyne_laserscan/share/velodyne_laserscan/cmake/ament_cmake_export_include_directories-extras.cmake
[0.662s] -- Up-to-date: /home/omen16/workspace/grad_ws/install/velodyne_laserscan/share/velodyne_laserscan/cmake/ament_cmake_export_targets-extras.cmake
[0.662s] -- Up-to-date: /home/omen16/workspace/grad_ws/install/velodyne_laserscan/share/velodyne_laserscan/cmake/ament_cmake_export_dependencies-extras.cmake
[0.662s] -- Up-to-date: /home/omen16/workspace/grad_ws/install/velodyne_laserscan/share/velodyne_laserscan/cmake/velodyne_laserscanConfig.cmake
[0.662s] -- Up-to-date: /home/omen16/workspace/grad_ws/install/velodyne_laserscan/share/velodyne_laserscan/cmake/velodyne_laserscanConfig-version.cmake
[0.662s] -- Up-to-date: /home/omen16/workspace/grad_ws/install/velodyne_laserscan/share/velodyne_laserscan/package.xml
[0.664s] Invoked command in '/home/omen16/workspace/grad_ws/build/velodyne_laserscan' returned '0': CMAKE_PREFIX_PATH=${CMAKE_PREFIX_PATH}:/home/omen16/workspace/grad_ws/install/lidar_processor:/opt/ros/humble /usr/bin/cmake --install /home/omen16/workspace/grad_ws/build/velodyne_laserscan
