[0.515s] Invoking command in '/home/omen16/workspace/grad_ws/build/lidar_processor': PYTHONPATH=/home/omen16/workspace/grad_ws/build/lidar_processor/prefix_override:/usr/lib/python3/dist-packages/colcon_core/task/python/colcon_distutils_commands:/home/omen16/workspace/grad_ws/install/lidar_processor/lib/python3.10/site-packages:${PYTHONPATH} /usr/bin/python3 -W ignore:setup.py install is deprecated -W ignore:easy_install command is deprecated setup.py develop --editable --build-directory /home/omen16/workspace/grad_ws/build/lidar_processor/build --no-deps symlink_data --force
[0.655s] running develop
[0.738s] running egg_info
[0.739s] writing lidar_processor.egg-info/PKG-INFO
[0.739s] writing dependency_links to lidar_processor.egg-info/dependency_links.txt
[0.739s] writing entry points to lidar_processor.egg-info/entry_points.txt
[0.739s] writing requirements to lidar_processor.egg-info/requires.txt
[0.739s] writing top-level names to lidar_processor.egg-info/top_level.txt
[0.740s] reading manifest file 'lidar_processor.egg-info/SOURCES.txt'
[0.740s] writing manifest file 'lidar_processor.egg-info/SOURCES.txt'
[0.741s] running build_ext
[0.741s] Creating /home/omen16/workspace/grad_ws/install/lidar_processor/lib/python3.10/site-packages/lidar-processor.egg-link (link to .)
[0.742s] Installing lidar_inference_node script to /home/omen16/workspace/grad_ws/install/lidar_processor/lib/lidar_processor
[0.742s] Installing pc2np_node script to /home/omen16/workspace/grad_ws/install/lidar_processor/lib/lidar_processor
[0.742s] Installing pc2npop_node script to /home/omen16/workspace/grad_ws/install/lidar_processor/lib/lidar_processor
[0.742s] 
[0.742s] Installed /home/omen16/workspace/grad_ws/build/lidar_processor
[0.742s] running symlink_data
[0.742s] symbolically linking /home/omen16/workspace/grad_ws/build/lidar_processor/resource/lidar_processor -> /home/omen16/workspace/grad_ws/install/lidar_processor/share/ament_index/resource_index/packages
[0.743s] symbolically linking /home/omen16/workspace/grad_ws/build/lidar_processor/package.xml -> /home/omen16/workspace/grad_ws/install/lidar_processor/share/lidar_processor
[0.758s] Invoked command in '/home/omen16/workspace/grad_ws/build/lidar_processor' returned '0': PYTHONPATH=/home/omen16/workspace/grad_ws/build/lidar_processor/prefix_override:/usr/lib/python3/dist-packages/colcon_core/task/python/colcon_distutils_commands:/home/omen16/workspace/grad_ws/install/lidar_processor/lib/python3.10/site-packages:${PYTHONPATH} /usr/bin/python3 -W ignore:setup.py install is deprecated -W ignore:easy_install command is deprecated setup.py develop --editable --build-directory /home/omen16/workspace/grad_ws/build/lidar_processor/build --no-deps symlink_data --force
