[0.414s] Invoking command in '/home/omen16/workspace/grad_ws/build/lidar_processor': PYTHONPATH=/home/omen16/workspace/grad_ws/build/lidar_processor/prefix_override:/usr/lib/python3/dist-packages/colcon_core/task/python/colcon_distutils_commands:/home/omen16/workspace/grad_ws/install/lidar_processor/lib/python3.10/site-packages:${PYTHONPATH} /usr/bin/python3 -W ignore:setup.py install is deprecated -W ignore:easy_install command is deprecated setup.py develop --uninstall --editable --build-directory /home/omen16/workspace/grad_ws/build/lidar_processor/build
[0.575s] running develop
[0.678s] Removing /home/omen16/workspace/grad_ws/install/lidar_processor/lib/python3.10/site-packages/lidar-processor.egg-link (link to .)
[0.702s] Invoked command in '/home/omen16/workspace/grad_ws/build/lidar_processor' returned '0': PYTHONPATH=/home/omen16/workspace/grad_ws/build/lidar_processor/prefix_override:/usr/lib/python3/dist-packages/colcon_core/task/python/colcon_distutils_commands:/home/omen16/workspace/grad_ws/install/lidar_processor/lib/python3.10/site-packages:${PYTHONPATH} /usr/bin/python3 -W ignore:setup.py install is deprecated -W ignore:easy_install command is deprecated setup.py develop --uninstall --editable --build-directory /home/omen16/workspace/grad_ws/build/lidar_processor/build
[0.703s] Invoking command in '/home/omen16/workspace/grad_ws/src/lidar_processor': PYTHONPATH=/home/omen16/workspace/grad_ws/build/lidar_processor/prefix_override:/usr/lib/python3/dist-packages/colcon_core/task/python/colcon_distutils_commands:/home/omen16/workspace/grad_ws/install/lidar_processor/lib/python3.10/site-packages:${PYTHONPATH} /usr/bin/python3 -W ignore:setup.py install is deprecated -W ignore:easy_install command is deprecated setup.py egg_info --egg-base ../../build/lidar_processor build --build-base /home/omen16/workspace/grad_ws/build/lidar_processor/build install --record /home/omen16/workspace/grad_ws/build/lidar_processor/install.log --single-version-externally-managed install_data --force
[0.847s] running egg_info
[0.848s] writing ../../build/lidar_processor/lidar_processor.egg-info/PKG-INFO
[0.848s] writing dependency_links to ../../build/lidar_processor/lidar_processor.egg-info/dependency_links.txt
[0.848s] writing entry points to ../../build/lidar_processor/lidar_processor.egg-info/entry_points.txt
[0.848s] writing requirements to ../../build/lidar_processor/lidar_processor.egg-info/requires.txt
[0.848s] writing top-level names to ../../build/lidar_processor/lidar_processor.egg-info/top_level.txt
[0.849s] reading manifest file '../../build/lidar_processor/lidar_processor.egg-info/SOURCES.txt'
[0.849s] adding license file 'LICENSE'
[0.850s] writing manifest file '../../build/lidar_processor/lidar_processor.egg-info/SOURCES.txt'
[0.850s] running build
[0.850s] running build_py
[0.850s] copying lidar_processor/pc2np.py -> /home/omen16/workspace/grad_ws/build/lidar_processor/build/lib/lidar_processor
[0.850s] running install
[0.851s] running install_lib
[0.851s] creating /home/omen16/workspace/grad_ws/install/lidar_processor/lib/python3.10/site-packages/lidar_processor
[0.851s] copying /home/omen16/workspace/grad_ws/build/lidar_processor/build/lib/lidar_processor/__init__.py -> /home/omen16/workspace/grad_ws/install/lidar_processor/lib/python3.10/site-packages/lidar_processor
[0.851s] copying /home/omen16/workspace/grad_ws/build/lidar_processor/build/lib/lidar_processor/lidar_inference.py -> /home/omen16/workspace/grad_ws/install/lidar_processor/lib/python3.10/site-packages/lidar_processor
[0.852s] copying /home/omen16/workspace/grad_ws/build/lidar_processor/build/lib/lidar_processor/pc2np.py -> /home/omen16/workspace/grad_ws/install/lidar_processor/lib/python3.10/site-packages/lidar_processor
[0.852s] byte-compiling /home/omen16/workspace/grad_ws/install/lidar_processor/lib/python3.10/site-packages/lidar_processor/__init__.py to __init__.cpython-310.pyc
[0.852s] byte-compiling /home/omen16/workspace/grad_ws/install/lidar_processor/lib/python3.10/site-packages/lidar_processor/lidar_inference.py to lidar_inference.cpython-310.pyc
[0.853s] byte-compiling /home/omen16/workspace/grad_ws/install/lidar_processor/lib/python3.10/site-packages/lidar_processor/pc2np.py to pc2np.cpython-310.pyc
[0.853s] running install_data
[0.853s] copying resource/lidar_processor -> /home/omen16/workspace/grad_ws/install/lidar_processor/share/ament_index/resource_index/packages
[0.854s] copying package.xml -> /home/omen16/workspace/grad_ws/install/lidar_processor/share/lidar_processor
[0.854s] running install_egg_info
[0.855s] Copying ../../build/lidar_processor/lidar_processor.egg-info to /home/omen16/workspace/grad_ws/install/lidar_processor/lib/python3.10/site-packages/lidar_processor-0.0.0-py3.10.egg-info
[0.856s] running install_scripts
[0.868s] Installing lidar_inference_node script to /home/omen16/workspace/grad_ws/install/lidar_processor/lib/lidar_processor
[0.868s] Installing pc2np_node script to /home/omen16/workspace/grad_ws/install/lidar_processor/lib/lidar_processor
[0.868s] writing list of installed files to '/home/omen16/workspace/grad_ws/build/lidar_processor/install.log'
[0.883s] Invoked command in '/home/omen16/workspace/grad_ws/src/lidar_processor' returned '0': PYTHONPATH=/home/omen16/workspace/grad_ws/build/lidar_processor/prefix_override:/usr/lib/python3/dist-packages/colcon_core/task/python/colcon_distutils_commands:/home/omen16/workspace/grad_ws/install/lidar_processor/lib/python3.10/site-packages:${PYTHONPATH} /usr/bin/python3 -W ignore:setup.py install is deprecated -W ignore:easy_install command is deprecated setup.py egg_info --egg-base ../../build/lidar_processor build --build-base /home/omen16/workspace/grad_ws/build/lidar_processor/build install --record /home/omen16/workspace/grad_ws/build/lidar_processor/install.log --single-version-externally-managed install_data --force
