[0.015s] Invoking command in '/home/omen16/workspace/grad_ws/build/velodyne_laserscan': CMAKE_PREFIX_PATH=${CMAKE_PREFIX_PATH}:/home/omen16/workspace/grad_ws/install/lidar_processor:/opt/ros/humble /usr/bin/cmake /home/omen16/workspace/grad_ws/src/velodyne/velodyne_laserscan -DCMAKE_INSTALL_PREFIX=/home/omen16/workspace/grad_ws/install/velodyne_laserscan
[0.128s] -- The C compiler identification is GNU 11.4.0
[0.204s] -- The CXX compiler identification is GNU 11.4.0
[0.212s] -- Detecting C compiler ABI info
[0.276s] -- Detecting C compiler ABI info - done
[0.280s] -- Check for working C compiler: /usr/bin/cc - skipped
[0.381s] -- Detecting C compile features
[0.382s] -- Detecting C compile features - done
[0.384s] -- Detecting CXX compiler ABI info
[0.444s] -- Detecting CXX compiler ABI info - done
[0.451s] -- Check for working CXX compiler: /usr/bin/c++ - skipped
[0.452s] -- Detecting CXX compile features
[0.452s] -- Detecting CXX compile features - done
[0.455s] -- Found ament_cmake_ros: 0.10.0 (/opt/ros/humble/share/ament_cmake_ros/cmake)
[0.573s] -- Found Python3: /usr/bin/python3 (found version "3.10.12") found components: Interpreter 
[0.641s] -- Found rclcpp: 16.0.15 (/opt/ros/humble/share/rclcpp/cmake)
[0.680s] -- Found rosidl_generator_c: 3.1.7 (/opt/ros/humble/share/rosidl_generator_c/cmake)
[0.684s] -- Found rosidl_adapter: 3.1.7 (/opt/ros/humble/share/rosidl_adapter/cmake)
[0.692s] -- Found rosidl_generator_cpp: 3.1.7 (/opt/ros/humble/share/rosidl_generator_cpp/cmake)
[0.703s] -- Using all available rosidl_typesupport_c: rosidl_typesupport_fastrtps_c;rosidl_typesupport_introspection_c
[0.720s] -- Using all available rosidl_typesupport_cpp: rosidl_typesupport_fastrtps_cpp;rosidl_typesupport_introspection_cpp
[0.762s] -- Found rmw_implementation_cmake: 6.1.2 (/opt/ros/humble/share/rmw_implementation_cmake/cmake)
[0.764s] -- Found rmw_fastrtps_cpp: 6.2.9 (/opt/ros/humble/share/rmw_fastrtps_cpp/cmake)
[0.837s] -- Found OpenSSL: /usr/lib/x86_64-linux-gnu/libcrypto.so (found version "3.0.2")  
[0.859s] -- Found FastRTPS: /opt/ros/humble/include  
[0.892s] -- Using RMW implementation 'rmw_fastrtps_cpp' as default
[0.900s] -- Looking for pthread.h
[0.968s] -- Looking for pthread.h - found
[0.969s] -- Performing Test CMAKE_HAVE_LIBC_PTHREAD
[1.139s] -- Performing Test CMAKE_HAVE_LIBC_PTHREAD - Success
[1.141s] -- Found Threads: TRUE  
[1.379s] -- Found rclcpp_components: 16.0.15 (/opt/ros/humble/share/rclcpp_components/cmake)
[1.410s] -- Found sensor_msgs: 4.9.0 (/opt/ros/humble/share/sensor_msgs/cmake)
[1.450s] -- Found ament_lint_auto: 0.12.14 (/opt/ros/humble/share/ament_lint_auto/cmake)
[1.609s] -- Added test 'copyright' to check source files copyright and LICENSE
[1.612s] -- Added test 'cppcheck' to perform static code analysis on C / C++ code
[1.612s] -- Configured cppcheck include dirs: $<BUILD_INTERFACE:/home/omen16/workspace/grad_ws/src/velodyne/velodyne_laserscan/include>
[1.612s] -- Configured cppcheck exclude dirs and/or files: 
[1.614s] -- Added test 'cpplint' to check C / C++ code against the Google style
[1.614s] -- Configured cpplint exclude dirs and/or files: 
[1.615s] -- Added test 'flake8' to check Python code syntax and style conventions
[1.616s] -- Added test 'lint_cmake' to check CMake code style
[1.616s] -- Added test 'pep257' to check Python code against some of the docstring style conventions in PEP 257
[1.619s] -- Added test 'uncrustify' to check C / C++ code style
[1.619s] -- Configured uncrustify additional arguments: 
[1.620s] -- Added test 'xmllint' to check XML markup files
[1.625s] -- Configuring done
[1.646s] -- Generating done
[1.654s] -- Build files have been written to: /home/omen16/workspace/grad_ws/build/velodyne_laserscan
[1.671s] Invoked command in '/home/omen16/workspace/grad_ws/build/velodyne_laserscan' returned '0': CMAKE_PREFIX_PATH=${CMAKE_PREFIX_PATH}:/home/omen16/workspace/grad_ws/install/lidar_processor:/opt/ros/humble /usr/bin/cmake /home/omen16/workspace/grad_ws/src/velodyne/velodyne_laserscan -DCMAKE_INSTALL_PREFIX=/home/omen16/workspace/grad_ws/install/velodyne_laserscan
[1.673s] Invoking command in '/home/omen16/workspace/grad_ws/build/velodyne_laserscan': CMAKE_PREFIX_PATH=${CMAKE_PREFIX_PATH}:/home/omen16/workspace/grad_ws/install/lidar_processor:/opt/ros/humble /usr/bin/cmake --build /home/omen16/workspace/grad_ws/build/velodyne_laserscan -- -j32 -l32
[1.718s] [ 25%] [32mBuilding CXX object CMakeFiles/velodyne_laserscan.dir/src/velodyne_laserscan.cpp.o[0m
[8.885s] [ 50%] [32m[1mLinking CXX shared library libvelodyne_laserscan.so[0m
[9.230s] [ 50%] Built target velodyne_laserscan
[9.249s] [ 75%] [32mBuilding CXX object CMakeFiles/velodyne_laserscan_node.dir/src/node.cpp.o[0m
[11.402s] [100%] [32m[1mLinking CXX executable velodyne_laserscan_node[0m
[11.531s] [100%] Built target velodyne_laserscan_node
[11.541s] Invoked command in '/home/omen16/workspace/grad_ws/build/velodyne_laserscan' returned '0': CMAKE_PREFIX_PATH=${CMAKE_PREFIX_PATH}:/home/omen16/workspace/grad_ws/install/lidar_processor:/opt/ros/humble /usr/bin/cmake --build /home/omen16/workspace/grad_ws/build/velodyne_laserscan -- -j32 -l32
[11.542s] Invoking command in '/home/omen16/workspace/grad_ws/build/velodyne_laserscan': CMAKE_PREFIX_PATH=${CMAKE_PREFIX_PATH}:/home/omen16/workspace/grad_ws/install/lidar_processor:/opt/ros/humble /usr/bin/cmake --install /home/omen16/workspace/grad_ws/build/velodyne_laserscan
[11.550s] -- Install configuration: ""
[11.550s] -- Installing: /home/omen16/workspace/grad_ws/install/velodyne_laserscan/lib/libvelodyne_laserscan.so
[11.557s] -- Set runtime path of "/home/omen16/workspace/grad_ws/install/velodyne_laserscan/lib/libvelodyne_laserscan.so" to ""
[11.557s] -- Installing: /home/omen16/workspace/grad_ws/install/velodyne_laserscan/lib/velodyne_laserscan/velodyne_laserscan_node
[11.558s] -- Set runtime path of "/home/omen16/workspace/grad_ws/install/velodyne_laserscan/lib/velodyne_laserscan/velodyne_laserscan_node" to ""
[11.558s] -- Installing: /home/omen16/workspace/grad_ws/install/velodyne_laserscan/include/velodyne_laserscan
[11.558s] -- Installing: /home/omen16/workspace/grad_ws/install/velodyne_laserscan/include/velodyne_laserscan/velodyne_laserscan.hpp
[11.558s] -- Installing: /home/omen16/workspace/grad_ws/install/velodyne_laserscan/share/velodyne_laserscan/config
[11.561s] -- Installing: /home/omen16/workspace/grad_ws/install/velodyne_laserscan/share/velodyne_laserscan/config/default-velodyne_laserscan_node-params.yaml
[11.561s] -- Installing: /home/omen16/workspace/grad_ws/install/velodyne_laserscan/share/velodyne_laserscan/launch
[11.561s] -- Installing: /home/omen16/workspace/grad_ws/install/velodyne_laserscan/share/velodyne_laserscan/launch/velodyne_laserscan_node-launch.py
[11.561s] -- Installing: /home/omen16/workspace/grad_ws/install/velodyne_laserscan/share/velodyne_laserscan/launch/velodyne_laserscan_node-composed-launch.py
[11.562s] -- Installing: /home/omen16/workspace/grad_ws/install/velodyne_laserscan/share/ament_index/resource_index/package_run_dependencies/velodyne_laserscan
[11.562s] -- Installing: /home/omen16/workspace/grad_ws/install/velodyne_laserscan/share/ament_index/resource_index/parent_prefix_path/velodyne_laserscan
[11.562s] -- Installing: /home/omen16/workspace/grad_ws/install/velodyne_laserscan/share/velodyne_laserscan/environment/ament_prefix_path.sh
[11.562s] -- Installing: /home/omen16/workspace/grad_ws/install/velodyne_laserscan/share/velodyne_laserscan/environment/ament_prefix_path.dsv
[11.563s] -- Installing: /home/omen16/workspace/grad_ws/install/velodyne_laserscan/share/velodyne_laserscan/environment/path.sh
[11.563s] -- Installing: /home/omen16/workspace/grad_ws/install/velodyne_laserscan/share/velodyne_laserscan/environment/path.dsv
[11.563s] -- Installing: /home/omen16/workspace/grad_ws/install/velodyne_laserscan/share/velodyne_laserscan/local_setup.bash
[11.563s] -- Installing: /home/omen16/workspace/grad_ws/install/velodyne_laserscan/share/velodyne_laserscan/local_setup.sh
[11.563s] -- Installing: /home/omen16/workspace/grad_ws/install/velodyne_laserscan/share/velodyne_laserscan/local_setup.zsh
[11.563s] -- Installing: /home/omen16/workspace/grad_ws/install/velodyne_laserscan/share/velodyne_laserscan/local_setup.dsv
[11.563s] -- Installing: /home/omen16/workspace/grad_ws/install/velodyne_laserscan/share/velodyne_laserscan/package.dsv
[11.563s] -- Installing: /home/omen16/workspace/grad_ws/install/velodyne_laserscan/share/ament_index/resource_index/packages/velodyne_laserscan
[11.564s] -- Installing: /home/omen16/workspace/grad_ws/install/velodyne_laserscan/share/ament_index/resource_index/rclcpp_components/velodyne_laserscan
[11.564s] -- Installing: /home/omen16/workspace/grad_ws/install/velodyne_laserscan/share/velodyne_laserscan/cmake/velodyne_laserscanExport.cmake
[11.564s] -- Installing: /home/omen16/workspace/grad_ws/install/velodyne_laserscan/share/velodyne_laserscan/cmake/velodyne_laserscanExport-noconfig.cmake
[11.564s] -- Installing: /home/omen16/workspace/grad_ws/install/velodyne_laserscan/share/velodyne_laserscan/cmake/ament_cmake_export_include_directories-extras.cmake
[11.564s] -- Installing: /home/omen16/workspace/grad_ws/install/velodyne_laserscan/share/velodyne_laserscan/cmake/ament_cmake_export_targets-extras.cmake
[11.564s] -- Installing: /home/omen16/workspace/grad_ws/install/velodyne_laserscan/share/velodyne_laserscan/cmake/ament_cmake_export_dependencies-extras.cmake
[11.564s] -- Installing: /home/omen16/workspace/grad_ws/install/velodyne_laserscan/share/velodyne_laserscan/cmake/velodyne_laserscanConfig.cmake
[11.564s] -- Installing: /home/omen16/workspace/grad_ws/install/velodyne_laserscan/share/velodyne_laserscan/cmake/velodyne_laserscanConfig-version.cmake
[11.564s] -- Installing: /home/omen16/workspace/grad_ws/install/velodyne_laserscan/share/velodyne_laserscan/package.xml
[11.567s] Invoked command in '/home/omen16/workspace/grad_ws/build/velodyne_laserscan' returned '0': CMAKE_PREFIX_PATH=${CMAKE_PREFIX_PATH}:/home/omen16/workspace/grad_ws/install/lidar_processor:/opt/ros/humble /usr/bin/cmake --install /home/omen16/workspace/grad_ws/build/velodyne_laserscan
