[0.015s] Invoking command in '/home/omen16/workspace/grad_ws/build/velodyne_msgs': CMAKE_PREFIX_PATH=${CMAKE_PREFIX_PATH}:/home/omen16/workspace/grad_ws/install/lidar_processor:/opt/ros/humble /usr/bin/cmake --build /home/omen16/workspace/grad_ws/build/velodyne_msgs -- -j32 -l32
[0.099s] [35m[1mConsolidate compiler generated dependencies of target velodyne_msgs__rosidl_generator_c[0m
[0.107s] [  2%] Built target velodyne_msgs__cpp
[0.113s] [  5%] [32m[1mLinking C shared library libvelodyne_msgs__rosidl_generator_c.so[0m
[0.115s] [  5%] Built target ament_cmake_python_copy_velodyne_msgs
[0.118s] [35m[1mConsolidate compiler generated dependencies of target velodyne_msgs__rosidl_typesupport_cpp[0m
[0.119s] [35m[1mConsolidate compiler generated dependencies of target velodyne_msgs__rosidl_typesupport_fastrtps_cpp[0m
[0.120s] [35m[1mConsolidate compiler generated dependencies of target velodyne_msgs__rosidl_typesupport_introspection_cpp[0m
[0.130s] [  7%] [32m[1mLinking CXX shared library libvelodyne_msgs__rosidl_typesupport_cpp.so[0m
[0.131s] [ 10%] [32m[1mLinking CXX shared library libvelodyne_msgs__rosidl_typesupport_fastrtps_cpp.so[0m
[0.132s] [ 12%] [32m[1mLinking CXX shared library libvelodyne_msgs__rosidl_typesupport_introspection_cpp.so[0m
[0.163s] [ 20%] Built target velodyne_msgs__rosidl_generator_c
[0.169s] [ 28%] Built target velodyne_msgs__rosidl_typesupport_cpp
[0.175s] [35m[1mConsolidate compiler generated dependencies of target velodyne_msgs__rosidl_typesupport_fastrtps_c[0m
[0.177s] [35m[1mConsolidate compiler generated dependencies of target velodyne_msgs__rosidl_typesupport_c[0m
[0.177s] [35m[1mConsolidate compiler generated dependencies of target velodyne_msgs__rosidl_typesupport_introspection_c[0m
[0.189s] [ 30%] [32m[1mLinking CXX shared library libvelodyne_msgs__rosidl_typesupport_c.so[0m
[0.190s] [ 33%] [32m[1mLinking CXX shared library libvelodyne_msgs__rosidl_typesupport_fastrtps_c.so[0m
[0.191s] [ 35%] [32m[1mLinking C shared library libvelodyne_msgs__rosidl_typesupport_introspection_c.so[0m
[0.193s] [ 43%] Built target velodyne_msgs__rosidl_typesupport_introspection_cpp
[0.196s] [ 51%] Built target velodyne_msgs__rosidl_typesupport_fastrtps_cpp
[0.220s] [ 58%] Built target velodyne_msgs__rosidl_typesupport_introspection_c
[0.222s] [ 66%] Built target velodyne_msgs__rosidl_typesupport_c
[0.253s] [ 74%] Built target velodyne_msgs__rosidl_typesupport_fastrtps_c
[0.269s] [ 74%] Built target velodyne_msgs
[0.281s] running egg_info
[0.282s] writing velodyne_msgs.egg-info/PKG-INFO
[0.282s] writing dependency_links to velodyne_msgs.egg-info/dependency_links.txt
[0.282s] writing top-level names to velodyne_msgs.egg-info/top_level.txt
[0.285s] reading manifest file 'velodyne_msgs.egg-info/SOURCES.txt'
[0.285s] writing manifest file 'velodyne_msgs.egg-info/SOURCES.txt'
[0.290s] [ 76%] Built target velodyne_msgs__py
[0.301s] [35m[1mConsolidate compiler generated dependencies of target velodyne_msgs__rosidl_generator_py[0m
[0.306s] [ 76%] Built target ament_cmake_python_build_velodyne_msgs_egg
[0.316s] [ 79%] [32m[1mLinking C shared library rosidl_generator_py/velodyne_msgs/libvelodyne_msgs__rosidl_generator_py.so[0m
[0.348s] [ 84%] Built target velodyne_msgs__rosidl_generator_py
[0.357s] [35m[1mConsolidate compiler generated dependencies of target velodyne_msgs__rosidl_typesupport_introspection_c__pyext[0m
[0.357s] [35m[1mConsolidate compiler generated dependencies of target velodyne_msgs__rosidl_typesupport_fastrtps_c__pyext[0m
[0.359s] [35m[1mConsolidate compiler generated dependencies of target velodyne_msgs__rosidl_typesupport_c__pyext[0m
[0.368s] [ 89%] [32m[1mLinking C shared library rosidl_generator_py/velodyne_msgs/velodyne_msgs_s__rosidl_typesupport_fastrtps_c.cpython-310-x86_64-linux-gnu.so[0m
[0.368s] [ 89%] [32m[1mLinking C shared library rosidl_generator_py/velodyne_msgs/velodyne_msgs_s__rosidl_typesupport_introspection_c.cpython-310-x86_64-linux-gnu.so[0m
[0.370s] [ 92%] [32m[1mLinking C shared library rosidl_generator_py/velodyne_msgs/velodyne_msgs_s__rosidl_typesupport_c.cpython-310-x86_64-linux-gnu.so[0m
[0.398s] [ 97%] Built target velodyne_msgs__rosidl_typesupport_introspection_c__pyext
[0.398s] [ 97%] Built target velodyne_msgs__rosidl_typesupport_fastrtps_c__pyext
[0.400s] [100%] Built target velodyne_msgs__rosidl_typesupport_c__pyext
[0.410s] Invoked command in '/home/omen16/workspace/grad_ws/build/velodyne_msgs' returned '0': CMAKE_PREFIX_PATH=${CMAKE_PREFIX_PATH}:/home/omen16/workspace/grad_ws/install/lidar_processor:/opt/ros/humble /usr/bin/cmake --build /home/omen16/workspace/grad_ws/build/velodyne_msgs -- -j32 -l32
[0.419s] Invoking command in '/home/omen16/workspace/grad_ws/build/velodyne_msgs': CMAKE_PREFIX_PATH=${CMAKE_PREFIX_PATH}:/home/omen16/workspace/grad_ws/install/lidar_processor:/opt/ros/humble /usr/bin/cmake --install /home/omen16/workspace/grad_ws/build/velodyne_msgs
[0.426s] -- Install configuration: ""
[0.427s] -- Up-to-date: /home/omen16/workspace/grad_ws/install/velodyne_msgs/share/ament_index/resource_index/rosidl_interfaces/velodyne_msgs
[0.427s] -- Up-to-date: /home/omen16/workspace/grad_ws/install/velodyne_msgs/include/velodyne_msgs/velodyne_msgs
[0.427s] -- Up-to-date: /home/omen16/workspace/grad_ws/install/velodyne_msgs/include/velodyne_msgs/velodyne_msgs/msg
[0.427s] -- Up-to-date: /home/omen16/workspace/grad_ws/install/velodyne_msgs/include/velodyne_msgs/velodyne_msgs/msg/velodyne_scan.h
[0.427s] -- Up-to-date: /home/omen16/workspace/grad_ws/install/velodyne_msgs/include/velodyne_msgs/velodyne_msgs/msg/velodyne_packet.h
[0.427s] -- Up-to-date: /home/omen16/workspace/grad_ws/install/velodyne_msgs/include/velodyne_msgs/velodyne_msgs/msg/detail
[0.428s] -- Up-to-date: /home/omen16/workspace/grad_ws/install/velodyne_msgs/include/velodyne_msgs/velodyne_msgs/msg/detail/velodyne_scan__functions.h
[0.428s] -- Up-to-date: /home/omen16/workspace/grad_ws/install/velodyne_msgs/include/velodyne_msgs/velodyne_msgs/msg/detail/velodyne_packet__type_support.h
[0.428s] -- Up-to-date: /home/omen16/workspace/grad_ws/install/velodyne_msgs/include/velodyne_msgs/velodyne_msgs/msg/detail/velodyne_scan__struct.h
[0.428s] -- Up-to-date: /home/omen16/workspace/grad_ws/install/velodyne_msgs/include/velodyne_msgs/velodyne_msgs/msg/detail/velodyne_packet__struct.h
[0.428s] -- Up-to-date: /home/omen16/workspace/grad_ws/install/velodyne_msgs/include/velodyne_msgs/velodyne_msgs/msg/detail/velodyne_packet__functions.c
[0.428s] -- Up-to-date: /home/omen16/workspace/grad_ws/install/velodyne_msgs/include/velodyne_msgs/velodyne_msgs/msg/detail/velodyne_scan__functions.c
[0.428s] -- Up-to-date: /home/omen16/workspace/grad_ws/install/velodyne_msgs/include/velodyne_msgs/velodyne_msgs/msg/detail/velodyne_scan__type_support.h
[0.428s] -- Up-to-date: /home/omen16/workspace/grad_ws/install/velodyne_msgs/include/velodyne_msgs/velodyne_msgs/msg/detail/velodyne_packet__functions.h
[0.428s] -- Up-to-date: /home/omen16/workspace/grad_ws/install/velodyne_msgs/include/velodyne_msgs/velodyne_msgs/msg/rosidl_generator_c__visibility_control.h
[0.428s] -- Up-to-date: /home/omen16/workspace/grad_ws/install/velodyne_msgs/share/velodyne_msgs/environment/library_path.sh
[0.428s] -- Up-to-date: /home/omen16/workspace/grad_ws/install/velodyne_msgs/share/velodyne_msgs/environment/library_path.dsv
[0.428s] -- Installing: /home/omen16/workspace/grad_ws/install/velodyne_msgs/lib/libvelodyne_msgs__rosidl_generator_c.so
[0.429s] -- Set runtime path of "/home/omen16/workspace/grad_ws/install/velodyne_msgs/lib/libvelodyne_msgs__rosidl_generator_c.so" to ""
[0.429s] -- Up-to-date: /home/omen16/workspace/grad_ws/install/velodyne_msgs/include/velodyne_msgs/velodyne_msgs
[0.429s] -- Up-to-date: /home/omen16/workspace/grad_ws/install/velodyne_msgs/include/velodyne_msgs/velodyne_msgs/msg
[0.429s] -- Up-to-date: /home/omen16/workspace/grad_ws/install/velodyne_msgs/include/velodyne_msgs/velodyne_msgs/msg/detail
[0.429s] -- Up-to-date: /home/omen16/workspace/grad_ws/install/velodyne_msgs/include/velodyne_msgs/velodyne_msgs/msg/detail/velodyne_packet__rosidl_typesupport_fastrtps_c.h
[0.429s] -- Up-to-date: /home/omen16/workspace/grad_ws/install/velodyne_msgs/include/velodyne_msgs/velodyne_msgs/msg/detail/velodyne_scan__rosidl_typesupport_fastrtps_c.h
[0.429s] -- Up-to-date: /home/omen16/workspace/grad_ws/install/velodyne_msgs/include/velodyne_msgs/velodyne_msgs/msg/rosidl_typesupport_fastrtps_c__visibility_control.h
[0.429s] -- Installing: /home/omen16/workspace/grad_ws/install/velodyne_msgs/lib/libvelodyne_msgs__rosidl_typesupport_fastrtps_c.so
[0.429s] -- Set runtime path of "/home/omen16/workspace/grad_ws/install/velodyne_msgs/lib/libvelodyne_msgs__rosidl_typesupport_fastrtps_c.so" to ""
[0.429s] -- Up-to-date: /home/omen16/workspace/grad_ws/install/velodyne_msgs/include/velodyne_msgs/velodyne_msgs
[0.430s] -- Up-to-date: /home/omen16/workspace/grad_ws/install/velodyne_msgs/include/velodyne_msgs/velodyne_msgs/msg
[0.430s] -- Up-to-date: /home/omen16/workspace/grad_ws/install/velodyne_msgs/include/velodyne_msgs/velodyne_msgs/msg/rosidl_generator_cpp__visibility_control.hpp
[0.430s] -- Up-to-date: /home/omen16/workspace/grad_ws/install/velodyne_msgs/include/velodyne_msgs/velodyne_msgs/msg/detail
[0.430s] -- Up-to-date: /home/omen16/workspace/grad_ws/install/velodyne_msgs/include/velodyne_msgs/velodyne_msgs/msg/detail/velodyne_scan__traits.hpp
[0.430s] -- Up-to-date: /home/omen16/workspace/grad_ws/install/velodyne_msgs/include/velodyne_msgs/velodyne_msgs/msg/detail/velodyne_packet__struct.hpp
[0.430s] -- Up-to-date: /home/omen16/workspace/grad_ws/install/velodyne_msgs/include/velodyne_msgs/velodyne_msgs/msg/detail/velodyne_packet__type_support.hpp
[0.430s] -- Up-to-date: /home/omen16/workspace/grad_ws/install/velodyne_msgs/include/velodyne_msgs/velodyne_msgs/msg/detail/velodyne_scan__struct.hpp
[0.430s] -- Up-to-date: /home/omen16/workspace/grad_ws/install/velodyne_msgs/include/velodyne_msgs/velodyne_msgs/msg/detail/velodyne_packet__traits.hpp
[0.430s] -- Up-to-date: /home/omen16/workspace/grad_ws/install/velodyne_msgs/include/velodyne_msgs/velodyne_msgs/msg/detail/velodyne_packet__builder.hpp
[0.430s] -- Up-to-date: /home/omen16/workspace/grad_ws/install/velodyne_msgs/include/velodyne_msgs/velodyne_msgs/msg/detail/velodyne_scan__builder.hpp
[0.430s] -- Up-to-date: /home/omen16/workspace/grad_ws/install/velodyne_msgs/include/velodyne_msgs/velodyne_msgs/msg/detail/velodyne_scan__type_support.hpp
[0.430s] -- Up-to-date: /home/omen16/workspace/grad_ws/install/velodyne_msgs/include/velodyne_msgs/velodyne_msgs/msg/velodyne_packet.hpp
[0.430s] -- Up-to-date: /home/omen16/workspace/grad_ws/install/velodyne_msgs/include/velodyne_msgs/velodyne_msgs/msg/velodyne_scan.hpp
[0.430s] -- Up-to-date: /home/omen16/workspace/grad_ws/install/velodyne_msgs/include/velodyne_msgs/velodyne_msgs
[0.430s] -- Up-to-date: /home/omen16/workspace/grad_ws/install/velodyne_msgs/include/velodyne_msgs/velodyne_msgs/msg
[0.430s] -- Up-to-date: /home/omen16/workspace/grad_ws/install/velodyne_msgs/include/velodyne_msgs/velodyne_msgs/msg/detail
[0.430s] -- Up-to-date: /home/omen16/workspace/grad_ws/install/velodyne_msgs/include/velodyne_msgs/velodyne_msgs/msg/detail/dds_fastrtps
[0.430s] -- Up-to-date: /home/omen16/workspace/grad_ws/install/velodyne_msgs/include/velodyne_msgs/velodyne_msgs/msg/detail/velodyne_packet__rosidl_typesupport_fastrtps_cpp.hpp
[0.430s] -- Up-to-date: /home/omen16/workspace/grad_ws/install/velodyne_msgs/include/velodyne_msgs/velodyne_msgs/msg/detail/velodyne_scan__rosidl_typesupport_fastrtps_cpp.hpp
[0.430s] -- Up-to-date: /home/omen16/workspace/grad_ws/install/velodyne_msgs/include/velodyne_msgs/velodyne_msgs/msg/rosidl_typesupport_fastrtps_cpp__visibility_control.h
[0.431s] -- Installing: /home/omen16/workspace/grad_ws/install/velodyne_msgs/lib/libvelodyne_msgs__rosidl_typesupport_fastrtps_cpp.so
[0.431s] -- Set runtime path of "/home/omen16/workspace/grad_ws/install/velodyne_msgs/lib/libvelodyne_msgs__rosidl_typesupport_fastrtps_cpp.so" to ""
[0.431s] -- Up-to-date: /home/omen16/workspace/grad_ws/install/velodyne_msgs/include/velodyne_msgs/velodyne_msgs
[0.431s] -- Up-to-date: /home/omen16/workspace/grad_ws/install/velodyne_msgs/include/velodyne_msgs/velodyne_msgs/msg
[0.431s] -- Up-to-date: /home/omen16/workspace/grad_ws/install/velodyne_msgs/include/velodyne_msgs/velodyne_msgs/msg/detail
[0.431s] -- Up-to-date: /home/omen16/workspace/grad_ws/install/velodyne_msgs/include/velodyne_msgs/velodyne_msgs/msg/detail/velodyne_packet__rosidl_typesupport_introspection_c.h
[0.431s] -- Up-to-date: /home/omen16/workspace/grad_ws/install/velodyne_msgs/include/velodyne_msgs/velodyne_msgs/msg/detail/velodyne_packet__type_support.c
[0.431s] -- Up-to-date: /home/omen16/workspace/grad_ws/install/velodyne_msgs/include/velodyne_msgs/velodyne_msgs/msg/detail/velodyne_scan__type_support.c
[0.431s] -- Up-to-date: /home/omen16/workspace/grad_ws/install/velodyne_msgs/include/velodyne_msgs/velodyne_msgs/msg/detail/velodyne_scan__rosidl_typesupport_introspection_c.h
[0.431s] -- Up-to-date: /home/omen16/workspace/grad_ws/install/velodyne_msgs/include/velodyne_msgs/velodyne_msgs/msg/rosidl_typesupport_introspection_c__visibility_control.h
[0.431s] -- Installing: /home/omen16/workspace/grad_ws/install/velodyne_msgs/lib/libvelodyne_msgs__rosidl_typesupport_introspection_c.so
[0.431s] -- Set runtime path of "/home/omen16/workspace/grad_ws/install/velodyne_msgs/lib/libvelodyne_msgs__rosidl_typesupport_introspection_c.so" to ""
[0.431s] -- Installing: /home/omen16/workspace/grad_ws/install/velodyne_msgs/lib/libvelodyne_msgs__rosidl_typesupport_c.so
[0.432s] -- Set runtime path of "/home/omen16/workspace/grad_ws/install/velodyne_msgs/lib/libvelodyne_msgs__rosidl_typesupport_c.so" to ""
[0.432s] -- Up-to-date: /home/omen16/workspace/grad_ws/install/velodyne_msgs/include/velodyne_msgs/velodyne_msgs
[0.432s] -- Up-to-date: /home/omen16/workspace/grad_ws/install/velodyne_msgs/include/velodyne_msgs/velodyne_msgs/msg
[0.432s] -- Up-to-date: /home/omen16/workspace/grad_ws/install/velodyne_msgs/include/velodyne_msgs/velodyne_msgs/msg/detail
[0.432s] -- Up-to-date: /home/omen16/workspace/grad_ws/install/velodyne_msgs/include/velodyne_msgs/velodyne_msgs/msg/detail/velodyne_scan__rosidl_typesupport_introspection_cpp.hpp
[0.432s] -- Up-to-date: /home/omen16/workspace/grad_ws/install/velodyne_msgs/include/velodyne_msgs/velodyne_msgs/msg/detail/velodyne_scan__type_support.cpp
[0.432s] -- Up-to-date: /home/omen16/workspace/grad_ws/install/velodyne_msgs/include/velodyne_msgs/velodyne_msgs/msg/detail/velodyne_packet__rosidl_typesupport_introspection_cpp.hpp
[0.432s] -- Up-to-date: /home/omen16/workspace/grad_ws/install/velodyne_msgs/include/velodyne_msgs/velodyne_msgs/msg/detail/velodyne_packet__type_support.cpp
[0.432s] -- Installing: /home/omen16/workspace/grad_ws/install/velodyne_msgs/lib/libvelodyne_msgs__rosidl_typesupport_introspection_cpp.so
[0.432s] -- Set runtime path of "/home/omen16/workspace/grad_ws/install/velodyne_msgs/lib/libvelodyne_msgs__rosidl_typesupport_introspection_cpp.so" to ""
[0.432s] -- Installing: /home/omen16/workspace/grad_ws/install/velodyne_msgs/lib/libvelodyne_msgs__rosidl_typesupport_cpp.so
[0.433s] -- Set runtime path of "/home/omen16/workspace/grad_ws/install/velodyne_msgs/lib/libvelodyne_msgs__rosidl_typesupport_cpp.so" to ""
[0.433s] -- Up-to-date: /home/omen16/workspace/grad_ws/install/velodyne_msgs/share/velodyne_msgs/environment/pythonpath.sh
[0.433s] -- Up-to-date: /home/omen16/workspace/grad_ws/install/velodyne_msgs/share/velodyne_msgs/environment/pythonpath.dsv
[0.433s] -- Up-to-date: /home/omen16/workspace/grad_ws/install/velodyne_msgs/local/lib/python3.10/dist-packages/velodyne_msgs-2.5.1-py3.10.egg-info
[0.433s] -- Installing: /home/omen16/workspace/grad_ws/install/velodyne_msgs/local/lib/python3.10/dist-packages/velodyne_msgs-2.5.1-py3.10.egg-info/dependency_links.txt
[0.433s] -- Installing: /home/omen16/workspace/grad_ws/install/velodyne_msgs/local/lib/python3.10/dist-packages/velodyne_msgs-2.5.1-py3.10.egg-info/SOURCES.txt
[0.433s] -- Installing: /home/omen16/workspace/grad_ws/install/velodyne_msgs/local/lib/python3.10/dist-packages/velodyne_msgs-2.5.1-py3.10.egg-info/top_level.txt
[0.433s] -- Installing: /home/omen16/workspace/grad_ws/install/velodyne_msgs/local/lib/python3.10/dist-packages/velodyne_msgs-2.5.1-py3.10.egg-info/PKG-INFO
[0.433s] -- Up-to-date: /home/omen16/workspace/grad_ws/install/velodyne_msgs/local/lib/python3.10/dist-packages/velodyne_msgs
[0.434s] -- Up-to-date: /home/omen16/workspace/grad_ws/install/velodyne_msgs/local/lib/python3.10/dist-packages/velodyne_msgs/_velodyne_msgs_s.ep.rosidl_typesupport_c.c
[0.434s] -- Up-to-date: /home/omen16/workspace/grad_ws/install/velodyne_msgs/local/lib/python3.10/dist-packages/velodyne_msgs/__init__.py
[0.434s] -- Up-to-date: /home/omen16/workspace/grad_ws/install/velodyne_msgs/local/lib/python3.10/dist-packages/velodyne_msgs/_velodyne_msgs_s.ep.rosidl_typesupport_fastrtps_c.c
[0.434s] -- Up-to-date: /home/omen16/workspace/grad_ws/install/velodyne_msgs/local/lib/python3.10/dist-packages/velodyne_msgs/msg
[0.434s] -- Up-to-date: /home/omen16/workspace/grad_ws/install/velodyne_msgs/local/lib/python3.10/dist-packages/velodyne_msgs/msg/_velodyne_packet.py
[0.434s] -- Up-to-date: /home/omen16/workspace/grad_ws/install/velodyne_msgs/local/lib/python3.10/dist-packages/velodyne_msgs/msg/__init__.py
[0.434s] -- Up-to-date: /home/omen16/workspace/grad_ws/install/velodyne_msgs/local/lib/python3.10/dist-packages/velodyne_msgs/msg/_velodyne_scan.py
[0.434s] -- Up-to-date: /home/omen16/workspace/grad_ws/install/velodyne_msgs/local/lib/python3.10/dist-packages/velodyne_msgs/msg/_velodyne_packet_s.c
[0.434s] -- Up-to-date: /home/omen16/workspace/grad_ws/install/velodyne_msgs/local/lib/python3.10/dist-packages/velodyne_msgs/msg/_velodyne_scan_s.c
[0.434s] -- Installing: /home/omen16/workspace/grad_ws/install/velodyne_msgs/local/lib/python3.10/dist-packages/velodyne_msgs/libvelodyne_msgs__rosidl_generator_py.so
[0.434s] -- Installing: /home/omen16/workspace/grad_ws/install/velodyne_msgs/local/lib/python3.10/dist-packages/velodyne_msgs/velodyne_msgs_s__rosidl_typesupport_fastrtps_c.cpython-310-x86_64-linux-gnu.so
[0.434s] -- Up-to-date: /home/omen16/workspace/grad_ws/install/velodyne_msgs/local/lib/python3.10/dist-packages/velodyne_msgs/_velodyne_msgs_s.ep.rosidl_typesupport_introspection_c.c
[0.434s] -- Installing: /home/omen16/workspace/grad_ws/install/velodyne_msgs/local/lib/python3.10/dist-packages/velodyne_msgs/velodyne_msgs_s__rosidl_typesupport_c.cpython-310-x86_64-linux-gnu.so
[0.435s] -- Installing: /home/omen16/workspace/grad_ws/install/velodyne_msgs/local/lib/python3.10/dist-packages/velodyne_msgs/velodyne_msgs_s__rosidl_typesupport_introspection_c.cpython-310-x86_64-linux-gnu.so
[0.459s] Listing '/home/omen16/workspace/grad_ws/install/velodyne_msgs/local/lib/python3.10/dist-packages/velodyne_msgs'...
[0.459s] Listing '/home/omen16/workspace/grad_ws/install/velodyne_msgs/local/lib/python3.10/dist-packages/velodyne_msgs/msg'...
[0.462s] -- Installing: /home/omen16/workspace/grad_ws/install/velodyne_msgs/local/lib/python3.10/dist-packages/velodyne_msgs/velodyne_msgs_s__rosidl_typesupport_fastrtps_c.cpython-310-x86_64-linux-gnu.so
[0.462s] -- Set runtime path of "/home/omen16/workspace/grad_ws/install/velodyne_msgs/local/lib/python3.10/dist-packages/velodyne_msgs/velodyne_msgs_s__rosidl_typesupport_fastrtps_c.cpython-310-x86_64-linux-gnu.so" to ""
[0.463s] -- Installing: /home/omen16/workspace/grad_ws/install/velodyne_msgs/local/lib/python3.10/dist-packages/velodyne_msgs/velodyne_msgs_s__rosidl_typesupport_introspection_c.cpython-310-x86_64-linux-gnu.so
[0.463s] -- Set runtime path of "/home/omen16/workspace/grad_ws/install/velodyne_msgs/local/lib/python3.10/dist-packages/velodyne_msgs/velodyne_msgs_s__rosidl_typesupport_introspection_c.cpython-310-x86_64-linux-gnu.so" to ""
[0.463s] -- Installing: /home/omen16/workspace/grad_ws/install/velodyne_msgs/local/lib/python3.10/dist-packages/velodyne_msgs/velodyne_msgs_s__rosidl_typesupport_c.cpython-310-x86_64-linux-gnu.so
[0.463s] -- Set runtime path of "/home/omen16/workspace/grad_ws/install/velodyne_msgs/local/lib/python3.10/dist-packages/velodyne_msgs/velodyne_msgs_s__rosidl_typesupport_c.cpython-310-x86_64-linux-gnu.so" to ""
[0.463s] -- Installing: /home/omen16/workspace/grad_ws/install/velodyne_msgs/lib/libvelodyne_msgs__rosidl_generator_py.so
[0.464s] -- Set runtime path of "/home/omen16/workspace/grad_ws/install/velodyne_msgs/lib/libvelodyne_msgs__rosidl_generator_py.so" to ""
[0.464s] -- Up-to-date: /home/omen16/workspace/grad_ws/install/velodyne_msgs/share/velodyne_msgs/msg/VelodynePacket.idl
[0.464s] -- Up-to-date: /home/omen16/workspace/grad_ws/install/velodyne_msgs/share/velodyne_msgs/msg/VelodyneScan.idl
[0.464s] -- Up-to-date: /home/omen16/workspace/grad_ws/install/velodyne_msgs/share/velodyne_msgs/msg/VelodynePacket.msg
[0.464s] -- Up-to-date: /home/omen16/workspace/grad_ws/install/velodyne_msgs/share/velodyne_msgs/msg/VelodyneScan.msg
[0.464s] -- Up-to-date: /home/omen16/workspace/grad_ws/install/velodyne_msgs/share/ament_index/resource_index/package_run_dependencies/velodyne_msgs
[0.464s] -- Up-to-date: /home/omen16/workspace/grad_ws/install/velodyne_msgs/share/ament_index/resource_index/parent_prefix_path/velodyne_msgs
[0.464s] -- Up-to-date: /home/omen16/workspace/grad_ws/install/velodyne_msgs/share/velodyne_msgs/environment/ament_prefix_path.sh
[0.464s] -- Up-to-date: /home/omen16/workspace/grad_ws/install/velodyne_msgs/share/velodyne_msgs/environment/ament_prefix_path.dsv
[0.465s] -- Up-to-date: /home/omen16/workspace/grad_ws/install/velodyne_msgs/share/velodyne_msgs/environment/path.sh
[0.465s] -- Up-to-date: /home/omen16/workspace/grad_ws/install/velodyne_msgs/share/velodyne_msgs/environment/path.dsv
[0.465s] -- Up-to-date: /home/omen16/workspace/grad_ws/install/velodyne_msgs/share/velodyne_msgs/local_setup.bash
[0.465s] -- Up-to-date: /home/omen16/workspace/grad_ws/install/velodyne_msgs/share/velodyne_msgs/local_setup.sh
[0.465s] -- Up-to-date: /home/omen16/workspace/grad_ws/install/velodyne_msgs/share/velodyne_msgs/local_setup.zsh
[0.465s] -- Up-to-date: /home/omen16/workspace/grad_ws/install/velodyne_msgs/share/velodyne_msgs/local_setup.dsv
[0.465s] -- Installing: /home/omen16/workspace/grad_ws/install/velodyne_msgs/share/velodyne_msgs/package.dsv
[0.465s] -- Up-to-date: /home/omen16/workspace/grad_ws/install/velodyne_msgs/share/ament_index/resource_index/packages/velodyne_msgs
[0.466s] -- Up-to-date: /home/omen16/workspace/grad_ws/install/velodyne_msgs/share/velodyne_msgs/cmake/export_velodyne_msgs__rosidl_generator_cExport.cmake
[0.466s] -- Up-to-date: /home/omen16/workspace/grad_ws/install/velodyne_msgs/share/velodyne_msgs/cmake/export_velodyne_msgs__rosidl_generator_cExport-noconfig.cmake
[0.467s] -- Up-to-date: /home/omen16/workspace/grad_ws/install/velodyne_msgs/share/velodyne_msgs/cmake/export_velodyne_msgs__rosidl_typesupport_fastrtps_cExport.cmake
[0.467s] -- Up-to-date: /home/omen16/workspace/grad_ws/install/velodyne_msgs/share/velodyne_msgs/cmake/export_velodyne_msgs__rosidl_typesupport_fastrtps_cExport-noconfig.cmake
[0.467s] -- Up-to-date: /home/omen16/workspace/grad_ws/install/velodyne_msgs/share/velodyne_msgs/cmake/export_velodyne_msgs__rosidl_generator_cppExport.cmake
[0.467s] -- Up-to-date: /home/omen16/workspace/grad_ws/install/velodyne_msgs/share/velodyne_msgs/cmake/export_velodyne_msgs__rosidl_typesupport_fastrtps_cppExport.cmake
[0.467s] -- Up-to-date: /home/omen16/workspace/grad_ws/install/velodyne_msgs/share/velodyne_msgs/cmake/export_velodyne_msgs__rosidl_typesupport_fastrtps_cppExport-noconfig.cmake
[0.467s] -- Up-to-date: /home/omen16/workspace/grad_ws/install/velodyne_msgs/share/velodyne_msgs/cmake/velodyne_msgs__rosidl_typesupport_introspection_cExport.cmake
[0.468s] -- Up-to-date: /home/omen16/workspace/grad_ws/install/velodyne_msgs/share/velodyne_msgs/cmake/velodyne_msgs__rosidl_typesupport_introspection_cExport-noconfig.cmake
[0.468s] -- Up-to-date: /home/omen16/workspace/grad_ws/install/velodyne_msgs/share/velodyne_msgs/cmake/velodyne_msgs__rosidl_typesupport_cExport.cmake
[0.468s] -- Up-to-date: /home/omen16/workspace/grad_ws/install/velodyne_msgs/share/velodyne_msgs/cmake/velodyne_msgs__rosidl_typesupport_cExport-noconfig.cmake
[0.468s] -- Up-to-date: /home/omen16/workspace/grad_ws/install/velodyne_msgs/share/velodyne_msgs/cmake/velodyne_msgs__rosidl_typesupport_introspection_cppExport.cmake
[0.468s] -- Up-to-date: /home/omen16/workspace/grad_ws/install/velodyne_msgs/share/velodyne_msgs/cmake/velodyne_msgs__rosidl_typesupport_introspection_cppExport-noconfig.cmake
[0.468s] -- Up-to-date: /home/omen16/workspace/grad_ws/install/velodyne_msgs/share/velodyne_msgs/cmake/velodyne_msgs__rosidl_typesupport_cppExport.cmake
[0.468s] -- Up-to-date: /home/omen16/workspace/grad_ws/install/velodyne_msgs/share/velodyne_msgs/cmake/velodyne_msgs__rosidl_typesupport_cppExport-noconfig.cmake
[0.469s] -- Up-to-date: /home/omen16/workspace/grad_ws/install/velodyne_msgs/share/velodyne_msgs/cmake/export_velodyne_msgs__rosidl_generator_pyExport.cmake
[0.469s] -- Up-to-date: /home/omen16/workspace/grad_ws/install/velodyne_msgs/share/velodyne_msgs/cmake/export_velodyne_msgs__rosidl_generator_pyExport-noconfig.cmake
[0.469s] -- Up-to-date: /home/omen16/workspace/grad_ws/install/velodyne_msgs/share/velodyne_msgs/cmake/rosidl_cmake-extras.cmake
[0.469s] -- Up-to-date: /home/omen16/workspace/grad_ws/install/velodyne_msgs/share/velodyne_msgs/cmake/ament_cmake_export_dependencies-extras.cmake
[0.469s] -- Up-to-date: /home/omen16/workspace/grad_ws/install/velodyne_msgs/share/velodyne_msgs/cmake/ament_cmake_export_include_directories-extras.cmake
[0.469s] -- Up-to-date: /home/omen16/workspace/grad_ws/install/velodyne_msgs/share/velodyne_msgs/cmake/ament_cmake_export_libraries-extras.cmake
[0.469s] -- Up-to-date: /home/omen16/workspace/grad_ws/install/velodyne_msgs/share/velodyne_msgs/cmake/ament_cmake_export_targets-extras.cmake
[0.469s] -- Up-to-date: /home/omen16/workspace/grad_ws/install/velodyne_msgs/share/velodyne_msgs/cmake/rosidl_cmake_export_typesupport_targets-extras.cmake
[0.469s] -- Up-to-date: /home/omen16/workspace/grad_ws/install/velodyne_msgs/share/velodyne_msgs/cmake/rosidl_cmake_export_typesupport_libraries-extras.cmake
[0.469s] -- Up-to-date: /home/omen16/workspace/grad_ws/install/velodyne_msgs/share/velodyne_msgs/cmake/velodyne_msgsConfig.cmake
[0.469s] -- Up-to-date: /home/omen16/workspace/grad_ws/install/velodyne_msgs/share/velodyne_msgs/cmake/velodyne_msgsConfig-version.cmake
[0.469s] -- Up-to-date: /home/omen16/workspace/grad_ws/install/velodyne_msgs/share/velodyne_msgs/package.xml
[0.471s] Invoked command in '/home/omen16/workspace/grad_ws/build/velodyne_msgs' returned '0': CMAKE_PREFIX_PATH=${CMAKE_PREFIX_PATH}:/home/omen16/workspace/grad_ws/install/lidar_processor:/opt/ros/humble /usr/bin/cmake --install /home/omen16/workspace/grad_ws/build/velodyne_msgs
