[0.115s] DEBUG:colcon:Command line arguments: ['/usr/bin/colcon', 'build', '--symlink-install', '--packages-select', 'lidar_processor']
[0.115s] DEBUG:colcon:Parsed command line arguments: Namespace(log_base=None, log_level=None, verb_name='build', build_base='build', install_base='install', merge_install=False, symlink_install=True, test_result_base=None, continue_on_error=False, executor='parallel', parallel_workers=32, event_handlers=None, ignore_user_meta=False, metas=['./colcon.meta'], base_paths=['.'], packages_ignore=None, packages_ignore_regex=None, paths=None, packages_up_to=None, packages_up_to_regex=None, packages_above=None, packages_above_and_dependencies=None, packages_above_depth=None, packages_select_by_dep=None, packages_skip_by_dep=None, packages_skip_up_to=None, packages_select_build_failed=False, packages_skip_build_finished=False, packages_select_test_failures=False, packages_skip_test_passed=False, packages_select=['lidar_processor'], packages_skip=None, packages_select_regex=None, packages_skip_regex=None, packages_start=None, packages_end=None, allow_overriding=[], cmake_args=None, cmake_target=None, cmake_target_skip_unavailable=False, cmake_clean_cache=False, cmake_clean_first=False, cmake_force_configure=False, ament_cmake_args=None, catkin_cmake_args=None, catkin_skip_building_tests=False, mixin_files=None, mixin=None, verb_parser=<colcon_mixin.mixin.mixin_argument.MixinArgumentDecorator object at 0x7fde9ce7f220>, verb_extension=<colcon_core.verb.build.BuildVerb object at 0x7fde9ce7ece0>, main=<bound method BuildVerb.main of <colcon_core.verb.build.BuildVerb object at 0x7fde9ce7ece0>>, mixin_verb=('build',))
[0.415s] Level 1:colcon.colcon_core.package_discovery:discover_packages(colcon_meta) check parameters
[0.416s] Level 1:colcon.colcon_core.package_discovery:discover_packages(recursive) check parameters
[0.416s] Level 1:colcon.colcon_core.package_discovery:discover_packages(ignore) check parameters
[0.416s] Level 1:colcon.colcon_core.package_discovery:discover_packages(path) check parameters
[0.416s] Level 1:colcon.colcon_core.package_discovery:discover_packages(colcon_meta) discover
[0.416s] Level 1:colcon.colcon_core.package_discovery:discover_packages(recursive) discover
[0.416s] INFO:colcon.colcon_core.package_discovery:Crawling recursively for packages in '/home/omen16/workspace/grad_ws'
[0.416s] Level 1:colcon.colcon_core.package_identification:_identify(.) by extensions ['ignore', 'ignore_ament_install']
[0.416s] Level 1:colcon.colcon_core.package_identification:_identify(.) by extension 'ignore'
[0.416s] Level 1:colcon.colcon_core.package_identification:_identify(.) by extension 'ignore_ament_install'
[0.416s] Level 1:colcon.colcon_core.package_identification:_identify(.) by extensions ['colcon_pkg']
[0.416s] Level 1:colcon.colcon_core.package_identification:_identify(.) by extension 'colcon_pkg'
[0.416s] Level 1:colcon.colcon_core.package_identification:_identify(.) by extensions ['colcon_meta']
[0.416s] Level 1:colcon.colcon_core.package_identification:_identify(.) by extension 'colcon_meta'
[0.416s] Level 1:colcon.colcon_core.package_identification:_identify(.) by extensions ['ros']
[0.416s] Level 1:colcon.colcon_core.package_identification:_identify(.) by extension 'ros'
[0.425s] Level 1:colcon.colcon_core.package_identification:_identify(.) by extensions ['cmake', 'python']
[0.425s] Level 1:colcon.colcon_core.package_identification:_identify(.) by extension 'cmake'
[0.425s] Level 1:colcon.colcon_core.package_identification:_identify(.) by extension 'python'
[0.425s] Level 1:colcon.colcon_core.package_identification:_identify(.) by extensions ['python_setup_py']
[0.425s] Level 1:colcon.colcon_core.package_identification:_identify(.) by extension 'python_setup_py'
[0.426s] Level 1:colcon.colcon_core.package_identification:_identify(build) by extensions ['ignore', 'ignore_ament_install']
[0.426s] Level 1:colcon.colcon_core.package_identification:_identify(build) by extension 'ignore'
[0.426s] Level 1:colcon.colcon_core.package_identification:_identify(build) ignored
[0.426s] Level 1:colcon.colcon_core.package_identification:_identify(install) by extensions ['ignore', 'ignore_ament_install']
[0.426s] Level 1:colcon.colcon_core.package_identification:_identify(install) by extension 'ignore'
[0.426s] Level 1:colcon.colcon_core.package_identification:_identify(install) ignored
[0.426s] Level 1:colcon.colcon_core.package_identification:_identify(log) by extensions ['ignore', 'ignore_ament_install']
[0.426s] Level 1:colcon.colcon_core.package_identification:_identify(log) by extension 'ignore'
[0.426s] Level 1:colcon.colcon_core.package_identification:_identify(log) ignored
[0.426s] Level 1:colcon.colcon_core.package_identification:_identify(src) by extensions ['ignore', 'ignore_ament_install']
[0.426s] Level 1:colcon.colcon_core.package_identification:_identify(src) by extension 'ignore'
[0.426s] Level 1:colcon.colcon_core.package_identification:_identify(src) by extension 'ignore_ament_install'
[0.426s] Level 1:colcon.colcon_core.package_identification:_identify(src) by extensions ['colcon_pkg']
[0.426s] Level 1:colcon.colcon_core.package_identification:_identify(src) by extension 'colcon_pkg'
[0.426s] Level 1:colcon.colcon_core.package_identification:_identify(src) by extensions ['colcon_meta']
[0.426s] Level 1:colcon.colcon_core.package_identification:_identify(src) by extension 'colcon_meta'
[0.427s] Level 1:colcon.colcon_core.package_identification:_identify(src) by extensions ['ros']
[0.427s] Level 1:colcon.colcon_core.package_identification:_identify(src) by extension 'ros'
[0.427s] Level 1:colcon.colcon_core.package_identification:_identify(src) by extensions ['cmake', 'python']
[0.427s] Level 1:colcon.colcon_core.package_identification:_identify(src) by extension 'cmake'
[0.427s] Level 1:colcon.colcon_core.package_identification:_identify(src) by extension 'python'
[0.427s] Level 1:colcon.colcon_core.package_identification:_identify(src) by extensions ['python_setup_py']
[0.427s] Level 1:colcon.colcon_core.package_identification:_identify(src) by extension 'python_setup_py'
[0.427s] Level 1:colcon.colcon_core.package_identification:_identify(src/lidar_processor) by extensions ['ignore', 'ignore_ament_install']
[0.427s] Level 1:colcon.colcon_core.package_identification:_identify(src/lidar_processor) by extension 'ignore'
[0.427s] Level 1:colcon.colcon_core.package_identification:_identify(src/lidar_processor) by extension 'ignore_ament_install'
[0.427s] Level 1:colcon.colcon_core.package_identification:_identify(src/lidar_processor) by extensions ['colcon_pkg']
[0.427s] Level 1:colcon.colcon_core.package_identification:_identify(src/lidar_processor) by extension 'colcon_pkg'
[0.427s] Level 1:colcon.colcon_core.package_identification:_identify(src/lidar_processor) by extensions ['colcon_meta']
[0.427s] Level 1:colcon.colcon_core.package_identification:_identify(src/lidar_processor) by extension 'colcon_meta'
[0.427s] Level 1:colcon.colcon_core.package_identification:_identify(src/lidar_processor) by extensions ['ros']
[0.427s] Level 1:colcon.colcon_core.package_identification:_identify(src/lidar_processor) by extension 'ros'
[0.429s] DEBUG:colcon.colcon_core.package_identification:Package 'src/lidar_processor' with type 'ros.ament_python' and name 'lidar_processor'
[0.429s] Level 1:colcon.colcon_core.package_identification:_identify(src/velodyne) by extensions ['ignore', 'ignore_ament_install']
[0.430s] Level 1:colcon.colcon_core.package_identification:_identify(src/velodyne) by extension 'ignore'
[0.430s] Level 1:colcon.colcon_core.package_identification:_identify(src/velodyne) by extension 'ignore_ament_install'
[0.430s] Level 1:colcon.colcon_core.package_identification:_identify(src/velodyne) by extensions ['colcon_pkg']
[0.430s] Level 1:colcon.colcon_core.package_identification:_identify(src/velodyne) by extension 'colcon_pkg'
[0.430s] Level 1:colcon.colcon_core.package_identification:_identify(src/velodyne) by extensions ['colcon_meta']
[0.430s] Level 1:colcon.colcon_core.package_identification:_identify(src/velodyne) by extension 'colcon_meta'
[0.430s] Level 1:colcon.colcon_core.package_identification:_identify(src/velodyne) by extensions ['ros']
[0.430s] Level 1:colcon.colcon_core.package_identification:_identify(src/velodyne) by extension 'ros'
[0.430s] Level 1:colcon.colcon_core.package_identification:_identify(src/velodyne) by extensions ['cmake', 'python']
[0.430s] Level 1:colcon.colcon_core.package_identification:_identify(src/velodyne) by extension 'cmake'
[0.430s] Level 1:colcon.colcon_core.package_identification:_identify(src/velodyne) by extension 'python'
[0.430s] Level 1:colcon.colcon_core.package_identification:_identify(src/velodyne) by extensions ['python_setup_py']
[0.430s] Level 1:colcon.colcon_core.package_identification:_identify(src/velodyne) by extension 'python_setup_py'
[0.430s] Level 1:colcon.colcon_core.package_identification:_identify(src/velodyne/velodyne) by extensions ['ignore', 'ignore_ament_install']
[0.430s] Level 1:colcon.colcon_core.package_identification:_identify(src/velodyne/velodyne) by extension 'ignore'
[0.430s] Level 1:colcon.colcon_core.package_identification:_identify(src/velodyne/velodyne) by extension 'ignore_ament_install'
[0.430s] Level 1:colcon.colcon_core.package_identification:_identify(src/velodyne/velodyne) by extensions ['colcon_pkg']
[0.430s] Level 1:colcon.colcon_core.package_identification:_identify(src/velodyne/velodyne) by extension 'colcon_pkg'
[0.430s] Level 1:colcon.colcon_core.package_identification:_identify(src/velodyne/velodyne) by extensions ['colcon_meta']
[0.430s] Level 1:colcon.colcon_core.package_identification:_identify(src/velodyne/velodyne) by extension 'colcon_meta'
[0.430s] Level 1:colcon.colcon_core.package_identification:_identify(src/velodyne/velodyne) by extensions ['ros']
[0.430s] Level 1:colcon.colcon_core.package_identification:_identify(src/velodyne/velodyne) by extension 'ros'
[0.432s] DEBUG:colcon.colcon_core.package_identification:Package 'src/velodyne/velodyne' with type 'ros.ament_cmake' and name 'velodyne'
[0.432s] Level 1:colcon.colcon_core.package_identification:_identify(src/velodyne/velodyne_driver) by extensions ['ignore', 'ignore_ament_install']
[0.432s] Level 1:colcon.colcon_core.package_identification:_identify(src/velodyne/velodyne_driver) by extension 'ignore'
[0.432s] Level 1:colcon.colcon_core.package_identification:_identify(src/velodyne/velodyne_driver) by extension 'ignore_ament_install'
[0.432s] Level 1:colcon.colcon_core.package_identification:_identify(src/velodyne/velodyne_driver) by extensions ['colcon_pkg']
[0.432s] Level 1:colcon.colcon_core.package_identification:_identify(src/velodyne/velodyne_driver) by extension 'colcon_pkg'
[0.432s] Level 1:colcon.colcon_core.package_identification:_identify(src/velodyne/velodyne_driver) by extensions ['colcon_meta']
[0.432s] Level 1:colcon.colcon_core.package_identification:_identify(src/velodyne/velodyne_driver) by extension 'colcon_meta'
[0.432s] Level 1:colcon.colcon_core.package_identification:_identify(src/velodyne/velodyne_driver) by extensions ['ros']
[0.432s] Level 1:colcon.colcon_core.package_identification:_identify(src/velodyne/velodyne_driver) by extension 'ros'
[0.433s] DEBUG:colcon.colcon_core.package_identification:Package 'src/velodyne/velodyne_driver' with type 'ros.ament_cmake' and name 'velodyne_driver'
[0.433s] Level 1:colcon.colcon_core.package_identification:_identify(src/velodyne/velodyne_laserscan) by extensions ['ignore', 'ignore_ament_install']
[0.433s] Level 1:colcon.colcon_core.package_identification:_identify(src/velodyne/velodyne_laserscan) by extension 'ignore'
[0.433s] Level 1:colcon.colcon_core.package_identification:_identify(src/velodyne/velodyne_laserscan) by extension 'ignore_ament_install'
[0.433s] Level 1:colcon.colcon_core.package_identification:_identify(src/velodyne/velodyne_laserscan) by extensions ['colcon_pkg']
[0.433s] Level 1:colcon.colcon_core.package_identification:_identify(src/velodyne/velodyne_laserscan) by extension 'colcon_pkg'
[0.433s] Level 1:colcon.colcon_core.package_identification:_identify(src/velodyne/velodyne_laserscan) by extensions ['colcon_meta']
[0.433s] Level 1:colcon.colcon_core.package_identification:_identify(src/velodyne/velodyne_laserscan) by extension 'colcon_meta'
[0.433s] Level 1:colcon.colcon_core.package_identification:_identify(src/velodyne/velodyne_laserscan) by extensions ['ros']
[0.433s] Level 1:colcon.colcon_core.package_identification:_identify(src/velodyne/velodyne_laserscan) by extension 'ros'
[0.434s] DEBUG:colcon.colcon_core.package_identification:Package 'src/velodyne/velodyne_laserscan' with type 'ros.ament_cmake' and name 'velodyne_laserscan'
[0.434s] Level 1:colcon.colcon_core.package_identification:_identify(src/velodyne/velodyne_msgs) by extensions ['ignore', 'ignore_ament_install']
[0.434s] Level 1:colcon.colcon_core.package_identification:_identify(src/velodyne/velodyne_msgs) by extension 'ignore'
[0.434s] Level 1:colcon.colcon_core.package_identification:_identify(src/velodyne/velodyne_msgs) by extension 'ignore_ament_install'
[0.434s] Level 1:colcon.colcon_core.package_identification:_identify(src/velodyne/velodyne_msgs) by extensions ['colcon_pkg']
[0.434s] Level 1:colcon.colcon_core.package_identification:_identify(src/velodyne/velodyne_msgs) by extension 'colcon_pkg'
[0.434s] Level 1:colcon.colcon_core.package_identification:_identify(src/velodyne/velodyne_msgs) by extensions ['colcon_meta']
[0.434s] Level 1:colcon.colcon_core.package_identification:_identify(src/velodyne/velodyne_msgs) by extension 'colcon_meta'
[0.434s] Level 1:colcon.colcon_core.package_identification:_identify(src/velodyne/velodyne_msgs) by extensions ['ros']
[0.434s] Level 1:colcon.colcon_core.package_identification:_identify(src/velodyne/velodyne_msgs) by extension 'ros'
[0.435s] DEBUG:colcon.colcon_core.package_identification:Package 'src/velodyne/velodyne_msgs' with type 'ros.ament_cmake' and name 'velodyne_msgs'
[0.435s] Level 1:colcon.colcon_core.package_identification:_identify(src/velodyne/velodyne_pointcloud) by extensions ['ignore', 'ignore_ament_install']
[0.435s] Level 1:colcon.colcon_core.package_identification:_identify(src/velodyne/velodyne_pointcloud) by extension 'ignore'
[0.435s] Level 1:colcon.colcon_core.package_identification:_identify(src/velodyne/velodyne_pointcloud) by extension 'ignore_ament_install'
[0.435s] Level 1:colcon.colcon_core.package_identification:_identify(src/velodyne/velodyne_pointcloud) by extensions ['colcon_pkg']
[0.435s] Level 1:colcon.colcon_core.package_identification:_identify(src/velodyne/velodyne_pointcloud) by extension 'colcon_pkg'
[0.435s] Level 1:colcon.colcon_core.package_identification:_identify(src/velodyne/velodyne_pointcloud) by extensions ['colcon_meta']
[0.435s] Level 1:colcon.colcon_core.package_identification:_identify(src/velodyne/velodyne_pointcloud) by extension 'colcon_meta'
[0.435s] Level 1:colcon.colcon_core.package_identification:_identify(src/velodyne/velodyne_pointcloud) by extensions ['ros']
[0.435s] Level 1:colcon.colcon_core.package_identification:_identify(src/velodyne/velodyne_pointcloud) by extension 'ros'
[0.446s] DEBUG:colcon.colcon_core.package_identification:Package 'src/velodyne/velodyne_pointcloud' with type 'ros.ament_cmake' and name 'velodyne_pointcloud'
[0.446s] Level 1:colcon.colcon_core.package_discovery:discover_packages(recursive) using defaults
[0.446s] Level 1:colcon.colcon_core.package_discovery:discover_packages(ignore) discover
[0.446s] Level 1:colcon.colcon_core.package_discovery:discover_packages(ignore) using defaults
[0.446s] Level 1:colcon.colcon_core.package_discovery:discover_packages(path) discover
[0.446s] Level 1:colcon.colcon_core.package_discovery:discover_packages(path) using defaults
[0.465s] INFO:colcon.colcon_core.package_selection:Skipping not selected package 'velodyne_laserscan' in 'src/velodyne/velodyne_laserscan'
[0.465s] INFO:colcon.colcon_core.package_selection:Skipping not selected package 'velodyne_msgs' in 'src/velodyne/velodyne_msgs'
[0.465s] INFO:colcon.colcon_core.package_selection:Skipping not selected package 'velodyne_driver' in 'src/velodyne/velodyne_driver'
[0.465s] INFO:colcon.colcon_core.package_selection:Skipping not selected package 'velodyne_pointcloud' in 'src/velodyne/velodyne_pointcloud'
[0.465s] INFO:colcon.colcon_core.package_selection:Skipping not selected package 'velodyne' in 'src/velodyne/velodyne'
[0.465s] Level 1:colcon.colcon_core.package_discovery:discover_packages(prefix_path) check parameters
[0.465s] Level 1:colcon.colcon_core.package_discovery:discover_packages(prefix_path) discover
[0.468s] DEBUG:colcon.colcon_installed_package_information.package_discovery:Found 6 installed packages in /home/omen16/workspace/grad_ws/install
[0.470s] DEBUG:colcon.colcon_installed_package_information.package_discovery:Found 272 installed packages in /opt/ros/humble
[0.470s] Level 1:colcon.colcon_core.package_discovery:discover_packages(prefix_path) using defaults
[0.517s] Level 5:colcon.colcon_core.verb:set package 'lidar_processor' build argument 'cmake_args' from command line to 'None'
[0.517s] Level 5:colcon.colcon_core.verb:set package 'lidar_processor' build argument 'cmake_target' from command line to 'None'
[0.517s] Level 5:colcon.colcon_core.verb:set package 'lidar_processor' build argument 'cmake_target_skip_unavailable' from command line to 'False'
[0.517s] Level 5:colcon.colcon_core.verb:set package 'lidar_processor' build argument 'cmake_clean_cache' from command line to 'False'
[0.517s] Level 5:colcon.colcon_core.verb:set package 'lidar_processor' build argument 'cmake_clean_first' from command line to 'False'
[0.517s] Level 5:colcon.colcon_core.verb:set package 'lidar_processor' build argument 'cmake_force_configure' from command line to 'False'
[0.517s] Level 5:colcon.colcon_core.verb:set package 'lidar_processor' build argument 'ament_cmake_args' from command line to 'None'
[0.517s] Level 5:colcon.colcon_core.verb:set package 'lidar_processor' build argument 'catkin_cmake_args' from command line to 'None'
[0.517s] Level 5:colcon.colcon_core.verb:set package 'lidar_processor' build argument 'catkin_skip_building_tests' from command line to 'False'
[0.517s] DEBUG:colcon.colcon_core.verb:Building package 'lidar_processor' with the following arguments: {'ament_cmake_args': None, 'build_base': '/home/omen16/workspace/grad_ws/build/lidar_processor', 'catkin_cmake_args': None, 'catkin_skip_building_tests': False, 'cmake_args': None, 'cmake_clean_cache': False, 'cmake_clean_first': False, 'cmake_force_configure': False, 'cmake_target': None, 'cmake_target_skip_unavailable': False, 'install_base': '/home/omen16/workspace/grad_ws/install/lidar_processor', 'merge_install': False, 'path': '/home/omen16/workspace/grad_ws/src/lidar_processor', 'symlink_install': True, 'test_result_base': None}
[0.517s] INFO:colcon.colcon_core.executor:Executing jobs using 'parallel' executor
[0.518s] DEBUG:colcon.colcon_parallel_executor.executor.parallel:run_until_complete
[0.518s] INFO:colcon.colcon_ros.task.ament_python.build:Building ROS package in '/home/omen16/workspace/grad_ws/src/lidar_processor' with build type 'ament_python'
[0.518s] Level 1:colcon.colcon_core.shell:create_environment_hook('lidar_processor', 'ament_prefix_path')
[0.522s] INFO:colcon.colcon_core.plugin_system:Skipping extension 'colcon_core.shell.bat': Not used on non-Windows systems
[0.522s] INFO:colcon.colcon_core.shell:Creating environment hook '/home/omen16/workspace/grad_ws/install/lidar_processor/share/lidar_processor/hook/ament_prefix_path.ps1'
[0.523s] INFO:colcon.colcon_core.shell:Creating environment descriptor '/home/omen16/workspace/grad_ws/install/lidar_processor/share/lidar_processor/hook/ament_prefix_path.dsv'
[0.523s] INFO:colcon.colcon_core.shell:Creating environment hook '/home/omen16/workspace/grad_ws/install/lidar_processor/share/lidar_processor/hook/ament_prefix_path.sh'
[0.524s] INFO:colcon.colcon_core.shell:Skip shell extension 'powershell' for command environment: Not usable outside of PowerShell
[0.524s] DEBUG:colcon.colcon_core.shell:Skip shell extension 'dsv' for command environment
[0.676s] INFO:colcon.colcon_core.task.python.build:Building Python package in '/home/omen16/workspace/grad_ws/src/lidar_processor'
[0.676s] INFO:colcon.colcon_core.shell:Skip shell extension 'powershell' for command environment: Not usable outside of PowerShell
[0.676s] DEBUG:colcon.colcon_core.shell:Skip shell extension 'dsv' for command environment
[0.899s] DEBUG:colcon.colcon_core.event_handler.log_command:Invoking command in '/home/omen16/workspace/grad_ws/build/lidar_processor': PYTHONPATH=/home/omen16/workspace/grad_ws/build/lidar_processor/prefix_override:/usr/lib/python3/dist-packages/colcon_core/task/python/colcon_distutils_commands:/home/omen16/workspace/grad_ws/install/lidar_processor/lib/python3.10/site-packages:${PYTHONPATH} /usr/bin/python3 -W ignore:setup.py install is deprecated -W ignore:easy_install command is deprecated setup.py develop --editable --build-directory /home/omen16/workspace/grad_ws/build/lidar_processor/build --no-deps symlink_data
[1.170s] Level 1:colcon.colcon_core.shell:create_environment_hook('lidar_processor', 'pythonpath_develop')
[1.170s] INFO:colcon.colcon_core.shell:Creating environment hook '/home/omen16/workspace/grad_ws/build/lidar_processor/share/lidar_processor/hook/pythonpath_develop.ps1'
[1.171s] DEBUG:colcon.colcon_core.event_handler.log_command:Invoked command in '/home/omen16/workspace/grad_ws/build/lidar_processor' returned '0': PYTHONPATH=/home/omen16/workspace/grad_ws/build/lidar_processor/prefix_override:/usr/lib/python3/dist-packages/colcon_core/task/python/colcon_distutils_commands:/home/omen16/workspace/grad_ws/install/lidar_processor/lib/python3.10/site-packages:${PYTHONPATH} /usr/bin/python3 -W ignore:setup.py install is deprecated -W ignore:easy_install command is deprecated setup.py develop --editable --build-directory /home/omen16/workspace/grad_ws/build/lidar_processor/build --no-deps symlink_data
[1.172s] INFO:colcon.colcon_core.shell:Creating environment descriptor '/home/omen16/workspace/grad_ws/build/lidar_processor/share/lidar_processor/hook/pythonpath_develop.dsv'
[1.173s] INFO:colcon.colcon_core.shell:Creating environment hook '/home/omen16/workspace/grad_ws/build/lidar_processor/share/lidar_processor/hook/pythonpath_develop.sh'
[1.177s] Level 1:colcon.colcon_core.environment:checking '/home/omen16/workspace/grad_ws/install/lidar_processor' for CMake module files
[1.178s] Level 1:colcon.colcon_core.environment:checking '/home/omen16/workspace/grad_ws/install/lidar_processor' for CMake config files
[1.179s] Level 1:colcon.colcon_core.environment:checking '/home/omen16/workspace/grad_ws/install/lidar_processor/lib'
[1.179s] Level 1:colcon.colcon_core.environment:checking '/home/omen16/workspace/grad_ws/install/lidar_processor/bin'
[1.179s] Level 1:colcon.colcon_core.environment:checking '/home/omen16/workspace/grad_ws/install/lidar_processor/lib/pkgconfig/lidar_processor.pc'
[1.179s] Level 1:colcon.colcon_core.environment:checking '/home/omen16/workspace/grad_ws/install/lidar_processor/lib/python3.10/site-packages'
[1.179s] Level 1:colcon.colcon_core.shell:create_environment_hook('lidar_processor', 'pythonpath')
[1.179s] INFO:colcon.colcon_core.shell:Creating environment hook '/home/omen16/workspace/grad_ws/install/lidar_processor/share/lidar_processor/hook/pythonpath.ps1'
[1.180s] INFO:colcon.colcon_core.shell:Creating environment descriptor '/home/omen16/workspace/grad_ws/install/lidar_processor/share/lidar_processor/hook/pythonpath.dsv'
[1.180s] INFO:colcon.colcon_core.shell:Creating environment hook '/home/omen16/workspace/grad_ws/install/lidar_processor/share/lidar_processor/hook/pythonpath.sh'
[1.180s] Level 1:colcon.colcon_core.environment:checking '/home/omen16/workspace/grad_ws/install/lidar_processor/bin'
[1.180s] Level 1:colcon.colcon_core.environment:create_environment_scripts_only(lidar_processor)
[1.180s] INFO:colcon.colcon_core.shell:Creating package script '/home/omen16/workspace/grad_ws/install/lidar_processor/share/lidar_processor/package.ps1'
[1.181s] INFO:colcon.colcon_core.shell:Creating package descriptor '/home/omen16/workspace/grad_ws/install/lidar_processor/share/lidar_processor/package.dsv'
[1.181s] INFO:colcon.colcon_core.shell:Creating package script '/home/omen16/workspace/grad_ws/install/lidar_processor/share/lidar_processor/package.sh'
[1.182s] INFO:colcon.colcon_core.shell:Creating package script '/home/omen16/workspace/grad_ws/install/lidar_processor/share/lidar_processor/package.bash'
[1.183s] INFO:colcon.colcon_core.shell:Creating package script '/home/omen16/workspace/grad_ws/install/lidar_processor/share/lidar_processor/package.zsh'
[1.183s] Level 1:colcon.colcon_core.environment:create_file_with_runtime_dependencies(/home/omen16/workspace/grad_ws/install/lidar_processor/share/colcon-core/packages/lidar_processor)
[1.184s] DEBUG:colcon.colcon_parallel_executor.executor.parallel:closing loop
[1.184s] DEBUG:colcon.colcon_parallel_executor.executor.parallel:loop closed
[1.184s] DEBUG:colcon.colcon_parallel_executor.executor.parallel:run_until_complete finished with '0'
[1.185s] DEBUG:colcon.colcon_core.event_reactor:joining thread
[1.195s] INFO:colcon.colcon_core.plugin_system:Skipping extension 'colcon_notification.desktop_notification.terminal_notifier': Not used on non-Darwin systems
[1.196s] INFO:colcon.colcon_core.plugin_system:Skipping extension 'colcon_notification.desktop_notification.win32': Not used on non-Windows systems
[1.196s] INFO:colcon.colcon_notification.desktop_notification:Sending desktop notification using 'notify2'
[1.212s] DEBUG:colcon.colcon_core.event_reactor:joined thread
[1.212s] INFO:colcon.colcon_core.shell:Creating prefix script '/home/omen16/workspace/grad_ws/install/local_setup.ps1'
[1.213s] INFO:colcon.colcon_core.shell:Creating prefix util module '/home/omen16/workspace/grad_ws/install/_local_setup_util_ps1.py'
[1.214s] INFO:colcon.colcon_core.shell:Creating prefix chain script '/home/omen16/workspace/grad_ws/install/setup.ps1'
[1.215s] INFO:colcon.colcon_core.shell:Creating prefix script '/home/omen16/workspace/grad_ws/install/local_setup.sh'
[1.216s] INFO:colcon.colcon_core.shell:Creating prefix util module '/home/omen16/workspace/grad_ws/install/_local_setup_util_sh.py'
[1.216s] INFO:colcon.colcon_core.shell:Creating prefix chain script '/home/omen16/workspace/grad_ws/install/setup.sh'
[1.217s] INFO:colcon.colcon_core.shell:Creating prefix script '/home/omen16/workspace/grad_ws/install/local_setup.bash'
[1.217s] INFO:colcon.colcon_core.shell:Creating prefix chain script '/home/omen16/workspace/grad_ws/install/setup.bash'
[1.218s] INFO:colcon.colcon_core.shell:Creating prefix script '/home/omen16/workspace/grad_ws/install/local_setup.zsh'
[1.218s] INFO:colcon.colcon_core.shell:Creating prefix chain script '/home/omen16/workspace/grad_ws/install/setup.zsh'
