[0.008s] Invoking command in '/home/omen16/workspace/grad_ws/build/velodyne_driver': CMAKE_PREFIX_PATH=/home/omen16/workspace/grad_ws/install/velodyne_msgs:/home/omen16/workspace/grad_ws/install/velodyne:/home/omen16/workspace/grad_ws/install/velodyne_pointcloud:/home/omen16/workspace/grad_ws/install/velodyne_driver:/home/omen16/workspace/grad_ws/install/velodyne_laserscan:/home/omen16/workspace/grad_ws/install/lidar_processor:/opt/ros/humble LD_LIBRARY_PATH=/home/omen16/workspace/grad_ws/install/velodyne_msgs/lib:/usr/local/cuda-12.8/lib64:/home/omen16/workspace/grad_ws/install/velodyne_pointcloud/lib:/home/omen16/workspace/grad_ws/install/velodyne_driver/lib:/home/omen16/workspace/grad_ws/install/velodyne_laserscan/lib:/opt/ros/humble/opt/rviz_ogre_vendor/lib:/opt/ros/humble/lib/x86_64-linux-gnu:/opt/ros/humble/lib /usr/bin/cmake --build /home/omen16/workspace/grad_ws/build/velodyne_driver -- -j32 -l32
[0.052s] [35m[1mConsolidate compiler generated dependencies of target gtest[0m
[0.052s] [35m[1mConsolidate compiler generated dependencies of target velodyne_input[0m
[0.053s] [35m[1mConsolidate compiler generated dependencies of target gtest_main[0m
[0.066s] [ 16%] Built target gtest_main
[0.067s] [ 33%] Built target gtest
[0.071s] [ 41%] [32m[1mLinking CXX shared library libvelodyne_input.so[0m
[0.158s] [ 50%] Built target velodyne_input
[0.169s] [35m[1mConsolidate compiler generated dependencies of target time_test[0m
[0.169s] [35m[1mConsolidate compiler generated dependencies of target velodyne_driver[0m
[0.185s] [ 58%] [32m[1mLinking CXX executable time_test[0m
[0.187s] [ 66%] [32m[1mLinking CXX shared library libvelodyne_driver.so[0m
[0.346s] [ 75%] Built target time_test
[0.569s] [ 83%] Built target velodyne_driver
[0.581s] [35m[1mConsolidate compiler generated dependencies of target velodyne_driver_node[0m
[0.596s] [ 91%] [32m[1mLinking CXX executable velodyne_driver_node[0m
[0.728s] [100%] Built target velodyne_driver_node
[0.739s] Invoked command in '/home/omen16/workspace/grad_ws/build/velodyne_driver' returned '0': CMAKE_PREFIX_PATH=/home/omen16/workspace/grad_ws/install/velodyne_msgs:/home/omen16/workspace/grad_ws/install/velodyne:/home/omen16/workspace/grad_ws/install/velodyne_pointcloud:/home/omen16/workspace/grad_ws/install/velodyne_driver:/home/omen16/workspace/grad_ws/install/velodyne_laserscan:/home/omen16/workspace/grad_ws/install/lidar_processor:/opt/ros/humble LD_LIBRARY_PATH=/home/omen16/workspace/grad_ws/install/velodyne_msgs/lib:/usr/local/cuda-12.8/lib64:/home/omen16/workspace/grad_ws/install/velodyne_pointcloud/lib:/home/omen16/workspace/grad_ws/install/velodyne_driver/lib:/home/omen16/workspace/grad_ws/install/velodyne_laserscan/lib:/opt/ros/humble/opt/rviz_ogre_vendor/lib:/opt/ros/humble/lib/x86_64-linux-gnu:/opt/ros/humble/lib /usr/bin/cmake --build /home/omen16/workspace/grad_ws/build/velodyne_driver -- -j32 -l32
[0.741s] Invoking command in '/home/omen16/workspace/grad_ws/build/velodyne_driver': CMAKE_PREFIX_PATH=/home/omen16/workspace/grad_ws/install/velodyne_msgs:/home/omen16/workspace/grad_ws/install/velodyne:/home/omen16/workspace/grad_ws/install/velodyne_pointcloud:/home/omen16/workspace/grad_ws/install/velodyne_driver:/home/omen16/workspace/grad_ws/install/velodyne_laserscan:/home/omen16/workspace/grad_ws/install/lidar_processor:/opt/ros/humble LD_LIBRARY_PATH=/home/omen16/workspace/grad_ws/install/velodyne_msgs/lib:/usr/local/cuda-12.8/lib64:/home/omen16/workspace/grad_ws/install/velodyne_pointcloud/lib:/home/omen16/workspace/grad_ws/install/velodyne_driver/lib:/home/omen16/workspace/grad_ws/install/velodyne_laserscan/lib:/opt/ros/humble/opt/rviz_ogre_vendor/lib:/opt/ros/humble/lib/x86_64-linux-gnu:/opt/ros/humble/lib /usr/bin/cmake --install /home/omen16/workspace/grad_ws/build/velodyne_driver
[0.747s] -- Install configuration: ""
[0.747s] -- Installing: /home/omen16/workspace/grad_ws/install/velodyne_driver/lib/libvelodyne_input.so
[0.748s] -- Set runtime path of "/home/omen16/workspace/grad_ws/install/velodyne_driver/lib/libvelodyne_input.so" to ""
[0.748s] -- Installing: /home/omen16/workspace/grad_ws/install/velodyne_driver/lib/libvelodyne_driver.so
[0.758s] -- Set runtime path of "/home/omen16/workspace/grad_ws/install/velodyne_driver/lib/libvelodyne_driver.so" to ""
[0.881s] -- Installing: /home/omen16/workspace/grad_ws/install/velodyne_driver/lib/velodyne_driver/velodyne_driver_node
[0.882s] -- Set runtime path of "/home/omen16/workspace/grad_ws/install/velodyne_driver/lib/velodyne_driver/velodyne_driver_node" to ""
[0.882s] -- Up-to-date: /home/omen16/workspace/grad_ws/install/velodyne_driver/include/velodyne_driver
[0.882s] -- Up-to-date: /home/omen16/workspace/grad_ws/install/velodyne_driver/include/velodyne_driver/driver.hpp
[0.882s] -- Up-to-date: /home/omen16/workspace/grad_ws/install/velodyne_driver/include/velodyne_driver/input.hpp
[0.882s] -- Up-to-date: /home/omen16/workspace/grad_ws/install/velodyne_driver/include/velodyne_driver/time_conversion.hpp
[0.882s] -- Up-to-date: /home/omen16/workspace/grad_ws/install/velodyne_driver/share/velodyne_driver/config
[0.883s] -- Up-to-date: /home/omen16/workspace/grad_ws/install/velodyne_driver/share/velodyne_driver/config/VLP16-velodyne_driver_node-params.yaml
[0.883s] -- Up-to-date: /home/omen16/workspace/grad_ws/install/velodyne_driver/share/velodyne_driver/config/VLS128-velodyne_driver_node-params.yaml
[0.883s] -- Up-to-date: /home/omen16/workspace/grad_ws/install/velodyne_driver/share/velodyne_driver/config/VLP32C-velodyne_driver_node-params.yaml
[0.883s] -- Up-to-date: /home/omen16/workspace/grad_ws/install/velodyne_driver/share/velodyne_driver/launch
[0.883s] -- Up-to-date: /home/omen16/workspace/grad_ws/install/velodyne_driver/share/velodyne_driver/launch/velodyne_driver_node-VLP16-composed-launch.py
[0.883s] -- Up-to-date: /home/omen16/workspace/grad_ws/install/velodyne_driver/share/velodyne_driver/launch/velodyne_driver_node-VLS128-composed-launch.py
[0.883s] -- Up-to-date: /home/omen16/workspace/grad_ws/install/velodyne_driver/share/velodyne_driver/launch/velodyne_driver_node-VLP32C-launch.py
[0.883s] -- Up-to-date: /home/omen16/workspace/grad_ws/install/velodyne_driver/share/velodyne_driver/launch/velodyne_driver_node-VLP32C-composed-launch.py
[0.883s] -- Up-to-date: /home/omen16/workspace/grad_ws/install/velodyne_driver/share/velodyne_driver/launch/velodyne_driver_node-VLP16-launch.py
[0.883s] -- Up-to-date: /home/omen16/workspace/grad_ws/install/velodyne_driver/share/velodyne_driver/launch/velodyne_driver_node-VLS128-launch.py
[0.883s] -- Up-to-date: /home/omen16/workspace/grad_ws/install/velodyne_driver/lib/velodyne_driver/vdump
[0.883s] -- Up-to-date: /home/omen16/workspace/grad_ws/install/velodyne_driver/share/ament_index/resource_index/package_run_dependencies/velodyne_driver
[0.883s] -- Up-to-date: /home/omen16/workspace/grad_ws/install/velodyne_driver/share/ament_index/resource_index/parent_prefix_path/velodyne_driver
[0.884s] -- Up-to-date: /home/omen16/workspace/grad_ws/install/velodyne_driver/share/velodyne_driver/environment/ament_prefix_path.sh
[0.884s] -- Up-to-date: /home/omen16/workspace/grad_ws/install/velodyne_driver/share/velodyne_driver/environment/ament_prefix_path.dsv
[0.884s] -- Up-to-date: /home/omen16/workspace/grad_ws/install/velodyne_driver/share/velodyne_driver/environment/path.sh
[0.884s] -- Up-to-date: /home/omen16/workspace/grad_ws/install/velodyne_driver/share/velodyne_driver/environment/path.dsv
[0.884s] -- Up-to-date: /home/omen16/workspace/grad_ws/install/velodyne_driver/share/velodyne_driver/local_setup.bash
[0.884s] -- Up-to-date: /home/omen16/workspace/grad_ws/install/velodyne_driver/share/velodyne_driver/local_setup.sh
[0.884s] -- Up-to-date: /home/omen16/workspace/grad_ws/install/velodyne_driver/share/velodyne_driver/local_setup.zsh
[0.884s] -- Up-to-date: /home/omen16/workspace/grad_ws/install/velodyne_driver/share/velodyne_driver/local_setup.dsv
[0.884s] -- Installing: /home/omen16/workspace/grad_ws/install/velodyne_driver/share/velodyne_driver/package.dsv
[0.884s] -- Up-to-date: /home/omen16/workspace/grad_ws/install/velodyne_driver/share/ament_index/resource_index/packages/velodyne_driver
[0.884s] -- Up-to-date: /home/omen16/workspace/grad_ws/install/velodyne_driver/share/ament_index/resource_index/rclcpp_components/velodyne_driver
[0.885s] -- Up-to-date: /home/omen16/workspace/grad_ws/install/velodyne_driver/share/velodyne_driver/cmake/velodyne_driverExport.cmake
[0.886s] -- Up-to-date: /home/omen16/workspace/grad_ws/install/velodyne_driver/share/velodyne_driver/cmake/velodyne_driverExport-noconfig.cmake
[0.886s] -- Up-to-date: /home/omen16/workspace/grad_ws/install/velodyne_driver/share/velodyne_driver/cmake/ament_cmake_export_include_directories-extras.cmake
[0.886s] -- Up-to-date: /home/omen16/workspace/grad_ws/install/velodyne_driver/share/velodyne_driver/cmake/ament_cmake_export_targets-extras.cmake
[0.886s] -- Up-to-date: /home/omen16/workspace/grad_ws/install/velodyne_driver/share/velodyne_driver/cmake/ament_cmake_export_dependencies-extras.cmake
[0.886s] -- Up-to-date: /home/omen16/workspace/grad_ws/install/velodyne_driver/share/velodyne_driver/cmake/velodyne_driverConfig.cmake
[0.886s] -- Up-to-date: /home/omen16/workspace/grad_ws/install/velodyne_driver/share/velodyne_driver/cmake/velodyne_driverConfig-version.cmake
[0.886s] -- Up-to-date: /home/omen16/workspace/grad_ws/install/velodyne_driver/share/velodyne_driver/package.xml
[0.888s] Invoked command in '/home/omen16/workspace/grad_ws/build/velodyne_driver' returned '0': CMAKE_PREFIX_PATH=/home/omen16/workspace/grad_ws/install/velodyne_msgs:/home/omen16/workspace/grad_ws/install/velodyne:/home/omen16/workspace/grad_ws/install/velodyne_pointcloud:/home/omen16/workspace/grad_ws/install/velodyne_driver:/home/omen16/workspace/grad_ws/install/velodyne_laserscan:/home/omen16/workspace/grad_ws/install/lidar_processor:/opt/ros/humble LD_LIBRARY_PATH=/home/omen16/workspace/grad_ws/install/velodyne_msgs/lib:/usr/local/cuda-12.8/lib64:/home/omen16/workspace/grad_ws/install/velodyne_pointcloud/lib:/home/omen16/workspace/grad_ws/install/velodyne_driver/lib:/home/omen16/workspace/grad_ws/install/velodyne_laserscan/lib:/opt/ros/humble/opt/rviz_ogre_vendor/lib:/opt/ros/humble/lib/x86_64-linux-gnu:/opt/ros/humble/lib /usr/bin/cmake --install /home/omen16/workspace/grad_ws/build/velodyne_driver
