[  2%] Built target perception_interfaces__cpp
[  2%] Built target ament_cmake_python_symlink_perception_interfaces
[ 12%] Built target perception_interfaces__rosidl_generator_c
[ 43%] Built target perception_interfaces__rosidl_typesupport_cpp
[ 43%] Built target perception_interfaces__rosidl_typesupport_introspection_cpp
[ 43%] Built target perception_interfaces__rosidl_typesupport_fastrtps_cpp
[ 53%] Built target perception_interfaces__rosidl_typesupport_c
[ 64%] Built target perception_interfaces__rosidl_typesupport_introspection_c
[ 74%] Built target perception_interfaces__rosidl_typesupport_fastrtps_c
[ 74%] Built target perception_interfaces
[ 76%] Built target perception_interfaces__py
[ 84%] Built target perception_interfaces__rosidl_generator_py
[ 89%] Built target perception_interfaces__rosidl_typesupport_fastrtps_c__pyext
[ 94%] Built target perception_interfaces__rosidl_typesupport_c__pyext
[100%] Built target perception_interfaces__rosidl_typesupport_introspection_c__pyext
running egg_info
writing perception_interfaces.egg-info/PKG-INFO
writing dependency_links to perception_interfaces.egg-info/dependency_links.txt
writing top-level names to perception_interfaces.egg-info/top_level.txt
reading manifest file 'perception_interfaces.egg-info/SOURCES.txt'
writing manifest file 'perception_interfaces.egg-info/SOURCES.txt'
[100%] Built target ament_cmake_python_build_perception_interfaces_egg
-- Install configuration: ""
-- Execute custom install script
-- Up-to-date symlink: /home/omen16/workspace/grad_ws/install/perception_interfaces/share/ament_index/resource_index/rosidl_interfaces/perception_interfaces
-- Up-to-date symlink: /home/omen16/workspace/grad_ws/install/perception_interfaces/include/perception_interfaces/perception_interfaces/msg/detail/object_array__functions.h
-- Up-to-date symlink: /home/omen16/workspace/grad_ws/install/perception_interfaces/include/perception_interfaces/perception_interfaces/msg/detail/object_array__struct.h
-- Up-to-date symlink: /home/omen16/workspace/grad_ws/install/perception_interfaces/include/perception_interfaces/perception_interfaces/msg/detail/object_array__type_support.h
-- Up-to-date symlink: /home/omen16/workspace/grad_ws/install/perception_interfaces/include/perception_interfaces/perception_interfaces/msg/detail/object_info__functions.h
-- Up-to-date symlink: /home/omen16/workspace/grad_ws/install/perception_interfaces/include/perception_interfaces/perception_interfaces/msg/detail/object_info__struct.h
-- Up-to-date symlink: /home/omen16/workspace/grad_ws/install/perception_interfaces/include/perception_interfaces/perception_interfaces/msg/detail/object_info__type_support.h
-- Up-to-date symlink: /home/omen16/workspace/grad_ws/install/perception_interfaces/include/perception_interfaces/perception_interfaces/msg/object_array.h
-- Up-to-date symlink: /home/omen16/workspace/grad_ws/install/perception_interfaces/include/perception_interfaces/perception_interfaces/msg/object_info.h
-- Up-to-date symlink: /home/omen16/workspace/grad_ws/install/perception_interfaces/include/perception_interfaces/perception_interfaces/msg/rosidl_generator_c__visibility_control.h
-- Up-to-date symlink: /home/omen16/workspace/grad_ws/install/perception_interfaces/share/perception_interfaces/environment/library_path.sh
-- Up-to-date symlink: /home/omen16/workspace/grad_ws/install/perception_interfaces/share/perception_interfaces/environment/library_path.dsv
-- Up-to-date symlink: /home/omen16/workspace/grad_ws/install/perception_interfaces/include/perception_interfaces/perception_interfaces/msg/detail/object_array__rosidl_typesupport_fastrtps_c.h
-- Up-to-date symlink: /home/omen16/workspace/grad_ws/install/perception_interfaces/include/perception_interfaces/perception_interfaces/msg/detail/object_info__rosidl_typesupport_fastrtps_c.h
-- Up-to-date symlink: /home/omen16/workspace/grad_ws/install/perception_interfaces/include/perception_interfaces/perception_interfaces/msg/rosidl_typesupport_fastrtps_c__visibility_control.h
-- Up-to-date symlink: /home/omen16/workspace/grad_ws/install/perception_interfaces/include/perception_interfaces/perception_interfaces/msg/detail/object_array__rosidl_typesupport_introspection_c.h
-- Up-to-date symlink: /home/omen16/workspace/grad_ws/install/perception_interfaces/include/perception_interfaces/perception_interfaces/msg/detail/object_info__rosidl_typesupport_introspection_c.h
-- Up-to-date symlink: /home/omen16/workspace/grad_ws/install/perception_interfaces/include/perception_interfaces/perception_interfaces/msg/rosidl_typesupport_introspection_c__visibility_control.h
-- Up-to-date symlink: /home/omen16/workspace/grad_ws/install/perception_interfaces/include/perception_interfaces/perception_interfaces/msg/detail/object_array__builder.hpp
-- Up-to-date symlink: /home/omen16/workspace/grad_ws/install/perception_interfaces/include/perception_interfaces/perception_interfaces/msg/detail/object_array__struct.hpp
-- Up-to-date symlink: /home/omen16/workspace/grad_ws/install/perception_interfaces/include/perception_interfaces/perception_interfaces/msg/detail/object_array__traits.hpp
-- Up-to-date symlink: /home/omen16/workspace/grad_ws/install/perception_interfaces/include/perception_interfaces/perception_interfaces/msg/detail/object_array__type_support.hpp
-- Up-to-date symlink: /home/omen16/workspace/grad_ws/install/perception_interfaces/include/perception_interfaces/perception_interfaces/msg/detail/object_info__builder.hpp
-- Up-to-date symlink: /home/omen16/workspace/grad_ws/install/perception_interfaces/include/perception_interfaces/perception_interfaces/msg/detail/object_info__struct.hpp
-- Up-to-date symlink: /home/omen16/workspace/grad_ws/install/perception_interfaces/include/perception_interfaces/perception_interfaces/msg/detail/object_info__traits.hpp
-- Up-to-date symlink: /home/omen16/workspace/grad_ws/install/perception_interfaces/include/perception_interfaces/perception_interfaces/msg/detail/object_info__type_support.hpp
-- Up-to-date symlink: /home/omen16/workspace/grad_ws/install/perception_interfaces/include/perception_interfaces/perception_interfaces/msg/object_array.hpp
-- Up-to-date symlink: /home/omen16/workspace/grad_ws/install/perception_interfaces/include/perception_interfaces/perception_interfaces/msg/object_info.hpp
-- Up-to-date symlink: /home/omen16/workspace/grad_ws/install/perception_interfaces/include/perception_interfaces/perception_interfaces/msg/rosidl_generator_cpp__visibility_control.hpp
-- Up-to-date symlink: /home/omen16/workspace/grad_ws/install/perception_interfaces/include/perception_interfaces/perception_interfaces/msg/detail/object_array__rosidl_typesupport_fastrtps_cpp.hpp
-- Up-to-date symlink: /home/omen16/workspace/grad_ws/install/perception_interfaces/include/perception_interfaces/perception_interfaces/msg/detail/object_info__rosidl_typesupport_fastrtps_cpp.hpp
-- Up-to-date symlink: /home/omen16/workspace/grad_ws/install/perception_interfaces/include/perception_interfaces/perception_interfaces/msg/rosidl_typesupport_fastrtps_cpp__visibility_control.h
-- Up-to-date symlink: /home/omen16/workspace/grad_ws/install/perception_interfaces/include/perception_interfaces/perception_interfaces/msg/detail/object_array__rosidl_typesupport_introspection_cpp.hpp
-- Up-to-date symlink: /home/omen16/workspace/grad_ws/install/perception_interfaces/include/perception_interfaces/perception_interfaces/msg/detail/object_info__rosidl_typesupport_introspection_cpp.hpp
-- Up-to-date symlink: /home/omen16/workspace/grad_ws/install/perception_interfaces/share/perception_interfaces/environment/pythonpath.sh
-- Up-to-date symlink: /home/omen16/workspace/grad_ws/install/perception_interfaces/share/perception_interfaces/environment/pythonpath.dsv
-- Up-to-date symlink: /home/omen16/workspace/grad_ws/install/perception_interfaces/local/lib/python3.10/dist-packages/perception_interfaces-0.0.0-py3.10.egg-info/PKG-INFO
-- Up-to-date symlink: /home/omen16/workspace/grad_ws/install/perception_interfaces/local/lib/python3.10/dist-packages/perception_interfaces-0.0.0-py3.10.egg-info/SOURCES.txt
-- Up-to-date symlink: /home/omen16/workspace/grad_ws/install/perception_interfaces/local/lib/python3.10/dist-packages/perception_interfaces-0.0.0-py3.10.egg-info/dependency_links.txt
-- Up-to-date symlink: /home/omen16/workspace/grad_ws/install/perception_interfaces/local/lib/python3.10/dist-packages/perception_interfaces-0.0.0-py3.10.egg-info/top_level.txt
-- Up-to-date symlink: /home/omen16/workspace/grad_ws/install/perception_interfaces/local/lib/python3.10/dist-packages/perception_interfaces/__init__.py
-- Up-to-date symlink: /home/omen16/workspace/grad_ws/install/perception_interfaces/local/lib/python3.10/dist-packages/perception_interfaces/_perception_interfaces_s.ep.rosidl_typesupport_c.c
-- Up-to-date symlink: /home/omen16/workspace/grad_ws/install/perception_interfaces/local/lib/python3.10/dist-packages/perception_interfaces/_perception_interfaces_s.ep.rosidl_typesupport_fastrtps_c.c
-- Up-to-date symlink: /home/omen16/workspace/grad_ws/install/perception_interfaces/local/lib/python3.10/dist-packages/perception_interfaces/_perception_interfaces_s.ep.rosidl_typesupport_introspection_c.c
-- Up-to-date symlink: /home/omen16/workspace/grad_ws/install/perception_interfaces/local/lib/python3.10/dist-packages/perception_interfaces/libperception_interfaces__rosidl_generator_py.so
-- Up-to-date symlink: /home/omen16/workspace/grad_ws/install/perception_interfaces/local/lib/python3.10/dist-packages/perception_interfaces/msg/__init__.py
-- Up-to-date symlink: /home/omen16/workspace/grad_ws/install/perception_interfaces/local/lib/python3.10/dist-packages/perception_interfaces/msg/_object_array.py
-- Up-to-date symlink: /home/omen16/workspace/grad_ws/install/perception_interfaces/local/lib/python3.10/dist-packages/perception_interfaces/msg/_object_array_s.c
-- Up-to-date symlink: /home/omen16/workspace/grad_ws/install/perception_interfaces/local/lib/python3.10/dist-packages/perception_interfaces/msg/_object_info.py
-- Up-to-date symlink: /home/omen16/workspace/grad_ws/install/perception_interfaces/local/lib/python3.10/dist-packages/perception_interfaces/msg/_object_info_s.c
-- Up-to-date symlink: /home/omen16/workspace/grad_ws/install/perception_interfaces/local/lib/python3.10/dist-packages/perception_interfaces/perception_interfaces_s__rosidl_typesupport_c.cpython-310-x86_64-linux-gnu.so
-- Up-to-date symlink: /home/omen16/workspace/grad_ws/install/perception_interfaces/local/lib/python3.10/dist-packages/perception_interfaces/perception_interfaces_s__rosidl_typesupport_fastrtps_c.cpython-310-x86_64-linux-gnu.so
-- Up-to-date symlink: /home/omen16/workspace/grad_ws/install/perception_interfaces/local/lib/python3.10/dist-packages/perception_interfaces/perception_interfaces_s__rosidl_typesupport_introspection_c.cpython-310-x86_64-linux-gnu.so
-- Up-to-date symlink: /home/omen16/workspace/grad_ws/install/perception_interfaces/local/lib/python3.10/dist-packages/perception_interfaces/perception_interfaces_s__rosidl_typesupport_fastrtps_c.cpython-310-x86_64-linux-gnu.so
-- Up-to-date symlink: /home/omen16/workspace/grad_ws/install/perception_interfaces/local/lib/python3.10/dist-packages/perception_interfaces/perception_interfaces_s__rosidl_typesupport_introspection_c.cpython-310-x86_64-linux-gnu.so
-- Up-to-date symlink: /home/omen16/workspace/grad_ws/install/perception_interfaces/local/lib/python3.10/dist-packages/perception_interfaces/perception_interfaces_s__rosidl_typesupport_c.cpython-310-x86_64-linux-gnu.so
-- Up-to-date symlink: /home/omen16/workspace/grad_ws/install/perception_interfaces/share/perception_interfaces/msg/ObjectInfo.idl
-- Up-to-date symlink: /home/omen16/workspace/grad_ws/install/perception_interfaces/share/perception_interfaces/msg/ObjectArray.idl
-- Up-to-date symlink: /home/omen16/workspace/grad_ws/install/perception_interfaces/share/perception_interfaces/msg/ObjectInfo.msg
-- Up-to-date symlink: /home/omen16/workspace/grad_ws/install/perception_interfaces/share/perception_interfaces/msg/ObjectArray.msg
-- Up-to-date symlink: /home/omen16/workspace/grad_ws/install/perception_interfaces/share/ament_index/resource_index/package_run_dependencies/perception_interfaces
-- Up-to-date symlink: /home/omen16/workspace/grad_ws/install/perception_interfaces/share/ament_index/resource_index/parent_prefix_path/perception_interfaces
-- Up-to-date symlink: /home/omen16/workspace/grad_ws/install/perception_interfaces/share/perception_interfaces/environment/ament_prefix_path.sh
-- Up-to-date symlink: /home/omen16/workspace/grad_ws/install/perception_interfaces/share/perception_interfaces/environment/ament_prefix_path.dsv
-- Up-to-date symlink: /home/omen16/workspace/grad_ws/install/perception_interfaces/share/perception_interfaces/environment/path.sh
-- Up-to-date symlink: /home/omen16/workspace/grad_ws/install/perception_interfaces/share/perception_interfaces/environment/path.dsv
-- Up-to-date symlink: /home/omen16/workspace/grad_ws/install/perception_interfaces/share/perception_interfaces/local_setup.bash
-- Up-to-date symlink: /home/omen16/workspace/grad_ws/install/perception_interfaces/share/perception_interfaces/local_setup.sh
-- Up-to-date symlink: /home/omen16/workspace/grad_ws/install/perception_interfaces/share/perception_interfaces/local_setup.zsh
-- Up-to-date symlink: /home/omen16/workspace/grad_ws/install/perception_interfaces/share/perception_interfaces/local_setup.dsv
-- Symlinking: /home/omen16/workspace/grad_ws/install/perception_interfaces/share/perception_interfaces/package.dsv
-- Up-to-date symlink: /home/omen16/workspace/grad_ws/install/perception_interfaces/share/ament_index/resource_index/packages/perception_interfaces
-- Up-to-date symlink: /home/omen16/workspace/grad_ws/install/perception_interfaces/share/perception_interfaces/cmake/rosidl_cmake-extras.cmake
-- Up-to-date symlink: /home/omen16/workspace/grad_ws/install/perception_interfaces/share/perception_interfaces/cmake/ament_cmake_export_dependencies-extras.cmake
-- Up-to-date symlink: /home/omen16/workspace/grad_ws/install/perception_interfaces/share/perception_interfaces/cmake/ament_cmake_export_include_directories-extras.cmake
-- Up-to-date symlink: /home/omen16/workspace/grad_ws/install/perception_interfaces/share/perception_interfaces/cmake/ament_cmake_export_libraries-extras.cmake
-- Up-to-date symlink: /home/omen16/workspace/grad_ws/install/perception_interfaces/share/perception_interfaces/cmake/ament_cmake_export_targets-extras.cmake
-- Up-to-date symlink: /home/omen16/workspace/grad_ws/install/perception_interfaces/share/perception_interfaces/cmake/rosidl_cmake_export_typesupport_targets-extras.cmake
-- Up-to-date symlink: /home/omen16/workspace/grad_ws/install/perception_interfaces/share/perception_interfaces/cmake/rosidl_cmake_export_typesupport_libraries-extras.cmake
-- Up-to-date symlink: /home/omen16/workspace/grad_ws/install/perception_interfaces/share/perception_interfaces/cmake/perception_interfacesConfig.cmake
-- Up-to-date symlink: /home/omen16/workspace/grad_ws/install/perception_interfaces/share/perception_interfaces/cmake/perception_interfacesConfig-version.cmake
-- Up-to-date symlink: /home/omen16/workspace/grad_ws/install/perception_interfaces/share/perception_interfaces/package.xml
-- Up-to-date: /home/omen16/workspace/grad_ws/install/perception_interfaces/lib/libperception_interfaces__rosidl_generator_c.so
-- Up-to-date: /home/omen16/workspace/grad_ws/install/perception_interfaces/lib/libperception_interfaces__rosidl_typesupport_fastrtps_c.so
-- Up-to-date: /home/omen16/workspace/grad_ws/install/perception_interfaces/lib/libperception_interfaces__rosidl_typesupport_introspection_c.so
-- Up-to-date: /home/omen16/workspace/grad_ws/install/perception_interfaces/lib/libperception_interfaces__rosidl_typesupport_c.so
-- Up-to-date: /home/omen16/workspace/grad_ws/install/perception_interfaces/lib/libperception_interfaces__rosidl_typesupport_fastrtps_cpp.so
-- Up-to-date: /home/omen16/workspace/grad_ws/install/perception_interfaces/lib/libperception_interfaces__rosidl_typesupport_introspection_cpp.so
-- Up-to-date: /home/omen16/workspace/grad_ws/install/perception_interfaces/lib/libperception_interfaces__rosidl_typesupport_cpp.so
Listing '/home/omen16/workspace/grad_ws/install/perception_interfaces/local/lib/python3.10/dist-packages/perception_interfaces'...
Listing '/home/omen16/workspace/grad_ws/install/perception_interfaces/local/lib/python3.10/dist-packages/perception_interfaces/msg'...
-- Up-to-date: /home/omen16/workspace/grad_ws/install/perception_interfaces/lib/libperception_interfaces__rosidl_generator_py.so
-- Up-to-date: /home/omen16/workspace/grad_ws/install/perception_interfaces/share/perception_interfaces/cmake/export_perception_interfaces__rosidl_generator_cExport.cmake
-- Up-to-date: /home/omen16/workspace/grad_ws/install/perception_interfaces/share/perception_interfaces/cmake/export_perception_interfaces__rosidl_generator_cExport-noconfig.cmake
-- Up-to-date: /home/omen16/workspace/grad_ws/install/perception_interfaces/share/perception_interfaces/cmake/export_perception_interfaces__rosidl_typesupport_fastrtps_cExport.cmake
-- Up-to-date: /home/omen16/workspace/grad_ws/install/perception_interfaces/share/perception_interfaces/cmake/export_perception_interfaces__rosidl_typesupport_fastrtps_cExport-noconfig.cmake
-- Up-to-date: /home/omen16/workspace/grad_ws/install/perception_interfaces/share/perception_interfaces/cmake/perception_interfaces__rosidl_typesupport_introspection_cExport.cmake
-- Up-to-date: /home/omen16/workspace/grad_ws/install/perception_interfaces/share/perception_interfaces/cmake/perception_interfaces__rosidl_typesupport_introspection_cExport-noconfig.cmake
-- Up-to-date: /home/omen16/workspace/grad_ws/install/perception_interfaces/share/perception_interfaces/cmake/perception_interfaces__rosidl_typesupport_cExport.cmake
-- Up-to-date: /home/omen16/workspace/grad_ws/install/perception_interfaces/share/perception_interfaces/cmake/perception_interfaces__rosidl_typesupport_cExport-noconfig.cmake
-- Up-to-date: /home/omen16/workspace/grad_ws/install/perception_interfaces/share/perception_interfaces/cmake/export_perception_interfaces__rosidl_generator_cppExport.cmake
-- Up-to-date: /home/omen16/workspace/grad_ws/install/perception_interfaces/share/perception_interfaces/cmake/export_perception_interfaces__rosidl_typesupport_fastrtps_cppExport.cmake
-- Up-to-date: /home/omen16/workspace/grad_ws/install/perception_interfaces/share/perception_interfaces/cmake/export_perception_interfaces__rosidl_typesupport_fastrtps_cppExport-noconfig.cmake
-- Up-to-date: /home/omen16/workspace/grad_ws/install/perception_interfaces/share/perception_interfaces/cmake/perception_interfaces__rosidl_typesupport_introspection_cppExport.cmake
-- Up-to-date: /home/omen16/workspace/grad_ws/install/perception_interfaces/share/perception_interfaces/cmake/perception_interfaces__rosidl_typesupport_introspection_cppExport-noconfig.cmake
-- Up-to-date: /home/omen16/workspace/grad_ws/install/perception_interfaces/share/perception_interfaces/cmake/perception_interfaces__rosidl_typesupport_cppExport.cmake
-- Up-to-date: /home/omen16/workspace/grad_ws/install/perception_interfaces/share/perception_interfaces/cmake/perception_interfaces__rosidl_typesupport_cppExport-noconfig.cmake
-- Up-to-date: /home/omen16/workspace/grad_ws/install/perception_interfaces/share/perception_interfaces/cmake/export_perception_interfaces__rosidl_generator_pyExport.cmake
-- Up-to-date: /home/omen16/workspace/grad_ws/install/perception_interfaces/share/perception_interfaces/cmake/export_perception_interfaces__rosidl_generator_pyExport-noconfig.cmake
