[0.008s] Invoking command in '/home/omen16/workspace/grad_ws/build/perception_interfaces': CMAKE_PREFIX_PATH=${CMAKE_PREFIX_PATH}:/home/omen16/workspace/grad_ws/install/lidar_processor:/opt/ros/humble /home/omen16/.local/bin/cmake --build /home/omen16/workspace/grad_ws/build/perception_interfaces -- -j32 -l32
[0.109s] [  2%] Built target perception_interfaces__cpp
[0.112s] [  2%] Built target ament_cmake_python_symlink_perception_interfaces
[0.118s] [ 12%] Built target perception_interfaces__rosidl_generator_c
[0.128s] [ 43%] Built target perception_interfaces__rosidl_typesupport_cpp
[0.128s] [ 43%] Built target perception_interfaces__rosidl_typesupport_introspection_cpp
[0.128s] [ 43%] Built target perception_interfaces__rosidl_typesupport_fastrtps_cpp
[0.131s] [ 53%] Built target perception_interfaces__rosidl_typesupport_c
[0.131s] [ 64%] Built target perception_interfaces__rosidl_typesupport_introspection_c
[0.134s] [ 74%] Built target perception_interfaces__rosidl_typesupport_fastrtps_c
[0.142s] [ 74%] Built target perception_interfaces
[0.152s] [ 76%] Built target perception_interfaces__py
[0.167s] [ 84%] Built target perception_interfaces__rosidl_generator_py
[0.179s] [ 89%] Built target perception_interfaces__rosidl_typesupport_fastrtps_c__pyext
[0.179s] [ 94%] Built target perception_interfaces__rosidl_typesupport_c__pyext
[0.179s] [100%] Built target perception_interfaces__rosidl_typesupport_introspection_c__pyext
[0.315s] running egg_info
[0.315s] writing perception_interfaces.egg-info/PKG-INFO
[0.316s] writing dependency_links to perception_interfaces.egg-info/dependency_links.txt
[0.316s] writing top-level names to perception_interfaces.egg-info/top_level.txt
[0.317s] reading manifest file 'perception_interfaces.egg-info/SOURCES.txt'
[0.318s] writing manifest file 'perception_interfaces.egg-info/SOURCES.txt'
[0.330s] [100%] Built target ament_cmake_python_build_perception_interfaces_egg
[0.335s] Invoked command in '/home/omen16/workspace/grad_ws/build/perception_interfaces' returned '0': CMAKE_PREFIX_PATH=${CMAKE_PREFIX_PATH}:/home/omen16/workspace/grad_ws/install/lidar_processor:/opt/ros/humble /home/omen16/.local/bin/cmake --build /home/omen16/workspace/grad_ws/build/perception_interfaces -- -j32 -l32
[0.494s] Invoking command in '/home/omen16/workspace/grad_ws/build/perception_interfaces': CMAKE_PREFIX_PATH=${CMAKE_PREFIX_PATH}:/home/omen16/workspace/grad_ws/install/lidar_processor:/opt/ros/humble /home/omen16/.local/bin/cmake --install /home/omen16/workspace/grad_ws/build/perception_interfaces
[0.541s] -- Install configuration: ""
[0.542s] -- Execute custom install script
[0.542s] -- Up-to-date symlink: /home/omen16/workspace/grad_ws/install/perception_interfaces/share/ament_index/resource_index/rosidl_interfaces/perception_interfaces
[0.543s] -- Up-to-date symlink: /home/omen16/workspace/grad_ws/install/perception_interfaces/include/perception_interfaces/perception_interfaces/msg/detail/object_array__functions.h
[0.543s] -- Up-to-date symlink: /home/omen16/workspace/grad_ws/install/perception_interfaces/include/perception_interfaces/perception_interfaces/msg/detail/object_array__struct.h
[0.543s] -- Up-to-date symlink: /home/omen16/workspace/grad_ws/install/perception_interfaces/include/perception_interfaces/perception_interfaces/msg/detail/object_array__type_support.h
[0.544s] -- Up-to-date symlink: /home/omen16/workspace/grad_ws/install/perception_interfaces/include/perception_interfaces/perception_interfaces/msg/detail/object_info__functions.h
[0.544s] -- Up-to-date symlink: /home/omen16/workspace/grad_ws/install/perception_interfaces/include/perception_interfaces/perception_interfaces/msg/detail/object_info__struct.h
[0.544s] -- Up-to-date symlink: /home/omen16/workspace/grad_ws/install/perception_interfaces/include/perception_interfaces/perception_interfaces/msg/detail/object_info__type_support.h
[0.544s] -- Up-to-date symlink: /home/omen16/workspace/grad_ws/install/perception_interfaces/include/perception_interfaces/perception_interfaces/msg/object_array.h
[0.544s] -- Up-to-date symlink: /home/omen16/workspace/grad_ws/install/perception_interfaces/include/perception_interfaces/perception_interfaces/msg/object_info.h
[0.544s] -- Up-to-date symlink: /home/omen16/workspace/grad_ws/install/perception_interfaces/include/perception_interfaces/perception_interfaces/msg/rosidl_generator_c__visibility_control.h
[0.545s] -- Up-to-date symlink: /home/omen16/workspace/grad_ws/install/perception_interfaces/share/perception_interfaces/environment/library_path.sh
[0.545s] -- Up-to-date symlink: /home/omen16/workspace/grad_ws/install/perception_interfaces/share/perception_interfaces/environment/library_path.dsv
[0.545s] -- Up-to-date symlink: /home/omen16/workspace/grad_ws/install/perception_interfaces/include/perception_interfaces/perception_interfaces/msg/detail/object_array__rosidl_typesupport_fastrtps_c.h
[0.545s] -- Up-to-date symlink: /home/omen16/workspace/grad_ws/install/perception_interfaces/include/perception_interfaces/perception_interfaces/msg/detail/object_info__rosidl_typesupport_fastrtps_c.h
[0.546s] -- Up-to-date symlink: /home/omen16/workspace/grad_ws/install/perception_interfaces/include/perception_interfaces/perception_interfaces/msg/rosidl_typesupport_fastrtps_c__visibility_control.h
[0.546s] -- Up-to-date symlink: /home/omen16/workspace/grad_ws/install/perception_interfaces/include/perception_interfaces/perception_interfaces/msg/detail/object_array__rosidl_typesupport_introspection_c.h
[0.546s] -- Up-to-date symlink: /home/omen16/workspace/grad_ws/install/perception_interfaces/include/perception_interfaces/perception_interfaces/msg/detail/object_info__rosidl_typesupport_introspection_c.h
[0.546s] -- Up-to-date symlink: /home/omen16/workspace/grad_ws/install/perception_interfaces/include/perception_interfaces/perception_interfaces/msg/rosidl_typesupport_introspection_c__visibility_control.h
[0.547s] -- Up-to-date symlink: /home/omen16/workspace/grad_ws/install/perception_interfaces/include/perception_interfaces/perception_interfaces/msg/detail/object_array__builder.hpp
[0.547s] -- Up-to-date symlink: /home/omen16/workspace/grad_ws/install/perception_interfaces/include/perception_interfaces/perception_interfaces/msg/detail/object_array__struct.hpp
[0.547s] -- Up-to-date symlink: /home/omen16/workspace/grad_ws/install/perception_interfaces/include/perception_interfaces/perception_interfaces/msg/detail/object_array__traits.hpp
[0.547s] -- Up-to-date symlink: /home/omen16/workspace/grad_ws/install/perception_interfaces/include/perception_interfaces/perception_interfaces/msg/detail/object_array__type_support.hpp
[0.547s] -- Up-to-date symlink: /home/omen16/workspace/grad_ws/install/perception_interfaces/include/perception_interfaces/perception_interfaces/msg/detail/object_info__builder.hpp
[0.548s] -- Up-to-date symlink: /home/omen16/workspace/grad_ws/install/perception_interfaces/include/perception_interfaces/perception_interfaces/msg/detail/object_info__struct.hpp
[0.548s] -- Up-to-date symlink: /home/omen16/workspace/grad_ws/install/perception_interfaces/include/perception_interfaces/perception_interfaces/msg/detail/object_info__traits.hpp
[0.548s] -- Up-to-date symlink: /home/omen16/workspace/grad_ws/install/perception_interfaces/include/perception_interfaces/perception_interfaces/msg/detail/object_info__type_support.hpp
[0.548s] -- Up-to-date symlink: /home/omen16/workspace/grad_ws/install/perception_interfaces/include/perception_interfaces/perception_interfaces/msg/object_array.hpp
[0.548s] -- Up-to-date symlink: /home/omen16/workspace/grad_ws/install/perception_interfaces/include/perception_interfaces/perception_interfaces/msg/object_info.hpp
[0.549s] -- Up-to-date symlink: /home/omen16/workspace/grad_ws/install/perception_interfaces/include/perception_interfaces/perception_interfaces/msg/rosidl_generator_cpp__visibility_control.hpp
[0.549s] -- Up-to-date symlink: /home/omen16/workspace/grad_ws/install/perception_interfaces/include/perception_interfaces/perception_interfaces/msg/detail/object_array__rosidl_typesupport_fastrtps_cpp.hpp
[0.549s] -- Up-to-date symlink: /home/omen16/workspace/grad_ws/install/perception_interfaces/include/perception_interfaces/perception_interfaces/msg/detail/object_info__rosidl_typesupport_fastrtps_cpp.hpp
[0.549s] -- Up-to-date symlink: /home/omen16/workspace/grad_ws/install/perception_interfaces/include/perception_interfaces/perception_interfaces/msg/rosidl_typesupport_fastrtps_cpp__visibility_control.h
[0.550s] -- Up-to-date symlink: /home/omen16/workspace/grad_ws/install/perception_interfaces/include/perception_interfaces/perception_interfaces/msg/detail/object_array__rosidl_typesupport_introspection_cpp.hpp
[0.550s] -- Up-to-date symlink: /home/omen16/workspace/grad_ws/install/perception_interfaces/include/perception_interfaces/perception_interfaces/msg/detail/object_info__rosidl_typesupport_introspection_cpp.hpp
[0.550s] -- Up-to-date symlink: /home/omen16/workspace/grad_ws/install/perception_interfaces/share/perception_interfaces/environment/pythonpath.sh
[0.550s] -- Up-to-date symlink: /home/omen16/workspace/grad_ws/install/perception_interfaces/share/perception_interfaces/environment/pythonpath.dsv
[0.550s] -- Up-to-date symlink: /home/omen16/workspace/grad_ws/install/perception_interfaces/local/lib/python3.10/dist-packages/perception_interfaces-0.0.0-py3.10.egg-info/PKG-INFO
[0.550s] -- Up-to-date symlink: /home/omen16/workspace/grad_ws/install/perception_interfaces/local/lib/python3.10/dist-packages/perception_interfaces-0.0.0-py3.10.egg-info/SOURCES.txt
[0.551s] -- Up-to-date symlink: /home/omen16/workspace/grad_ws/install/perception_interfaces/local/lib/python3.10/dist-packages/perception_interfaces-0.0.0-py3.10.egg-info/dependency_links.txt
[0.551s] -- Up-to-date symlink: /home/omen16/workspace/grad_ws/install/perception_interfaces/local/lib/python3.10/dist-packages/perception_interfaces-0.0.0-py3.10.egg-info/top_level.txt
[0.551s] -- Up-to-date symlink: /home/omen16/workspace/grad_ws/install/perception_interfaces/local/lib/python3.10/dist-packages/perception_interfaces/__init__.py
[0.551s] -- Up-to-date symlink: /home/omen16/workspace/grad_ws/install/perception_interfaces/local/lib/python3.10/dist-packages/perception_interfaces/_perception_interfaces_s.ep.rosidl_typesupport_c.c
[0.552s] -- Up-to-date symlink: /home/omen16/workspace/grad_ws/install/perception_interfaces/local/lib/python3.10/dist-packages/perception_interfaces/_perception_interfaces_s.ep.rosidl_typesupport_fastrtps_c.c
[0.552s] -- Up-to-date symlink: /home/omen16/workspace/grad_ws/install/perception_interfaces/local/lib/python3.10/dist-packages/perception_interfaces/_perception_interfaces_s.ep.rosidl_typesupport_introspection_c.c
[0.552s] -- Up-to-date symlink: /home/omen16/workspace/grad_ws/install/perception_interfaces/local/lib/python3.10/dist-packages/perception_interfaces/libperception_interfaces__rosidl_generator_py.so
[0.552s] -- Up-to-date symlink: /home/omen16/workspace/grad_ws/install/perception_interfaces/local/lib/python3.10/dist-packages/perception_interfaces/msg/__init__.py
[0.553s] -- Up-to-date symlink: /home/omen16/workspace/grad_ws/install/perception_interfaces/local/lib/python3.10/dist-packages/perception_interfaces/msg/_object_array.py
[0.553s] -- Up-to-date symlink: /home/omen16/workspace/grad_ws/install/perception_interfaces/local/lib/python3.10/dist-packages/perception_interfaces/msg/_object_array_s.c
[0.553s] -- Up-to-date symlink: /home/omen16/workspace/grad_ws/install/perception_interfaces/local/lib/python3.10/dist-packages/perception_interfaces/msg/_object_info.py
[0.553s] -- Up-to-date symlink: /home/omen16/workspace/grad_ws/install/perception_interfaces/local/lib/python3.10/dist-packages/perception_interfaces/msg/_object_info_s.c
[0.553s] -- Up-to-date symlink: /home/omen16/workspace/grad_ws/install/perception_interfaces/local/lib/python3.10/dist-packages/perception_interfaces/perception_interfaces_s__rosidl_typesupport_c.cpython-310-x86_64-linux-gnu.so
[0.553s] -- Up-to-date symlink: /home/omen16/workspace/grad_ws/install/perception_interfaces/local/lib/python3.10/dist-packages/perception_interfaces/perception_interfaces_s__rosidl_typesupport_fastrtps_c.cpython-310-x86_64-linux-gnu.so
[0.554s] -- Up-to-date symlink: /home/omen16/workspace/grad_ws/install/perception_interfaces/local/lib/python3.10/dist-packages/perception_interfaces/perception_interfaces_s__rosidl_typesupport_introspection_c.cpython-310-x86_64-linux-gnu.so
[0.554s] -- Up-to-date symlink: /home/omen16/workspace/grad_ws/install/perception_interfaces/local/lib/python3.10/dist-packages/perception_interfaces/perception_interfaces_s__rosidl_typesupport_fastrtps_c.cpython-310-x86_64-linux-gnu.so
[0.554s] -- Up-to-date symlink: /home/omen16/workspace/grad_ws/install/perception_interfaces/local/lib/python3.10/dist-packages/perception_interfaces/perception_interfaces_s__rosidl_typesupport_introspection_c.cpython-310-x86_64-linux-gnu.so
[0.554s] -- Up-to-date symlink: /home/omen16/workspace/grad_ws/install/perception_interfaces/local/lib/python3.10/dist-packages/perception_interfaces/perception_interfaces_s__rosidl_typesupport_c.cpython-310-x86_64-linux-gnu.so
[0.555s] -- Up-to-date symlink: /home/omen16/workspace/grad_ws/install/perception_interfaces/share/perception_interfaces/msg/ObjectInfo.idl
[0.555s] -- Up-to-date symlink: /home/omen16/workspace/grad_ws/install/perception_interfaces/share/perception_interfaces/msg/ObjectArray.idl
[0.555s] -- Up-to-date symlink: /home/omen16/workspace/grad_ws/install/perception_interfaces/share/perception_interfaces/msg/ObjectInfo.msg
[0.555s] -- Up-to-date symlink: /home/omen16/workspace/grad_ws/install/perception_interfaces/share/perception_interfaces/msg/ObjectArray.msg
[0.555s] -- Up-to-date symlink: /home/omen16/workspace/grad_ws/install/perception_interfaces/share/ament_index/resource_index/package_run_dependencies/perception_interfaces
[0.556s] -- Up-to-date symlink: /home/omen16/workspace/grad_ws/install/perception_interfaces/share/ament_index/resource_index/parent_prefix_path/perception_interfaces
[0.556s] -- Up-to-date symlink: /home/omen16/workspace/grad_ws/install/perception_interfaces/share/perception_interfaces/environment/ament_prefix_path.sh
[0.556s] -- Up-to-date symlink: /home/omen16/workspace/grad_ws/install/perception_interfaces/share/perception_interfaces/environment/ament_prefix_path.dsv
[0.556s] -- Up-to-date symlink: /home/omen16/workspace/grad_ws/install/perception_interfaces/share/perception_interfaces/environment/path.sh
[0.556s] -- Up-to-date symlink: /home/omen16/workspace/grad_ws/install/perception_interfaces/share/perception_interfaces/environment/path.dsv
[0.556s] -- Up-to-date symlink: /home/omen16/workspace/grad_ws/install/perception_interfaces/share/perception_interfaces/local_setup.bash
[0.557s] -- Up-to-date symlink: /home/omen16/workspace/grad_ws/install/perception_interfaces/share/perception_interfaces/local_setup.sh
[0.557s] -- Up-to-date symlink: /home/omen16/workspace/grad_ws/install/perception_interfaces/share/perception_interfaces/local_setup.zsh
[0.557s] -- Up-to-date symlink: /home/omen16/workspace/grad_ws/install/perception_interfaces/share/perception_interfaces/local_setup.dsv
[0.557s] -- Symlinking: /home/omen16/workspace/grad_ws/install/perception_interfaces/share/perception_interfaces/package.dsv
[0.560s] -- Up-to-date symlink: /home/omen16/workspace/grad_ws/install/perception_interfaces/share/ament_index/resource_index/packages/perception_interfaces
[0.560s] -- Up-to-date symlink: /home/omen16/workspace/grad_ws/install/perception_interfaces/share/perception_interfaces/cmake/rosidl_cmake-extras.cmake
[0.560s] -- Up-to-date symlink: /home/omen16/workspace/grad_ws/install/perception_interfaces/share/perception_interfaces/cmake/ament_cmake_export_dependencies-extras.cmake
[0.560s] -- Up-to-date symlink: /home/omen16/workspace/grad_ws/install/perception_interfaces/share/perception_interfaces/cmake/ament_cmake_export_include_directories-extras.cmake
[0.561s] -- Up-to-date symlink: /home/omen16/workspace/grad_ws/install/perception_interfaces/share/perception_interfaces/cmake/ament_cmake_export_libraries-extras.cmake
[0.561s] -- Up-to-date symlink: /home/omen16/workspace/grad_ws/install/perception_interfaces/share/perception_interfaces/cmake/ament_cmake_export_targets-extras.cmake
[0.561s] -- Up-to-date symlink: /home/omen16/workspace/grad_ws/install/perception_interfaces/share/perception_interfaces/cmake/rosidl_cmake_export_typesupport_targets-extras.cmake
[0.561s] -- Up-to-date symlink: /home/omen16/workspace/grad_ws/install/perception_interfaces/share/perception_interfaces/cmake/rosidl_cmake_export_typesupport_libraries-extras.cmake
[0.561s] -- Up-to-date symlink: /home/omen16/workspace/grad_ws/install/perception_interfaces/share/perception_interfaces/cmake/perception_interfacesConfig.cmake
[0.561s] -- Up-to-date symlink: /home/omen16/workspace/grad_ws/install/perception_interfaces/share/perception_interfaces/cmake/perception_interfacesConfig-version.cmake
[0.562s] -- Up-to-date symlink: /home/omen16/workspace/grad_ws/install/perception_interfaces/share/perception_interfaces/package.xml
[0.562s] -- Up-to-date: /home/omen16/workspace/grad_ws/install/perception_interfaces/lib/libperception_interfaces__rosidl_generator_c.so
[0.563s] -- Up-to-date: /home/omen16/workspace/grad_ws/install/perception_interfaces/lib/libperception_interfaces__rosidl_typesupport_fastrtps_c.so
[0.563s] -- Up-to-date: /home/omen16/workspace/grad_ws/install/perception_interfaces/lib/libperception_interfaces__rosidl_typesupport_introspection_c.so
[0.563s] -- Up-to-date: /home/omen16/workspace/grad_ws/install/perception_interfaces/lib/libperception_interfaces__rosidl_typesupport_c.so
[0.564s] -- Up-to-date: /home/omen16/workspace/grad_ws/install/perception_interfaces/lib/libperception_interfaces__rosidl_typesupport_fastrtps_cpp.so
[0.564s] -- Up-to-date: /home/omen16/workspace/grad_ws/install/perception_interfaces/lib/libperception_interfaces__rosidl_typesupport_introspection_cpp.so
[0.565s] -- Up-to-date: /home/omen16/workspace/grad_ws/install/perception_interfaces/lib/libperception_interfaces__rosidl_typesupport_cpp.so
[0.586s] Listing '/home/omen16/workspace/grad_ws/install/perception_interfaces/local/lib/python3.10/dist-packages/perception_interfaces'...
[0.586s] Listing '/home/omen16/workspace/grad_ws/install/perception_interfaces/local/lib/python3.10/dist-packages/perception_interfaces/msg'...
[0.589s] -- Up-to-date: /home/omen16/workspace/grad_ws/install/perception_interfaces/lib/libperception_interfaces__rosidl_generator_py.so
[0.589s] -- Up-to-date: /home/omen16/workspace/grad_ws/install/perception_interfaces/share/perception_interfaces/cmake/export_perception_interfaces__rosidl_generator_cExport.cmake
[0.589s] -- Up-to-date: /home/omen16/workspace/grad_ws/install/perception_interfaces/share/perception_interfaces/cmake/export_perception_interfaces__rosidl_generator_cExport-noconfig.cmake
[0.590s] -- Up-to-date: /home/omen16/workspace/grad_ws/install/perception_interfaces/share/perception_interfaces/cmake/export_perception_interfaces__rosidl_typesupport_fastrtps_cExport.cmake
[0.590s] -- Up-to-date: /home/omen16/workspace/grad_ws/install/perception_interfaces/share/perception_interfaces/cmake/export_perception_interfaces__rosidl_typesupport_fastrtps_cExport-noconfig.cmake
[0.590s] -- Up-to-date: /home/omen16/workspace/grad_ws/install/perception_interfaces/share/perception_interfaces/cmake/perception_interfaces__rosidl_typesupport_introspection_cExport.cmake
[0.590s] -- Up-to-date: /home/omen16/workspace/grad_ws/install/perception_interfaces/share/perception_interfaces/cmake/perception_interfaces__rosidl_typesupport_introspection_cExport-noconfig.cmake
[0.590s] -- Up-to-date: /home/omen16/workspace/grad_ws/install/perception_interfaces/share/perception_interfaces/cmake/perception_interfaces__rosidl_typesupport_cExport.cmake
[0.590s] -- Up-to-date: /home/omen16/workspace/grad_ws/install/perception_interfaces/share/perception_interfaces/cmake/perception_interfaces__rosidl_typesupport_cExport-noconfig.cmake
[0.591s] -- Up-to-date: /home/omen16/workspace/grad_ws/install/perception_interfaces/share/perception_interfaces/cmake/export_perception_interfaces__rosidl_generator_cppExport.cmake
[0.591s] -- Up-to-date: /home/omen16/workspace/grad_ws/install/perception_interfaces/share/perception_interfaces/cmake/export_perception_interfaces__rosidl_typesupport_fastrtps_cppExport.cmake
[0.591s] -- Up-to-date: /home/omen16/workspace/grad_ws/install/perception_interfaces/share/perception_interfaces/cmake/export_perception_interfaces__rosidl_typesupport_fastrtps_cppExport-noconfig.cmake
[0.591s] -- Up-to-date: /home/omen16/workspace/grad_ws/install/perception_interfaces/share/perception_interfaces/cmake/perception_interfaces__rosidl_typesupport_introspection_cppExport.cmake
[0.591s] -- Up-to-date: /home/omen16/workspace/grad_ws/install/perception_interfaces/share/perception_interfaces/cmake/perception_interfaces__rosidl_typesupport_introspection_cppExport-noconfig.cmake
[0.591s] -- Up-to-date: /home/omen16/workspace/grad_ws/install/perception_interfaces/share/perception_interfaces/cmake/perception_interfaces__rosidl_typesupport_cppExport.cmake
[0.591s] -- Up-to-date: /home/omen16/workspace/grad_ws/install/perception_interfaces/share/perception_interfaces/cmake/perception_interfaces__rosidl_typesupport_cppExport-noconfig.cmake
[0.591s] -- Up-to-date: /home/omen16/workspace/grad_ws/install/perception_interfaces/share/perception_interfaces/cmake/export_perception_interfaces__rosidl_generator_pyExport.cmake
[0.591s] -- Up-to-date: /home/omen16/workspace/grad_ws/install/perception_interfaces/share/perception_interfaces/cmake/export_perception_interfaces__rosidl_generator_pyExport-noconfig.cmake
[0.593s] Invoked command in '/home/omen16/workspace/grad_ws/build/perception_interfaces' returned '0': CMAKE_PREFIX_PATH=${CMAKE_PREFIX_PATH}:/home/omen16/workspace/grad_ws/install/lidar_processor:/opt/ros/humble /home/omen16/.local/bin/cmake --install /home/omen16/workspace/grad_ws/build/perception_interfaces
