[0.053s] DEBUG:colcon:Command line arguments: ['/usr/bin/colcon', 'build', '--symlink-install', '--packages-select', 'kiss_icp']
[0.053s] DEBUG:colcon:Parsed command line arguments: Namespace(log_base=None, log_level=None, verb_name='build', build_base='build', install_base='install', merge_install=False, symlink_install=True, test_result_base=None, continue_on_error=False, executor='parallel', parallel_workers=32, event_handlers=None, ignore_user_meta=False, metas=['./colcon.meta'], base_paths=['.'], packages_ignore=None, packages_ignore_regex=None, paths=None, packages_up_to=None, packages_up_to_regex=None, packages_above=None, packages_above_and_dependencies=None, packages_above_depth=None, packages_select_by_dep=None, packages_skip_by_dep=None, packages_skip_up_to=None, packages_select_build_failed=False, packages_skip_build_finished=False, packages_select_test_failures=False, packages_skip_test_passed=False, packages_select=['kiss_icp'], packages_skip=None, packages_select_regex=None, packages_skip_regex=None, packages_start=None, packages_end=None, allow_overriding=[], cmake_args=None, cmake_target=None, cmake_target_skip_unavailable=False, cmake_clean_cache=False, cmake_clean_first=False, cmake_force_configure=False, ament_cmake_args=None, catkin_cmake_args=None, catkin_skip_building_tests=False, mixin_files=None, mixin=None, verb_parser=<colcon_mixin.mixin.mixin_argument.MixinArgumentDecorator object at 0x7f0aa842b5e0>, verb_extension=<colcon_core.verb.build.BuildVerb object at 0x7f0aa842b0a0>, main=<bound method BuildVerb.main of <colcon_core.verb.build.BuildVerb object at 0x7f0aa842b0a0>>, mixin_verb=('build',))
[0.134s] Level 1:colcon.colcon_core.package_discovery:discover_packages(colcon_meta) check parameters
[0.134s] Level 1:colcon.colcon_core.package_discovery:discover_packages(recursive) check parameters
[0.134s] Level 1:colcon.colcon_core.package_discovery:discover_packages(ignore) check parameters
[0.134s] Level 1:colcon.colcon_core.package_discovery:discover_packages(path) check parameters
[0.134s] Level 1:colcon.colcon_core.package_discovery:discover_packages(colcon_meta) discover
[0.134s] Level 1:colcon.colcon_core.package_discovery:discover_packages(recursive) discover
[0.134s] INFO:colcon.colcon_core.package_discovery:Crawling recursively for packages in '/home/omen16/workspace/grad_ws'
[0.134s] Level 1:colcon.colcon_core.package_identification:_identify(.) by extensions ['ignore', 'ignore_ament_install']
[0.134s] Level 1:colcon.colcon_core.package_identification:_identify(.) by extension 'ignore'
[0.134s] Level 1:colcon.colcon_core.package_identification:_identify(.) by extension 'ignore_ament_install'
[0.134s] Level 1:colcon.colcon_core.package_identification:_identify(.) by extensions ['colcon_pkg']
[0.134s] Level 1:colcon.colcon_core.package_identification:_identify(.) by extension 'colcon_pkg'
[0.134s] Level 1:colcon.colcon_core.package_identification:_identify(.) by extensions ['colcon_meta']
[0.134s] Level 1:colcon.colcon_core.package_identification:_identify(.) by extension 'colcon_meta'
[0.134s] Level 1:colcon.colcon_core.package_identification:_identify(.) by extensions ['ros']
[0.134s] Level 1:colcon.colcon_core.package_identification:_identify(.) by extension 'ros'
[0.140s] Level 1:colcon.colcon_core.package_identification:_identify(.) by extensions ['cmake', 'python']
[0.140s] Level 1:colcon.colcon_core.package_identification:_identify(.) by extension 'cmake'
[0.140s] Level 1:colcon.colcon_core.package_identification:_identify(.) by extension 'python'
[0.140s] Level 1:colcon.colcon_core.package_identification:_identify(.) by extensions ['python_setup_py']
[0.140s] Level 1:colcon.colcon_core.package_identification:_identify(.) by extension 'python_setup_py'
[0.140s] Level 1:colcon.colcon_core.package_identification:_identify(build) by extensions ['ignore', 'ignore_ament_install']
[0.140s] Level 1:colcon.colcon_core.package_identification:_identify(build) by extension 'ignore'
[0.140s] Level 1:colcon.colcon_core.package_identification:_identify(build) ignored
[0.140s] Level 1:colcon.colcon_core.package_identification:_identify(install) by extensions ['ignore', 'ignore_ament_install']
[0.140s] Level 1:colcon.colcon_core.package_identification:_identify(install) by extension 'ignore'
[0.140s] Level 1:colcon.colcon_core.package_identification:_identify(install) ignored
[0.140s] Level 1:colcon.colcon_core.package_identification:_identify(log) by extensions ['ignore', 'ignore_ament_install']
[0.140s] Level 1:colcon.colcon_core.package_identification:_identify(log) by extension 'ignore'
[0.140s] Level 1:colcon.colcon_core.package_identification:_identify(log) ignored
[0.140s] Level 1:colcon.colcon_core.package_identification:_identify(src) by extensions ['ignore', 'ignore_ament_install']
[0.140s] Level 1:colcon.colcon_core.package_identification:_identify(src) by extension 'ignore'
[0.140s] Level 1:colcon.colcon_core.package_identification:_identify(src) by extension 'ignore_ament_install'
[0.141s] Level 1:colcon.colcon_core.package_identification:_identify(src) by extensions ['colcon_pkg']
[0.141s] Level 1:colcon.colcon_core.package_identification:_identify(src) by extension 'colcon_pkg'
[0.141s] Level 1:colcon.colcon_core.package_identification:_identify(src) by extensions ['colcon_meta']
[0.141s] Level 1:colcon.colcon_core.package_identification:_identify(src) by extension 'colcon_meta'
[0.141s] Level 1:colcon.colcon_core.package_identification:_identify(src) by extensions ['ros']
[0.141s] Level 1:colcon.colcon_core.package_identification:_identify(src) by extension 'ros'
[0.141s] Level 1:colcon.colcon_core.package_identification:_identify(src) by extensions ['cmake', 'python']
[0.141s] Level 1:colcon.colcon_core.package_identification:_identify(src) by extension 'cmake'
[0.141s] Level 1:colcon.colcon_core.package_identification:_identify(src) by extension 'python'
[0.141s] Level 1:colcon.colcon_core.package_identification:_identify(src) by extensions ['python_setup_py']
[0.141s] Level 1:colcon.colcon_core.package_identification:_identify(src) by extension 'python_setup_py'
[0.141s] Level 1:colcon.colcon_core.package_identification:_identify(src/kiss-icp) by extensions ['ignore', 'ignore_ament_install']
[0.141s] Level 1:colcon.colcon_core.package_identification:_identify(src/kiss-icp) by extension 'ignore'
[0.141s] Level 1:colcon.colcon_core.package_identification:_identify(src/kiss-icp) by extension 'ignore_ament_install'
[0.141s] Level 1:colcon.colcon_core.package_identification:_identify(src/kiss-icp) by extensions ['colcon_pkg']
[0.141s] Level 1:colcon.colcon_core.package_identification:_identify(src/kiss-icp) by extension 'colcon_pkg'
[0.141s] Level 1:colcon.colcon_core.package_identification:_identify(src/kiss-icp) by extensions ['colcon_meta']
[0.141s] Level 1:colcon.colcon_core.package_identification:_identify(src/kiss-icp) by extension 'colcon_meta'
[0.141s] Level 1:colcon.colcon_core.package_identification:_identify(src/kiss-icp) by extensions ['ros']
[0.141s] Level 1:colcon.colcon_core.package_identification:_identify(src/kiss-icp) by extension 'ros'
[0.141s] Level 1:colcon.colcon_core.package_identification:_identify(src/kiss-icp) by extensions ['cmake', 'python']
[0.141s] Level 1:colcon.colcon_core.package_identification:_identify(src/kiss-icp) by extension 'cmake'
[0.141s] Level 1:colcon.colcon_core.package_identification:_identify(src/kiss-icp) by extension 'python'
[0.141s] Level 1:colcon.colcon_core.package_identification:_identify(src/kiss-icp) by extensions ['python_setup_py']
[0.141s] Level 1:colcon.colcon_core.package_identification:_identify(src/kiss-icp) by extension 'python_setup_py'
[0.141s] Level 1:colcon.colcon_core.package_identification:_identify(src/kiss-icp/config) by extensions ['ignore', 'ignore_ament_install']
[0.141s] Level 1:colcon.colcon_core.package_identification:_identify(src/kiss-icp/config) by extension 'ignore'
[0.141s] Level 1:colcon.colcon_core.package_identification:_identify(src/kiss-icp/config) by extension 'ignore_ament_install'
[0.141s] Level 1:colcon.colcon_core.package_identification:_identify(src/kiss-icp/config) by extensions ['colcon_pkg']
[0.141s] Level 1:colcon.colcon_core.package_identification:_identify(src/kiss-icp/config) by extension 'colcon_pkg'
[0.141s] Level 1:colcon.colcon_core.package_identification:_identify(src/kiss-icp/config) by extensions ['colcon_meta']
[0.141s] Level 1:colcon.colcon_core.package_identification:_identify(src/kiss-icp/config) by extension 'colcon_meta'
[0.141s] Level 1:colcon.colcon_core.package_identification:_identify(src/kiss-icp/config) by extensions ['ros']
[0.141s] Level 1:colcon.colcon_core.package_identification:_identify(src/kiss-icp/config) by extension 'ros'
[0.141s] Level 1:colcon.colcon_core.package_identification:_identify(src/kiss-icp/config) by extensions ['cmake', 'python']
[0.141s] Level 1:colcon.colcon_core.package_identification:_identify(src/kiss-icp/config) by extension 'cmake'
[0.141s] Level 1:colcon.colcon_core.package_identification:_identify(src/kiss-icp/config) by extension 'python'
[0.141s] Level 1:colcon.colcon_core.package_identification:_identify(src/kiss-icp/config) by extensions ['python_setup_py']
[0.141s] Level 1:colcon.colcon_core.package_identification:_identify(src/kiss-icp/config) by extension 'python_setup_py'
[0.141s] Level 1:colcon.colcon_core.package_identification:_identify(src/kiss-icp/cpp) by extensions ['ignore', 'ignore_ament_install']
[0.141s] Level 1:colcon.colcon_core.package_identification:_identify(src/kiss-icp/cpp) by extension 'ignore'
[0.141s] Level 1:colcon.colcon_core.package_identification:_identify(src/kiss-icp/cpp) ignored
[0.141s] Level 1:colcon.colcon_core.package_identification:_identify(src/kiss-icp/eval) by extensions ['ignore', 'ignore_ament_install']
[0.141s] Level 1:colcon.colcon_core.package_identification:_identify(src/kiss-icp/eval) by extension 'ignore'
[0.141s] Level 1:colcon.colcon_core.package_identification:_identify(src/kiss-icp/eval) by extension 'ignore_ament_install'
[0.141s] Level 1:colcon.colcon_core.package_identification:_identify(src/kiss-icp/eval) by extensions ['colcon_pkg']
[0.141s] Level 1:colcon.colcon_core.package_identification:_identify(src/kiss-icp/eval) by extension 'colcon_pkg'
[0.141s] Level 1:colcon.colcon_core.package_identification:_identify(src/kiss-icp/eval) by extensions ['colcon_meta']
[0.141s] Level 1:colcon.colcon_core.package_identification:_identify(src/kiss-icp/eval) by extension 'colcon_meta'
[0.141s] Level 1:colcon.colcon_core.package_identification:_identify(src/kiss-icp/eval) by extensions ['ros']
[0.141s] Level 1:colcon.colcon_core.package_identification:_identify(src/kiss-icp/eval) by extension 'ros'
[0.141s] Level 1:colcon.colcon_core.package_identification:_identify(src/kiss-icp/eval) by extensions ['cmake', 'python']
[0.141s] Level 1:colcon.colcon_core.package_identification:_identify(src/kiss-icp/eval) by extension 'cmake'
[0.142s] Level 1:colcon.colcon_core.package_identification:_identify(src/kiss-icp/eval) by extension 'python'
[0.142s] Level 1:colcon.colcon_core.package_identification:_identify(src/kiss-icp/eval) by extensions ['python_setup_py']
[0.142s] Level 1:colcon.colcon_core.package_identification:_identify(src/kiss-icp/eval) by extension 'python_setup_py'
[0.142s] Level 1:colcon.colcon_core.package_identification:_identify(src/kiss-icp/python) by extensions ['ignore', 'ignore_ament_install']
[0.142s] Level 1:colcon.colcon_core.package_identification:_identify(src/kiss-icp/python) by extension 'ignore'
[0.142s] Level 1:colcon.colcon_core.package_identification:_identify(src/kiss-icp/python) ignored
[0.142s] Level 1:colcon.colcon_core.package_identification:_identify(src/kiss-icp/ros) by extensions ['ignore', 'ignore_ament_install']
[0.142s] Level 1:colcon.colcon_core.package_identification:_identify(src/kiss-icp/ros) by extension 'ignore'
[0.142s] Level 1:colcon.colcon_core.package_identification:_identify(src/kiss-icp/ros) by extension 'ignore_ament_install'
[0.142s] Level 1:colcon.colcon_core.package_identification:_identify(src/kiss-icp/ros) by extensions ['colcon_pkg']
[0.142s] Level 1:colcon.colcon_core.package_identification:_identify(src/kiss-icp/ros) by extension 'colcon_pkg'
[0.142s] Level 1:colcon.colcon_core.package_identification:_identify(src/kiss-icp/ros) by extensions ['colcon_meta']
[0.142s] Level 1:colcon.colcon_core.package_identification:_identify(src/kiss-icp/ros) by extension 'colcon_meta'
[0.142s] Level 1:colcon.colcon_core.package_identification:_identify(src/kiss-icp/ros) by extensions ['ros']
[0.142s] Level 1:colcon.colcon_core.package_identification:_identify(src/kiss-icp/ros) by extension 'ros'
[0.147s] DEBUG:colcon.colcon_core.package_identification:Package 'src/kiss-icp/ros' with type 'ros.ament_cmake' and name 'kiss_icp'
[0.147s] Level 1:colcon.colcon_core.package_identification:_identify(src/lidar_processor) by extensions ['ignore', 'ignore_ament_install']
[0.147s] Level 1:colcon.colcon_core.package_identification:_identify(src/lidar_processor) by extension 'ignore'
[0.147s] Level 1:colcon.colcon_core.package_identification:_identify(src/lidar_processor) by extension 'ignore_ament_install'
[0.147s] Level 1:colcon.colcon_core.package_identification:_identify(src/lidar_processor) by extensions ['colcon_pkg']
[0.147s] Level 1:colcon.colcon_core.package_identification:_identify(src/lidar_processor) by extension 'colcon_pkg'
[0.147s] Level 1:colcon.colcon_core.package_identification:_identify(src/lidar_processor) by extensions ['colcon_meta']
[0.147s] Level 1:colcon.colcon_core.package_identification:_identify(src/lidar_processor) by extension 'colcon_meta'
[0.147s] Level 1:colcon.colcon_core.package_identification:_identify(src/lidar_processor) by extensions ['ros']
[0.147s] Level 1:colcon.colcon_core.package_identification:_identify(src/lidar_processor) by extension 'ros'
[0.147s] DEBUG:colcon.colcon_core.package_identification:Package 'src/lidar_processor' with type 'ros.ament_python' and name 'lidar_processor'
[0.148s] Level 1:colcon.colcon_core.package_identification:_identify(src/velodyne) by extensions ['ignore', 'ignore_ament_install']
[0.148s] Level 1:colcon.colcon_core.package_identification:_identify(src/velodyne) by extension 'ignore'
[0.148s] Level 1:colcon.colcon_core.package_identification:_identify(src/velodyne) by extension 'ignore_ament_install'
[0.148s] Level 1:colcon.colcon_core.package_identification:_identify(src/velodyne) by extensions ['colcon_pkg']
[0.148s] Level 1:colcon.colcon_core.package_identification:_identify(src/velodyne) by extension 'colcon_pkg'
[0.148s] Level 1:colcon.colcon_core.package_identification:_identify(src/velodyne) by extensions ['colcon_meta']
[0.148s] Level 1:colcon.colcon_core.package_identification:_identify(src/velodyne) by extension 'colcon_meta'
[0.148s] Level 1:colcon.colcon_core.package_identification:_identify(src/velodyne) by extensions ['ros']
[0.148s] Level 1:colcon.colcon_core.package_identification:_identify(src/velodyne) by extension 'ros'
[0.148s] Level 1:colcon.colcon_core.package_identification:_identify(src/velodyne) by extensions ['cmake', 'python']
[0.148s] Level 1:colcon.colcon_core.package_identification:_identify(src/velodyne) by extension 'cmake'
[0.148s] Level 1:colcon.colcon_core.package_identification:_identify(src/velodyne) by extension 'python'
[0.148s] Level 1:colcon.colcon_core.package_identification:_identify(src/velodyne) by extensions ['python_setup_py']
[0.148s] Level 1:colcon.colcon_core.package_identification:_identify(src/velodyne) by extension 'python_setup_py'
[0.148s] Level 1:colcon.colcon_core.package_identification:_identify(src/velodyne/velodyne) by extensions ['ignore', 'ignore_ament_install']
[0.148s] Level 1:colcon.colcon_core.package_identification:_identify(src/velodyne/velodyne) by extension 'ignore'
[0.148s] Level 1:colcon.colcon_core.package_identification:_identify(src/velodyne/velodyne) by extension 'ignore_ament_install'
[0.148s] Level 1:colcon.colcon_core.package_identification:_identify(src/velodyne/velodyne) by extensions ['colcon_pkg']
[0.148s] Level 1:colcon.colcon_core.package_identification:_identify(src/velodyne/velodyne) by extension 'colcon_pkg'
[0.148s] Level 1:colcon.colcon_core.package_identification:_identify(src/velodyne/velodyne) by extensions ['colcon_meta']
[0.148s] Level 1:colcon.colcon_core.package_identification:_identify(src/velodyne/velodyne) by extension 'colcon_meta'
[0.148s] Level 1:colcon.colcon_core.package_identification:_identify(src/velodyne/velodyne) by extensions ['ros']
[0.148s] Level 1:colcon.colcon_core.package_identification:_identify(src/velodyne/velodyne) by extension 'ros'
[0.148s] DEBUG:colcon.colcon_core.package_identification:Package 'src/velodyne/velodyne' with type 'ros.ament_cmake' and name 'velodyne'
[0.148s] Level 1:colcon.colcon_core.package_identification:_identify(src/velodyne/velodyne_driver) by extensions ['ignore', 'ignore_ament_install']
[0.148s] Level 1:colcon.colcon_core.package_identification:_identify(src/velodyne/velodyne_driver) by extension 'ignore'
[0.148s] Level 1:colcon.colcon_core.package_identification:_identify(src/velodyne/velodyne_driver) by extension 'ignore_ament_install'
[0.148s] Level 1:colcon.colcon_core.package_identification:_identify(src/velodyne/velodyne_driver) by extensions ['colcon_pkg']
[0.148s] Level 1:colcon.colcon_core.package_identification:_identify(src/velodyne/velodyne_driver) by extension 'colcon_pkg'
[0.148s] Level 1:colcon.colcon_core.package_identification:_identify(src/velodyne/velodyne_driver) by extensions ['colcon_meta']
[0.148s] Level 1:colcon.colcon_core.package_identification:_identify(src/velodyne/velodyne_driver) by extension 'colcon_meta'
[0.148s] Level 1:colcon.colcon_core.package_identification:_identify(src/velodyne/velodyne_driver) by extensions ['ros']
[0.148s] Level 1:colcon.colcon_core.package_identification:_identify(src/velodyne/velodyne_driver) by extension 'ros'
[0.149s] DEBUG:colcon.colcon_core.package_identification:Package 'src/velodyne/velodyne_driver' with type 'ros.ament_cmake' and name 'velodyne_driver'
[0.149s] Level 1:colcon.colcon_core.package_identification:_identify(src/velodyne/velodyne_laserscan) by extensions ['ignore', 'ignore_ament_install']
[0.149s] Level 1:colcon.colcon_core.package_identification:_identify(src/velodyne/velodyne_laserscan) by extension 'ignore'
[0.149s] Level 1:colcon.colcon_core.package_identification:_identify(src/velodyne/velodyne_laserscan) by extension 'ignore_ament_install'
[0.149s] Level 1:colcon.colcon_core.package_identification:_identify(src/velodyne/velodyne_laserscan) by extensions ['colcon_pkg']
[0.149s] Level 1:colcon.colcon_core.package_identification:_identify(src/velodyne/velodyne_laserscan) by extension 'colcon_pkg'
[0.149s] Level 1:colcon.colcon_core.package_identification:_identify(src/velodyne/velodyne_laserscan) by extensions ['colcon_meta']
[0.149s] Level 1:colcon.colcon_core.package_identification:_identify(src/velodyne/velodyne_laserscan) by extension 'colcon_meta'
[0.149s] Level 1:colcon.colcon_core.package_identification:_identify(src/velodyne/velodyne_laserscan) by extensions ['ros']
[0.149s] Level 1:colcon.colcon_core.package_identification:_identify(src/velodyne/velodyne_laserscan) by extension 'ros'
[0.149s] DEBUG:colcon.colcon_core.package_identification:Package 'src/velodyne/velodyne_laserscan' with type 'ros.ament_cmake' and name 'velodyne_laserscan'
[0.149s] Level 1:colcon.colcon_core.package_identification:_identify(src/velodyne/velodyne_msgs) by extensions ['ignore', 'ignore_ament_install']
[0.150s] Level 1:colcon.colcon_core.package_identification:_identify(src/velodyne/velodyne_msgs) by extension 'ignore'
[0.150s] Level 1:colcon.colcon_core.package_identification:_identify(src/velodyne/velodyne_msgs) by extension 'ignore_ament_install'
[0.150s] Level 1:colcon.colcon_core.package_identification:_identify(src/velodyne/velodyne_msgs) by extensions ['colcon_pkg']
[0.150s] Level 1:colcon.colcon_core.package_identification:_identify(src/velodyne/velodyne_msgs) by extension 'colcon_pkg'
[0.150s] Level 1:colcon.colcon_core.package_identification:_identify(src/velodyne/velodyne_msgs) by extensions ['colcon_meta']
[0.150s] Level 1:colcon.colcon_core.package_identification:_identify(src/velodyne/velodyne_msgs) by extension 'colcon_meta'
[0.150s] Level 1:colcon.colcon_core.package_identification:_identify(src/velodyne/velodyne_msgs) by extensions ['ros']
[0.150s] Level 1:colcon.colcon_core.package_identification:_identify(src/velodyne/velodyne_msgs) by extension 'ros'
[0.150s] DEBUG:colcon.colcon_core.package_identification:Package 'src/velodyne/velodyne_msgs' with type 'ros.ament_cmake' and name 'velodyne_msgs'
[0.150s] Level 1:colcon.colcon_core.package_identification:_identify(src/velodyne/velodyne_pointcloud) by extensions ['ignore', 'ignore_ament_install']
[0.150s] Level 1:colcon.colcon_core.package_identification:_identify(src/velodyne/velodyne_pointcloud) by extension 'ignore'
[0.150s] Level 1:colcon.colcon_core.package_identification:_identify(src/velodyne/velodyne_pointcloud) by extension 'ignore_ament_install'
[0.150s] Level 1:colcon.colcon_core.package_identification:_identify(src/velodyne/velodyne_pointcloud) by extensions ['colcon_pkg']
[0.150s] Level 1:colcon.colcon_core.package_identification:_identify(src/velodyne/velodyne_pointcloud) by extension 'colcon_pkg'
[0.150s] Level 1:colcon.colcon_core.package_identification:_identify(src/velodyne/velodyne_pointcloud) by extensions ['colcon_meta']
[0.150s] Level 1:colcon.colcon_core.package_identification:_identify(src/velodyne/velodyne_pointcloud) by extension 'colcon_meta'
[0.150s] Level 1:colcon.colcon_core.package_identification:_identify(src/velodyne/velodyne_pointcloud) by extensions ['ros']
[0.150s] Level 1:colcon.colcon_core.package_identification:_identify(src/velodyne/velodyne_pointcloud) by extension 'ros'
[0.151s] DEBUG:colcon.colcon_core.package_identification:Package 'src/velodyne/velodyne_pointcloud' with type 'ros.ament_cmake' and name 'velodyne_pointcloud'
[0.151s] Level 1:colcon.colcon_core.package_discovery:discover_packages(recursive) using defaults
[0.151s] Level 1:colcon.colcon_core.package_discovery:discover_packages(ignore) discover
[0.151s] Level 1:colcon.colcon_core.package_discovery:discover_packages(ignore) using defaults
[0.151s] Level 1:colcon.colcon_core.package_discovery:discover_packages(path) discover
[0.151s] Level 1:colcon.colcon_core.package_discovery:discover_packages(path) using defaults
[0.161s] INFO:colcon.colcon_core.package_selection:Skipping not selected package 'lidar_processor' in 'src/lidar_processor'
[0.161s] INFO:colcon.colcon_core.package_selection:Skipping not selected package 'velodyne_laserscan' in 'src/velodyne/velodyne_laserscan'
[0.161s] INFO:colcon.colcon_core.package_selection:Skipping not selected package 'velodyne_msgs' in 'src/velodyne/velodyne_msgs'
[0.161s] INFO:colcon.colcon_core.package_selection:Skipping not selected package 'velodyne_driver' in 'src/velodyne/velodyne_driver'
[0.161s] INFO:colcon.colcon_core.package_selection:Skipping not selected package 'velodyne_pointcloud' in 'src/velodyne/velodyne_pointcloud'
[0.161s] INFO:colcon.colcon_core.package_selection:Skipping not selected package 'velodyne' in 'src/velodyne/velodyne'
[0.161s] Level 1:colcon.colcon_core.package_discovery:discover_packages(prefix_path) check parameters
[0.161s] Level 1:colcon.colcon_core.package_discovery:discover_packages(prefix_path) discover
[0.162s] DEBUG:colcon.colcon_installed_package_information.package_discovery:Found 6 installed packages in /home/omen16/workspace/grad_ws/install
[0.163s] DEBUG:colcon.colcon_installed_package_information.package_discovery:Found 272 installed packages in /opt/ros/humble
[0.163s] Level 1:colcon.colcon_core.package_discovery:discover_packages(prefix_path) using defaults
[0.181s] Level 5:colcon.colcon_core.verb:set package 'kiss_icp' build argument 'cmake_args' from command line to 'None'
[0.182s] Level 5:colcon.colcon_core.verb:set package 'kiss_icp' build argument 'cmake_target' from command line to 'None'
[0.182s] Level 5:colcon.colcon_core.verb:set package 'kiss_icp' build argument 'cmake_target_skip_unavailable' from command line to 'False'
[0.182s] Level 5:colcon.colcon_core.verb:set package 'kiss_icp' build argument 'cmake_clean_cache' from command line to 'False'
[0.182s] Level 5:colcon.colcon_core.verb:set package 'kiss_icp' build argument 'cmake_clean_first' from command line to 'False'
[0.182s] Level 5:colcon.colcon_core.verb:set package 'kiss_icp' build argument 'cmake_force_configure' from command line to 'False'
[0.182s] Level 5:colcon.colcon_core.verb:set package 'kiss_icp' build argument 'ament_cmake_args' from command line to 'None'
[0.182s] Level 5:colcon.colcon_core.verb:set package 'kiss_icp' build argument 'catkin_cmake_args' from command line to 'None'
[0.182s] Level 5:colcon.colcon_core.verb:set package 'kiss_icp' build argument 'catkin_skip_building_tests' from command line to 'False'
[0.182s] DEBUG:colcon.colcon_core.verb:Building package 'kiss_icp' with the following arguments: {'ament_cmake_args': None, 'build_base': '/home/omen16/workspace/grad_ws/build/kiss_icp', 'catkin_cmake_args': None, 'catkin_skip_building_tests': False, 'cmake_args': None, 'cmake_clean_cache': False, 'cmake_clean_first': False, 'cmake_force_configure': False, 'cmake_target': None, 'cmake_target_skip_unavailable': False, 'install_base': '/home/omen16/workspace/grad_ws/install/kiss_icp', 'merge_install': False, 'path': '/home/omen16/workspace/grad_ws/src/kiss-icp/ros', 'symlink_install': True, 'test_result_base': None}
[0.182s] INFO:colcon.colcon_core.executor:Executing jobs using 'parallel' executor
[0.182s] DEBUG:colcon.colcon_parallel_executor.executor.parallel:run_until_complete
[0.182s] INFO:colcon.colcon_ros.task.ament_cmake.build:Building ROS package in '/home/omen16/workspace/grad_ws/src/kiss-icp/ros' with build type 'ament_cmake'
[0.183s] INFO:colcon.colcon_cmake.task.cmake.build:Building CMake package in '/home/omen16/workspace/grad_ws/src/kiss-icp/ros'
[0.184s] INFO:colcon.colcon_core.plugin_system:Skipping extension 'colcon_core.shell.bat': Not used on non-Windows systems
[0.184s] INFO:colcon.colcon_core.shell:Skip shell extension 'powershell' for command environment: Not usable outside of PowerShell
[0.184s] DEBUG:colcon.colcon_core.shell:Skip shell extension 'dsv' for command environment
[0.190s] DEBUG:colcon.colcon_core.event_handler.log_command:Invoking command in '/home/omen16/workspace/grad_ws/build/kiss_icp': CMAKE_PREFIX_PATH=${CMAKE_PREFIX_PATH}:/home/omen16/workspace/grad_ws/install/lidar_processor:/opt/ros/humble /home/omen16/.local/bin/cmake /home/omen16/workspace/grad_ws/src/kiss-icp/ros -DAMENT_CMAKE_SYMLINK_INSTALL=1 -DCMAKE_INSTALL_PREFIX=/home/omen16/workspace/grad_ws/install/kiss_icp
[2.906s] DEBUG:colcon.colcon_core.event_handler.log_command:Invoked command in '/home/omen16/workspace/grad_ws/build/kiss_icp' returned '0': CMAKE_PREFIX_PATH=${CMAKE_PREFIX_PATH}:/home/omen16/workspace/grad_ws/install/lidar_processor:/opt/ros/humble /home/omen16/.local/bin/cmake /home/omen16/workspace/grad_ws/src/kiss-icp/ros -DAMENT_CMAKE_SYMLINK_INSTALL=1 -DCMAKE_INSTALL_PREFIX=/home/omen16/workspace/grad_ws/install/kiss_icp
[2.906s] DEBUG:colcon.colcon_core.event_handler.log_command:Invoking command in '/home/omen16/workspace/grad_ws/build/kiss_icp': CMAKE_PREFIX_PATH=${CMAKE_PREFIX_PATH}:/home/omen16/workspace/grad_ws/install/lidar_processor:/opt/ros/humble /home/omen16/.local/bin/cmake --build /home/omen16/workspace/grad_ws/build/kiss_icp -- -j32 -l32
[17.354s] DEBUG:colcon.colcon_core.event_handler.log_command:Invoked command in '/home/omen16/workspace/grad_ws/build/kiss_icp' returned '0': CMAKE_PREFIX_PATH=${CMAKE_PREFIX_PATH}:/home/omen16/workspace/grad_ws/install/lidar_processor:/opt/ros/humble /home/omen16/.local/bin/cmake --build /home/omen16/workspace/grad_ws/build/kiss_icp -- -j32 -l32
[17.403s] DEBUG:colcon.colcon_core.event_handler.log_command:Invoking command in '/home/omen16/workspace/grad_ws/build/kiss_icp': CMAKE_PREFIX_PATH=${CMAKE_PREFIX_PATH}:/home/omen16/workspace/grad_ws/install/lidar_processor:/opt/ros/humble /home/omen16/.local/bin/cmake --install /home/omen16/workspace/grad_ws/build/kiss_icp
[17.553s] Level 1:colcon.colcon_core.environment:create_environment_scripts_only(kiss_icp)
[17.554s] DEBUG:colcon.colcon_core.event_handler.log_command:Invoked command in '/home/omen16/workspace/grad_ws/build/kiss_icp' returned '0': CMAKE_PREFIX_PATH=${CMAKE_PREFIX_PATH}:/home/omen16/workspace/grad_ws/install/lidar_processor:/opt/ros/humble /home/omen16/.local/bin/cmake --install /home/omen16/workspace/grad_ws/build/kiss_icp
[17.555s] Level 1:colcon.colcon_core.environment:checking '/home/omen16/workspace/grad_ws/install/kiss_icp' for CMake module files
[17.555s] Level 1:colcon.colcon_core.environment:checking '/home/omen16/workspace/grad_ws/install/kiss_icp' for CMake config files
[17.555s] Level 1:colcon.colcon_core.shell:create_environment_hook('kiss_icp', 'cmake_prefix_path')
[17.555s] INFO:colcon.colcon_core.shell:Creating environment hook '/home/omen16/workspace/grad_ws/install/kiss_icp/share/kiss_icp/hook/cmake_prefix_path.ps1'
[17.556s] INFO:colcon.colcon_core.shell:Creating environment descriptor '/home/omen16/workspace/grad_ws/install/kiss_icp/share/kiss_icp/hook/cmake_prefix_path.dsv'
[17.556s] INFO:colcon.colcon_core.shell:Creating environment hook '/home/omen16/workspace/grad_ws/install/kiss_icp/share/kiss_icp/hook/cmake_prefix_path.sh'
[17.556s] Level 1:colcon.colcon_core.environment:checking '/home/omen16/workspace/grad_ws/install/kiss_icp/lib'
[17.556s] Level 1:colcon.colcon_core.shell:create_environment_hook('kiss_icp', 'ld_library_path_lib')
[17.557s] INFO:colcon.colcon_core.shell:Creating environment hook '/home/omen16/workspace/grad_ws/install/kiss_icp/share/kiss_icp/hook/ld_library_path_lib.ps1'
[17.557s] INFO:colcon.colcon_core.shell:Creating environment descriptor '/home/omen16/workspace/grad_ws/install/kiss_icp/share/kiss_icp/hook/ld_library_path_lib.dsv'
[17.557s] INFO:colcon.colcon_core.shell:Creating environment hook '/home/omen16/workspace/grad_ws/install/kiss_icp/share/kiss_icp/hook/ld_library_path_lib.sh'
[17.557s] Level 1:colcon.colcon_core.environment:checking '/home/omen16/workspace/grad_ws/install/kiss_icp/bin'
[17.557s] Level 1:colcon.colcon_core.environment:checking '/home/omen16/workspace/grad_ws/install/kiss_icp/lib/pkgconfig/kiss_icp.pc'
[17.557s] Level 1:colcon.colcon_core.environment:checking '/home/omen16/workspace/grad_ws/install/kiss_icp/lib/python3.10/site-packages'
[17.557s] Level 1:colcon.colcon_core.environment:checking '/home/omen16/workspace/grad_ws/install/kiss_icp/bin'
[17.557s] INFO:colcon.colcon_core.shell:Creating package script '/home/omen16/workspace/grad_ws/install/kiss_icp/share/kiss_icp/package.ps1'
[17.558s] INFO:colcon.colcon_core.shell:Creating package descriptor '/home/omen16/workspace/grad_ws/install/kiss_icp/share/kiss_icp/package.dsv'
[17.558s] INFO:colcon.colcon_core.shell:Creating package script '/home/omen16/workspace/grad_ws/install/kiss_icp/share/kiss_icp/package.sh'
[17.558s] INFO:colcon.colcon_core.shell:Creating package script '/home/omen16/workspace/grad_ws/install/kiss_icp/share/kiss_icp/package.bash'
[17.559s] INFO:colcon.colcon_core.shell:Creating package script '/home/omen16/workspace/grad_ws/install/kiss_icp/share/kiss_icp/package.zsh'
[17.559s] Level 1:colcon.colcon_core.environment:create_file_with_runtime_dependencies(/home/omen16/workspace/grad_ws/install/kiss_icp/share/colcon-core/packages/kiss_icp)
[17.560s] Level 1:colcon.colcon_core.environment:create_environment_scripts_only(kiss_icp)
[17.560s] Level 1:colcon.colcon_core.environment:checking '/home/omen16/workspace/grad_ws/install/kiss_icp' for CMake module files
[17.560s] Level 1:colcon.colcon_core.environment:checking '/home/omen16/workspace/grad_ws/install/kiss_icp' for CMake config files
[17.560s] Level 1:colcon.colcon_core.shell:create_environment_hook('kiss_icp', 'cmake_prefix_path')
[17.560s] INFO:colcon.colcon_core.shell:Creating environment hook '/home/omen16/workspace/grad_ws/install/kiss_icp/share/kiss_icp/hook/cmake_prefix_path.ps1'
[17.560s] INFO:colcon.colcon_core.shell:Creating environment descriptor '/home/omen16/workspace/grad_ws/install/kiss_icp/share/kiss_icp/hook/cmake_prefix_path.dsv'
[17.561s] INFO:colcon.colcon_core.shell:Creating environment hook '/home/omen16/workspace/grad_ws/install/kiss_icp/share/kiss_icp/hook/cmake_prefix_path.sh'
[17.561s] Level 1:colcon.colcon_core.environment:checking '/home/omen16/workspace/grad_ws/install/kiss_icp/lib'
[17.561s] Level 1:colcon.colcon_core.shell:create_environment_hook('kiss_icp', 'ld_library_path_lib')
[17.561s] INFO:colcon.colcon_core.shell:Creating environment hook '/home/omen16/workspace/grad_ws/install/kiss_icp/share/kiss_icp/hook/ld_library_path_lib.ps1'
[17.561s] INFO:colcon.colcon_core.shell:Creating environment descriptor '/home/omen16/workspace/grad_ws/install/kiss_icp/share/kiss_icp/hook/ld_library_path_lib.dsv'
[17.561s] INFO:colcon.colcon_core.shell:Creating environment hook '/home/omen16/workspace/grad_ws/install/kiss_icp/share/kiss_icp/hook/ld_library_path_lib.sh'
[17.562s] Level 1:colcon.colcon_core.environment:checking '/home/omen16/workspace/grad_ws/install/kiss_icp/bin'
[17.562s] Level 1:colcon.colcon_core.environment:checking '/home/omen16/workspace/grad_ws/install/kiss_icp/lib/pkgconfig/kiss_icp.pc'
[17.562s] Level 1:colcon.colcon_core.environment:checking '/home/omen16/workspace/grad_ws/install/kiss_icp/lib/python3.10/site-packages'
[17.562s] Level 1:colcon.colcon_core.environment:checking '/home/omen16/workspace/grad_ws/install/kiss_icp/bin'
[17.562s] INFO:colcon.colcon_core.shell:Creating package script '/home/omen16/workspace/grad_ws/install/kiss_icp/share/kiss_icp/package.ps1'
[17.562s] INFO:colcon.colcon_core.shell:Creating package descriptor '/home/omen16/workspace/grad_ws/install/kiss_icp/share/kiss_icp/package.dsv'
[17.562s] INFO:colcon.colcon_core.shell:Creating package script '/home/omen16/workspace/grad_ws/install/kiss_icp/share/kiss_icp/package.sh'
[17.563s] INFO:colcon.colcon_core.shell:Creating package script '/home/omen16/workspace/grad_ws/install/kiss_icp/share/kiss_icp/package.bash'
[17.563s] INFO:colcon.colcon_core.shell:Creating package script '/home/omen16/workspace/grad_ws/install/kiss_icp/share/kiss_icp/package.zsh'
[17.563s] Level 1:colcon.colcon_core.environment:create_file_with_runtime_dependencies(/home/omen16/workspace/grad_ws/install/kiss_icp/share/colcon-core/packages/kiss_icp)
[17.563s] DEBUG:colcon.colcon_parallel_executor.executor.parallel:closing loop
[17.563s] DEBUG:colcon.colcon_parallel_executor.executor.parallel:loop closed
[17.563s] DEBUG:colcon.colcon_parallel_executor.executor.parallel:run_until_complete finished with '0'
[17.563s] DEBUG:colcon.colcon_core.event_reactor:joining thread
[17.567s] INFO:colcon.colcon_core.plugin_system:Skipping extension 'colcon_notification.desktop_notification.terminal_notifier': Not used on non-Darwin systems
[17.567s] INFO:colcon.colcon_core.plugin_system:Skipping extension 'colcon_notification.desktop_notification.win32': Not used on non-Windows systems
[17.567s] INFO:colcon.colcon_notification.desktop_notification:Sending desktop notification using 'notify2'
[17.575s] DEBUG:colcon.colcon_core.event_reactor:joined thread
[17.576s] INFO:colcon.colcon_core.shell:Creating prefix script '/home/omen16/workspace/grad_ws/install/local_setup.ps1'
[17.577s] INFO:colcon.colcon_core.shell:Creating prefix util module '/home/omen16/workspace/grad_ws/install/_local_setup_util_ps1.py'
[17.578s] INFO:colcon.colcon_core.shell:Creating prefix chain script '/home/omen16/workspace/grad_ws/install/setup.ps1'
[17.581s] INFO:colcon.colcon_core.shell:Creating prefix script '/home/omen16/workspace/grad_ws/install/local_setup.sh'
[17.581s] INFO:colcon.colcon_core.shell:Creating prefix util module '/home/omen16/workspace/grad_ws/install/_local_setup_util_sh.py'
[17.582s] INFO:colcon.colcon_core.shell:Creating prefix chain script '/home/omen16/workspace/grad_ws/install/setup.sh'
[17.584s] INFO:colcon.colcon_core.shell:Creating prefix script '/home/omen16/workspace/grad_ws/install/local_setup.bash'
[17.584s] INFO:colcon.colcon_core.shell:Creating prefix chain script '/home/omen16/workspace/grad_ws/install/setup.bash'
[17.585s] INFO:colcon.colcon_core.shell:Creating prefix script '/home/omen16/workspace/grad_ws/install/local_setup.zsh'
[17.585s] INFO:colcon.colcon_core.shell:Creating prefix chain script '/home/omen16/workspace/grad_ws/install/setup.zsh'
