[0.006s] Invoking command in '/home/omen16/workspace/grad_ws/build/kiss_icp': CMAKE_PREFIX_PATH=${CMAKE_PREFIX_PATH}:/home/omen16/workspace/grad_ws/install/lidar_processor:/opt/ros/humble /home/omen16/.local/bin/cmake /home/omen16/workspace/grad_ws/src/kiss-icp/ros -DAMENT_CMAKE_SYMLINK_INSTALL=1 -DCMAKE_INSTALL_PREFIX=/home/omen16/workspace/grad_ws/install/kiss_icp
[0.124s] -- The CXX compiler identification is GNU 11.4.0
[0.131s] -- Detecting CXX compiler ABI info
[0.200s] -- Detecting CXX compiler ABI info - done
[0.209s] -- Check for working CXX compiler: /usr/bin/c++ - skipped
[0.209s] -- Detecting CXX compile features
[0.210s] -- Detecting CXX compile features - done
[0.219s] [0mCMake Deprecation Warning at /home/omen16/workspace/grad_ws/src/kiss-icp/cpp/kiss_icp/3rdparty/find_dependencies.cmake:25 (cmake_policy):
[0.220s]   The OLD behavior for policy CMP0135 will be removed from a future version
[0.220s]   of CMake.
[0.220s] 
[0.220s]   The cmake-policies(7) manual explains that the OLD behaviors of all
[0.220s]   policies are deprecated and that a policy should be set to OLD only under
[0.220s]   specific short-term circumstances.  Projects should be ported to the NEW
[0.220s]   behavior and not rely on setting a policy to OLD.
[0.220s] Call Stack (most recent call first):
[0.220s]   /home/omen16/workspace/grad_ws/src/kiss-icp/cpp/kiss_icp/CMakeLists.txt:48 (include)
[0.220s] 
[0.220s] [0m
[1.100s] -- The C compiler identification is GNU 11.4.0
[1.105s] -- Detecting C compiler ABI info
[1.193s] -- Detecting C compiler ABI info - done
[1.202s] -- Check for working C compiler: /usr/bin/cc - skipped
[1.203s] -- Detecting C compile features
[1.203s] -- Detecting C compile features - done
[1.973s] [0mCMake Deprecation Warning at /home/omen16/workspace/grad_ws/build/kiss_icp/_deps/tessil-src/CMakeLists.txt:1 (cmake_minimum_required):
[1.973s]   Compatibility with CMake < 3.10 will be removed from a future version of
[1.974s]   CMake.
[1.974s] 
[1.974s]   Update the VERSION argument <min> value.  Or, use the <min>...<max> syntax
[1.974s]   to tell CMake that the project requires at least <min> but has been updated
[1.974s]   to work with policies introduced by <max> or earlier.
[1.974s] 
[1.974s] [0m
[1.978s] -- Found ament_cmake: 1.3.12 (/opt/ros/humble/share/ament_cmake/cmake)
[2.058s] -- Found Python3: /usr/bin/python3 (found version "3.10.12") found components: Interpreter
[2.092s] -- Override CMake install command with custom implementation using symlinks instead of copying resources
[2.123s] -- Found geometry_msgs: 4.9.0 (/opt/ros/humble/share/geometry_msgs/cmake)
[2.157s] -- Found rosidl_generator_c: 3.1.7 (/opt/ros/humble/share/rosidl_generator_c/cmake)
[2.163s] -- Found rosidl_adapter: 3.1.7 (/opt/ros/humble/share/rosidl_adapter/cmake)
[2.171s] -- Found rosidl_generator_cpp: 3.1.7 (/opt/ros/humble/share/rosidl_generator_cpp/cmake)
[2.182s] -- Using all available rosidl_typesupport_c: rosidl_typesupport_fastrtps_c;rosidl_typesupport_introspection_c
[2.197s] -- Using all available rosidl_typesupport_cpp: rosidl_typesupport_fastrtps_cpp;rosidl_typesupport_introspection_cpp
[2.229s] -- Found nav_msgs: 4.9.0 (/opt/ros/humble/share/nav_msgs/cmake)
[2.242s] -- Found rclcpp: 16.0.15 (/opt/ros/humble/share/rclcpp/cmake)
[2.277s] -- Found rmw_implementation_cmake: 6.1.2 (/opt/ros/humble/share/rmw_implementation_cmake/cmake)
[2.280s] -- Found rmw_fastrtps_cpp: 6.2.9 (/opt/ros/humble/share/rmw_fastrtps_cpp/cmake)
[2.356s] -- Found OpenSSL: /usr/lib/x86_64-linux-gnu/libcrypto.so (found version "3.0.2")
[2.381s] -- Found FastRTPS: /opt/ros/humble/include
[2.413s] -- Using RMW implementation 'rmw_fastrtps_cpp' as default
[2.422s] -- Performing Test CMAKE_HAVE_LIBC_PTHREAD
[2.479s] -- Performing Test CMAKE_HAVE_LIBC_PTHREAD - Success
[2.480s] -- Found Threads: TRUE
[2.513s] -- Found rclcpp_components: 16.0.15 (/opt/ros/humble/share/rclcpp_components/cmake)
[2.537s] -- Found sensor_msgs: 4.9.0 (/opt/ros/humble/share/sensor_msgs/cmake)
[2.552s] -- Found tf2_ros: 0.25.16 (/opt/ros/humble/share/tf2_ros/cmake)
[2.614s] -- Found std_srvs: 4.9.0 (/opt/ros/humble/share/std_srvs/cmake)
[2.667s] -- Configuring done (2.6s)
[2.689s] -- Generating done (0.0s)
[2.713s] -- Build files have been written to: /home/omen16/workspace/grad_ws/build/kiss_icp
[2.722s] Invoked command in '/home/omen16/workspace/grad_ws/build/kiss_icp' returned '0': CMAKE_PREFIX_PATH=${CMAKE_PREFIX_PATH}:/home/omen16/workspace/grad_ws/install/lidar_processor:/opt/ros/humble /home/omen16/.local/bin/cmake /home/omen16/workspace/grad_ws/src/kiss-icp/ros -DAMENT_CMAKE_SYMLINK_INSTALL=1 -DCMAKE_INSTALL_PREFIX=/home/omen16/workspace/grad_ws/install/kiss_icp
[2.723s] Invoking command in '/home/omen16/workspace/grad_ws/build/kiss_icp': CMAKE_PREFIX_PATH=${CMAKE_PREFIX_PATH}:/home/omen16/workspace/grad_ws/install/lidar_processor:/opt/ros/humble /home/omen16/.local/bin/cmake --build /home/omen16/workspace/grad_ws/build/kiss_icp -- -j32 -l32
[2.789s] [  7%] [32mBuilding CXX object kiss_icp/core/CMakeFiles/kiss_icp_core.dir/Registration.cpp.o[0m
[2.789s] [ 14%] [32mBuilding CXX object kiss_icp/metrics/CMakeFiles/kiss_icp_metrics.dir/Metrics.cpp.o[0m
[2.790s] [ 21%] [32mBuilding CXX object CMakeFiles/kiss_icp_node.dir/rclcpp_components/node_main_kiss_icp_node.cpp.o[0m
[2.790s] [ 28%] [32mBuilding CXX object kiss_icp/core/CMakeFiles/kiss_icp_core.dir/VoxelHashMap.cpp.o[0m
[2.790s] [ 50%] [32mBuilding CXX object kiss_icp/core/CMakeFiles/kiss_icp_core.dir/VoxelUtils.cpp.o[0m
[2.790s] [ 50%] [32mBuilding CXX object kiss_icp/core/CMakeFiles/kiss_icp_core.dir/Preprocessing.cpp.o[0m
[2.791s] [ 50%] [32mBuilding CXX object kiss_icp/core/CMakeFiles/kiss_icp_core.dir/Threshold.cpp.o[0m
[4.776s] [ 57%] [1m[32mLinking CXX executable kiss_icp_node[0m
[4.833s] [ 57%] Built target kiss_icp_node
[6.375s] [ 64%] [1m[32mLinking CXX static library libkiss_icp_core.a[0m
[6.394s] [ 64%] Built target kiss_icp_core
[6.402s] [ 71%] [32mBuilding CXX object kiss_icp/pipeline/CMakeFiles/kiss_icp_pipeline.dir/KissICP.cpp.o[0m
[7.298s] [ 78%] [1m[32mLinking CXX static library libkiss_icp_pipeline.a[0m
[7.351s] [ 78%] Built target kiss_icp_pipeline
[7.359s] [ 85%] [32mBuilding CXX object CMakeFiles/odometry_component.dir/src/OdometryServer.cpp.o[0m
[9.778s] [ 92%] [1m[32mLinking CXX static library libkiss_icp_metrics.a[0m
[9.823s] [ 92%] Built target kiss_icp_metrics
[17.047s] [100%] [1m[32mLinking CXX shared library libodometry_component.so[0m
[17.165s] [100%] Built target odometry_component
[17.171s] Invoked command in '/home/omen16/workspace/grad_ws/build/kiss_icp' returned '0': CMAKE_PREFIX_PATH=${CMAKE_PREFIX_PATH}:/home/omen16/workspace/grad_ws/install/lidar_processor:/opt/ros/humble /home/omen16/.local/bin/cmake --build /home/omen16/workspace/grad_ws/build/kiss_icp -- -j32 -l32
[17.220s] Invoking command in '/home/omen16/workspace/grad_ws/build/kiss_icp': CMAKE_PREFIX_PATH=${CMAKE_PREFIX_PATH}:/home/omen16/workspace/grad_ws/install/lidar_processor:/opt/ros/humble /home/omen16/.local/bin/cmake --install /home/omen16/workspace/grad_ws/build/kiss_icp
[17.262s] -- Install configuration: "Release"
[17.263s] -- Execute custom install script
[17.263s] -- Symlinking: /home/omen16/workspace/grad_ws/install/kiss_icp/lib/kiss_icp/kiss_icp_node
[17.266s] -- Symlinking: /home/omen16/workspace/grad_ws/install/kiss_icp/lib/libodometry_component.so
[17.311s] -- Symlinking: /home/omen16/workspace/grad_ws/install/kiss_icp/share/kiss_icp//launch/odometry.launch.py
[17.315s] -- Symlinking: /home/omen16/workspace/grad_ws/install/kiss_icp/share/kiss_icp//rviz/kiss_icp.rviz
[17.319s] -- Symlinking: /home/omen16/workspace/grad_ws/install/kiss_icp/share/kiss_icp//config/config.yaml
[17.323s] -- Symlinking: /home/omen16/workspace/grad_ws/install/kiss_icp/share/ament_index/resource_index/package_run_dependencies/kiss_icp
[17.325s] -- Symlinking: /home/omen16/workspace/grad_ws/install/kiss_icp/share/ament_index/resource_index/parent_prefix_path/kiss_icp
[17.331s] -- Symlinking: /home/omen16/workspace/grad_ws/install/kiss_icp/share/kiss_icp/environment/ament_prefix_path.sh
[17.335s] -- Symlinking: /home/omen16/workspace/grad_ws/install/kiss_icp/share/kiss_icp/environment/ament_prefix_path.dsv
[17.339s] -- Symlinking: /home/omen16/workspace/grad_ws/install/kiss_icp/share/kiss_icp/environment/path.sh
[17.342s] -- Symlinking: /home/omen16/workspace/grad_ws/install/kiss_icp/share/kiss_icp/environment/path.dsv
[17.345s] -- Symlinking: /home/omen16/workspace/grad_ws/install/kiss_icp/share/kiss_icp/local_setup.bash
[17.348s] -- Symlinking: /home/omen16/workspace/grad_ws/install/kiss_icp/share/kiss_icp/local_setup.sh
[17.350s] -- Symlinking: /home/omen16/workspace/grad_ws/install/kiss_icp/share/kiss_icp/local_setup.zsh
[17.353s] -- Symlinking: /home/omen16/workspace/grad_ws/install/kiss_icp/share/kiss_icp/local_setup.dsv
[17.355s] -- Symlinking: /home/omen16/workspace/grad_ws/install/kiss_icp/share/kiss_icp/package.dsv
[17.357s] -- Symlinking: /home/omen16/workspace/grad_ws/install/kiss_icp/share/ament_index/resource_index/packages/kiss_icp
[17.360s] -- Symlinking: /home/omen16/workspace/grad_ws/install/kiss_icp/share/ament_index/resource_index/rclcpp_components/kiss_icp
[17.362s] -- Symlinking: /home/omen16/workspace/grad_ws/install/kiss_icp/share/kiss_icp/cmake/kiss_icpConfig.cmake
[17.365s] -- Symlinking: /home/omen16/workspace/grad_ws/install/kiss_icp/share/kiss_icp/cmake/kiss_icpConfig-version.cmake
[17.367s] -- Symlinking: /home/omen16/workspace/grad_ws/install/kiss_icp/share/kiss_icp/package.xml
[17.370s] Invoked command in '/home/omen16/workspace/grad_ws/build/kiss_icp' returned '0': CMAKE_PREFIX_PATH=${CMAKE_PREFIX_PATH}:/home/omen16/workspace/grad_ws/install/lidar_processor:/opt/ros/humble /home/omen16/.local/bin/cmake --install /home/omen16/workspace/grad_ws/build/kiss_icp
