[0.009s] Invoking command in '/home/omen16/workspace/grad_ws/build/velodyne_pointcloud': CMAKE_PREFIX_PATH=/home/omen16/workspace/grad_ws/install/velodyne_msgs:/home/omen16/workspace/grad_ws/install/velodyne:/home/omen16/workspace/grad_ws/install/velodyne_pointcloud:/home/omen16/workspace/grad_ws/install/velodyne_driver:/home/omen16/workspace/grad_ws/install/velodyne_laserscan:/home/omen16/workspace/grad_ws/install/lidar_processor:/opt/ros/humble LD_LIBRARY_PATH=/home/omen16/workspace/grad_ws/install/velodyne_msgs/lib:/usr/local/cuda-12.8/lib64:/home/omen16/workspace/grad_ws/install/velodyne_pointcloud/lib:/home/omen16/workspace/grad_ws/install/velodyne_driver/lib:/home/omen16/workspace/grad_ws/install/velodyne_laserscan/lib:/opt/ros/humble/opt/rviz_ogre_vendor/lib:/opt/ros/humble/lib/x86_64-linux-gnu:/opt/ros/humble/lib /usr/bin/cmake --build /home/omen16/workspace/grad_ws/build/velodyne_pointcloud -- -j32 -l32
[0.059s] [35m[1mConsolidate compiler generated dependencies of target velodyne_rawdata[0m
[0.063s] [ 11%] Built target gtest_main
[0.065s] [ 22%] Built target gtest
[0.070s] [ 38%] Built target velodyne_cloud_types
[0.091s] [ 44%] [32mBuilding CXX object CMakeFiles/velodyne_rawdata.dir/src/lib/rawdata.cpp.o[0m
[0.093s] [ 55%] Built target test_row_step
[3.664s] [ 61%] [32m[1mLinking CXX shared library libvelodyne_rawdata.so[0m
[3.850s] [ 66%] Built target velodyne_rawdata
[4.032s] [ 72%] [32m[1mLinking CXX executable test_calibration[0m
[4.039s] [ 77%] [32m[1mLinking CXX shared library libtransform.so[0m
[4.176s] [ 83%] Built target test_calibration
[4.532s] [ 88%] Built target transform
[4.557s] [ 94%] [32m[1mLinking CXX executable velodyne_transform_node[0m
[4.742s] [100%] Built target velodyne_transform_node
[4.753s] Invoked command in '/home/omen16/workspace/grad_ws/build/velodyne_pointcloud' returned '0': CMAKE_PREFIX_PATH=/home/omen16/workspace/grad_ws/install/velodyne_msgs:/home/omen16/workspace/grad_ws/install/velodyne:/home/omen16/workspace/grad_ws/install/velodyne_pointcloud:/home/omen16/workspace/grad_ws/install/velodyne_driver:/home/omen16/workspace/grad_ws/install/velodyne_laserscan:/home/omen16/workspace/grad_ws/install/lidar_processor:/opt/ros/humble LD_LIBRARY_PATH=/home/omen16/workspace/grad_ws/install/velodyne_msgs/lib:/usr/local/cuda-12.8/lib64:/home/omen16/workspace/grad_ws/install/velodyne_pointcloud/lib:/home/omen16/workspace/grad_ws/install/velodyne_driver/lib:/home/omen16/workspace/grad_ws/install/velodyne_laserscan/lib:/opt/ros/humble/opt/rviz_ogre_vendor/lib:/opt/ros/humble/lib/x86_64-linux-gnu:/opt/ros/humble/lib /usr/bin/cmake --build /home/omen16/workspace/grad_ws/build/velodyne_pointcloud -- -j32 -l32
[4.754s] Invoking command in '/home/omen16/workspace/grad_ws/build/velodyne_pointcloud': CMAKE_PREFIX_PATH=/home/omen16/workspace/grad_ws/install/velodyne_msgs:/home/omen16/workspace/grad_ws/install/velodyne:/home/omen16/workspace/grad_ws/install/velodyne_pointcloud:/home/omen16/workspace/grad_ws/install/velodyne_driver:/home/omen16/workspace/grad_ws/install/velodyne_laserscan:/home/omen16/workspace/grad_ws/install/lidar_processor:/opt/ros/humble LD_LIBRARY_PATH=/home/omen16/workspace/grad_ws/install/velodyne_msgs/lib:/usr/local/cuda-12.8/lib64:/home/omen16/workspace/grad_ws/install/velodyne_pointcloud/lib:/home/omen16/workspace/grad_ws/install/velodyne_driver/lib:/home/omen16/workspace/grad_ws/install/velodyne_laserscan/lib:/opt/ros/humble/opt/rviz_ogre_vendor/lib:/opt/ros/humble/lib/x86_64-linux-gnu:/opt/ros/humble/lib /usr/bin/cmake --install /home/omen16/workspace/grad_ws/build/velodyne_pointcloud
[4.761s] -- Install configuration: ""
[4.761s] -- Up-to-date: /home/omen16/workspace/grad_ws/install/velodyne_pointcloud/lib/libvelodyne_cloud_types.so
[4.762s] -- Installing: /home/omen16/workspace/grad_ws/install/velodyne_pointcloud/lib/libvelodyne_rawdata.so
[4.764s] -- Set runtime path of "/home/omen16/workspace/grad_ws/install/velodyne_pointcloud/lib/libvelodyne_rawdata.so" to ""
[4.764s] -- Installing: /home/omen16/workspace/grad_ws/install/velodyne_pointcloud/lib/libtransform.so
[4.775s] -- Set runtime path of "/home/omen16/workspace/grad_ws/install/velodyne_pointcloud/lib/libtransform.so" to ""
[4.775s] -- Installing: /home/omen16/workspace/grad_ws/install/velodyne_pointcloud/lib/velodyne_pointcloud/velodyne_transform_node
[4.776s] -- Set runtime path of "/home/omen16/workspace/grad_ws/install/velodyne_pointcloud/lib/velodyne_pointcloud/velodyne_transform_node" to ""
[4.776s] -- Up-to-date: /home/omen16/workspace/grad_ws/install/velodyne_pointcloud/include/velodyne_pointcloud
[4.776s] -- Up-to-date: /home/omen16/workspace/grad_ws/install/velodyne_pointcloud/include/velodyne_pointcloud/calibration.hpp
[4.776s] -- Up-to-date: /home/omen16/workspace/grad_ws/install/velodyne_pointcloud/include/velodyne_pointcloud/pointcloudXYZIRT.hpp
[4.776s] -- Up-to-date: /home/omen16/workspace/grad_ws/install/velodyne_pointcloud/include/velodyne_pointcloud/datacontainerbase.hpp
[4.776s] -- Up-to-date: /home/omen16/workspace/grad_ws/install/velodyne_pointcloud/include/velodyne_pointcloud/organized_cloudXYZIRT.hpp
[4.776s] -- Up-to-date: /home/omen16/workspace/grad_ws/install/velodyne_pointcloud/include/velodyne_pointcloud/rawdata.hpp
[4.776s] -- Up-to-date: /home/omen16/workspace/grad_ws/install/velodyne_pointcloud/include/velodyne_pointcloud/transform.hpp
[4.777s] -- Up-to-date: /home/omen16/workspace/grad_ws/install/velodyne_pointcloud/share/velodyne_pointcloud/config
[4.777s] -- Up-to-date: /home/omen16/workspace/grad_ws/install/velodyne_pointcloud/share/velodyne_pointcloud/config/VLP16-velodyne_transform_node-params.yaml
[4.777s] -- Up-to-date: /home/omen16/workspace/grad_ws/install/velodyne_pointcloud/share/velodyne_pointcloud/config/VLS128-velodyne_transform_node-params.yaml
[4.777s] -- Up-to-date: /home/omen16/workspace/grad_ws/install/velodyne_pointcloud/share/velodyne_pointcloud/config/VLP32C-velodyne_transform_node-params.yaml
[4.777s] -- Up-to-date: /home/omen16/workspace/grad_ws/install/velodyne_pointcloud/share/velodyne_pointcloud/launch
[4.777s] -- Up-to-date: /home/omen16/workspace/grad_ws/install/velodyne_pointcloud/share/velodyne_pointcloud/launch/velodyne_transform_node-VLP32C-launch.py
[4.777s] -- Up-to-date: /home/omen16/workspace/grad_ws/install/velodyne_pointcloud/share/velodyne_pointcloud/launch/velodyne_transform_node-VLS128-composed-launch.py
[4.777s] -- Up-to-date: /home/omen16/workspace/grad_ws/install/velodyne_pointcloud/share/velodyne_pointcloud/launch/velodyne_transform_node-VLP16-composed-launch.py
[4.777s] -- Up-to-date: /home/omen16/workspace/grad_ws/install/velodyne_pointcloud/share/velodyne_pointcloud/launch/velodyne_transform_node-VLS128-launch.py
[4.777s] -- Up-to-date: /home/omen16/workspace/grad_ws/install/velodyne_pointcloud/share/velodyne_pointcloud/launch/velodyne_transform_node-VLP16-launch.py
[4.777s] -- Up-to-date: /home/omen16/workspace/grad_ws/install/velodyne_pointcloud/share/velodyne_pointcloud/launch/velodyne_transform_node-VLP32C-composed-launch.py
[4.777s] -- Up-to-date: /home/omen16/workspace/grad_ws/install/velodyne_pointcloud/share/velodyne_pointcloud/params
[4.777s] -- Up-to-date: /home/omen16/workspace/grad_ws/install/velodyne_pointcloud/share/velodyne_pointcloud/params/issue_84_float_intensities.yaml
[4.777s] -- Up-to-date: /home/omen16/workspace/grad_ws/install/velodyne_pointcloud/share/velodyne_pointcloud/params/64e_s3-xiesc.yaml
[4.777s] -- Up-to-date: /home/omen16/workspace/grad_ws/install/velodyne_pointcloud/share/velodyne_pointcloud/params/rviz_points.vcg
[4.777s] -- Up-to-date: /home/omen16/workspace/grad_ws/install/velodyne_pointcloud/share/velodyne_pointcloud/params/VeloView-VLP-32C.yaml
[4.777s] -- Up-to-date: /home/omen16/workspace/grad_ws/install/velodyne_pointcloud/share/velodyne_pointcloud/params/32db.yaml
[4.777s] -- Up-to-date: /home/omen16/workspace/grad_ws/install/velodyne_pointcloud/share/velodyne_pointcloud/params/VLS128.yaml
[4.777s] -- Up-to-date: /home/omen16/workspace/grad_ws/install/velodyne_pointcloud/share/velodyne_pointcloud/params/64e_s2.1-sztaki.yaml
[4.777s] -- Up-to-date: /home/omen16/workspace/grad_ws/install/velodyne_pointcloud/share/velodyne_pointcloud/params/VLP16_hires_db.yaml
[4.777s] -- Up-to-date: /home/omen16/workspace/grad_ws/install/velodyne_pointcloud/share/velodyne_pointcloud/params/VLP16db.yaml
[4.777s] -- Up-to-date: /home/omen16/workspace/grad_ws/install/velodyne_pointcloud/share/velodyne_pointcloud/params/64e_utexas.yaml
[4.777s] -- Up-to-date: /home/omen16/workspace/grad_ws/install/velodyne_pointcloud/share/velodyne_pointcloud/environment/library_path.sh
[4.777s] -- Up-to-date: /home/omen16/workspace/grad_ws/install/velodyne_pointcloud/share/velodyne_pointcloud/environment/library_path.dsv
[4.777s] -- Up-to-date: /home/omen16/workspace/grad_ws/install/velodyne_pointcloud/share/ament_index/resource_index/package_run_dependencies/velodyne_pointcloud
[4.777s] -- Up-to-date: /home/omen16/workspace/grad_ws/install/velodyne_pointcloud/share/ament_index/resource_index/parent_prefix_path/velodyne_pointcloud
[4.778s] -- Up-to-date: /home/omen16/workspace/grad_ws/install/velodyne_pointcloud/share/velodyne_pointcloud/environment/ament_prefix_path.sh
[4.778s] -- Up-to-date: /home/omen16/workspace/grad_ws/install/velodyne_pointcloud/share/velodyne_pointcloud/environment/ament_prefix_path.dsv
[4.778s] -- Up-to-date: /home/omen16/workspace/grad_ws/install/velodyne_pointcloud/share/velodyne_pointcloud/environment/path.sh
[4.778s] -- Up-to-date: /home/omen16/workspace/grad_ws/install/velodyne_pointcloud/share/velodyne_pointcloud/environment/path.dsv
[4.778s] -- Up-to-date: /home/omen16/workspace/grad_ws/install/velodyne_pointcloud/share/velodyne_pointcloud/local_setup.bash
[4.778s] -- Up-to-date: /home/omen16/workspace/grad_ws/install/velodyne_pointcloud/share/velodyne_pointcloud/local_setup.sh
[4.778s] -- Up-to-date: /home/omen16/workspace/grad_ws/install/velodyne_pointcloud/share/velodyne_pointcloud/local_setup.zsh
[4.778s] -- Up-to-date: /home/omen16/workspace/grad_ws/install/velodyne_pointcloud/share/velodyne_pointcloud/local_setup.dsv
[4.778s] -- Installing: /home/omen16/workspace/grad_ws/install/velodyne_pointcloud/share/velodyne_pointcloud/package.dsv
[4.778s] -- Up-to-date: /home/omen16/workspace/grad_ws/install/velodyne_pointcloud/share/ament_index/resource_index/packages/velodyne_pointcloud
[4.778s] -- Up-to-date: /home/omen16/workspace/grad_ws/install/velodyne_pointcloud/share/ament_index/resource_index/rclcpp_components/velodyne_pointcloud
[4.778s] -- Up-to-date: /home/omen16/workspace/grad_ws/install/velodyne_pointcloud/share/velodyne_pointcloud/cmake/velodyne_pointcloudExport.cmake
[4.778s] -- Up-to-date: /home/omen16/workspace/grad_ws/install/velodyne_pointcloud/share/velodyne_pointcloud/cmake/velodyne_pointcloudExport-noconfig.cmake
[4.778s] -- Up-to-date: /home/omen16/workspace/grad_ws/install/velodyne_pointcloud/share/velodyne_pointcloud/cmake/ament_cmake_export_include_directories-extras.cmake
[4.778s] -- Up-to-date: /home/omen16/workspace/grad_ws/install/velodyne_pointcloud/share/velodyne_pointcloud/cmake/ament_cmake_export_dependencies-extras.cmake
[4.778s] -- Up-to-date: /home/omen16/workspace/grad_ws/install/velodyne_pointcloud/share/velodyne_pointcloud/cmake/ament_cmake_export_libraries-extras.cmake
[4.778s] -- Up-to-date: /home/omen16/workspace/grad_ws/install/velodyne_pointcloud/share/velodyne_pointcloud/cmake/ament_cmake_export_targets-extras.cmake
[4.778s] -- Up-to-date: /home/omen16/workspace/grad_ws/install/velodyne_pointcloud/share/velodyne_pointcloud/cmake/velodyne_pointcloudConfig.cmake
[4.778s] -- Up-to-date: /home/omen16/workspace/grad_ws/install/velodyne_pointcloud/share/velodyne_pointcloud/cmake/velodyne_pointcloudConfig-version.cmake
[4.778s] -- Up-to-date: /home/omen16/workspace/grad_ws/install/velodyne_pointcloud/share/velodyne_pointcloud/package.xml
[4.781s] Invoked command in '/home/omen16/workspace/grad_ws/build/velodyne_pointcloud' returned '0': CMAKE_PREFIX_PATH=/home/omen16/workspace/grad_ws/install/velodyne_msgs:/home/omen16/workspace/grad_ws/install/velodyne:/home/omen16/workspace/grad_ws/install/velodyne_pointcloud:/home/omen16/workspace/grad_ws/install/velodyne_driver:/home/omen16/workspace/grad_ws/install/velodyne_laserscan:/home/omen16/workspace/grad_ws/install/lidar_processor:/opt/ros/humble LD_LIBRARY_PATH=/home/omen16/workspace/grad_ws/install/velodyne_msgs/lib:/usr/local/cuda-12.8/lib64:/home/omen16/workspace/grad_ws/install/velodyne_pointcloud/lib:/home/omen16/workspace/grad_ws/install/velodyne_driver/lib:/home/omen16/workspace/grad_ws/install/velodyne_laserscan/lib:/opt/ros/humble/opt/rviz_ogre_vendor/lib:/opt/ros/humble/lib/x86_64-linux-gnu:/opt/ros/humble/lib /usr/bin/cmake --install /home/omen16/workspace/grad_ws/build/velodyne_pointcloud
