[0.012s] Invoking command in '/home/omen16/workspace/grad_ws/build/velodyne': CMAKE_PREFIX_PATH=/home/omen16/workspace/grad_ws/install/velodyne_pointcloud:/home/omen16/workspace/grad_ws/install/velodyne_driver:/home/omen16/workspace/grad_ws/install/velodyne_msgs:/home/omen16/workspace/grad_ws/install/velodyne_laserscan:/home/omen16/workspace/grad_ws/install/velodyne:/home/omen16/workspace/grad_ws/install/lidar_processor:/opt/ros/humble LD_LIBRARY_PATH=/home/omen16/workspace/grad_ws/install/velodyne_pointcloud/lib:/home/omen16/workspace/grad_ws/install/velodyne_driver/lib:/home/omen16/workspace/grad_ws/install/velodyne_msgs/lib:/home/omen16/workspace/grad_ws/install/velodyne_laserscan/lib:/usr/local/cuda-12.8/lib64:/opt/ros/humble/opt/rviz_ogre_vendor/lib:/opt/ros/humble/lib/x86_64-linux-gnu:/opt/ros/humble/lib /usr/bin/cmake --build /home/omen16/workspace/grad_ws/build/velodyne -- -j32 -l32
[0.049s] Invoked command in '/home/omen16/workspace/grad_ws/build/velodyne' returned '0': CMAKE_PREFIX_PATH=/home/omen16/workspace/grad_ws/install/velodyne_pointcloud:/home/omen16/workspace/grad_ws/install/velodyne_driver:/home/omen16/workspace/grad_ws/install/velodyne_msgs:/home/omen16/workspace/grad_ws/install/velodyne_laserscan:/home/omen16/workspace/grad_ws/install/velodyne:/home/omen16/workspace/grad_ws/install/lidar_processor:/opt/ros/humble LD_LIBRARY_PATH=/home/omen16/workspace/grad_ws/install/velodyne_pointcloud/lib:/home/omen16/workspace/grad_ws/install/velodyne_driver/lib:/home/omen16/workspace/grad_ws/install/velodyne_msgs/lib:/home/omen16/workspace/grad_ws/install/velodyne_laserscan/lib:/usr/local/cuda-12.8/lib64:/opt/ros/humble/opt/rviz_ogre_vendor/lib:/opt/ros/humble/lib/x86_64-linux-gnu:/opt/ros/humble/lib /usr/bin/cmake --build /home/omen16/workspace/grad_ws/build/velodyne -- -j32 -l32
[0.050s] Invoking command in '/home/omen16/workspace/grad_ws/build/velodyne': CMAKE_PREFIX_PATH=/home/omen16/workspace/grad_ws/install/velodyne_pointcloud:/home/omen16/workspace/grad_ws/install/velodyne_driver:/home/omen16/workspace/grad_ws/install/velodyne_msgs:/home/omen16/workspace/grad_ws/install/velodyne_laserscan:/home/omen16/workspace/grad_ws/install/velodyne:/home/omen16/workspace/grad_ws/install/lidar_processor:/opt/ros/humble LD_LIBRARY_PATH=/home/omen16/workspace/grad_ws/install/velodyne_pointcloud/lib:/home/omen16/workspace/grad_ws/install/velodyne_driver/lib:/home/omen16/workspace/grad_ws/install/velodyne_msgs/lib:/home/omen16/workspace/grad_ws/install/velodyne_laserscan/lib:/usr/local/cuda-12.8/lib64:/opt/ros/humble/opt/rviz_ogre_vendor/lib:/opt/ros/humble/lib/x86_64-linux-gnu:/opt/ros/humble/lib /usr/bin/cmake --install /home/omen16/workspace/grad_ws/build/velodyne
[0.056s] -- Install configuration: ""
[0.057s] -- Up-to-date: /home/omen16/workspace/grad_ws/install/velodyne/share/velodyne/launch
[0.057s] -- Up-to-date: /home/omen16/workspace/grad_ws/install/velodyne/share/velodyne/launch/velodyne-all-nodes-VLS128-composed-launch.py
[0.057s] -- Up-to-date: /home/omen16/workspace/grad_ws/install/velodyne/share/velodyne/launch/velodyne-all-nodes-VLP16-launch.py
[0.057s] -- Up-to-date: /home/omen16/workspace/grad_ws/install/velodyne/share/velodyne/launch/velodyne-all-nodes-VLP16-composed-launch.py
[0.057s] -- Up-to-date: /home/omen16/workspace/grad_ws/install/velodyne/share/velodyne/launch/velodyne-all-nodes-VLP32C-composed-launch.py
[0.057s] -- Up-to-date: /home/omen16/workspace/grad_ws/install/velodyne/share/velodyne/launch/velodyne-all-nodes-VLP32C-launch.py
[0.057s] -- Up-to-date: /home/omen16/workspace/grad_ws/install/velodyne/share/velodyne/launch/velodyne-all-nodes-VLS128-launch.py
[0.057s] -- Up-to-date: /home/omen16/workspace/grad_ws/install/velodyne/share/ament_index/resource_index/package_run_dependencies/velodyne
[0.057s] -- Up-to-date: /home/omen16/workspace/grad_ws/install/velodyne/share/ament_index/resource_index/parent_prefix_path/velodyne
[0.057s] -- Up-to-date: /home/omen16/workspace/grad_ws/install/velodyne/share/velodyne/environment/ament_prefix_path.sh
[0.057s] -- Up-to-date: /home/omen16/workspace/grad_ws/install/velodyne/share/velodyne/environment/ament_prefix_path.dsv
[0.057s] -- Up-to-date: /home/omen16/workspace/grad_ws/install/velodyne/share/velodyne/environment/path.sh
[0.057s] -- Up-to-date: /home/omen16/workspace/grad_ws/install/velodyne/share/velodyne/environment/path.dsv
[0.058s] -- Up-to-date: /home/omen16/workspace/grad_ws/install/velodyne/share/velodyne/local_setup.bash
[0.058s] -- Up-to-date: /home/omen16/workspace/grad_ws/install/velodyne/share/velodyne/local_setup.sh
[0.058s] -- Up-to-date: /home/omen16/workspace/grad_ws/install/velodyne/share/velodyne/local_setup.zsh
[0.058s] -- Up-to-date: /home/omen16/workspace/grad_ws/install/velodyne/share/velodyne/local_setup.dsv
[0.058s] -- Up-to-date: /home/omen16/workspace/grad_ws/install/velodyne/share/velodyne/package.dsv
[0.058s] -- Up-to-date: /home/omen16/workspace/grad_ws/install/velodyne/share/ament_index/resource_index/packages/velodyne
[0.058s] -- Up-to-date: /home/omen16/workspace/grad_ws/install/velodyne/share/velodyne/cmake/velodyneConfig.cmake
[0.058s] -- Up-to-date: /home/omen16/workspace/grad_ws/install/velodyne/share/velodyne/cmake/velodyneConfig-version.cmake
[0.058s] -- Up-to-date: /home/omen16/workspace/grad_ws/install/velodyne/share/velodyne/package.xml
[0.060s] Invoked command in '/home/omen16/workspace/grad_ws/build/velodyne' returned '0': CMAKE_PREFIX_PATH=/home/omen16/workspace/grad_ws/install/velodyne_pointcloud:/home/omen16/workspace/grad_ws/install/velodyne_driver:/home/omen16/workspace/grad_ws/install/velodyne_msgs:/home/omen16/workspace/grad_ws/install/velodyne_laserscan:/home/omen16/workspace/grad_ws/install/velodyne:/home/omen16/workspace/grad_ws/install/lidar_processor:/opt/ros/humble LD_LIBRARY_PATH=/home/omen16/workspace/grad_ws/install/velodyne_pointcloud/lib:/home/omen16/workspace/grad_ws/install/velodyne_driver/lib:/home/omen16/workspace/grad_ws/install/velodyne_msgs/lib:/home/omen16/workspace/grad_ws/install/velodyne_laserscan/lib:/usr/local/cuda-12.8/lib64:/opt/ros/humble/opt/rviz_ogre_vendor/lib:/opt/ros/humble/lib/x86_64-linux-gnu:/opt/ros/humble/lib /usr/bin/cmake --install /home/omen16/workspace/grad_ws/build/velodyne
