running egg_info
writing ../../build/lidar_processor/lidar_processor.egg-info/PKG-INFO
writing dependency_links to ../../build/lidar_processor/lidar_processor.egg-info/dependency_links.txt
writing entry points to ../../build/lidar_processor/lidar_processor.egg-info/entry_points.txt
writing requirements to ../../build/lidar_processor/lidar_processor.egg-info/requires.txt
writing top-level names to ../../build/lidar_processor/lidar_processor.egg-info/top_level.txt
reading manifest file '../../build/lidar_processor/lidar_processor.egg-info/SOURCES.txt'
adding license file 'LICENSE'
writing manifest file '../../build/lidar_processor/lidar_processor.egg-info/SOURCES.txt'
running build
running build_py
running install
running install_lib
running install_data
running install_egg_info
removing '/home/omen16/workspace/grad_ws/install/lidar_processor/lib/python3.10/site-packages/lidar_processor-0.0.0-py3.10.egg-info' (and everything under it)
Copying ../../build/lidar_processor/lidar_processor.egg-info to /home/omen16/workspace/grad_ws/install/lidar_processor/lib/python3.10/site-packages/lidar_processor-0.0.0-py3.10.egg-info
running install_scripts
Installing lidar_inference_node script to /home/omen16/workspace/grad_ws/install/lidar_processor/lib/lidar_processor
Installing pc2np_node script to /home/omen16/workspace/grad_ws/install/lidar_processor/lib/lidar_processor
writing list of installed files to '/home/omen16/workspace/grad_ws/build/lidar_processor/install.log'
