[0.082s] DEBUG:colcon:Command line arguments: ['/usr/bin/colcon', 'build']
[0.082s] DEBUG:colcon:Parsed command line arguments: Namespace(log_base=None, log_level=None, verb_name='build', build_base='build', install_base='install', merge_install=False, symlink_install=False, test_result_base=None, continue_on_error=False, executor='parallel', parallel_workers=32, event_handlers=None, ignore_user_meta=False, metas=['./colcon.meta'], base_paths=['.'], packages_ignore=None, packages_ignore_regex=None, paths=None, packages_up_to=None, packages_up_to_regex=None, packages_above=None, packages_above_and_dependencies=None, packages_above_depth=None, packages_select_by_dep=None, packages_skip_by_dep=None, packages_skip_up_to=None, packages_select_build_failed=False, packages_skip_build_finished=False, packages_select_test_failures=False, packages_skip_test_passed=False, packages_select=None, packages_skip=None, packages_select_regex=None, packages_skip_regex=None, packages_start=None, packages_end=None, allow_overriding=[], cmake_args=None, cmake_target=None, cmake_target_skip_unavailable=False, cmake_clean_cache=False, cmake_clean_first=False, cmake_force_configure=False, ament_cmake_args=None, catkin_cmake_args=None, catkin_skip_building_tests=False, mixin_files=None, mixin=None, verb_parser=<colcon_mixin.mixin.mixin_argument.MixinArgumentDecorator object at 0x7f7e6c2ee920>, verb_extension=<colcon_core.verb.build.BuildVerb object at 0x7f7e6c2ee3e0>, main=<bound method BuildVerb.main of <colcon_core.verb.build.BuildVerb object at 0x7f7e6c2ee3e0>>, mixin_verb=('build',))
[0.174s] Level 1:colcon.colcon_core.package_discovery:discover_packages(colcon_meta) check parameters
[0.174s] Level 1:colcon.colcon_core.package_discovery:discover_packages(recursive) check parameters
[0.174s] Level 1:colcon.colcon_core.package_discovery:discover_packages(ignore) check parameters
[0.174s] Level 1:colcon.colcon_core.package_discovery:discover_packages(path) check parameters
[0.174s] Level 1:colcon.colcon_core.package_discovery:discover_packages(colcon_meta) discover
[0.174s] Level 1:colcon.colcon_core.package_discovery:discover_packages(recursive) discover
[0.174s] INFO:colcon.colcon_core.package_discovery:Crawling recursively for packages in '/home/omen16/workspace/grad_ws'
[0.174s] Level 1:colcon.colcon_core.package_identification:_identify(.) by extensions ['ignore', 'ignore_ament_install']
[0.175s] Level 1:colcon.colcon_core.package_identification:_identify(.) by extension 'ignore'
[0.175s] Level 1:colcon.colcon_core.package_identification:_identify(.) by extension 'ignore_ament_install'
[0.175s] Level 1:colcon.colcon_core.package_identification:_identify(.) by extensions ['colcon_pkg']
[0.175s] Level 1:colcon.colcon_core.package_identification:_identify(.) by extension 'colcon_pkg'
[0.175s] Level 1:colcon.colcon_core.package_identification:_identify(.) by extensions ['colcon_meta']
[0.175s] Level 1:colcon.colcon_core.package_identification:_identify(.) by extension 'colcon_meta'
[0.175s] Level 1:colcon.colcon_core.package_identification:_identify(.) by extensions ['ros']
[0.175s] Level 1:colcon.colcon_core.package_identification:_identify(.) by extension 'ros'
[0.180s] Level 1:colcon.colcon_core.package_identification:_identify(.) by extensions ['cmake', 'python']
[0.180s] Level 1:colcon.colcon_core.package_identification:_identify(.) by extension 'cmake'
[0.181s] Level 1:colcon.colcon_core.package_identification:_identify(.) by extension 'python'
[0.181s] Level 1:colcon.colcon_core.package_identification:_identify(.) by extensions ['python_setup_py']
[0.181s] Level 1:colcon.colcon_core.package_identification:_identify(.) by extension 'python_setup_py'
[0.181s] Level 1:colcon.colcon_core.package_identification:_identify(build) by extensions ['ignore', 'ignore_ament_install']
[0.181s] Level 1:colcon.colcon_core.package_identification:_identify(build) by extension 'ignore'
[0.181s] Level 1:colcon.colcon_core.package_identification:_identify(build) ignored
[0.181s] Level 1:colcon.colcon_core.package_identification:_identify(install) by extensions ['ignore', 'ignore_ament_install']
[0.181s] Level 1:colcon.colcon_core.package_identification:_identify(install) by extension 'ignore'
[0.181s] Level 1:colcon.colcon_core.package_identification:_identify(install) ignored
[0.181s] Level 1:colcon.colcon_core.package_identification:_identify(log) by extensions ['ignore', 'ignore_ament_install']
[0.181s] Level 1:colcon.colcon_core.package_identification:_identify(log) by extension 'ignore'
[0.181s] Level 1:colcon.colcon_core.package_identification:_identify(log) ignored
[0.181s] Level 1:colcon.colcon_core.package_identification:_identify(src) by extensions ['ignore', 'ignore_ament_install']
[0.181s] Level 1:colcon.colcon_core.package_identification:_identify(src) by extension 'ignore'
[0.181s] Level 1:colcon.colcon_core.package_identification:_identify(src) by extension 'ignore_ament_install'
[0.181s] Level 1:colcon.colcon_core.package_identification:_identify(src) by extensions ['colcon_pkg']
[0.181s] Level 1:colcon.colcon_core.package_identification:_identify(src) by extension 'colcon_pkg'
[0.181s] Level 1:colcon.colcon_core.package_identification:_identify(src) by extensions ['colcon_meta']
[0.181s] Level 1:colcon.colcon_core.package_identification:_identify(src) by extension 'colcon_meta'
[0.181s] Level 1:colcon.colcon_core.package_identification:_identify(src) by extensions ['ros']
[0.181s] Level 1:colcon.colcon_core.package_identification:_identify(src) by extension 'ros'
[0.181s] Level 1:colcon.colcon_core.package_identification:_identify(src) by extensions ['cmake', 'python']
[0.181s] Level 1:colcon.colcon_core.package_identification:_identify(src) by extension 'cmake'
[0.181s] Level 1:colcon.colcon_core.package_identification:_identify(src) by extension 'python'
[0.181s] Level 1:colcon.colcon_core.package_identification:_identify(src) by extensions ['python_setup_py']
[0.181s] Level 1:colcon.colcon_core.package_identification:_identify(src) by extension 'python_setup_py'
[0.181s] Level 1:colcon.colcon_core.package_identification:_identify(src/lidar_processor) by extensions ['ignore', 'ignore_ament_install']
[0.181s] Level 1:colcon.colcon_core.package_identification:_identify(src/lidar_processor) by extension 'ignore'
[0.181s] Level 1:colcon.colcon_core.package_identification:_identify(src/lidar_processor) by extension 'ignore_ament_install'
[0.181s] Level 1:colcon.colcon_core.package_identification:_identify(src/lidar_processor) by extensions ['colcon_pkg']
[0.181s] Level 1:colcon.colcon_core.package_identification:_identify(src/lidar_processor) by extension 'colcon_pkg'
[0.181s] Level 1:colcon.colcon_core.package_identification:_identify(src/lidar_processor) by extensions ['colcon_meta']
[0.181s] Level 1:colcon.colcon_core.package_identification:_identify(src/lidar_processor) by extension 'colcon_meta'
[0.181s] Level 1:colcon.colcon_core.package_identification:_identify(src/lidar_processor) by extensions ['ros']
[0.181s] Level 1:colcon.colcon_core.package_identification:_identify(src/lidar_processor) by extension 'ros'
[0.183s] DEBUG:colcon.colcon_core.package_identification:Package 'src/lidar_processor' with type 'ros.ament_python' and name 'lidar_processor'
[0.183s] Level 1:colcon.colcon_core.package_identification:_identify(src/velodyne) by extensions ['ignore', 'ignore_ament_install']
[0.183s] Level 1:colcon.colcon_core.package_identification:_identify(src/velodyne) by extension 'ignore'
[0.183s] Level 1:colcon.colcon_core.package_identification:_identify(src/velodyne) by extension 'ignore_ament_install'
[0.183s] Level 1:colcon.colcon_core.package_identification:_identify(src/velodyne) by extensions ['colcon_pkg']
[0.183s] Level 1:colcon.colcon_core.package_identification:_identify(src/velodyne) by extension 'colcon_pkg'
[0.183s] Level 1:colcon.colcon_core.package_identification:_identify(src/velodyne) by extensions ['colcon_meta']
[0.183s] Level 1:colcon.colcon_core.package_identification:_identify(src/velodyne) by extension 'colcon_meta'
[0.183s] Level 1:colcon.colcon_core.package_identification:_identify(src/velodyne) by extensions ['ros']
[0.183s] Level 1:colcon.colcon_core.package_identification:_identify(src/velodyne) by extension 'ros'
[0.183s] Level 1:colcon.colcon_core.package_identification:_identify(src/velodyne) by extensions ['cmake', 'python']
[0.183s] Level 1:colcon.colcon_core.package_identification:_identify(src/velodyne) by extension 'cmake'
[0.183s] Level 1:colcon.colcon_core.package_identification:_identify(src/velodyne) by extension 'python'
[0.183s] Level 1:colcon.colcon_core.package_identification:_identify(src/velodyne) by extensions ['python_setup_py']
[0.183s] Level 1:colcon.colcon_core.package_identification:_identify(src/velodyne) by extension 'python_setup_py'
[0.183s] Level 1:colcon.colcon_core.package_identification:_identify(src/velodyne/velodyne) by extensions ['ignore', 'ignore_ament_install']
[0.183s] Level 1:colcon.colcon_core.package_identification:_identify(src/velodyne/velodyne) by extension 'ignore'
[0.183s] Level 1:colcon.colcon_core.package_identification:_identify(src/velodyne/velodyne) by extension 'ignore_ament_install'
[0.183s] Level 1:colcon.colcon_core.package_identification:_identify(src/velodyne/velodyne) by extensions ['colcon_pkg']
[0.183s] Level 1:colcon.colcon_core.package_identification:_identify(src/velodyne/velodyne) by extension 'colcon_pkg'
[0.183s] Level 1:colcon.colcon_core.package_identification:_identify(src/velodyne/velodyne) by extensions ['colcon_meta']
[0.183s] Level 1:colcon.colcon_core.package_identification:_identify(src/velodyne/velodyne) by extension 'colcon_meta'
[0.183s] Level 1:colcon.colcon_core.package_identification:_identify(src/velodyne/velodyne) by extensions ['ros']
[0.184s] Level 1:colcon.colcon_core.package_identification:_identify(src/velodyne/velodyne) by extension 'ros'
[0.184s] DEBUG:colcon.colcon_core.package_identification:Package 'src/velodyne/velodyne' with type 'ros.ament_cmake' and name 'velodyne'
[0.184s] Level 1:colcon.colcon_core.package_identification:_identify(src/velodyne/velodyne_driver) by extensions ['ignore', 'ignore_ament_install']
[0.184s] Level 1:colcon.colcon_core.package_identification:_identify(src/velodyne/velodyne_driver) by extension 'ignore'
[0.184s] Level 1:colcon.colcon_core.package_identification:_identify(src/velodyne/velodyne_driver) by extension 'ignore_ament_install'
[0.184s] Level 1:colcon.colcon_core.package_identification:_identify(src/velodyne/velodyne_driver) by extensions ['colcon_pkg']
[0.184s] Level 1:colcon.colcon_core.package_identification:_identify(src/velodyne/velodyne_driver) by extension 'colcon_pkg'
[0.184s] Level 1:colcon.colcon_core.package_identification:_identify(src/velodyne/velodyne_driver) by extensions ['colcon_meta']
[0.184s] Level 1:colcon.colcon_core.package_identification:_identify(src/velodyne/velodyne_driver) by extension 'colcon_meta'
[0.184s] Level 1:colcon.colcon_core.package_identification:_identify(src/velodyne/velodyne_driver) by extensions ['ros']
[0.184s] Level 1:colcon.colcon_core.package_identification:_identify(src/velodyne/velodyne_driver) by extension 'ros'
[0.185s] DEBUG:colcon.colcon_core.package_identification:Package 'src/velodyne/velodyne_driver' with type 'ros.ament_cmake' and name 'velodyne_driver'
[0.185s] Level 1:colcon.colcon_core.package_identification:_identify(src/velodyne/velodyne_laserscan) by extensions ['ignore', 'ignore_ament_install']
[0.185s] Level 1:colcon.colcon_core.package_identification:_identify(src/velodyne/velodyne_laserscan) by extension 'ignore'
[0.185s] Level 1:colcon.colcon_core.package_identification:_identify(src/velodyne/velodyne_laserscan) by extension 'ignore_ament_install'
[0.185s] Level 1:colcon.colcon_core.package_identification:_identify(src/velodyne/velodyne_laserscan) by extensions ['colcon_pkg']
[0.185s] Level 1:colcon.colcon_core.package_identification:_identify(src/velodyne/velodyne_laserscan) by extension 'colcon_pkg'
[0.185s] Level 1:colcon.colcon_core.package_identification:_identify(src/velodyne/velodyne_laserscan) by extensions ['colcon_meta']
[0.185s] Level 1:colcon.colcon_core.package_identification:_identify(src/velodyne/velodyne_laserscan) by extension 'colcon_meta'
[0.185s] Level 1:colcon.colcon_core.package_identification:_identify(src/velodyne/velodyne_laserscan) by extensions ['ros']
[0.185s] Level 1:colcon.colcon_core.package_identification:_identify(src/velodyne/velodyne_laserscan) by extension 'ros'
[0.186s] DEBUG:colcon.colcon_core.package_identification:Package 'src/velodyne/velodyne_laserscan' with type 'ros.ament_cmake' and name 'velodyne_laserscan'
[0.186s] Level 1:colcon.colcon_core.package_identification:_identify(src/velodyne/velodyne_msgs) by extensions ['ignore', 'ignore_ament_install']
[0.186s] Level 1:colcon.colcon_core.package_identification:_identify(src/velodyne/velodyne_msgs) by extension 'ignore'
[0.186s] Level 1:colcon.colcon_core.package_identification:_identify(src/velodyne/velodyne_msgs) by extension 'ignore_ament_install'
[0.186s] Level 1:colcon.colcon_core.package_identification:_identify(src/velodyne/velodyne_msgs) by extensions ['colcon_pkg']
[0.186s] Level 1:colcon.colcon_core.package_identification:_identify(src/velodyne/velodyne_msgs) by extension 'colcon_pkg'
[0.186s] Level 1:colcon.colcon_core.package_identification:_identify(src/velodyne/velodyne_msgs) by extensions ['colcon_meta']
[0.186s] Level 1:colcon.colcon_core.package_identification:_identify(src/velodyne/velodyne_msgs) by extension 'colcon_meta'
[0.186s] Level 1:colcon.colcon_core.package_identification:_identify(src/velodyne/velodyne_msgs) by extensions ['ros']
[0.186s] Level 1:colcon.colcon_core.package_identification:_identify(src/velodyne/velodyne_msgs) by extension 'ros'
[0.186s] DEBUG:colcon.colcon_core.package_identification:Package 'src/velodyne/velodyne_msgs' with type 'ros.ament_cmake' and name 'velodyne_msgs'
[0.187s] Level 1:colcon.colcon_core.package_identification:_identify(src/velodyne/velodyne_pointcloud) by extensions ['ignore', 'ignore_ament_install']
[0.187s] Level 1:colcon.colcon_core.package_identification:_identify(src/velodyne/velodyne_pointcloud) by extension 'ignore'
[0.187s] Level 1:colcon.colcon_core.package_identification:_identify(src/velodyne/velodyne_pointcloud) by extension 'ignore_ament_install'
[0.187s] Level 1:colcon.colcon_core.package_identification:_identify(src/velodyne/velodyne_pointcloud) by extensions ['colcon_pkg']
[0.187s] Level 1:colcon.colcon_core.package_identification:_identify(src/velodyne/velodyne_pointcloud) by extension 'colcon_pkg'
[0.187s] Level 1:colcon.colcon_core.package_identification:_identify(src/velodyne/velodyne_pointcloud) by extensions ['colcon_meta']
[0.187s] Level 1:colcon.colcon_core.package_identification:_identify(src/velodyne/velodyne_pointcloud) by extension 'colcon_meta'
[0.187s] Level 1:colcon.colcon_core.package_identification:_identify(src/velodyne/velodyne_pointcloud) by extensions ['ros']
[0.187s] Level 1:colcon.colcon_core.package_identification:_identify(src/velodyne/velodyne_pointcloud) by extension 'ros'
[0.188s] DEBUG:colcon.colcon_core.package_identification:Package 'src/velodyne/velodyne_pointcloud' with type 'ros.ament_cmake' and name 'velodyne_pointcloud'
[0.188s] Level 1:colcon.colcon_core.package_discovery:discover_packages(recursive) using defaults
[0.188s] Level 1:colcon.colcon_core.package_discovery:discover_packages(ignore) discover
[0.188s] Level 1:colcon.colcon_core.package_discovery:discover_packages(ignore) using defaults
[0.188s] Level 1:colcon.colcon_core.package_discovery:discover_packages(path) discover
[0.188s] Level 1:colcon.colcon_core.package_discovery:discover_packages(path) using defaults
[0.209s] Level 1:colcon.colcon_core.package_discovery:discover_packages(prefix_path) check parameters
[0.209s] Level 1:colcon.colcon_core.package_discovery:discover_packages(prefix_path) discover
[0.211s] DEBUG:colcon.colcon_installed_package_information.package_discovery:Found 6 installed packages in /home/omen16/workspace/grad_ws/install
[0.212s] DEBUG:colcon.colcon_installed_package_information.package_discovery:Found 272 installed packages in /opt/ros/humble
[0.212s] Level 1:colcon.colcon_core.package_discovery:discover_packages(prefix_path) using defaults
[0.233s] Level 5:colcon.colcon_core.verb:set package 'lidar_processor' build argument 'cmake_args' from command line to 'None'
[0.234s] Level 5:colcon.colcon_core.verb:set package 'lidar_processor' build argument 'cmake_target' from command line to 'None'
[0.234s] Level 5:colcon.colcon_core.verb:set package 'lidar_processor' build argument 'cmake_target_skip_unavailable' from command line to 'False'
[0.234s] Level 5:colcon.colcon_core.verb:set package 'lidar_processor' build argument 'cmake_clean_cache' from command line to 'False'
[0.234s] Level 5:colcon.colcon_core.verb:set package 'lidar_processor' build argument 'cmake_clean_first' from command line to 'False'
[0.234s] Level 5:colcon.colcon_core.verb:set package 'lidar_processor' build argument 'cmake_force_configure' from command line to 'False'
[0.234s] Level 5:colcon.colcon_core.verb:set package 'lidar_processor' build argument 'ament_cmake_args' from command line to 'None'
[0.234s] Level 5:colcon.colcon_core.verb:set package 'lidar_processor' build argument 'catkin_cmake_args' from command line to 'None'
[0.234s] Level 5:colcon.colcon_core.verb:set package 'lidar_processor' build argument 'catkin_skip_building_tests' from command line to 'False'
[0.234s] DEBUG:colcon.colcon_core.verb:Building package 'lidar_processor' with the following arguments: {'ament_cmake_args': None, 'build_base': '/home/omen16/workspace/grad_ws/build/lidar_processor', 'catkin_cmake_args': None, 'catkin_skip_building_tests': False, 'cmake_args': None, 'cmake_clean_cache': False, 'cmake_clean_first': False, 'cmake_force_configure': False, 'cmake_target': None, 'cmake_target_skip_unavailable': False, 'install_base': '/home/omen16/workspace/grad_ws/install/lidar_processor', 'merge_install': False, 'path': '/home/omen16/workspace/grad_ws/src/lidar_processor', 'symlink_install': False, 'test_result_base': None}
[0.234s] Level 5:colcon.colcon_core.verb:set package 'velodyne_laserscan' build argument 'cmake_args' from command line to 'None'
[0.234s] Level 5:colcon.colcon_core.verb:set package 'velodyne_laserscan' build argument 'cmake_target' from command line to 'None'
[0.234s] Level 5:colcon.colcon_core.verb:set package 'velodyne_laserscan' build argument 'cmake_target_skip_unavailable' from command line to 'False'
[0.234s] Level 5:colcon.colcon_core.verb:set package 'velodyne_laserscan' build argument 'cmake_clean_cache' from command line to 'False'
[0.234s] Level 5:colcon.colcon_core.verb:set package 'velodyne_laserscan' build argument 'cmake_clean_first' from command line to 'False'
[0.234s] Level 5:colcon.colcon_core.verb:set package 'velodyne_laserscan' build argument 'cmake_force_configure' from command line to 'False'
[0.234s] Level 5:colcon.colcon_core.verb:set package 'velodyne_laserscan' build argument 'ament_cmake_args' from command line to 'None'
[0.234s] Level 5:colcon.colcon_core.verb:set package 'velodyne_laserscan' build argument 'catkin_cmake_args' from command line to 'None'
[0.234s] Level 5:colcon.colcon_core.verb:set package 'velodyne_laserscan' build argument 'catkin_skip_building_tests' from command line to 'False'
[0.234s] DEBUG:colcon.colcon_core.verb:Building package 'velodyne_laserscan' with the following arguments: {'ament_cmake_args': None, 'build_base': '/home/omen16/workspace/grad_ws/build/velodyne_laserscan', 'catkin_cmake_args': None, 'catkin_skip_building_tests': False, 'cmake_args': None, 'cmake_clean_cache': False, 'cmake_clean_first': False, 'cmake_force_configure': False, 'cmake_target': None, 'cmake_target_skip_unavailable': False, 'install_base': '/home/omen16/workspace/grad_ws/install/velodyne_laserscan', 'merge_install': False, 'path': '/home/omen16/workspace/grad_ws/src/velodyne/velodyne_laserscan', 'symlink_install': False, 'test_result_base': None}
[0.234s] Level 5:colcon.colcon_core.verb:set package 'velodyne_msgs' build argument 'cmake_args' from command line to 'None'
[0.234s] Level 5:colcon.colcon_core.verb:set package 'velodyne_msgs' build argument 'cmake_target' from command line to 'None'
[0.234s] Level 5:colcon.colcon_core.verb:set package 'velodyne_msgs' build argument 'cmake_target_skip_unavailable' from command line to 'False'
[0.234s] Level 5:colcon.colcon_core.verb:set package 'velodyne_msgs' build argument 'cmake_clean_cache' from command line to 'False'
[0.234s] Level 5:colcon.colcon_core.verb:set package 'velodyne_msgs' build argument 'cmake_clean_first' from command line to 'False'
[0.234s] Level 5:colcon.colcon_core.verb:set package 'velodyne_msgs' build argument 'cmake_force_configure' from command line to 'False'
[0.234s] Level 5:colcon.colcon_core.verb:set package 'velodyne_msgs' build argument 'ament_cmake_args' from command line to 'None'
[0.234s] Level 5:colcon.colcon_core.verb:set package 'velodyne_msgs' build argument 'catkin_cmake_args' from command line to 'None'
[0.234s] Level 5:colcon.colcon_core.verb:set package 'velodyne_msgs' build argument 'catkin_skip_building_tests' from command line to 'False'
[0.234s] DEBUG:colcon.colcon_core.verb:Building package 'velodyne_msgs' with the following arguments: {'ament_cmake_args': None, 'build_base': '/home/omen16/workspace/grad_ws/build/velodyne_msgs', 'catkin_cmake_args': None, 'catkin_skip_building_tests': False, 'cmake_args': None, 'cmake_clean_cache': False, 'cmake_clean_first': False, 'cmake_force_configure': False, 'cmake_target': None, 'cmake_target_skip_unavailable': False, 'install_base': '/home/omen16/workspace/grad_ws/install/velodyne_msgs', 'merge_install': False, 'path': '/home/omen16/workspace/grad_ws/src/velodyne/velodyne_msgs', 'symlink_install': False, 'test_result_base': None}
[0.235s] Level 5:colcon.colcon_core.verb:set package 'velodyne_driver' build argument 'cmake_args' from command line to 'None'
[0.235s] Level 5:colcon.colcon_core.verb:set package 'velodyne_driver' build argument 'cmake_target' from command line to 'None'
[0.235s] Level 5:colcon.colcon_core.verb:set package 'velodyne_driver' build argument 'cmake_target_skip_unavailable' from command line to 'False'
[0.235s] Level 5:colcon.colcon_core.verb:set package 'velodyne_driver' build argument 'cmake_clean_cache' from command line to 'False'
[0.235s] Level 5:colcon.colcon_core.verb:set package 'velodyne_driver' build argument 'cmake_clean_first' from command line to 'False'
[0.235s] Level 5:colcon.colcon_core.verb:set package 'velodyne_driver' build argument 'cmake_force_configure' from command line to 'False'
[0.235s] Level 5:colcon.colcon_core.verb:set package 'velodyne_driver' build argument 'ament_cmake_args' from command line to 'None'
[0.235s] Level 5:colcon.colcon_core.verb:set package 'velodyne_driver' build argument 'catkin_cmake_args' from command line to 'None'
[0.235s] Level 5:colcon.colcon_core.verb:set package 'velodyne_driver' build argument 'catkin_skip_building_tests' from command line to 'False'
[0.235s] DEBUG:colcon.colcon_core.verb:Building package 'velodyne_driver' with the following arguments: {'ament_cmake_args': None, 'build_base': '/home/omen16/workspace/grad_ws/build/velodyne_driver', 'catkin_cmake_args': None, 'catkin_skip_building_tests': False, 'cmake_args': None, 'cmake_clean_cache': False, 'cmake_clean_first': False, 'cmake_force_configure': False, 'cmake_target': None, 'cmake_target_skip_unavailable': False, 'install_base': '/home/omen16/workspace/grad_ws/install/velodyne_driver', 'merge_install': False, 'path': '/home/omen16/workspace/grad_ws/src/velodyne/velodyne_driver', 'symlink_install': False, 'test_result_base': None}
[0.235s] Level 5:colcon.colcon_core.verb:set package 'velodyne_pointcloud' build argument 'cmake_args' from command line to 'None'
[0.235s] Level 5:colcon.colcon_core.verb:set package 'velodyne_pointcloud' build argument 'cmake_target' from command line to 'None'
[0.235s] Level 5:colcon.colcon_core.verb:set package 'velodyne_pointcloud' build argument 'cmake_target_skip_unavailable' from command line to 'False'
[0.235s] Level 5:colcon.colcon_core.verb:set package 'velodyne_pointcloud' build argument 'cmake_clean_cache' from command line to 'False'
[0.235s] Level 5:colcon.colcon_core.verb:set package 'velodyne_pointcloud' build argument 'cmake_clean_first' from command line to 'False'
[0.235s] Level 5:colcon.colcon_core.verb:set package 'velodyne_pointcloud' build argument 'cmake_force_configure' from command line to 'False'
[0.235s] Level 5:colcon.colcon_core.verb:set package 'velodyne_pointcloud' build argument 'ament_cmake_args' from command line to 'None'
[0.235s] Level 5:colcon.colcon_core.verb:set package 'velodyne_pointcloud' build argument 'catkin_cmake_args' from command line to 'None'
[0.235s] Level 5:colcon.colcon_core.verb:set package 'velodyne_pointcloud' build argument 'catkin_skip_building_tests' from command line to 'False'
[0.235s] DEBUG:colcon.colcon_core.verb:Building package 'velodyne_pointcloud' with the following arguments: {'ament_cmake_args': None, 'build_base': '/home/omen16/workspace/grad_ws/build/velodyne_pointcloud', 'catkin_cmake_args': None, 'catkin_skip_building_tests': False, 'cmake_args': None, 'cmake_clean_cache': False, 'cmake_clean_first': False, 'cmake_force_configure': False, 'cmake_target': None, 'cmake_target_skip_unavailable': False, 'install_base': '/home/omen16/workspace/grad_ws/install/velodyne_pointcloud', 'merge_install': False, 'path': '/home/omen16/workspace/grad_ws/src/velodyne/velodyne_pointcloud', 'symlink_install': False, 'test_result_base': None}
[0.235s] Level 5:colcon.colcon_core.verb:set package 'velodyne' build argument 'cmake_args' from command line to 'None'
[0.235s] Level 5:colcon.colcon_core.verb:set package 'velodyne' build argument 'cmake_target' from command line to 'None'
[0.235s] Level 5:colcon.colcon_core.verb:set package 'velodyne' build argument 'cmake_target_skip_unavailable' from command line to 'False'
[0.235s] Level 5:colcon.colcon_core.verb:set package 'velodyne' build argument 'cmake_clean_cache' from command line to 'False'
[0.235s] Level 5:colcon.colcon_core.verb:set package 'velodyne' build argument 'cmake_clean_first' from command line to 'False'
[0.235s] Level 5:colcon.colcon_core.verb:set package 'velodyne' build argument 'cmake_force_configure' from command line to 'False'
[0.235s] Level 5:colcon.colcon_core.verb:set package 'velodyne' build argument 'ament_cmake_args' from command line to 'None'
[0.235s] Level 5:colcon.colcon_core.verb:set package 'velodyne' build argument 'catkin_cmake_args' from command line to 'None'
[0.235s] Level 5:colcon.colcon_core.verb:set package 'velodyne' build argument 'catkin_skip_building_tests' from command line to 'False'
[0.235s] DEBUG:colcon.colcon_core.verb:Building package 'velodyne' with the following arguments: {'ament_cmake_args': None, 'build_base': '/home/omen16/workspace/grad_ws/build/velodyne', 'catkin_cmake_args': None, 'catkin_skip_building_tests': False, 'cmake_args': None, 'cmake_clean_cache': False, 'cmake_clean_first': False, 'cmake_force_configure': False, 'cmake_target': None, 'cmake_target_skip_unavailable': False, 'install_base': '/home/omen16/workspace/grad_ws/install/velodyne', 'merge_install': False, 'path': '/home/omen16/workspace/grad_ws/src/velodyne/velodyne', 'symlink_install': False, 'test_result_base': None}
[0.235s] INFO:colcon.colcon_core.executor:Executing jobs using 'parallel' executor
[0.236s] DEBUG:colcon.colcon_parallel_executor.executor.parallel:run_until_complete
[0.237s] INFO:colcon.colcon_ros.task.ament_cmake.build:Building ROS package in '/home/omen16/workspace/grad_ws/src/velodyne/velodyne_msgs' with build type 'ament_cmake'
[0.237s] INFO:colcon.colcon_cmake.task.cmake.build:Building CMake package in '/home/omen16/workspace/grad_ws/src/velodyne/velodyne_msgs'
[0.239s] INFO:colcon.colcon_core.plugin_system:Skipping extension 'colcon_core.shell.bat': Not used on non-Windows systems
[0.239s] INFO:colcon.colcon_core.shell:Skip shell extension 'powershell' for command environment: Not usable outside of PowerShell
[0.239s] DEBUG:colcon.colcon_core.shell:Skip shell extension 'dsv' for command environment
[0.241s] INFO:colcon.colcon_ros.task.ament_cmake.build:Building ROS package in '/home/omen16/workspace/grad_ws/src/velodyne/velodyne_laserscan' with build type 'ament_cmake'
[0.241s] INFO:colcon.colcon_cmake.task.cmake.build:Building CMake package in '/home/omen16/workspace/grad_ws/src/velodyne/velodyne_laserscan'
[0.241s] INFO:colcon.colcon_core.shell:Skip shell extension 'powershell' for command environment: Not usable outside of PowerShell
[0.241s] DEBUG:colcon.colcon_core.shell:Skip shell extension 'dsv' for command environment
[0.244s] INFO:colcon.colcon_ros.task.ament_python.build:Building ROS package in '/home/omen16/workspace/grad_ws/src/lidar_processor' with build type 'ament_python'
[0.244s] Level 1:colcon.colcon_core.shell:create_environment_hook('lidar_processor', 'ament_prefix_path')
[0.244s] INFO:colcon.colcon_core.shell:Creating environment hook '/home/omen16/workspace/grad_ws/install/lidar_processor/share/lidar_processor/hook/ament_prefix_path.ps1'
[0.245s] INFO:colcon.colcon_core.shell:Creating environment descriptor '/home/omen16/workspace/grad_ws/install/lidar_processor/share/lidar_processor/hook/ament_prefix_path.dsv'
[0.245s] INFO:colcon.colcon_core.shell:Creating environment hook '/home/omen16/workspace/grad_ws/install/lidar_processor/share/lidar_processor/hook/ament_prefix_path.sh'
[0.245s] INFO:colcon.colcon_core.shell:Skip shell extension 'powershell' for command environment: Not usable outside of PowerShell
[0.245s] DEBUG:colcon.colcon_core.shell:Skip shell extension 'dsv' for command environment
[0.250s] DEBUG:colcon.colcon_core.event_handler.log_command:Invoking command in '/home/omen16/workspace/grad_ws/build/velodyne_msgs': CMAKE_PREFIX_PATH=${CMAKE_PREFIX_PATH}:/home/omen16/workspace/grad_ws/install/lidar_processor:/opt/ros/humble /usr/bin/cmake --build /home/omen16/workspace/grad_ws/build/velodyne_msgs -- -j32 -l32
[0.252s] DEBUG:colcon.colcon_core.event_handler.log_command:Invoking command in '/home/omen16/workspace/grad_ws/build/velodyne_laserscan': CMAKE_PREFIX_PATH=${CMAKE_PREFIX_PATH}:/home/omen16/workspace/grad_ws/install/lidar_processor:/opt/ros/humble /usr/bin/cmake --build /home/omen16/workspace/grad_ws/build/velodyne_laserscan -- -j32 -l32
[0.412s] INFO:colcon.colcon_core.task.python.build:Building Python package in '/home/omen16/workspace/grad_ws/src/lidar_processor'
[0.412s] INFO:colcon.colcon_core.shell:Skip shell extension 'powershell' for command environment: Not usable outside of PowerShell
[0.413s] DEBUG:colcon.colcon_core.shell:Skip shell extension 'dsv' for command environment
[0.416s] DEBUG:colcon.colcon_core.event_handler.log_command:Invoked command in '/home/omen16/workspace/grad_ws/build/velodyne_laserscan' returned '0': CMAKE_PREFIX_PATH=${CMAKE_PREFIX_PATH}:/home/omen16/workspace/grad_ws/install/lidar_processor:/opt/ros/humble /usr/bin/cmake --build /home/omen16/workspace/grad_ws/build/velodyne_laserscan -- -j32 -l32
[0.423s] DEBUG:colcon.colcon_core.event_handler.log_command:Invoking command in '/home/omen16/workspace/grad_ws/build/velodyne_laserscan': CMAKE_PREFIX_PATH=${CMAKE_PREFIX_PATH}:/home/omen16/workspace/grad_ws/install/lidar_processor:/opt/ros/humble /usr/bin/cmake --install /home/omen16/workspace/grad_ws/build/velodyne_laserscan
[0.570s] DEBUG:colcon.colcon_core.event_handler.log_command:Invoked command in '/home/omen16/workspace/grad_ws/build/velodyne_msgs' returned '0': CMAKE_PREFIX_PATH=${CMAKE_PREFIX_PATH}:/home/omen16/workspace/grad_ws/install/lidar_processor:/opt/ros/humble /usr/bin/cmake --build /home/omen16/workspace/grad_ws/build/velodyne_msgs -- -j32 -l32
[0.571s] DEBUG:colcon.colcon_core.event_handler.log_command:Invoking command in '/home/omen16/workspace/grad_ws/build/velodyne_msgs': CMAKE_PREFIX_PATH=${CMAKE_PREFIX_PATH}:/home/omen16/workspace/grad_ws/install/lidar_processor:/opt/ros/humble /usr/bin/cmake --install /home/omen16/workspace/grad_ws/build/velodyne_msgs
[0.655s] Level 1:colcon.colcon_core.environment:create_environment_scripts_only(velodyne_laserscan)
[0.656s] DEBUG:colcon.colcon_core.event_handler.log_command:Invoked command in '/home/omen16/workspace/grad_ws/build/velodyne_laserscan' returned '0': CMAKE_PREFIX_PATH=${CMAKE_PREFIX_PATH}:/home/omen16/workspace/grad_ws/install/lidar_processor:/opt/ros/humble /usr/bin/cmake --install /home/omen16/workspace/grad_ws/build/velodyne_laserscan
[0.661s] Level 1:colcon.colcon_core.environment:checking '/home/omen16/workspace/grad_ws/install/velodyne_laserscan' for CMake module files
[0.661s] Level 1:colcon.colcon_core.environment:checking '/home/omen16/workspace/grad_ws/install/velodyne_laserscan' for CMake config files
[0.661s] Level 1:colcon.colcon_core.shell:create_environment_hook('velodyne_laserscan', 'cmake_prefix_path')
[0.661s] INFO:colcon.colcon_core.shell:Creating environment hook '/home/omen16/workspace/grad_ws/install/velodyne_laserscan/share/velodyne_laserscan/hook/cmake_prefix_path.ps1'
[0.661s] INFO:colcon.colcon_core.shell:Creating environment descriptor '/home/omen16/workspace/grad_ws/install/velodyne_laserscan/share/velodyne_laserscan/hook/cmake_prefix_path.dsv'
[0.662s] INFO:colcon.colcon_core.shell:Creating environment hook '/home/omen16/workspace/grad_ws/install/velodyne_laserscan/share/velodyne_laserscan/hook/cmake_prefix_path.sh'
[0.662s] Level 1:colcon.colcon_core.environment:checking '/home/omen16/workspace/grad_ws/install/velodyne_laserscan/lib'
[0.662s] Level 1:colcon.colcon_core.shell:create_environment_hook('velodyne_laserscan', 'ld_library_path_lib')
[0.662s] INFO:colcon.colcon_core.shell:Creating environment hook '/home/omen16/workspace/grad_ws/install/velodyne_laserscan/share/velodyne_laserscan/hook/ld_library_path_lib.ps1'
[0.662s] INFO:colcon.colcon_core.shell:Creating environment descriptor '/home/omen16/workspace/grad_ws/install/velodyne_laserscan/share/velodyne_laserscan/hook/ld_library_path_lib.dsv'
[0.663s] INFO:colcon.colcon_core.shell:Creating environment hook '/home/omen16/workspace/grad_ws/install/velodyne_laserscan/share/velodyne_laserscan/hook/ld_library_path_lib.sh'
[0.663s] Level 1:colcon.colcon_core.environment:checking '/home/omen16/workspace/grad_ws/install/velodyne_laserscan/bin'
[0.663s] Level 1:colcon.colcon_core.environment:checking '/home/omen16/workspace/grad_ws/install/velodyne_laserscan/lib/pkgconfig/velodyne_laserscan.pc'
[0.663s] Level 1:colcon.colcon_core.environment:checking '/home/omen16/workspace/grad_ws/install/velodyne_laserscan/lib/python3.10/site-packages'
[0.663s] Level 1:colcon.colcon_core.environment:checking '/home/omen16/workspace/grad_ws/install/velodyne_laserscan/bin'
[0.663s] INFO:colcon.colcon_core.shell:Creating package script '/home/omen16/workspace/grad_ws/install/velodyne_laserscan/share/velodyne_laserscan/package.ps1'
[0.664s] INFO:colcon.colcon_core.shell:Creating package descriptor '/home/omen16/workspace/grad_ws/install/velodyne_laserscan/share/velodyne_laserscan/package.dsv'
[0.664s] INFO:colcon.colcon_core.shell:Creating package script '/home/omen16/workspace/grad_ws/install/velodyne_laserscan/share/velodyne_laserscan/package.sh'
[0.664s] INFO:colcon.colcon_core.shell:Creating package script '/home/omen16/workspace/grad_ws/install/velodyne_laserscan/share/velodyne_laserscan/package.bash'
[0.665s] INFO:colcon.colcon_core.shell:Creating package script '/home/omen16/workspace/grad_ws/install/velodyne_laserscan/share/velodyne_laserscan/package.zsh'
[0.665s] Level 1:colcon.colcon_core.environment:create_file_with_runtime_dependencies(/home/omen16/workspace/grad_ws/install/velodyne_laserscan/share/colcon-core/packages/velodyne_laserscan)
[0.665s] Level 1:colcon.colcon_core.environment:create_environment_scripts_only(velodyne_laserscan)
[0.666s] Level 1:colcon.colcon_core.environment:checking '/home/omen16/workspace/grad_ws/install/velodyne_laserscan' for CMake module files
[0.666s] Level 1:colcon.colcon_core.environment:checking '/home/omen16/workspace/grad_ws/install/velodyne_laserscan' for CMake config files
[0.666s] Level 1:colcon.colcon_core.shell:create_environment_hook('velodyne_laserscan', 'cmake_prefix_path')
[0.666s] INFO:colcon.colcon_core.shell:Creating environment hook '/home/omen16/workspace/grad_ws/install/velodyne_laserscan/share/velodyne_laserscan/hook/cmake_prefix_path.ps1'
[0.666s] INFO:colcon.colcon_core.shell:Creating environment descriptor '/home/omen16/workspace/grad_ws/install/velodyne_laserscan/share/velodyne_laserscan/hook/cmake_prefix_path.dsv'
[0.666s] INFO:colcon.colcon_core.shell:Creating environment hook '/home/omen16/workspace/grad_ws/install/velodyne_laserscan/share/velodyne_laserscan/hook/cmake_prefix_path.sh'
[0.667s] Level 1:colcon.colcon_core.environment:checking '/home/omen16/workspace/grad_ws/install/velodyne_laserscan/lib'
[0.667s] Level 1:colcon.colcon_core.shell:create_environment_hook('velodyne_laserscan', 'ld_library_path_lib')
[0.667s] INFO:colcon.colcon_core.shell:Creating environment hook '/home/omen16/workspace/grad_ws/install/velodyne_laserscan/share/velodyne_laserscan/hook/ld_library_path_lib.ps1'
[0.667s] INFO:colcon.colcon_core.shell:Creating environment descriptor '/home/omen16/workspace/grad_ws/install/velodyne_laserscan/share/velodyne_laserscan/hook/ld_library_path_lib.dsv'
[0.667s] INFO:colcon.colcon_core.shell:Creating environment hook '/home/omen16/workspace/grad_ws/install/velodyne_laserscan/share/velodyne_laserscan/hook/ld_library_path_lib.sh'
[0.667s] Level 1:colcon.colcon_core.environment:checking '/home/omen16/workspace/grad_ws/install/velodyne_laserscan/bin'
[0.667s] Level 1:colcon.colcon_core.environment:checking '/home/omen16/workspace/grad_ws/install/velodyne_laserscan/lib/pkgconfig/velodyne_laserscan.pc'
[0.668s] Level 1:colcon.colcon_core.environment:checking '/home/omen16/workspace/grad_ws/install/velodyne_laserscan/lib/python3.10/site-packages'
[0.668s] Level 1:colcon.colcon_core.environment:checking '/home/omen16/workspace/grad_ws/install/velodyne_laserscan/bin'
[0.668s] INFO:colcon.colcon_core.shell:Creating package script '/home/omen16/workspace/grad_ws/install/velodyne_laserscan/share/velodyne_laserscan/package.ps1'
[0.668s] INFO:colcon.colcon_core.shell:Creating package descriptor '/home/omen16/workspace/grad_ws/install/velodyne_laserscan/share/velodyne_laserscan/package.dsv'
[0.668s] INFO:colcon.colcon_core.shell:Creating package script '/home/omen16/workspace/grad_ws/install/velodyne_laserscan/share/velodyne_laserscan/package.sh'
[0.669s] INFO:colcon.colcon_core.shell:Creating package script '/home/omen16/workspace/grad_ws/install/velodyne_laserscan/share/velodyne_laserscan/package.bash'
[0.669s] INFO:colcon.colcon_core.shell:Creating package script '/home/omen16/workspace/grad_ws/install/velodyne_laserscan/share/velodyne_laserscan/package.zsh'
[0.669s] Level 1:colcon.colcon_core.environment:create_file_with_runtime_dependencies(/home/omen16/workspace/grad_ws/install/velodyne_laserscan/share/colcon-core/packages/velodyne_laserscan)
[0.689s] Level 1:colcon.colcon_core.environment:create_environment_scripts_only(velodyne_msgs)
[0.689s] DEBUG:colcon.colcon_core.event_handler.log_command:Invoked command in '/home/omen16/workspace/grad_ws/build/velodyne_msgs' returned '0': CMAKE_PREFIX_PATH=${CMAKE_PREFIX_PATH}:/home/omen16/workspace/grad_ws/install/lidar_processor:/opt/ros/humble /usr/bin/cmake --install /home/omen16/workspace/grad_ws/build/velodyne_msgs
[0.689s] Level 1:colcon.colcon_core.environment:checking '/home/omen16/workspace/grad_ws/install/velodyne_msgs' for CMake module files
[0.690s] Level 1:colcon.colcon_core.environment:checking '/home/omen16/workspace/grad_ws/install/velodyne_msgs' for CMake config files
[0.691s] Level 1:colcon.colcon_core.shell:create_environment_hook('velodyne_msgs', 'cmake_prefix_path')
[0.691s] INFO:colcon.colcon_core.shell:Creating environment hook '/home/omen16/workspace/grad_ws/install/velodyne_msgs/share/velodyne_msgs/hook/cmake_prefix_path.ps1'
[0.692s] INFO:colcon.colcon_core.shell:Creating environment descriptor '/home/omen16/workspace/grad_ws/install/velodyne_msgs/share/velodyne_msgs/hook/cmake_prefix_path.dsv'
[0.692s] INFO:colcon.colcon_core.shell:Creating environment hook '/home/omen16/workspace/grad_ws/install/velodyne_msgs/share/velodyne_msgs/hook/cmake_prefix_path.sh'
[0.693s] Level 1:colcon.colcon_core.environment:checking '/home/omen16/workspace/grad_ws/install/velodyne_msgs/lib'
[0.693s] Level 1:colcon.colcon_core.shell:create_environment_hook('velodyne_msgs', 'ld_library_path_lib')
[0.693s] INFO:colcon.colcon_core.shell:Creating environment hook '/home/omen16/workspace/grad_ws/install/velodyne_msgs/share/velodyne_msgs/hook/ld_library_path_lib.ps1'
[0.694s] INFO:colcon.colcon_core.shell:Creating environment descriptor '/home/omen16/workspace/grad_ws/install/velodyne_msgs/share/velodyne_msgs/hook/ld_library_path_lib.dsv'
[0.694s] INFO:colcon.colcon_core.shell:Creating environment hook '/home/omen16/workspace/grad_ws/install/velodyne_msgs/share/velodyne_msgs/hook/ld_library_path_lib.sh'
[0.695s] Level 1:colcon.colcon_core.environment:checking '/home/omen16/workspace/grad_ws/install/velodyne_msgs/bin'
[0.695s] Level 1:colcon.colcon_core.environment:checking '/home/omen16/workspace/grad_ws/install/velodyne_msgs/lib/pkgconfig/velodyne_msgs.pc'
[0.695s] Level 1:colcon.colcon_core.environment:checking '/home/omen16/workspace/grad_ws/install/velodyne_msgs/lib/python3.10/site-packages'
[0.696s] Level 1:colcon.colcon_core.environment:checking '/home/omen16/workspace/grad_ws/install/velodyne_msgs/bin'
[0.696s] INFO:colcon.colcon_core.shell:Creating package script '/home/omen16/workspace/grad_ws/install/velodyne_msgs/share/velodyne_msgs/package.ps1'
[0.697s] INFO:colcon.colcon_core.shell:Creating package descriptor '/home/omen16/workspace/grad_ws/install/velodyne_msgs/share/velodyne_msgs/package.dsv'
[0.697s] INFO:colcon.colcon_core.shell:Creating package script '/home/omen16/workspace/grad_ws/install/velodyne_msgs/share/velodyne_msgs/package.sh'
[0.698s] INFO:colcon.colcon_core.shell:Creating package script '/home/omen16/workspace/grad_ws/install/velodyne_msgs/share/velodyne_msgs/package.bash'
[0.698s] INFO:colcon.colcon_core.shell:Creating package script '/home/omen16/workspace/grad_ws/install/velodyne_msgs/share/velodyne_msgs/package.zsh'
[0.699s] Level 1:colcon.colcon_core.environment:create_file_with_runtime_dependencies(/home/omen16/workspace/grad_ws/install/velodyne_msgs/share/colcon-core/packages/velodyne_msgs)
[0.700s] Level 1:colcon.colcon_core.environment:create_environment_scripts_only(velodyne_msgs)
[0.700s] Level 1:colcon.colcon_core.environment:checking '/home/omen16/workspace/grad_ws/install/velodyne_msgs' for CMake module files
[0.701s] Level 1:colcon.colcon_core.environment:checking '/home/omen16/workspace/grad_ws/install/velodyne_msgs' for CMake config files
[0.701s] Level 1:colcon.colcon_core.shell:create_environment_hook('velodyne_msgs', 'cmake_prefix_path')
[0.701s] INFO:colcon.colcon_core.shell:Creating environment hook '/home/omen16/workspace/grad_ws/install/velodyne_msgs/share/velodyne_msgs/hook/cmake_prefix_path.ps1'
[0.702s] INFO:colcon.colcon_core.shell:Creating environment descriptor '/home/omen16/workspace/grad_ws/install/velodyne_msgs/share/velodyne_msgs/hook/cmake_prefix_path.dsv'
[0.702s] INFO:colcon.colcon_core.shell:Creating environment hook '/home/omen16/workspace/grad_ws/install/velodyne_msgs/share/velodyne_msgs/hook/cmake_prefix_path.sh'
[0.703s] Level 1:colcon.colcon_core.environment:checking '/home/omen16/workspace/grad_ws/install/velodyne_msgs/lib'
[0.703s] Level 1:colcon.colcon_core.shell:create_environment_hook('velodyne_msgs', 'ld_library_path_lib')
[0.703s] INFO:colcon.colcon_core.shell:Creating environment hook '/home/omen16/workspace/grad_ws/install/velodyne_msgs/share/velodyne_msgs/hook/ld_library_path_lib.ps1'
[0.703s] INFO:colcon.colcon_core.shell:Creating environment descriptor '/home/omen16/workspace/grad_ws/install/velodyne_msgs/share/velodyne_msgs/hook/ld_library_path_lib.dsv'
[0.703s] INFO:colcon.colcon_core.shell:Creating environment hook '/home/omen16/workspace/grad_ws/install/velodyne_msgs/share/velodyne_msgs/hook/ld_library_path_lib.sh'
[0.703s] Level 1:colcon.colcon_core.environment:checking '/home/omen16/workspace/grad_ws/install/velodyne_msgs/bin'
[0.703s] Level 1:colcon.colcon_core.environment:checking '/home/omen16/workspace/grad_ws/install/velodyne_msgs/lib/pkgconfig/velodyne_msgs.pc'
[0.704s] Level 1:colcon.colcon_core.environment:checking '/home/omen16/workspace/grad_ws/install/velodyne_msgs/lib/python3.10/site-packages'
[0.704s] Level 1:colcon.colcon_core.environment:checking '/home/omen16/workspace/grad_ws/install/velodyne_msgs/bin'
[0.704s] INFO:colcon.colcon_core.shell:Creating package script '/home/omen16/workspace/grad_ws/install/velodyne_msgs/share/velodyne_msgs/package.ps1'
[0.705s] INFO:colcon.colcon_core.shell:Creating package descriptor '/home/omen16/workspace/grad_ws/install/velodyne_msgs/share/velodyne_msgs/package.dsv'
[0.705s] INFO:colcon.colcon_core.shell:Creating package script '/home/omen16/workspace/grad_ws/install/velodyne_msgs/share/velodyne_msgs/package.sh'
[0.705s] INFO:colcon.colcon_core.shell:Creating package script '/home/omen16/workspace/grad_ws/install/velodyne_msgs/share/velodyne_msgs/package.bash'
[0.705s] INFO:colcon.colcon_core.shell:Creating package script '/home/omen16/workspace/grad_ws/install/velodyne_msgs/share/velodyne_msgs/package.zsh'
[0.705s] Level 1:colcon.colcon_core.environment:create_file_with_runtime_dependencies(/home/omen16/workspace/grad_ws/install/velodyne_msgs/share/colcon-core/packages/velodyne_msgs)
[0.706s] INFO:colcon.colcon_ros.task.ament_cmake.build:Building ROS package in '/home/omen16/workspace/grad_ws/src/velodyne/velodyne_driver' with build type 'ament_cmake'
[0.706s] INFO:colcon.colcon_cmake.task.cmake.build:Building CMake package in '/home/omen16/workspace/grad_ws/src/velodyne/velodyne_driver'
[0.706s] INFO:colcon.colcon_core.shell:Skip shell extension 'powershell' for command environment: Not usable outside of PowerShell
[0.706s] DEBUG:colcon.colcon_core.shell:Skip shell extension 'dsv' for command environment
[0.708s] INFO:colcon.colcon_ros.task.ament_cmake.build:Building ROS package in '/home/omen16/workspace/grad_ws/src/velodyne/velodyne_pointcloud' with build type 'ament_cmake'
[0.709s] INFO:colcon.colcon_cmake.task.cmake.build:Building CMake package in '/home/omen16/workspace/grad_ws/src/velodyne/velodyne_pointcloud'
[0.709s] INFO:colcon.colcon_core.shell:Skip shell extension 'powershell' for command environment: Not usable outside of PowerShell
[0.709s] DEBUG:colcon.colcon_core.shell:Skip shell extension 'dsv' for command environment
[0.715s] DEBUG:colcon.colcon_core.event_handler.log_command:Invoking command in '/home/omen16/workspace/grad_ws/build/velodyne_driver': CMAKE_PREFIX_PATH=/home/omen16/workspace/grad_ws/install/velodyne_msgs:/home/omen16/workspace/grad_ws/install/velodyne:/home/omen16/workspace/grad_ws/install/velodyne_pointcloud:/home/omen16/workspace/grad_ws/install/velodyne_driver:/home/omen16/workspace/grad_ws/install/velodyne_laserscan:/home/omen16/workspace/grad_ws/install/lidar_processor:/opt/ros/humble LD_LIBRARY_PATH=/home/omen16/workspace/grad_ws/install/velodyne_msgs/lib:/usr/local/cuda-12.8/lib64:/home/omen16/workspace/grad_ws/install/velodyne_pointcloud/lib:/home/omen16/workspace/grad_ws/install/velodyne_driver/lib:/home/omen16/workspace/grad_ws/install/velodyne_laserscan/lib:/opt/ros/humble/opt/rviz_ogre_vendor/lib:/opt/ros/humble/lib/x86_64-linux-gnu:/opt/ros/humble/lib /usr/bin/cmake --build /home/omen16/workspace/grad_ws/build/velodyne_driver -- -j32 -l32
[0.717s] DEBUG:colcon.colcon_core.event_handler.log_command:Invoking command in '/home/omen16/workspace/grad_ws/build/velodyne_pointcloud': CMAKE_PREFIX_PATH=/home/omen16/workspace/grad_ws/install/velodyne_msgs:/home/omen16/workspace/grad_ws/install/velodyne:/home/omen16/workspace/grad_ws/install/velodyne_pointcloud:/home/omen16/workspace/grad_ws/install/velodyne_driver:/home/omen16/workspace/grad_ws/install/velodyne_laserscan:/home/omen16/workspace/grad_ws/install/lidar_processor:/opt/ros/humble LD_LIBRARY_PATH=/home/omen16/workspace/grad_ws/install/velodyne_msgs/lib:/usr/local/cuda-12.8/lib64:/home/omen16/workspace/grad_ws/install/velodyne_pointcloud/lib:/home/omen16/workspace/grad_ws/install/velodyne_driver/lib:/home/omen16/workspace/grad_ws/install/velodyne_laserscan/lib:/opt/ros/humble/opt/rviz_ogre_vendor/lib:/opt/ros/humble/lib/x86_64-linux-gnu:/opt/ros/humble/lib /usr/bin/cmake --build /home/omen16/workspace/grad_ws/build/velodyne_pointcloud -- -j32 -l32
[0.829s] DEBUG:colcon.colcon_core.event_handler.log_command:Invoked command in '/home/omen16/workspace/grad_ws/build/velodyne_driver' returned '0': CMAKE_PREFIX_PATH=/home/omen16/workspace/grad_ws/install/velodyne_msgs:/home/omen16/workspace/grad_ws/install/velodyne:/home/omen16/workspace/grad_ws/install/velodyne_pointcloud:/home/omen16/workspace/grad_ws/install/velodyne_driver:/home/omen16/workspace/grad_ws/install/velodyne_laserscan:/home/omen16/workspace/grad_ws/install/lidar_processor:/opt/ros/humble LD_LIBRARY_PATH=/home/omen16/workspace/grad_ws/install/velodyne_msgs/lib:/usr/local/cuda-12.8/lib64:/home/omen16/workspace/grad_ws/install/velodyne_pointcloud/lib:/home/omen16/workspace/grad_ws/install/velodyne_driver/lib:/home/omen16/workspace/grad_ws/install/velodyne_laserscan/lib:/opt/ros/humble/opt/rviz_ogre_vendor/lib:/opt/ros/humble/lib/x86_64-linux-gnu:/opt/ros/humble/lib /usr/bin/cmake --build /home/omen16/workspace/grad_ws/build/velodyne_driver -- -j32 -l32
[0.830s] DEBUG:colcon.colcon_core.event_handler.log_command:Invoking command in '/home/omen16/workspace/grad_ws/build/velodyne_driver': CMAKE_PREFIX_PATH=/home/omen16/workspace/grad_ws/install/velodyne_msgs:/home/omen16/workspace/grad_ws/install/velodyne:/home/omen16/workspace/grad_ws/install/velodyne_pointcloud:/home/omen16/workspace/grad_ws/install/velodyne_driver:/home/omen16/workspace/grad_ws/install/velodyne_laserscan:/home/omen16/workspace/grad_ws/install/lidar_processor:/opt/ros/humble LD_LIBRARY_PATH=/home/omen16/workspace/grad_ws/install/velodyne_msgs/lib:/usr/local/cuda-12.8/lib64:/home/omen16/workspace/grad_ws/install/velodyne_pointcloud/lib:/home/omen16/workspace/grad_ws/install/velodyne_driver/lib:/home/omen16/workspace/grad_ws/install/velodyne_laserscan/lib:/opt/ros/humble/opt/rviz_ogre_vendor/lib:/opt/ros/humble/lib/x86_64-linux-gnu:/opt/ros/humble/lib /usr/bin/cmake --install /home/omen16/workspace/grad_ws/build/velodyne_driver
[0.840s] Level 1:colcon.colcon_core.environment:create_environment_scripts_only(velodyne_driver)
[0.840s] DEBUG:colcon.colcon_core.event_handler.log_command:Invoked command in '/home/omen16/workspace/grad_ws/build/velodyne_driver' returned '0': CMAKE_PREFIX_PATH=/home/omen16/workspace/grad_ws/install/velodyne_msgs:/home/omen16/workspace/grad_ws/install/velodyne:/home/omen16/workspace/grad_ws/install/velodyne_pointcloud:/home/omen16/workspace/grad_ws/install/velodyne_driver:/home/omen16/workspace/grad_ws/install/velodyne_laserscan:/home/omen16/workspace/grad_ws/install/lidar_processor:/opt/ros/humble LD_LIBRARY_PATH=/home/omen16/workspace/grad_ws/install/velodyne_msgs/lib:/usr/local/cuda-12.8/lib64:/home/omen16/workspace/grad_ws/install/velodyne_pointcloud/lib:/home/omen16/workspace/grad_ws/install/velodyne_driver/lib:/home/omen16/workspace/grad_ws/install/velodyne_laserscan/lib:/opt/ros/humble/opt/rviz_ogre_vendor/lib:/opt/ros/humble/lib/x86_64-linux-gnu:/opt/ros/humble/lib /usr/bin/cmake --install /home/omen16/workspace/grad_ws/build/velodyne_driver
[0.841s] Level 1:colcon.colcon_core.environment:checking '/home/omen16/workspace/grad_ws/install/velodyne_driver' for CMake module files
[0.841s] Level 1:colcon.colcon_core.environment:checking '/home/omen16/workspace/grad_ws/install/velodyne_driver' for CMake config files
[0.841s] Level 1:colcon.colcon_core.shell:create_environment_hook('velodyne_driver', 'cmake_prefix_path')
[0.842s] INFO:colcon.colcon_core.shell:Creating environment hook '/home/omen16/workspace/grad_ws/install/velodyne_driver/share/velodyne_driver/hook/cmake_prefix_path.ps1'
[0.842s] INFO:colcon.colcon_core.shell:Creating environment descriptor '/home/omen16/workspace/grad_ws/install/velodyne_driver/share/velodyne_driver/hook/cmake_prefix_path.dsv'
[0.842s] INFO:colcon.colcon_core.shell:Creating environment hook '/home/omen16/workspace/grad_ws/install/velodyne_driver/share/velodyne_driver/hook/cmake_prefix_path.sh'
[0.842s] Level 1:colcon.colcon_core.environment:checking '/home/omen16/workspace/grad_ws/install/velodyne_driver/lib'
[0.842s] Level 1:colcon.colcon_core.shell:create_environment_hook('velodyne_driver', 'ld_library_path_lib')
[0.843s] INFO:colcon.colcon_core.shell:Creating environment hook '/home/omen16/workspace/grad_ws/install/velodyne_driver/share/velodyne_driver/hook/ld_library_path_lib.ps1'
[0.843s] INFO:colcon.colcon_core.shell:Creating environment descriptor '/home/omen16/workspace/grad_ws/install/velodyne_driver/share/velodyne_driver/hook/ld_library_path_lib.dsv'
[0.843s] INFO:colcon.colcon_core.shell:Creating environment hook '/home/omen16/workspace/grad_ws/install/velodyne_driver/share/velodyne_driver/hook/ld_library_path_lib.sh'
[0.843s] Level 1:colcon.colcon_core.environment:checking '/home/omen16/workspace/grad_ws/install/velodyne_driver/bin'
[0.843s] Level 1:colcon.colcon_core.environment:checking '/home/omen16/workspace/grad_ws/install/velodyne_driver/lib/pkgconfig/velodyne_driver.pc'
[0.843s] Level 1:colcon.colcon_core.environment:checking '/home/omen16/workspace/grad_ws/install/velodyne_driver/lib/python3.10/site-packages'
[0.844s] Level 1:colcon.colcon_core.environment:checking '/home/omen16/workspace/grad_ws/install/velodyne_driver/bin'
[0.844s] INFO:colcon.colcon_core.shell:Creating package script '/home/omen16/workspace/grad_ws/install/velodyne_driver/share/velodyne_driver/package.ps1'
[0.844s] INFO:colcon.colcon_core.shell:Creating package descriptor '/home/omen16/workspace/grad_ws/install/velodyne_driver/share/velodyne_driver/package.dsv'
[0.844s] INFO:colcon.colcon_core.shell:Creating package script '/home/omen16/workspace/grad_ws/install/velodyne_driver/share/velodyne_driver/package.sh'
[0.845s] INFO:colcon.colcon_core.shell:Creating package script '/home/omen16/workspace/grad_ws/install/velodyne_driver/share/velodyne_driver/package.bash'
[0.845s] INFO:colcon.colcon_core.shell:Creating package script '/home/omen16/workspace/grad_ws/install/velodyne_driver/share/velodyne_driver/package.zsh'
[0.845s] Level 1:colcon.colcon_core.environment:create_file_with_runtime_dependencies(/home/omen16/workspace/grad_ws/install/velodyne_driver/share/colcon-core/packages/velodyne_driver)
[0.845s] Level 1:colcon.colcon_core.environment:create_environment_scripts_only(velodyne_driver)
[0.845s] Level 1:colcon.colcon_core.environment:checking '/home/omen16/workspace/grad_ws/install/velodyne_driver' for CMake module files
[0.846s] Level 1:colcon.colcon_core.environment:checking '/home/omen16/workspace/grad_ws/install/velodyne_driver' for CMake config files
[0.846s] Level 1:colcon.colcon_core.shell:create_environment_hook('velodyne_driver', 'cmake_prefix_path')
[0.846s] INFO:colcon.colcon_core.shell:Creating environment hook '/home/omen16/workspace/grad_ws/install/velodyne_driver/share/velodyne_driver/hook/cmake_prefix_path.ps1'
[0.846s] INFO:colcon.colcon_core.shell:Creating environment descriptor '/home/omen16/workspace/grad_ws/install/velodyne_driver/share/velodyne_driver/hook/cmake_prefix_path.dsv'
[0.846s] INFO:colcon.colcon_core.shell:Creating environment hook '/home/omen16/workspace/grad_ws/install/velodyne_driver/share/velodyne_driver/hook/cmake_prefix_path.sh'
[0.847s] Level 1:colcon.colcon_core.environment:checking '/home/omen16/workspace/grad_ws/install/velodyne_driver/lib'
[0.847s] Level 1:colcon.colcon_core.shell:create_environment_hook('velodyne_driver', 'ld_library_path_lib')
[0.847s] INFO:colcon.colcon_core.shell:Creating environment hook '/home/omen16/workspace/grad_ws/install/velodyne_driver/share/velodyne_driver/hook/ld_library_path_lib.ps1'
[0.847s] INFO:colcon.colcon_core.shell:Creating environment descriptor '/home/omen16/workspace/grad_ws/install/velodyne_driver/share/velodyne_driver/hook/ld_library_path_lib.dsv'
[0.847s] INFO:colcon.colcon_core.shell:Creating environment hook '/home/omen16/workspace/grad_ws/install/velodyne_driver/share/velodyne_driver/hook/ld_library_path_lib.sh'
[0.847s] Level 1:colcon.colcon_core.environment:checking '/home/omen16/workspace/grad_ws/install/velodyne_driver/bin'
[0.847s] Level 1:colcon.colcon_core.environment:checking '/home/omen16/workspace/grad_ws/install/velodyne_driver/lib/pkgconfig/velodyne_driver.pc'
[0.848s] Level 1:colcon.colcon_core.environment:checking '/home/omen16/workspace/grad_ws/install/velodyne_driver/lib/python3.10/site-packages'
[0.848s] Level 1:colcon.colcon_core.environment:checking '/home/omen16/workspace/grad_ws/install/velodyne_driver/bin'
[0.848s] INFO:colcon.colcon_core.shell:Creating package script '/home/omen16/workspace/grad_ws/install/velodyne_driver/share/velodyne_driver/package.ps1'
[0.848s] INFO:colcon.colcon_core.shell:Creating package descriptor '/home/omen16/workspace/grad_ws/install/velodyne_driver/share/velodyne_driver/package.dsv'
[0.848s] INFO:colcon.colcon_core.shell:Creating package script '/home/omen16/workspace/grad_ws/install/velodyne_driver/share/velodyne_driver/package.sh'
[0.849s] INFO:colcon.colcon_core.shell:Creating package script '/home/omen16/workspace/grad_ws/install/velodyne_driver/share/velodyne_driver/package.bash'
[0.849s] INFO:colcon.colcon_core.shell:Creating package script '/home/omen16/workspace/grad_ws/install/velodyne_driver/share/velodyne_driver/package.zsh'
[0.849s] Level 1:colcon.colcon_core.environment:create_file_with_runtime_dependencies(/home/omen16/workspace/grad_ws/install/velodyne_driver/share/colcon-core/packages/velodyne_driver)
[0.870s] DEBUG:colcon.colcon_core.event_handler.log_command:Invoking command in '/home/omen16/workspace/grad_ws/src/lidar_processor': PYTHONPATH=/home/omen16/workspace/grad_ws/build/lidar_processor/prefix_override:/usr/lib/python3/dist-packages/colcon_core/task/python/colcon_distutils_commands:/home/omen16/workspace/grad_ws/install/lidar_processor/lib/python3.10/site-packages:${PYTHONPATH} /usr/bin/python3 -W ignore:setup.py install is deprecated -W ignore:easy_install command is deprecated setup.py egg_info --egg-base ../../build/lidar_processor build --build-base /home/omen16/workspace/grad_ws/build/lidar_processor/build install --record /home/omen16/workspace/grad_ws/build/lidar_processor/install.log --single-version-externally-managed install_data
[1.045s] Level 1:colcon.colcon_core.environment:checking '/home/omen16/workspace/grad_ws/install/lidar_processor' for CMake module files
[1.046s] DEBUG:colcon.colcon_core.event_handler.log_command:Invoked command in '/home/omen16/workspace/grad_ws/src/lidar_processor' returned '0': PYTHONPATH=/home/omen16/workspace/grad_ws/build/lidar_processor/prefix_override:/usr/lib/python3/dist-packages/colcon_core/task/python/colcon_distutils_commands:/home/omen16/workspace/grad_ws/install/lidar_processor/lib/python3.10/site-packages:${PYTHONPATH} /usr/bin/python3 -W ignore:setup.py install is deprecated -W ignore:easy_install command is deprecated setup.py egg_info --egg-base ../../build/lidar_processor build --build-base /home/omen16/workspace/grad_ws/build/lidar_processor/build install --record /home/omen16/workspace/grad_ws/build/lidar_processor/install.log --single-version-externally-managed install_data
[1.047s] Level 1:colcon.colcon_core.environment:checking '/home/omen16/workspace/grad_ws/install/lidar_processor' for CMake config files
[1.048s] Level 1:colcon.colcon_core.environment:checking '/home/omen16/workspace/grad_ws/install/lidar_processor/lib'
[1.048s] Level 1:colcon.colcon_core.environment:checking '/home/omen16/workspace/grad_ws/install/lidar_processor/bin'
[1.048s] Level 1:colcon.colcon_core.environment:checking '/home/omen16/workspace/grad_ws/install/lidar_processor/lib/pkgconfig/lidar_processor.pc'
[1.048s] Level 1:colcon.colcon_core.environment:checking '/home/omen16/workspace/grad_ws/install/lidar_processor/lib/python3.10/site-packages'
[1.048s] Level 1:colcon.colcon_core.shell:create_environment_hook('lidar_processor', 'pythonpath')
[1.048s] INFO:colcon.colcon_core.shell:Creating environment hook '/home/omen16/workspace/grad_ws/install/lidar_processor/share/lidar_processor/hook/pythonpath.ps1'
[1.049s] INFO:colcon.colcon_core.shell:Creating environment descriptor '/home/omen16/workspace/grad_ws/install/lidar_processor/share/lidar_processor/hook/pythonpath.dsv'
[1.049s] INFO:colcon.colcon_core.shell:Creating environment hook '/home/omen16/workspace/grad_ws/install/lidar_processor/share/lidar_processor/hook/pythonpath.sh'
[1.049s] Level 1:colcon.colcon_core.environment:checking '/home/omen16/workspace/grad_ws/install/lidar_processor/bin'
[1.049s] Level 1:colcon.colcon_core.environment:create_environment_scripts_only(lidar_processor)
[1.050s] INFO:colcon.colcon_core.shell:Creating package script '/home/omen16/workspace/grad_ws/install/lidar_processor/share/lidar_processor/package.ps1'
[1.050s] INFO:colcon.colcon_core.shell:Creating package descriptor '/home/omen16/workspace/grad_ws/install/lidar_processor/share/lidar_processor/package.dsv'
[1.050s] INFO:colcon.colcon_core.shell:Creating package script '/home/omen16/workspace/grad_ws/install/lidar_processor/share/lidar_processor/package.sh'
[1.050s] INFO:colcon.colcon_core.shell:Creating package script '/home/omen16/workspace/grad_ws/install/lidar_processor/share/lidar_processor/package.bash'
[1.050s] INFO:colcon.colcon_core.shell:Creating package script '/home/omen16/workspace/grad_ws/install/lidar_processor/share/lidar_processor/package.zsh'
[1.051s] Level 1:colcon.colcon_core.environment:create_file_with_runtime_dependencies(/home/omen16/workspace/grad_ws/install/lidar_processor/share/colcon-core/packages/lidar_processor)
[5.165s] DEBUG:colcon.colcon_core.event_handler.log_command:Invoked command in '/home/omen16/workspace/grad_ws/build/velodyne_pointcloud' returned '0': CMAKE_PREFIX_PATH=/home/omen16/workspace/grad_ws/install/velodyne_msgs:/home/omen16/workspace/grad_ws/install/velodyne:/home/omen16/workspace/grad_ws/install/velodyne_pointcloud:/home/omen16/workspace/grad_ws/install/velodyne_driver:/home/omen16/workspace/grad_ws/install/velodyne_laserscan:/home/omen16/workspace/grad_ws/install/lidar_processor:/opt/ros/humble LD_LIBRARY_PATH=/home/omen16/workspace/grad_ws/install/velodyne_msgs/lib:/usr/local/cuda-12.8/lib64:/home/omen16/workspace/grad_ws/install/velodyne_pointcloud/lib:/home/omen16/workspace/grad_ws/install/velodyne_driver/lib:/home/omen16/workspace/grad_ws/install/velodyne_laserscan/lib:/opt/ros/humble/opt/rviz_ogre_vendor/lib:/opt/ros/humble/lib/x86_64-linux-gnu:/opt/ros/humble/lib /usr/bin/cmake --build /home/omen16/workspace/grad_ws/build/velodyne_pointcloud -- -j32 -l32
[5.167s] DEBUG:colcon.colcon_core.event_handler.log_command:Invoking command in '/home/omen16/workspace/grad_ws/build/velodyne_pointcloud': CMAKE_PREFIX_PATH=/home/omen16/workspace/grad_ws/install/velodyne_msgs:/home/omen16/workspace/grad_ws/install/velodyne:/home/omen16/workspace/grad_ws/install/velodyne_pointcloud:/home/omen16/workspace/grad_ws/install/velodyne_driver:/home/omen16/workspace/grad_ws/install/velodyne_laserscan:/home/omen16/workspace/grad_ws/install/lidar_processor:/opt/ros/humble LD_LIBRARY_PATH=/home/omen16/workspace/grad_ws/install/velodyne_msgs/lib:/usr/local/cuda-12.8/lib64:/home/omen16/workspace/grad_ws/install/velodyne_pointcloud/lib:/home/omen16/workspace/grad_ws/install/velodyne_driver/lib:/home/omen16/workspace/grad_ws/install/velodyne_laserscan/lib:/opt/ros/humble/opt/rviz_ogre_vendor/lib:/opt/ros/humble/lib/x86_64-linux-gnu:/opt/ros/humble/lib /usr/bin/cmake --install /home/omen16/workspace/grad_ws/build/velodyne_pointcloud
[5.190s] Level 1:colcon.colcon_core.environment:create_environment_scripts_only(velodyne_pointcloud)
[5.191s] Level 1:colcon.colcon_core.environment:checking '/home/omen16/workspace/grad_ws/install/velodyne_pointcloud' for CMake module files
[5.192s] DEBUG:colcon.colcon_core.event_handler.log_command:Invoked command in '/home/omen16/workspace/grad_ws/build/velodyne_pointcloud' returned '0': CMAKE_PREFIX_PATH=/home/omen16/workspace/grad_ws/install/velodyne_msgs:/home/omen16/workspace/grad_ws/install/velodyne:/home/omen16/workspace/grad_ws/install/velodyne_pointcloud:/home/omen16/workspace/grad_ws/install/velodyne_driver:/home/omen16/workspace/grad_ws/install/velodyne_laserscan:/home/omen16/workspace/grad_ws/install/lidar_processor:/opt/ros/humble LD_LIBRARY_PATH=/home/omen16/workspace/grad_ws/install/velodyne_msgs/lib:/usr/local/cuda-12.8/lib64:/home/omen16/workspace/grad_ws/install/velodyne_pointcloud/lib:/home/omen16/workspace/grad_ws/install/velodyne_driver/lib:/home/omen16/workspace/grad_ws/install/velodyne_laserscan/lib:/opt/ros/humble/opt/rviz_ogre_vendor/lib:/opt/ros/humble/lib/x86_64-linux-gnu:/opt/ros/humble/lib /usr/bin/cmake --install /home/omen16/workspace/grad_ws/build/velodyne_pointcloud
[5.192s] Level 1:colcon.colcon_core.environment:checking '/home/omen16/workspace/grad_ws/install/velodyne_pointcloud' for CMake config files
[5.193s] Level 1:colcon.colcon_core.shell:create_environment_hook('velodyne_pointcloud', 'cmake_prefix_path')
[5.193s] INFO:colcon.colcon_core.shell:Creating environment hook '/home/omen16/workspace/grad_ws/install/velodyne_pointcloud/share/velodyne_pointcloud/hook/cmake_prefix_path.ps1'
[5.193s] INFO:colcon.colcon_core.shell:Creating environment descriptor '/home/omen16/workspace/grad_ws/install/velodyne_pointcloud/share/velodyne_pointcloud/hook/cmake_prefix_path.dsv'
[5.194s] INFO:colcon.colcon_core.shell:Creating environment hook '/home/omen16/workspace/grad_ws/install/velodyne_pointcloud/share/velodyne_pointcloud/hook/cmake_prefix_path.sh'
[5.195s] Level 1:colcon.colcon_core.environment:checking '/home/omen16/workspace/grad_ws/install/velodyne_pointcloud/lib'
[5.195s] Level 1:colcon.colcon_core.shell:create_environment_hook('velodyne_pointcloud', 'ld_library_path_lib')
[5.195s] INFO:colcon.colcon_core.shell:Creating environment hook '/home/omen16/workspace/grad_ws/install/velodyne_pointcloud/share/velodyne_pointcloud/hook/ld_library_path_lib.ps1'
[5.195s] INFO:colcon.colcon_core.shell:Creating environment descriptor '/home/omen16/workspace/grad_ws/install/velodyne_pointcloud/share/velodyne_pointcloud/hook/ld_library_path_lib.dsv'
[5.196s] INFO:colcon.colcon_core.shell:Creating environment hook '/home/omen16/workspace/grad_ws/install/velodyne_pointcloud/share/velodyne_pointcloud/hook/ld_library_path_lib.sh'
[5.196s] Level 1:colcon.colcon_core.environment:checking '/home/omen16/workspace/grad_ws/install/velodyne_pointcloud/bin'
[5.196s] Level 1:colcon.colcon_core.environment:checking '/home/omen16/workspace/grad_ws/install/velodyne_pointcloud/lib/pkgconfig/velodyne_pointcloud.pc'
[5.197s] Level 1:colcon.colcon_core.environment:checking '/home/omen16/workspace/grad_ws/install/velodyne_pointcloud/lib/python3.10/site-packages'
[5.197s] Level 1:colcon.colcon_core.environment:checking '/home/omen16/workspace/grad_ws/install/velodyne_pointcloud/bin'
[5.197s] INFO:colcon.colcon_core.shell:Creating package script '/home/omen16/workspace/grad_ws/install/velodyne_pointcloud/share/velodyne_pointcloud/package.ps1'
[5.198s] INFO:colcon.colcon_core.shell:Creating package descriptor '/home/omen16/workspace/grad_ws/install/velodyne_pointcloud/share/velodyne_pointcloud/package.dsv'
[5.199s] INFO:colcon.colcon_core.shell:Creating package script '/home/omen16/workspace/grad_ws/install/velodyne_pointcloud/share/velodyne_pointcloud/package.sh'
[5.199s] INFO:colcon.colcon_core.shell:Creating package script '/home/omen16/workspace/grad_ws/install/velodyne_pointcloud/share/velodyne_pointcloud/package.bash'
[5.199s] INFO:colcon.colcon_core.shell:Creating package script '/home/omen16/workspace/grad_ws/install/velodyne_pointcloud/share/velodyne_pointcloud/package.zsh'
[5.200s] Level 1:colcon.colcon_core.environment:create_file_with_runtime_dependencies(/home/omen16/workspace/grad_ws/install/velodyne_pointcloud/share/colcon-core/packages/velodyne_pointcloud)
[5.201s] Level 1:colcon.colcon_core.environment:create_environment_scripts_only(velodyne_pointcloud)
[5.201s] Level 1:colcon.colcon_core.environment:checking '/home/omen16/workspace/grad_ws/install/velodyne_pointcloud' for CMake module files
[5.202s] Level 1:colcon.colcon_core.environment:checking '/home/omen16/workspace/grad_ws/install/velodyne_pointcloud' for CMake config files
[5.202s] Level 1:colcon.colcon_core.shell:create_environment_hook('velodyne_pointcloud', 'cmake_prefix_path')
[5.202s] INFO:colcon.colcon_core.shell:Creating environment hook '/home/omen16/workspace/grad_ws/install/velodyne_pointcloud/share/velodyne_pointcloud/hook/cmake_prefix_path.ps1'
[5.203s] INFO:colcon.colcon_core.shell:Creating environment descriptor '/home/omen16/workspace/grad_ws/install/velodyne_pointcloud/share/velodyne_pointcloud/hook/cmake_prefix_path.dsv'
[5.203s] INFO:colcon.colcon_core.shell:Creating environment hook '/home/omen16/workspace/grad_ws/install/velodyne_pointcloud/share/velodyne_pointcloud/hook/cmake_prefix_path.sh'
[5.204s] Level 1:colcon.colcon_core.environment:checking '/home/omen16/workspace/grad_ws/install/velodyne_pointcloud/lib'
[5.204s] Level 1:colcon.colcon_core.shell:create_environment_hook('velodyne_pointcloud', 'ld_library_path_lib')
[5.204s] INFO:colcon.colcon_core.shell:Creating environment hook '/home/omen16/workspace/grad_ws/install/velodyne_pointcloud/share/velodyne_pointcloud/hook/ld_library_path_lib.ps1'
[5.204s] INFO:colcon.colcon_core.shell:Creating environment descriptor '/home/omen16/workspace/grad_ws/install/velodyne_pointcloud/share/velodyne_pointcloud/hook/ld_library_path_lib.dsv'
[5.205s] INFO:colcon.colcon_core.shell:Creating environment hook '/home/omen16/workspace/grad_ws/install/velodyne_pointcloud/share/velodyne_pointcloud/hook/ld_library_path_lib.sh'
[5.205s] Level 1:colcon.colcon_core.environment:checking '/home/omen16/workspace/grad_ws/install/velodyne_pointcloud/bin'
[5.205s] Level 1:colcon.colcon_core.environment:checking '/home/omen16/workspace/grad_ws/install/velodyne_pointcloud/lib/pkgconfig/velodyne_pointcloud.pc'
[5.206s] Level 1:colcon.colcon_core.environment:checking '/home/omen16/workspace/grad_ws/install/velodyne_pointcloud/lib/python3.10/site-packages'
[5.206s] Level 1:colcon.colcon_core.environment:checking '/home/omen16/workspace/grad_ws/install/velodyne_pointcloud/bin'
[5.206s] INFO:colcon.colcon_core.shell:Creating package script '/home/omen16/workspace/grad_ws/install/velodyne_pointcloud/share/velodyne_pointcloud/package.ps1'
[5.207s] INFO:colcon.colcon_core.shell:Creating package descriptor '/home/omen16/workspace/grad_ws/install/velodyne_pointcloud/share/velodyne_pointcloud/package.dsv'
[5.208s] INFO:colcon.colcon_core.shell:Creating package script '/home/omen16/workspace/grad_ws/install/velodyne_pointcloud/share/velodyne_pointcloud/package.sh'
[5.208s] INFO:colcon.colcon_core.shell:Creating package script '/home/omen16/workspace/grad_ws/install/velodyne_pointcloud/share/velodyne_pointcloud/package.bash'
[5.209s] INFO:colcon.colcon_core.shell:Creating package script '/home/omen16/workspace/grad_ws/install/velodyne_pointcloud/share/velodyne_pointcloud/package.zsh'
[5.209s] Level 1:colcon.colcon_core.environment:create_file_with_runtime_dependencies(/home/omen16/workspace/grad_ws/install/velodyne_pointcloud/share/colcon-core/packages/velodyne_pointcloud)
[5.210s] INFO:colcon.colcon_ros.task.ament_cmake.build:Building ROS package in '/home/omen16/workspace/grad_ws/src/velodyne/velodyne' with build type 'ament_cmake'
[5.210s] INFO:colcon.colcon_cmake.task.cmake.build:Building CMake package in '/home/omen16/workspace/grad_ws/src/velodyne/velodyne'
[5.211s] INFO:colcon.colcon_core.shell:Skip shell extension 'powershell' for command environment: Not usable outside of PowerShell
[5.211s] DEBUG:colcon.colcon_core.shell:Skip shell extension 'dsv' for command environment
[5.226s] DEBUG:colcon.colcon_core.event_handler.log_command:Invoking command in '/home/omen16/workspace/grad_ws/build/velodyne': CMAKE_PREFIX_PATH=/home/omen16/workspace/grad_ws/install/velodyne_pointcloud:/home/omen16/workspace/grad_ws/install/velodyne_driver:/home/omen16/workspace/grad_ws/install/velodyne_msgs:/home/omen16/workspace/grad_ws/install/velodyne_laserscan:/home/omen16/workspace/grad_ws/install/velodyne:/home/omen16/workspace/grad_ws/install/lidar_processor:/opt/ros/humble LD_LIBRARY_PATH=/home/omen16/workspace/grad_ws/install/velodyne_pointcloud/lib:/home/omen16/workspace/grad_ws/install/velodyne_driver/lib:/home/omen16/workspace/grad_ws/install/velodyne_msgs/lib:/home/omen16/workspace/grad_ws/install/velodyne_laserscan/lib:/usr/local/cuda-12.8/lib64:/opt/ros/humble/opt/rviz_ogre_vendor/lib:/opt/ros/humble/lib/x86_64-linux-gnu:/opt/ros/humble/lib /usr/bin/cmake --build /home/omen16/workspace/grad_ws/build/velodyne -- -j32 -l32
[5.263s] DEBUG:colcon.colcon_core.event_handler.log_command:Invoked command in '/home/omen16/workspace/grad_ws/build/velodyne' returned '0': CMAKE_PREFIX_PATH=/home/omen16/workspace/grad_ws/install/velodyne_pointcloud:/home/omen16/workspace/grad_ws/install/velodyne_driver:/home/omen16/workspace/grad_ws/install/velodyne_msgs:/home/omen16/workspace/grad_ws/install/velodyne_laserscan:/home/omen16/workspace/grad_ws/install/velodyne:/home/omen16/workspace/grad_ws/install/lidar_processor:/opt/ros/humble LD_LIBRARY_PATH=/home/omen16/workspace/grad_ws/install/velodyne_pointcloud/lib:/home/omen16/workspace/grad_ws/install/velodyne_driver/lib:/home/omen16/workspace/grad_ws/install/velodyne_msgs/lib:/home/omen16/workspace/grad_ws/install/velodyne_laserscan/lib:/usr/local/cuda-12.8/lib64:/opt/ros/humble/opt/rviz_ogre_vendor/lib:/opt/ros/humble/lib/x86_64-linux-gnu:/opt/ros/humble/lib /usr/bin/cmake --build /home/omen16/workspace/grad_ws/build/velodyne -- -j32 -l32
[5.264s] DEBUG:colcon.colcon_core.event_handler.log_command:Invoking command in '/home/omen16/workspace/grad_ws/build/velodyne': CMAKE_PREFIX_PATH=/home/omen16/workspace/grad_ws/install/velodyne_pointcloud:/home/omen16/workspace/grad_ws/install/velodyne_driver:/home/omen16/workspace/grad_ws/install/velodyne_msgs:/home/omen16/workspace/grad_ws/install/velodyne_laserscan:/home/omen16/workspace/grad_ws/install/velodyne:/home/omen16/workspace/grad_ws/install/lidar_processor:/opt/ros/humble LD_LIBRARY_PATH=/home/omen16/workspace/grad_ws/install/velodyne_pointcloud/lib:/home/omen16/workspace/grad_ws/install/velodyne_driver/lib:/home/omen16/workspace/grad_ws/install/velodyne_msgs/lib:/home/omen16/workspace/grad_ws/install/velodyne_laserscan/lib:/usr/local/cuda-12.8/lib64:/opt/ros/humble/opt/rviz_ogre_vendor/lib:/opt/ros/humble/lib/x86_64-linux-gnu:/opt/ros/humble/lib /usr/bin/cmake --install /home/omen16/workspace/grad_ws/build/velodyne
[5.272s] Level 1:colcon.colcon_core.environment:create_environment_scripts_only(velodyne)
[5.272s] Level 1:colcon.colcon_core.environment:checking '/home/omen16/workspace/grad_ws/install/velodyne' for CMake module files
[5.273s] DEBUG:colcon.colcon_core.event_handler.log_command:Invoked command in '/home/omen16/workspace/grad_ws/build/velodyne' returned '0': CMAKE_PREFIX_PATH=/home/omen16/workspace/grad_ws/install/velodyne_pointcloud:/home/omen16/workspace/grad_ws/install/velodyne_driver:/home/omen16/workspace/grad_ws/install/velodyne_msgs:/home/omen16/workspace/grad_ws/install/velodyne_laserscan:/home/omen16/workspace/grad_ws/install/velodyne:/home/omen16/workspace/grad_ws/install/lidar_processor:/opt/ros/humble LD_LIBRARY_PATH=/home/omen16/workspace/grad_ws/install/velodyne_pointcloud/lib:/home/omen16/workspace/grad_ws/install/velodyne_driver/lib:/home/omen16/workspace/grad_ws/install/velodyne_msgs/lib:/home/omen16/workspace/grad_ws/install/velodyne_laserscan/lib:/usr/local/cuda-12.8/lib64:/opt/ros/humble/opt/rviz_ogre_vendor/lib:/opt/ros/humble/lib/x86_64-linux-gnu:/opt/ros/humble/lib /usr/bin/cmake --install /home/omen16/workspace/grad_ws/build/velodyne
[5.273s] Level 1:colcon.colcon_core.environment:checking '/home/omen16/workspace/grad_ws/install/velodyne' for CMake config files
[5.273s] Level 1:colcon.colcon_core.shell:create_environment_hook('velodyne', 'cmake_prefix_path')
[5.273s] INFO:colcon.colcon_core.shell:Creating environment hook '/home/omen16/workspace/grad_ws/install/velodyne/share/velodyne/hook/cmake_prefix_path.ps1'
[5.274s] INFO:colcon.colcon_core.shell:Creating environment descriptor '/home/omen16/workspace/grad_ws/install/velodyne/share/velodyne/hook/cmake_prefix_path.dsv'
[5.274s] INFO:colcon.colcon_core.shell:Creating environment hook '/home/omen16/workspace/grad_ws/install/velodyne/share/velodyne/hook/cmake_prefix_path.sh'
[5.274s] Level 1:colcon.colcon_core.environment:checking '/home/omen16/workspace/grad_ws/install/velodyne/bin'
[5.274s] Level 1:colcon.colcon_core.environment:checking '/home/omen16/workspace/grad_ws/install/velodyne/lib/pkgconfig/velodyne.pc'
[5.275s] Level 1:colcon.colcon_core.environment:checking '/home/omen16/workspace/grad_ws/install/velodyne/lib/python3.10/site-packages'
[5.275s] Level 1:colcon.colcon_core.environment:checking '/home/omen16/workspace/grad_ws/install/velodyne/bin'
[5.275s] INFO:colcon.colcon_core.shell:Creating package script '/home/omen16/workspace/grad_ws/install/velodyne/share/velodyne/package.ps1'
[5.275s] INFO:colcon.colcon_core.shell:Creating package descriptor '/home/omen16/workspace/grad_ws/install/velodyne/share/velodyne/package.dsv'
[5.276s] INFO:colcon.colcon_core.shell:Creating package script '/home/omen16/workspace/grad_ws/install/velodyne/share/velodyne/package.sh'
[5.276s] INFO:colcon.colcon_core.shell:Creating package script '/home/omen16/workspace/grad_ws/install/velodyne/share/velodyne/package.bash'
[5.276s] INFO:colcon.colcon_core.shell:Creating package script '/home/omen16/workspace/grad_ws/install/velodyne/share/velodyne/package.zsh'
[5.276s] Level 1:colcon.colcon_core.environment:create_file_with_runtime_dependencies(/home/omen16/workspace/grad_ws/install/velodyne/share/colcon-core/packages/velodyne)
[5.277s] Level 1:colcon.colcon_core.environment:create_environment_scripts_only(velodyne)
[5.277s] Level 1:colcon.colcon_core.environment:checking '/home/omen16/workspace/grad_ws/install/velodyne' for CMake module files
[5.277s] Level 1:colcon.colcon_core.environment:checking '/home/omen16/workspace/grad_ws/install/velodyne' for CMake config files
[5.277s] Level 1:colcon.colcon_core.shell:create_environment_hook('velodyne', 'cmake_prefix_path')
[5.277s] INFO:colcon.colcon_core.shell:Creating environment hook '/home/omen16/workspace/grad_ws/install/velodyne/share/velodyne/hook/cmake_prefix_path.ps1'
[5.277s] INFO:colcon.colcon_core.shell:Creating environment descriptor '/home/omen16/workspace/grad_ws/install/velodyne/share/velodyne/hook/cmake_prefix_path.dsv'
[5.278s] INFO:colcon.colcon_core.shell:Creating environment hook '/home/omen16/workspace/grad_ws/install/velodyne/share/velodyne/hook/cmake_prefix_path.sh'
[5.278s] Level 1:colcon.colcon_core.environment:checking '/home/omen16/workspace/grad_ws/install/velodyne/bin'
[5.278s] Level 1:colcon.colcon_core.environment:checking '/home/omen16/workspace/grad_ws/install/velodyne/lib/pkgconfig/velodyne.pc'
[5.278s] Level 1:colcon.colcon_core.environment:checking '/home/omen16/workspace/grad_ws/install/velodyne/lib/python3.10/site-packages'
[5.278s] Level 1:colcon.colcon_core.environment:checking '/home/omen16/workspace/grad_ws/install/velodyne/bin'
[5.278s] INFO:colcon.colcon_core.shell:Creating package script '/home/omen16/workspace/grad_ws/install/velodyne/share/velodyne/package.ps1'
[5.279s] INFO:colcon.colcon_core.shell:Creating package descriptor '/home/omen16/workspace/grad_ws/install/velodyne/share/velodyne/package.dsv'
[5.279s] INFO:colcon.colcon_core.shell:Creating package script '/home/omen16/workspace/grad_ws/install/velodyne/share/velodyne/package.sh'
[5.279s] INFO:colcon.colcon_core.shell:Creating package script '/home/omen16/workspace/grad_ws/install/velodyne/share/velodyne/package.bash'
[5.280s] INFO:colcon.colcon_core.shell:Creating package script '/home/omen16/workspace/grad_ws/install/velodyne/share/velodyne/package.zsh'
[5.281s] Level 1:colcon.colcon_core.environment:create_file_with_runtime_dependencies(/home/omen16/workspace/grad_ws/install/velodyne/share/colcon-core/packages/velodyne)
[5.281s] DEBUG:colcon.colcon_parallel_executor.executor.parallel:closing loop
[5.281s] DEBUG:colcon.colcon_parallel_executor.executor.parallel:loop closed
[5.281s] DEBUG:colcon.colcon_parallel_executor.executor.parallel:run_until_complete finished with '0'
[5.281s] DEBUG:colcon.colcon_core.event_reactor:joining thread
[5.286s] INFO:colcon.colcon_core.plugin_system:Skipping extension 'colcon_notification.desktop_notification.terminal_notifier': Not used on non-Darwin systems
[5.286s] INFO:colcon.colcon_core.plugin_system:Skipping extension 'colcon_notification.desktop_notification.win32': Not used on non-Windows systems
[5.286s] INFO:colcon.colcon_notification.desktop_notification:Sending desktop notification using 'notify2'
[5.293s] DEBUG:colcon.colcon_core.event_reactor:joined thread
[5.293s] INFO:colcon.colcon_core.shell:Creating prefix script '/home/omen16/workspace/grad_ws/install/local_setup.ps1'
[5.294s] INFO:colcon.colcon_core.shell:Creating prefix util module '/home/omen16/workspace/grad_ws/install/_local_setup_util_ps1.py'
[5.295s] INFO:colcon.colcon_core.shell:Creating prefix chain script '/home/omen16/workspace/grad_ws/install/setup.ps1'
[5.296s] INFO:colcon.colcon_core.shell:Creating prefix script '/home/omen16/workspace/grad_ws/install/local_setup.sh'
[5.296s] INFO:colcon.colcon_core.shell:Creating prefix util module '/home/omen16/workspace/grad_ws/install/_local_setup_util_sh.py'
[5.297s] INFO:colcon.colcon_core.shell:Creating prefix chain script '/home/omen16/workspace/grad_ws/install/setup.sh'
[5.298s] INFO:colcon.colcon_core.shell:Creating prefix script '/home/omen16/workspace/grad_ws/install/local_setup.bash'
[5.298s] INFO:colcon.colcon_core.shell:Creating prefix chain script '/home/omen16/workspace/grad_ws/install/setup.bash'
[5.299s] INFO:colcon.colcon_core.shell:Creating prefix script '/home/omen16/workspace/grad_ws/install/local_setup.zsh'
[5.299s] INFO:colcon.colcon_core.shell:Creating prefix chain script '/home/omen16/workspace/grad_ws/install/setup.zsh'
