[  2%] Built target velodyne_msgs__cpp
[ 12%] Built target velodyne_msgs__rosidl_generator_c
[ 12%] Built target ament_cmake_python_copy_velodyne_msgs
[ 23%] Built target velodyne_msgs__rosidl_typesupport_c
[ 33%] Built target velodyne_msgs__rosidl_typesupport_introspection_c
[ 56%] Built target velodyne_msgs__rosidl_typesupport_fastrtps_cpp
[ 56%] Built target velodyne_msgs__rosidl_typesupport_cpp
[ 64%] Built target velodyne_msgs__rosidl_typesupport_introspection_cpp
[ 74%] Built target velodyne_msgs__rosidl_typesupport_fastrtps_c
[ 74%] Built target velodyne_msgs
[ 76%] Built target velodyne_msgs__py
[ 84%] Built target velodyne_msgs__rosidl_generator_py
[ 89%] Built target velodyne_msgs__rosidl_typesupport_fastrtps_c__pyext
[ 94%] Built target velodyne_msgs__rosidl_typesupport_introspection_c__pyext
[100%] Built target velodyne_msgs__rosidl_typesupport_c__pyext
running egg_info
writing velodyne_msgs.egg-info/PKG-INFO
writing dependency_links to velodyne_msgs.egg-info/dependency_links.txt
writing top-level names to velodyne_msgs.egg-info/top_level.txt
reading manifest file 'velodyne_msgs.egg-info/SOURCES.txt'
writing manifest file 'velodyne_msgs.egg-info/SOURCES.txt'
[100%] Built target ament_cmake_python_build_velodyne_msgs_egg
