[0.088s] DEBUG:colcon:Command line arguments: ['/usr/bin/colcon', 'build']
[0.089s] DEBUG:colcon:Parsed command line arguments: Namespace(log_base=None, log_level=None, verb_name='build', build_base='build', install_base='install', merge_install=False, symlink_install=False, test_result_base=None, continue_on_error=False, executor='parallel', parallel_workers=32, event_handlers=None, ignore_user_meta=False, metas=['./colcon.meta'], base_paths=['.'], packages_ignore=None, packages_ignore_regex=None, paths=None, packages_up_to=None, packages_up_to_regex=None, packages_above=None, packages_above_and_dependencies=None, packages_above_depth=None, packages_select_by_dep=None, packages_skip_by_dep=None, packages_skip_up_to=None, packages_select_build_failed=False, packages_skip_build_finished=False, packages_select_test_failures=False, packages_skip_test_passed=False, packages_select=None, packages_skip=None, packages_select_regex=None, packages_skip_regex=None, packages_start=None, packages_end=None, allow_overriding=[], cmake_args=None, cmake_target=None, cmake_target_skip_unavailable=False, cmake_clean_cache=False, cmake_clean_first=False, cmake_force_configure=False, ament_cmake_args=None, catkin_cmake_args=None, catkin_skip_building_tests=False, mixin_files=None, mixin=None, verb_parser=<colcon_mixin.mixin.mixin_argument.MixinArgumentDecorator object at 0x7f9a19036f50>, verb_extension=<colcon_core.verb.build.BuildVerb object at 0x7f9a19036a10>, main=<bound method BuildVerb.main of <colcon_core.verb.build.BuildVerb object at 0x7f9a19036a10>>, mixin_verb=('build',))
[0.290s] Level 1:colcon.colcon_core.package_discovery:discover_packages(colcon_meta) check parameters
[0.290s] Level 1:colcon.colcon_core.package_discovery:discover_packages(recursive) check parameters
[0.290s] Level 1:colcon.colcon_core.package_discovery:discover_packages(ignore) check parameters
[0.290s] Level 1:colcon.colcon_core.package_discovery:discover_packages(path) check parameters
[0.290s] Level 1:colcon.colcon_core.package_discovery:discover_packages(colcon_meta) discover
[0.290s] Level 1:colcon.colcon_core.package_discovery:discover_packages(recursive) discover
[0.291s] INFO:colcon.colcon_core.package_discovery:Crawling recursively for packages in '/home/omen16/workspace/grad_ws'
[0.291s] Level 1:colcon.colcon_core.package_identification:_identify(.) by extensions ['ignore', 'ignore_ament_install']
[0.291s] Level 1:colcon.colcon_core.package_identification:_identify(.) by extension 'ignore'
[0.291s] Level 1:colcon.colcon_core.package_identification:_identify(.) by extension 'ignore_ament_install'
[0.291s] Level 1:colcon.colcon_core.package_identification:_identify(.) by extensions ['colcon_pkg']
[0.291s] Level 1:colcon.colcon_core.package_identification:_identify(.) by extension 'colcon_pkg'
[0.291s] Level 1:colcon.colcon_core.package_identification:_identify(.) by extensions ['colcon_meta']
[0.291s] Level 1:colcon.colcon_core.package_identification:_identify(.) by extension 'colcon_meta'
[0.291s] Level 1:colcon.colcon_core.package_identification:_identify(.) by extensions ['ros']
[0.291s] Level 1:colcon.colcon_core.package_identification:_identify(.) by extension 'ros'
[0.298s] Level 1:colcon.colcon_core.package_identification:_identify(.) by extensions ['cmake', 'python']
[0.298s] Level 1:colcon.colcon_core.package_identification:_identify(.) by extension 'cmake'
[0.298s] Level 1:colcon.colcon_core.package_identification:_identify(.) by extension 'python'
[0.298s] Level 1:colcon.colcon_core.package_identification:_identify(.) by extensions ['python_setup_py']
[0.298s] Level 1:colcon.colcon_core.package_identification:_identify(.) by extension 'python_setup_py'
[0.298s] Level 1:colcon.colcon_core.package_identification:_identify(build) by extensions ['ignore', 'ignore_ament_install']
[0.298s] Level 1:colcon.colcon_core.package_identification:_identify(build) by extension 'ignore'
[0.298s] Level 1:colcon.colcon_core.package_identification:_identify(build) ignored
[0.298s] Level 1:colcon.colcon_core.package_identification:_identify(install) by extensions ['ignore', 'ignore_ament_install']
[0.298s] Level 1:colcon.colcon_core.package_identification:_identify(install) by extension 'ignore'
[0.298s] Level 1:colcon.colcon_core.package_identification:_identify(install) ignored
[0.298s] Level 1:colcon.colcon_core.package_identification:_identify(log) by extensions ['ignore', 'ignore_ament_install']
[0.298s] Level 1:colcon.colcon_core.package_identification:_identify(log) by extension 'ignore'
[0.298s] Level 1:colcon.colcon_core.package_identification:_identify(log) ignored
[0.298s] Level 1:colcon.colcon_core.package_identification:_identify(src) by extensions ['ignore', 'ignore_ament_install']
[0.298s] Level 1:colcon.colcon_core.package_identification:_identify(src) by extension 'ignore'
[0.298s] Level 1:colcon.colcon_core.package_identification:_identify(src) by extension 'ignore_ament_install'
[0.299s] Level 1:colcon.colcon_core.package_identification:_identify(src) by extensions ['colcon_pkg']
[0.299s] Level 1:colcon.colcon_core.package_identification:_identify(src) by extension 'colcon_pkg'
[0.299s] Level 1:colcon.colcon_core.package_identification:_identify(src) by extensions ['colcon_meta']
[0.299s] Level 1:colcon.colcon_core.package_identification:_identify(src) by extension 'colcon_meta'
[0.299s] Level 1:colcon.colcon_core.package_identification:_identify(src) by extensions ['ros']
[0.299s] Level 1:colcon.colcon_core.package_identification:_identify(src) by extension 'ros'
[0.299s] Level 1:colcon.colcon_core.package_identification:_identify(src) by extensions ['cmake', 'python']
[0.299s] Level 1:colcon.colcon_core.package_identification:_identify(src) by extension 'cmake'
[0.299s] Level 1:colcon.colcon_core.package_identification:_identify(src) by extension 'python'
[0.299s] Level 1:colcon.colcon_core.package_identification:_identify(src) by extensions ['python_setup_py']
[0.299s] Level 1:colcon.colcon_core.package_identification:_identify(src) by extension 'python_setup_py'
[0.299s] Level 1:colcon.colcon_core.package_identification:_identify(src/lidar_processor) by extensions ['ignore', 'ignore_ament_install']
[0.299s] Level 1:colcon.colcon_core.package_identification:_identify(src/lidar_processor) by extension 'ignore'
[0.299s] Level 1:colcon.colcon_core.package_identification:_identify(src/lidar_processor) by extension 'ignore_ament_install'
[0.299s] Level 1:colcon.colcon_core.package_identification:_identify(src/lidar_processor) by extensions ['colcon_pkg']
[0.299s] Level 1:colcon.colcon_core.package_identification:_identify(src/lidar_processor) by extension 'colcon_pkg'
[0.299s] Level 1:colcon.colcon_core.package_identification:_identify(src/lidar_processor) by extensions ['colcon_meta']
[0.299s] Level 1:colcon.colcon_core.package_identification:_identify(src/lidar_processor) by extension 'colcon_meta'
[0.299s] Level 1:colcon.colcon_core.package_identification:_identify(src/lidar_processor) by extensions ['ros']
[0.299s] Level 1:colcon.colcon_core.package_identification:_identify(src/lidar_processor) by extension 'ros'
[0.301s] DEBUG:colcon.colcon_core.package_identification:Package 'src/lidar_processor' with type 'ros.ament_python' and name 'lidar_processor'
[0.301s] Level 1:colcon.colcon_core.package_identification:_identify(src/velodyne) by extensions ['ignore', 'ignore_ament_install']
[0.301s] Level 1:colcon.colcon_core.package_identification:_identify(src/velodyne) by extension 'ignore'
[0.301s] Level 1:colcon.colcon_core.package_identification:_identify(src/velodyne) by extension 'ignore_ament_install'
[0.301s] Level 1:colcon.colcon_core.package_identification:_identify(src/velodyne) by extensions ['colcon_pkg']
[0.301s] Level 1:colcon.colcon_core.package_identification:_identify(src/velodyne) by extension 'colcon_pkg'
[0.302s] Level 1:colcon.colcon_core.package_identification:_identify(src/velodyne) by extensions ['colcon_meta']
[0.302s] Level 1:colcon.colcon_core.package_identification:_identify(src/velodyne) by extension 'colcon_meta'
[0.302s] Level 1:colcon.colcon_core.package_identification:_identify(src/velodyne) by extensions ['ros']
[0.302s] Level 1:colcon.colcon_core.package_identification:_identify(src/velodyne) by extension 'ros'
[0.302s] Level 1:colcon.colcon_core.package_identification:_identify(src/velodyne) by extensions ['cmake', 'python']
[0.302s] Level 1:colcon.colcon_core.package_identification:_identify(src/velodyne) by extension 'cmake'
[0.302s] Level 1:colcon.colcon_core.package_identification:_identify(src/velodyne) by extension 'python'
[0.302s] Level 1:colcon.colcon_core.package_identification:_identify(src/velodyne) by extensions ['python_setup_py']
[0.302s] Level 1:colcon.colcon_core.package_identification:_identify(src/velodyne) by extension 'python_setup_py'
[0.302s] Level 1:colcon.colcon_core.package_identification:_identify(src/velodyne/velodyne) by extensions ['ignore', 'ignore_ament_install']
[0.302s] Level 1:colcon.colcon_core.package_identification:_identify(src/velodyne/velodyne) by extension 'ignore'
[0.302s] Level 1:colcon.colcon_core.package_identification:_identify(src/velodyne/velodyne) by extension 'ignore_ament_install'
[0.302s] Level 1:colcon.colcon_core.package_identification:_identify(src/velodyne/velodyne) by extensions ['colcon_pkg']
[0.302s] Level 1:colcon.colcon_core.package_identification:_identify(src/velodyne/velodyne) by extension 'colcon_pkg'
[0.302s] Level 1:colcon.colcon_core.package_identification:_identify(src/velodyne/velodyne) by extensions ['colcon_meta']
[0.302s] Level 1:colcon.colcon_core.package_identification:_identify(src/velodyne/velodyne) by extension 'colcon_meta'
[0.302s] Level 1:colcon.colcon_core.package_identification:_identify(src/velodyne/velodyne) by extensions ['ros']
[0.302s] Level 1:colcon.colcon_core.package_identification:_identify(src/velodyne/velodyne) by extension 'ros'
[0.302s] DEBUG:colcon.colcon_core.package_identification:Package 'src/velodyne/velodyne' with type 'ros.ament_cmake' and name 'velodyne'
[0.302s] Level 1:colcon.colcon_core.package_identification:_identify(src/velodyne/velodyne_driver) by extensions ['ignore', 'ignore_ament_install']
[0.302s] Level 1:colcon.colcon_core.package_identification:_identify(src/velodyne/velodyne_driver) by extension 'ignore'
[0.302s] Level 1:colcon.colcon_core.package_identification:_identify(src/velodyne/velodyne_driver) by extension 'ignore_ament_install'
[0.303s] Level 1:colcon.colcon_core.package_identification:_identify(src/velodyne/velodyne_driver) by extensions ['colcon_pkg']
[0.303s] Level 1:colcon.colcon_core.package_identification:_identify(src/velodyne/velodyne_driver) by extension 'colcon_pkg'
[0.303s] Level 1:colcon.colcon_core.package_identification:_identify(src/velodyne/velodyne_driver) by extensions ['colcon_meta']
[0.303s] Level 1:colcon.colcon_core.package_identification:_identify(src/velodyne/velodyne_driver) by extension 'colcon_meta'
[0.303s] Level 1:colcon.colcon_core.package_identification:_identify(src/velodyne/velodyne_driver) by extensions ['ros']
[0.303s] Level 1:colcon.colcon_core.package_identification:_identify(src/velodyne/velodyne_driver) by extension 'ros'
[0.303s] DEBUG:colcon.colcon_core.package_identification:Package 'src/velodyne/velodyne_driver' with type 'ros.ament_cmake' and name 'velodyne_driver'
[0.303s] Level 1:colcon.colcon_core.package_identification:_identify(src/velodyne/velodyne_laserscan) by extensions ['ignore', 'ignore_ament_install']
[0.303s] Level 1:colcon.colcon_core.package_identification:_identify(src/velodyne/velodyne_laserscan) by extension 'ignore'
[0.303s] Level 1:colcon.colcon_core.package_identification:_identify(src/velodyne/velodyne_laserscan) by extension 'ignore_ament_install'
[0.303s] Level 1:colcon.colcon_core.package_identification:_identify(src/velodyne/velodyne_laserscan) by extensions ['colcon_pkg']
[0.303s] Level 1:colcon.colcon_core.package_identification:_identify(src/velodyne/velodyne_laserscan) by extension 'colcon_pkg'
[0.303s] Level 1:colcon.colcon_core.package_identification:_identify(src/velodyne/velodyne_laserscan) by extensions ['colcon_meta']
[0.303s] Level 1:colcon.colcon_core.package_identification:_identify(src/velodyne/velodyne_laserscan) by extension 'colcon_meta'
[0.303s] Level 1:colcon.colcon_core.package_identification:_identify(src/velodyne/velodyne_laserscan) by extensions ['ros']
[0.304s] Level 1:colcon.colcon_core.package_identification:_identify(src/velodyne/velodyne_laserscan) by extension 'ros'
[0.310s] DEBUG:colcon.colcon_core.package_identification:Package 'src/velodyne/velodyne_laserscan' with type 'ros.ament_cmake' and name 'velodyne_laserscan'
[0.310s] Level 1:colcon.colcon_core.package_identification:_identify(src/velodyne/velodyne_msgs) by extensions ['ignore', 'ignore_ament_install']
[0.310s] Level 1:colcon.colcon_core.package_identification:_identify(src/velodyne/velodyne_msgs) by extension 'ignore'
[0.311s] Level 1:colcon.colcon_core.package_identification:_identify(src/velodyne/velodyne_msgs) by extension 'ignore_ament_install'
[0.311s] Level 1:colcon.colcon_core.package_identification:_identify(src/velodyne/velodyne_msgs) by extensions ['colcon_pkg']
[0.311s] Level 1:colcon.colcon_core.package_identification:_identify(src/velodyne/velodyne_msgs) by extension 'colcon_pkg'
[0.311s] Level 1:colcon.colcon_core.package_identification:_identify(src/velodyne/velodyne_msgs) by extensions ['colcon_meta']
[0.311s] Level 1:colcon.colcon_core.package_identification:_identify(src/velodyne/velodyne_msgs) by extension 'colcon_meta'
[0.311s] Level 1:colcon.colcon_core.package_identification:_identify(src/velodyne/velodyne_msgs) by extensions ['ros']
[0.311s] Level 1:colcon.colcon_core.package_identification:_identify(src/velodyne/velodyne_msgs) by extension 'ros'
[0.311s] DEBUG:colcon.colcon_core.package_identification:Package 'src/velodyne/velodyne_msgs' with type 'ros.ament_cmake' and name 'velodyne_msgs'
[0.311s] Level 1:colcon.colcon_core.package_identification:_identify(src/velodyne/velodyne_pointcloud) by extensions ['ignore', 'ignore_ament_install']
[0.311s] Level 1:colcon.colcon_core.package_identification:_identify(src/velodyne/velodyne_pointcloud) by extension 'ignore'
[0.311s] Level 1:colcon.colcon_core.package_identification:_identify(src/velodyne/velodyne_pointcloud) by extension 'ignore_ament_install'
[0.311s] Level 1:colcon.colcon_core.package_identification:_identify(src/velodyne/velodyne_pointcloud) by extensions ['colcon_pkg']
[0.311s] Level 1:colcon.colcon_core.package_identification:_identify(src/velodyne/velodyne_pointcloud) by extension 'colcon_pkg'
[0.311s] Level 1:colcon.colcon_core.package_identification:_identify(src/velodyne/velodyne_pointcloud) by extensions ['colcon_meta']
[0.311s] Level 1:colcon.colcon_core.package_identification:_identify(src/velodyne/velodyne_pointcloud) by extension 'colcon_meta'
[0.311s] Level 1:colcon.colcon_core.package_identification:_identify(src/velodyne/velodyne_pointcloud) by extensions ['ros']
[0.311s] Level 1:colcon.colcon_core.package_identification:_identify(src/velodyne/velodyne_pointcloud) by extension 'ros'
[0.312s] DEBUG:colcon.colcon_core.package_identification:Package 'src/velodyne/velodyne_pointcloud' with type 'ros.ament_cmake' and name 'velodyne_pointcloud'
[0.312s] Level 1:colcon.colcon_core.package_discovery:discover_packages(recursive) using defaults
[0.312s] Level 1:colcon.colcon_core.package_discovery:discover_packages(ignore) discover
[0.312s] Level 1:colcon.colcon_core.package_discovery:discover_packages(ignore) using defaults
[0.312s] Level 1:colcon.colcon_core.package_discovery:discover_packages(path) discover
[0.312s] Level 1:colcon.colcon_core.package_discovery:discover_packages(path) using defaults
[0.330s] Level 1:colcon.colcon_core.package_discovery:discover_packages(prefix_path) check parameters
[0.330s] Level 1:colcon.colcon_core.package_discovery:discover_packages(prefix_path) discover
[0.331s] WARNING:colcon.colcon_ros.prefix_path.ament:The path '/home/omen16/workspace/grad_ws/install/velodyne' in the environment variable AMENT_PREFIX_PATH doesn't exist
[0.331s] WARNING:colcon.colcon_ros.prefix_path.ament:The path '/home/omen16/workspace/grad_ws/install/velodyne_pointcloud' in the environment variable AMENT_PREFIX_PATH doesn't exist
[0.331s] WARNING:colcon.colcon_ros.prefix_path.ament:The path '/home/omen16/workspace/grad_ws/install/velodyne_driver' in the environment variable AMENT_PREFIX_PATH doesn't exist
[0.331s] WARNING:colcon.colcon_ros.prefix_path.ament:The path '/home/omen16/workspace/grad_ws/install/velodyne_msgs' in the environment variable AMENT_PREFIX_PATH doesn't exist
[0.331s] WARNING:colcon.colcon_ros.prefix_path.ament:The path '/home/omen16/workspace/grad_ws/install/velodyne_laserscan' in the environment variable AMENT_PREFIX_PATH doesn't exist
[0.331s] WARNING:colcon.colcon_ros.prefix_path.ament:The path '/home/omen16/workspace/grad_ws/install/lidar_processor' in the environment variable AMENT_PREFIX_PATH doesn't exist
[0.332s] WARNING:colcon.colcon_ros.prefix_path.catkin:The path '/home/omen16/workspace/grad_ws/install/velodyne' in the environment variable CMAKE_PREFIX_PATH doesn't exist
[0.332s] WARNING:colcon.colcon_ros.prefix_path.catkin:The path '/home/omen16/workspace/grad_ws/install/velodyne_pointcloud' in the environment variable CMAKE_PREFIX_PATH doesn't exist
[0.332s] WARNING:colcon.colcon_ros.prefix_path.catkin:The path '/home/omen16/workspace/grad_ws/install/velodyne_driver' in the environment variable CMAKE_PREFIX_PATH doesn't exist
[0.332s] WARNING:colcon.colcon_ros.prefix_path.catkin:The path '/home/omen16/workspace/grad_ws/install/velodyne_msgs' in the environment variable CMAKE_PREFIX_PATH doesn't exist
[0.332s] WARNING:colcon.colcon_ros.prefix_path.catkin:The path '/home/omen16/workspace/grad_ws/install/velodyne_laserscan' in the environment variable CMAKE_PREFIX_PATH doesn't exist
[0.332s] DEBUG:colcon.colcon_installed_package_information.package_discovery:Found 0 installed packages in /home/omen16/workspace/grad_ws/install
[0.333s] DEBUG:colcon.colcon_installed_package_information.package_discovery:Found 272 installed packages in /opt/ros/humble
[0.334s] Level 1:colcon.colcon_core.package_discovery:discover_packages(prefix_path) using defaults
[0.382s] Level 5:colcon.colcon_core.verb:set package 'lidar_processor' build argument 'cmake_args' from command line to 'None'
[0.382s] Level 5:colcon.colcon_core.verb:set package 'lidar_processor' build argument 'cmake_target' from command line to 'None'
[0.382s] Level 5:colcon.colcon_core.verb:set package 'lidar_processor' build argument 'cmake_target_skip_unavailable' from command line to 'False'
[0.382s] Level 5:colcon.colcon_core.verb:set package 'lidar_processor' build argument 'cmake_clean_cache' from command line to 'False'
[0.382s] Level 5:colcon.colcon_core.verb:set package 'lidar_processor' build argument 'cmake_clean_first' from command line to 'False'
[0.382s] Level 5:colcon.colcon_core.verb:set package 'lidar_processor' build argument 'cmake_force_configure' from command line to 'False'
[0.382s] Level 5:colcon.colcon_core.verb:set package 'lidar_processor' build argument 'ament_cmake_args' from command line to 'None'
[0.382s] Level 5:colcon.colcon_core.verb:set package 'lidar_processor' build argument 'catkin_cmake_args' from command line to 'None'
[0.382s] Level 5:colcon.colcon_core.verb:set package 'lidar_processor' build argument 'catkin_skip_building_tests' from command line to 'False'
[0.382s] DEBUG:colcon.colcon_core.verb:Building package 'lidar_processor' with the following arguments: {'ament_cmake_args': None, 'build_base': '/home/omen16/workspace/grad_ws/build/lidar_processor', 'catkin_cmake_args': None, 'catkin_skip_building_tests': False, 'cmake_args': None, 'cmake_clean_cache': False, 'cmake_clean_first': False, 'cmake_force_configure': False, 'cmake_target': None, 'cmake_target_skip_unavailable': False, 'install_base': '/home/omen16/workspace/grad_ws/install/lidar_processor', 'merge_install': False, 'path': '/home/omen16/workspace/grad_ws/src/lidar_processor', 'symlink_install': False, 'test_result_base': None}
[0.382s] Level 5:colcon.colcon_core.verb:set package 'velodyne_laserscan' build argument 'cmake_args' from command line to 'None'
[0.382s] Level 5:colcon.colcon_core.verb:set package 'velodyne_laserscan' build argument 'cmake_target' from command line to 'None'
[0.382s] Level 5:colcon.colcon_core.verb:set package 'velodyne_laserscan' build argument 'cmake_target_skip_unavailable' from command line to 'False'
[0.382s] Level 5:colcon.colcon_core.verb:set package 'velodyne_laserscan' build argument 'cmake_clean_cache' from command line to 'False'
[0.382s] Level 5:colcon.colcon_core.verb:set package 'velodyne_laserscan' build argument 'cmake_clean_first' from command line to 'False'
[0.382s] Level 5:colcon.colcon_core.verb:set package 'velodyne_laserscan' build argument 'cmake_force_configure' from command line to 'False'
[0.382s] Level 5:colcon.colcon_core.verb:set package 'velodyne_laserscan' build argument 'ament_cmake_args' from command line to 'None'
[0.382s] Level 5:colcon.colcon_core.verb:set package 'velodyne_laserscan' build argument 'catkin_cmake_args' from command line to 'None'
[0.383s] Level 5:colcon.colcon_core.verb:set package 'velodyne_laserscan' build argument 'catkin_skip_building_tests' from command line to 'False'
[0.383s] DEBUG:colcon.colcon_core.verb:Building package 'velodyne_laserscan' with the following arguments: {'ament_cmake_args': None, 'build_base': '/home/omen16/workspace/grad_ws/build/velodyne_laserscan', 'catkin_cmake_args': None, 'catkin_skip_building_tests': False, 'cmake_args': None, 'cmake_clean_cache': False, 'cmake_clean_first': False, 'cmake_force_configure': False, 'cmake_target': None, 'cmake_target_skip_unavailable': False, 'install_base': '/home/omen16/workspace/grad_ws/install/velodyne_laserscan', 'merge_install': False, 'path': '/home/omen16/workspace/grad_ws/src/velodyne/velodyne_laserscan', 'symlink_install': False, 'test_result_base': None}
[0.383s] Level 5:colcon.colcon_core.verb:set package 'velodyne_msgs' build argument 'cmake_args' from command line to 'None'
[0.383s] Level 5:colcon.colcon_core.verb:set package 'velodyne_msgs' build argument 'cmake_target' from command line to 'None'
[0.383s] Level 5:colcon.colcon_core.verb:set package 'velodyne_msgs' build argument 'cmake_target_skip_unavailable' from command line to 'False'
[0.383s] Level 5:colcon.colcon_core.verb:set package 'velodyne_msgs' build argument 'cmake_clean_cache' from command line to 'False'
[0.383s] Level 5:colcon.colcon_core.verb:set package 'velodyne_msgs' build argument 'cmake_clean_first' from command line to 'False'
[0.383s] Level 5:colcon.colcon_core.verb:set package 'velodyne_msgs' build argument 'cmake_force_configure' from command line to 'False'
[0.383s] Level 5:colcon.colcon_core.verb:set package 'velodyne_msgs' build argument 'ament_cmake_args' from command line to 'None'
[0.383s] Level 5:colcon.colcon_core.verb:set package 'velodyne_msgs' build argument 'catkin_cmake_args' from command line to 'None'
[0.383s] Level 5:colcon.colcon_core.verb:set package 'velodyne_msgs' build argument 'catkin_skip_building_tests' from command line to 'False'
[0.383s] DEBUG:colcon.colcon_core.verb:Building package 'velodyne_msgs' with the following arguments: {'ament_cmake_args': None, 'build_base': '/home/omen16/workspace/grad_ws/build/velodyne_msgs', 'catkin_cmake_args': None, 'catkin_skip_building_tests': False, 'cmake_args': None, 'cmake_clean_cache': False, 'cmake_clean_first': False, 'cmake_force_configure': False, 'cmake_target': None, 'cmake_target_skip_unavailable': False, 'install_base': '/home/omen16/workspace/grad_ws/install/velodyne_msgs', 'merge_install': False, 'path': '/home/omen16/workspace/grad_ws/src/velodyne/velodyne_msgs', 'symlink_install': False, 'test_result_base': None}
[0.383s] Level 5:colcon.colcon_core.verb:set package 'velodyne_driver' build argument 'cmake_args' from command line to 'None'
[0.383s] Level 5:colcon.colcon_core.verb:set package 'velodyne_driver' build argument 'cmake_target' from command line to 'None'
[0.383s] Level 5:colcon.colcon_core.verb:set package 'velodyne_driver' build argument 'cmake_target_skip_unavailable' from command line to 'False'
[0.383s] Level 5:colcon.colcon_core.verb:set package 'velodyne_driver' build argument 'cmake_clean_cache' from command line to 'False'
[0.383s] Level 5:colcon.colcon_core.verb:set package 'velodyne_driver' build argument 'cmake_clean_first' from command line to 'False'
[0.383s] Level 5:colcon.colcon_core.verb:set package 'velodyne_driver' build argument 'cmake_force_configure' from command line to 'False'
[0.383s] Level 5:colcon.colcon_core.verb:set package 'velodyne_driver' build argument 'ament_cmake_args' from command line to 'None'
[0.383s] Level 5:colcon.colcon_core.verb:set package 'velodyne_driver' build argument 'catkin_cmake_args' from command line to 'None'
[0.383s] Level 5:colcon.colcon_core.verb:set package 'velodyne_driver' build argument 'catkin_skip_building_tests' from command line to 'False'
[0.383s] DEBUG:colcon.colcon_core.verb:Building package 'velodyne_driver' with the following arguments: {'ament_cmake_args': None, 'build_base': '/home/omen16/workspace/grad_ws/build/velodyne_driver', 'catkin_cmake_args': None, 'catkin_skip_building_tests': False, 'cmake_args': None, 'cmake_clean_cache': False, 'cmake_clean_first': False, 'cmake_force_configure': False, 'cmake_target': None, 'cmake_target_skip_unavailable': False, 'install_base': '/home/omen16/workspace/grad_ws/install/velodyne_driver', 'merge_install': False, 'path': '/home/omen16/workspace/grad_ws/src/velodyne/velodyne_driver', 'symlink_install': False, 'test_result_base': None}
[0.383s] Level 5:colcon.colcon_core.verb:set package 'velodyne_pointcloud' build argument 'cmake_args' from command line to 'None'
[0.383s] Level 5:colcon.colcon_core.verb:set package 'velodyne_pointcloud' build argument 'cmake_target' from command line to 'None'
[0.383s] Level 5:colcon.colcon_core.verb:set package 'velodyne_pointcloud' build argument 'cmake_target_skip_unavailable' from command line to 'False'
[0.383s] Level 5:colcon.colcon_core.verb:set package 'velodyne_pointcloud' build argument 'cmake_clean_cache' from command line to 'False'
[0.383s] Level 5:colcon.colcon_core.verb:set package 'velodyne_pointcloud' build argument 'cmake_clean_first' from command line to 'False'
[0.383s] Level 5:colcon.colcon_core.verb:set package 'velodyne_pointcloud' build argument 'cmake_force_configure' from command line to 'False'
[0.383s] Level 5:colcon.colcon_core.verb:set package 'velodyne_pointcloud' build argument 'ament_cmake_args' from command line to 'None'
[0.383s] Level 5:colcon.colcon_core.verb:set package 'velodyne_pointcloud' build argument 'catkin_cmake_args' from command line to 'None'
[0.383s] Level 5:colcon.colcon_core.verb:set package 'velodyne_pointcloud' build argument 'catkin_skip_building_tests' from command line to 'False'
[0.383s] DEBUG:colcon.colcon_core.verb:Building package 'velodyne_pointcloud' with the following arguments: {'ament_cmake_args': None, 'build_base': '/home/omen16/workspace/grad_ws/build/velodyne_pointcloud', 'catkin_cmake_args': None, 'catkin_skip_building_tests': False, 'cmake_args': None, 'cmake_clean_cache': False, 'cmake_clean_first': False, 'cmake_force_configure': False, 'cmake_target': None, 'cmake_target_skip_unavailable': False, 'install_base': '/home/omen16/workspace/grad_ws/install/velodyne_pointcloud', 'merge_install': False, 'path': '/home/omen16/workspace/grad_ws/src/velodyne/velodyne_pointcloud', 'symlink_install': False, 'test_result_base': None}
[0.384s] Level 5:colcon.colcon_core.verb:set package 'velodyne' build argument 'cmake_args' from command line to 'None'
[0.384s] Level 5:colcon.colcon_core.verb:set package 'velodyne' build argument 'cmake_target' from command line to 'None'
[0.384s] Level 5:colcon.colcon_core.verb:set package 'velodyne' build argument 'cmake_target_skip_unavailable' from command line to 'False'
[0.384s] Level 5:colcon.colcon_core.verb:set package 'velodyne' build argument 'cmake_clean_cache' from command line to 'False'
[0.384s] Level 5:colcon.colcon_core.verb:set package 'velodyne' build argument 'cmake_clean_first' from command line to 'False'
[0.384s] Level 5:colcon.colcon_core.verb:set package 'velodyne' build argument 'cmake_force_configure' from command line to 'False'
[0.384s] Level 5:colcon.colcon_core.verb:set package 'velodyne' build argument 'ament_cmake_args' from command line to 'None'
[0.384s] Level 5:colcon.colcon_core.verb:set package 'velodyne' build argument 'catkin_cmake_args' from command line to 'None'
[0.384s] Level 5:colcon.colcon_core.verb:set package 'velodyne' build argument 'catkin_skip_building_tests' from command line to 'False'
[0.384s] DEBUG:colcon.colcon_core.verb:Building package 'velodyne' with the following arguments: {'ament_cmake_args': None, 'build_base': '/home/omen16/workspace/grad_ws/build/velodyne', 'catkin_cmake_args': None, 'catkin_skip_building_tests': False, 'cmake_args': None, 'cmake_clean_cache': False, 'cmake_clean_first': False, 'cmake_force_configure': False, 'cmake_target': None, 'cmake_target_skip_unavailable': False, 'install_base': '/home/omen16/workspace/grad_ws/install/velodyne', 'merge_install': False, 'path': '/home/omen16/workspace/grad_ws/src/velodyne/velodyne', 'symlink_install': False, 'test_result_base': None}
[0.384s] INFO:colcon.colcon_core.executor:Executing jobs using 'parallel' executor
[0.385s] DEBUG:colcon.colcon_parallel_executor.executor.parallel:run_until_complete
[0.385s] INFO:colcon.colcon_ros.task.ament_cmake.build:Building ROS package in '/home/omen16/workspace/grad_ws/src/velodyne/velodyne_msgs' with build type 'ament_cmake'
[0.385s] INFO:colcon.colcon_cmake.task.cmake.build:Building CMake package in '/home/omen16/workspace/grad_ws/src/velodyne/velodyne_msgs'
[0.388s] INFO:colcon.colcon_core.plugin_system:Skipping extension 'colcon_core.shell.bat': Not used on non-Windows systems
[0.388s] INFO:colcon.colcon_core.shell:Skip shell extension 'powershell' for command environment: Not usable outside of PowerShell
[0.388s] DEBUG:colcon.colcon_core.shell:Skip shell extension 'dsv' for command environment
[0.391s] INFO:colcon.colcon_ros.task.ament_cmake.build:Building ROS package in '/home/omen16/workspace/grad_ws/src/velodyne/velodyne_laserscan' with build type 'ament_cmake'
[0.391s] INFO:colcon.colcon_cmake.task.cmake.build:Building CMake package in '/home/omen16/workspace/grad_ws/src/velodyne/velodyne_laserscan'
[0.391s] INFO:colcon.colcon_core.shell:Skip shell extension 'powershell' for command environment: Not usable outside of PowerShell
[0.391s] DEBUG:colcon.colcon_core.shell:Skip shell extension 'dsv' for command environment
[0.393s] INFO:colcon.colcon_ros.task.ament_python.build:Building ROS package in '/home/omen16/workspace/grad_ws/src/lidar_processor' with build type 'ament_python'
[0.393s] Level 1:colcon.colcon_core.shell:create_environment_hook('lidar_processor', 'ament_prefix_path')
[0.394s] INFO:colcon.colcon_core.shell:Creating environment hook '/home/omen16/workspace/grad_ws/install/lidar_processor/share/lidar_processor/hook/ament_prefix_path.ps1'
[0.395s] INFO:colcon.colcon_core.shell:Creating environment descriptor '/home/omen16/workspace/grad_ws/install/lidar_processor/share/lidar_processor/hook/ament_prefix_path.dsv'
[0.395s] INFO:colcon.colcon_core.shell:Creating environment hook '/home/omen16/workspace/grad_ws/install/lidar_processor/share/lidar_processor/hook/ament_prefix_path.sh'
[0.396s] INFO:colcon.colcon_core.shell:Skip shell extension 'powershell' for command environment: Not usable outside of PowerShell
[0.396s] DEBUG:colcon.colcon_core.shell:Skip shell extension 'dsv' for command environment
[0.402s] DEBUG:colcon.colcon_core.event_handler.log_command:Invoking command in '/home/omen16/workspace/grad_ws/build/velodyne_msgs': CMAKE_PREFIX_PATH=${CMAKE_PREFIX_PATH}:/home/omen16/workspace/grad_ws/install/lidar_processor:/opt/ros/humble /usr/bin/cmake /home/omen16/workspace/grad_ws/src/velodyne/velodyne_msgs -DCMAKE_INSTALL_PREFIX=/home/omen16/workspace/grad_ws/install/velodyne_msgs
[0.406s] DEBUG:colcon.colcon_core.event_handler.log_command:Invoking command in '/home/omen16/workspace/grad_ws/build/velodyne_laserscan': CMAKE_PREFIX_PATH=${CMAKE_PREFIX_PATH}:/home/omen16/workspace/grad_ws/install/lidar_processor:/opt/ros/humble /usr/bin/cmake /home/omen16/workspace/grad_ws/src/velodyne/velodyne_laserscan -DCMAKE_INSTALL_PREFIX=/home/omen16/workspace/grad_ws/install/velodyne_laserscan
[0.569s] INFO:colcon.colcon_core.task.python.build:Building Python package in '/home/omen16/workspace/grad_ws/src/lidar_processor'
[0.569s] INFO:colcon.colcon_core.shell:Skip shell extension 'powershell' for command environment: Not usable outside of PowerShell
[0.569s] DEBUG:colcon.colcon_core.shell:Skip shell extension 'dsv' for command environment
[0.857s] DEBUG:colcon.colcon_core.event_handler.log_command:Invoking command in '/home/omen16/workspace/grad_ws/src/lidar_processor': PYTHONPATH=/home/omen16/workspace/grad_ws/build/lidar_processor/prefix_override:/usr/lib/python3/dist-packages/colcon_core/task/python/colcon_distutils_commands:/home/omen16/workspace/grad_ws/install/lidar_processor/lib/python3.10/site-packages:${PYTHONPATH} /usr/bin/python3 -W ignore:setup.py install is deprecated -W ignore:easy_install command is deprecated setup.py egg_info --egg-base ../../build/lidar_processor build --build-base /home/omen16/workspace/grad_ws/build/lidar_processor/build install --record /home/omen16/workspace/grad_ws/build/lidar_processor/install.log --single-version-externally-managed install_data
[1.042s] DEBUG:colcon.colcon_core.event_handler.log_command:Invoked command in '/home/omen16/workspace/grad_ws/src/lidar_processor' returned '0': PYTHONPATH=/home/omen16/workspace/grad_ws/build/lidar_processor/prefix_override:/usr/lib/python3/dist-packages/colcon_core/task/python/colcon_distutils_commands:/home/omen16/workspace/grad_ws/install/lidar_processor/lib/python3.10/site-packages:${PYTHONPATH} /usr/bin/python3 -W ignore:setup.py install is deprecated -W ignore:easy_install command is deprecated setup.py egg_info --egg-base ../../build/lidar_processor build --build-base /home/omen16/workspace/grad_ws/build/lidar_processor/build install --record /home/omen16/workspace/grad_ws/build/lidar_processor/install.log --single-version-externally-managed install_data
[1.046s] Level 1:colcon.colcon_core.environment:checking '/home/omen16/workspace/grad_ws/install/lidar_processor' for CMake module files
[1.047s] Level 1:colcon.colcon_core.environment:checking '/home/omen16/workspace/grad_ws/install/lidar_processor' for CMake config files
[1.047s] Level 1:colcon.colcon_core.environment:checking '/home/omen16/workspace/grad_ws/install/lidar_processor/lib'
[1.047s] Level 1:colcon.colcon_core.environment:checking '/home/omen16/workspace/grad_ws/install/lidar_processor/bin'
[1.047s] Level 1:colcon.colcon_core.environment:checking '/home/omen16/workspace/grad_ws/install/lidar_processor/lib/pkgconfig/lidar_processor.pc'
[1.047s] Level 1:colcon.colcon_core.environment:checking '/home/omen16/workspace/grad_ws/install/lidar_processor/lib/python3.10/site-packages'
[1.047s] Level 1:colcon.colcon_core.shell:create_environment_hook('lidar_processor', 'pythonpath')
[1.048s] INFO:colcon.colcon_core.shell:Creating environment hook '/home/omen16/workspace/grad_ws/install/lidar_processor/share/lidar_processor/hook/pythonpath.ps1'
[1.048s] INFO:colcon.colcon_core.shell:Creating environment descriptor '/home/omen16/workspace/grad_ws/install/lidar_processor/share/lidar_processor/hook/pythonpath.dsv'
[1.048s] INFO:colcon.colcon_core.shell:Creating environment hook '/home/omen16/workspace/grad_ws/install/lidar_processor/share/lidar_processor/hook/pythonpath.sh'
[1.048s] Level 1:colcon.colcon_core.environment:checking '/home/omen16/workspace/grad_ws/install/lidar_processor/bin'
[1.048s] Level 1:colcon.colcon_core.environment:create_environment_scripts_only(lidar_processor)
[1.049s] INFO:colcon.colcon_core.shell:Creating package script '/home/omen16/workspace/grad_ws/install/lidar_processor/share/lidar_processor/package.ps1'
[1.049s] INFO:colcon.colcon_core.shell:Creating package descriptor '/home/omen16/workspace/grad_ws/install/lidar_processor/share/lidar_processor/package.dsv'
[1.050s] INFO:colcon.colcon_core.shell:Creating package script '/home/omen16/workspace/grad_ws/install/lidar_processor/share/lidar_processor/package.sh'
[1.050s] INFO:colcon.colcon_core.shell:Creating package script '/home/omen16/workspace/grad_ws/install/lidar_processor/share/lidar_processor/package.bash'
[1.051s] INFO:colcon.colcon_core.shell:Creating package script '/home/omen16/workspace/grad_ws/install/lidar_processor/share/lidar_processor/package.zsh'
[1.051s] Level 1:colcon.colcon_core.environment:create_file_with_runtime_dependencies(/home/omen16/workspace/grad_ws/install/lidar_processor/share/colcon-core/packages/lidar_processor)
[2.062s] DEBUG:colcon.colcon_core.event_handler.log_command:Invoked command in '/home/omen16/workspace/grad_ws/build/velodyne_laserscan' returned '0': CMAKE_PREFIX_PATH=${CMAKE_PREFIX_PATH}:/home/omen16/workspace/grad_ws/install/lidar_processor:/opt/ros/humble /usr/bin/cmake /home/omen16/workspace/grad_ws/src/velodyne/velodyne_laserscan -DCMAKE_INSTALL_PREFIX=/home/omen16/workspace/grad_ws/install/velodyne_laserscan
[2.064s] DEBUG:colcon.colcon_core.event_handler.log_command:Invoking command in '/home/omen16/workspace/grad_ws/build/velodyne_laserscan': CMAKE_PREFIX_PATH=${CMAKE_PREFIX_PATH}:/home/omen16/workspace/grad_ws/install/lidar_processor:/opt/ros/humble /usr/bin/cmake --build /home/omen16/workspace/grad_ws/build/velodyne_laserscan -- -j32 -l32
[2.244s] DEBUG:colcon.colcon_core.event_handler.log_command:Invoked command in '/home/omen16/workspace/grad_ws/build/velodyne_msgs' returned '0': CMAKE_PREFIX_PATH=${CMAKE_PREFIX_PATH}:/home/omen16/workspace/grad_ws/install/lidar_processor:/opt/ros/humble /usr/bin/cmake /home/omen16/workspace/grad_ws/src/velodyne/velodyne_msgs -DCMAKE_INSTALL_PREFIX=/home/omen16/workspace/grad_ws/install/velodyne_msgs
[2.246s] DEBUG:colcon.colcon_core.event_handler.log_command:Invoking command in '/home/omen16/workspace/grad_ws/build/velodyne_msgs': CMAKE_PREFIX_PATH=${CMAKE_PREFIX_PATH}:/home/omen16/workspace/grad_ws/install/lidar_processor:/opt/ros/humble /usr/bin/cmake --build /home/omen16/workspace/grad_ws/build/velodyne_msgs -- -j32 -l32
[4.126s] DEBUG:colcon.colcon_core.event_handler.log_command:Invoked command in '/home/omen16/workspace/grad_ws/build/velodyne_msgs' returned '0': CMAKE_PREFIX_PATH=${CMAKE_PREFIX_PATH}:/home/omen16/workspace/grad_ws/install/lidar_processor:/opt/ros/humble /usr/bin/cmake --build /home/omen16/workspace/grad_ws/build/velodyne_msgs -- -j32 -l32
[4.136s] DEBUG:colcon.colcon_core.event_handler.log_command:Invoking command in '/home/omen16/workspace/grad_ws/build/velodyne_msgs': CMAKE_PREFIX_PATH=${CMAKE_PREFIX_PATH}:/home/omen16/workspace/grad_ws/install/lidar_processor:/opt/ros/humble /usr/bin/cmake --install /home/omen16/workspace/grad_ws/build/velodyne_msgs
[4.202s] Level 1:colcon.colcon_core.environment:create_environment_scripts_only(velodyne_msgs)
[4.203s] Level 1:colcon.colcon_core.environment:checking '/home/omen16/workspace/grad_ws/install/velodyne_msgs' for CMake module files
[4.203s] DEBUG:colcon.colcon_core.event_handler.log_command:Invoked command in '/home/omen16/workspace/grad_ws/build/velodyne_msgs' returned '0': CMAKE_PREFIX_PATH=${CMAKE_PREFIX_PATH}:/home/omen16/workspace/grad_ws/install/lidar_processor:/opt/ros/humble /usr/bin/cmake --install /home/omen16/workspace/grad_ws/build/velodyne_msgs
[4.204s] Level 1:colcon.colcon_core.environment:checking '/home/omen16/workspace/grad_ws/install/velodyne_msgs' for CMake config files
[4.204s] Level 1:colcon.colcon_core.shell:create_environment_hook('velodyne_msgs', 'cmake_prefix_path')
[4.204s] INFO:colcon.colcon_core.shell:Creating environment hook '/home/omen16/workspace/grad_ws/install/velodyne_msgs/share/velodyne_msgs/hook/cmake_prefix_path.ps1'
[4.205s] INFO:colcon.colcon_core.shell:Creating environment descriptor '/home/omen16/workspace/grad_ws/install/velodyne_msgs/share/velodyne_msgs/hook/cmake_prefix_path.dsv'
[4.205s] INFO:colcon.colcon_core.shell:Creating environment hook '/home/omen16/workspace/grad_ws/install/velodyne_msgs/share/velodyne_msgs/hook/cmake_prefix_path.sh'
[4.206s] Level 1:colcon.colcon_core.environment:checking '/home/omen16/workspace/grad_ws/install/velodyne_msgs/lib'
[4.206s] Level 1:colcon.colcon_core.shell:create_environment_hook('velodyne_msgs', 'ld_library_path_lib')
[4.206s] INFO:colcon.colcon_core.shell:Creating environment hook '/home/omen16/workspace/grad_ws/install/velodyne_msgs/share/velodyne_msgs/hook/ld_library_path_lib.ps1'
[4.207s] INFO:colcon.colcon_core.shell:Creating environment descriptor '/home/omen16/workspace/grad_ws/install/velodyne_msgs/share/velodyne_msgs/hook/ld_library_path_lib.dsv'
[4.207s] INFO:colcon.colcon_core.shell:Creating environment hook '/home/omen16/workspace/grad_ws/install/velodyne_msgs/share/velodyne_msgs/hook/ld_library_path_lib.sh'
[4.207s] Level 1:colcon.colcon_core.environment:checking '/home/omen16/workspace/grad_ws/install/velodyne_msgs/bin'
[4.207s] Level 1:colcon.colcon_core.environment:checking '/home/omen16/workspace/grad_ws/install/velodyne_msgs/lib/pkgconfig/velodyne_msgs.pc'
[4.208s] Level 1:colcon.colcon_core.environment:checking '/home/omen16/workspace/grad_ws/install/velodyne_msgs/lib/python3.10/site-packages'
[4.208s] Level 1:colcon.colcon_core.environment:checking '/home/omen16/workspace/grad_ws/install/velodyne_msgs/bin'
[4.208s] INFO:colcon.colcon_core.shell:Creating package script '/home/omen16/workspace/grad_ws/install/velodyne_msgs/share/velodyne_msgs/package.ps1'
[4.208s] INFO:colcon.colcon_core.shell:Creating package descriptor '/home/omen16/workspace/grad_ws/install/velodyne_msgs/share/velodyne_msgs/package.dsv'
[4.209s] INFO:colcon.colcon_core.shell:Creating package script '/home/omen16/workspace/grad_ws/install/velodyne_msgs/share/velodyne_msgs/package.sh'
[4.209s] INFO:colcon.colcon_core.shell:Creating package script '/home/omen16/workspace/grad_ws/install/velodyne_msgs/share/velodyne_msgs/package.bash'
[4.209s] INFO:colcon.colcon_core.shell:Creating package script '/home/omen16/workspace/grad_ws/install/velodyne_msgs/share/velodyne_msgs/package.zsh'
[4.209s] Level 1:colcon.colcon_core.environment:create_file_with_runtime_dependencies(/home/omen16/workspace/grad_ws/install/velodyne_msgs/share/colcon-core/packages/velodyne_msgs)
[4.210s] Level 1:colcon.colcon_core.environment:create_environment_scripts_only(velodyne_msgs)
[4.210s] Level 1:colcon.colcon_core.environment:checking '/home/omen16/workspace/grad_ws/install/velodyne_msgs' for CMake module files
[4.211s] Level 1:colcon.colcon_core.environment:checking '/home/omen16/workspace/grad_ws/install/velodyne_msgs' for CMake config files
[4.211s] Level 1:colcon.colcon_core.shell:create_environment_hook('velodyne_msgs', 'cmake_prefix_path')
[4.211s] INFO:colcon.colcon_core.shell:Creating environment hook '/home/omen16/workspace/grad_ws/install/velodyne_msgs/share/velodyne_msgs/hook/cmake_prefix_path.ps1'
[4.211s] INFO:colcon.colcon_core.shell:Creating environment descriptor '/home/omen16/workspace/grad_ws/install/velodyne_msgs/share/velodyne_msgs/hook/cmake_prefix_path.dsv'
[4.211s] INFO:colcon.colcon_core.shell:Creating environment hook '/home/omen16/workspace/grad_ws/install/velodyne_msgs/share/velodyne_msgs/hook/cmake_prefix_path.sh'
[4.212s] Level 1:colcon.colcon_core.environment:checking '/home/omen16/workspace/grad_ws/install/velodyne_msgs/lib'
[4.212s] Level 1:colcon.colcon_core.shell:create_environment_hook('velodyne_msgs', 'ld_library_path_lib')
[4.212s] INFO:colcon.colcon_core.shell:Creating environment hook '/home/omen16/workspace/grad_ws/install/velodyne_msgs/share/velodyne_msgs/hook/ld_library_path_lib.ps1'
[4.212s] INFO:colcon.colcon_core.shell:Creating environment descriptor '/home/omen16/workspace/grad_ws/install/velodyne_msgs/share/velodyne_msgs/hook/ld_library_path_lib.dsv'
[4.212s] INFO:colcon.colcon_core.shell:Creating environment hook '/home/omen16/workspace/grad_ws/install/velodyne_msgs/share/velodyne_msgs/hook/ld_library_path_lib.sh'
[4.213s] Level 1:colcon.colcon_core.environment:checking '/home/omen16/workspace/grad_ws/install/velodyne_msgs/bin'
[4.213s] Level 1:colcon.colcon_core.environment:checking '/home/omen16/workspace/grad_ws/install/velodyne_msgs/lib/pkgconfig/velodyne_msgs.pc'
[4.213s] Level 1:colcon.colcon_core.environment:checking '/home/omen16/workspace/grad_ws/install/velodyne_msgs/lib/python3.10/site-packages'
[4.213s] Level 1:colcon.colcon_core.environment:checking '/home/omen16/workspace/grad_ws/install/velodyne_msgs/bin'
[4.213s] INFO:colcon.colcon_core.shell:Creating package script '/home/omen16/workspace/grad_ws/install/velodyne_msgs/share/velodyne_msgs/package.ps1'
[4.213s] INFO:colcon.colcon_core.shell:Creating package descriptor '/home/omen16/workspace/grad_ws/install/velodyne_msgs/share/velodyne_msgs/package.dsv'
[4.214s] INFO:colcon.colcon_core.shell:Creating package script '/home/omen16/workspace/grad_ws/install/velodyne_msgs/share/velodyne_msgs/package.sh'
[4.214s] INFO:colcon.colcon_core.shell:Creating package script '/home/omen16/workspace/grad_ws/install/velodyne_msgs/share/velodyne_msgs/package.bash'
[4.214s] INFO:colcon.colcon_core.shell:Creating package script '/home/omen16/workspace/grad_ws/install/velodyne_msgs/share/velodyne_msgs/package.zsh'
[4.214s] Level 1:colcon.colcon_core.environment:create_file_with_runtime_dependencies(/home/omen16/workspace/grad_ws/install/velodyne_msgs/share/colcon-core/packages/velodyne_msgs)
[4.215s] INFO:colcon.colcon_ros.task.ament_cmake.build:Building ROS package in '/home/omen16/workspace/grad_ws/src/velodyne/velodyne_driver' with build type 'ament_cmake'
[4.215s] INFO:colcon.colcon_cmake.task.cmake.build:Building CMake package in '/home/omen16/workspace/grad_ws/src/velodyne/velodyne_driver'
[4.215s] INFO:colcon.colcon_core.shell:Skip shell extension 'powershell' for command environment: Not usable outside of PowerShell
[4.215s] DEBUG:colcon.colcon_core.shell:Skip shell extension 'dsv' for command environment
[4.218s] INFO:colcon.colcon_ros.task.ament_cmake.build:Building ROS package in '/home/omen16/workspace/grad_ws/src/velodyne/velodyne_pointcloud' with build type 'ament_cmake'
[4.218s] INFO:colcon.colcon_cmake.task.cmake.build:Building CMake package in '/home/omen16/workspace/grad_ws/src/velodyne/velodyne_pointcloud'
[4.218s] INFO:colcon.colcon_core.shell:Skip shell extension 'powershell' for command environment: Not usable outside of PowerShell
[4.218s] DEBUG:colcon.colcon_core.shell:Skip shell extension 'dsv' for command environment
[4.224s] DEBUG:colcon.colcon_core.event_handler.log_command:Invoking command in '/home/omen16/workspace/grad_ws/build/velodyne_driver': CMAKE_PREFIX_PATH=/home/omen16/workspace/grad_ws/install/velodyne_msgs:/home/omen16/workspace/grad_ws/install/velodyne:/home/omen16/workspace/grad_ws/install/velodyne_pointcloud:/home/omen16/workspace/grad_ws/install/velodyne_driver:/home/omen16/workspace/grad_ws/install/velodyne_laserscan:/home/omen16/workspace/grad_ws/install/lidar_processor:/opt/ros/humble LD_LIBRARY_PATH=/home/omen16/workspace/grad_ws/install/velodyne_msgs/lib:/usr/local/cuda-12.8/lib64:/home/omen16/workspace/grad_ws/install/velodyne_pointcloud/lib:/home/omen16/workspace/grad_ws/install/velodyne_driver/lib:/home/omen16/workspace/grad_ws/install/velodyne_laserscan/lib:/opt/ros/humble/opt/rviz_ogre_vendor/lib:/opt/ros/humble/lib/x86_64-linux-gnu:/opt/ros/humble/lib /usr/bin/cmake /home/omen16/workspace/grad_ws/src/velodyne/velodyne_driver -DCMAKE_INSTALL_PREFIX=/home/omen16/workspace/grad_ws/install/velodyne_driver
[4.227s] DEBUG:colcon.colcon_core.event_handler.log_command:Invoking command in '/home/omen16/workspace/grad_ws/build/velodyne_pointcloud': CMAKE_PREFIX_PATH=/home/omen16/workspace/grad_ws/install/velodyne_msgs:/home/omen16/workspace/grad_ws/install/velodyne:/home/omen16/workspace/grad_ws/install/velodyne_pointcloud:/home/omen16/workspace/grad_ws/install/velodyne_driver:/home/omen16/workspace/grad_ws/install/velodyne_laserscan:/home/omen16/workspace/grad_ws/install/lidar_processor:/opt/ros/humble LD_LIBRARY_PATH=/home/omen16/workspace/grad_ws/install/velodyne_msgs/lib:/usr/local/cuda-12.8/lib64:/home/omen16/workspace/grad_ws/install/velodyne_pointcloud/lib:/home/omen16/workspace/grad_ws/install/velodyne_driver/lib:/home/omen16/workspace/grad_ws/install/velodyne_laserscan/lib:/opt/ros/humble/opt/rviz_ogre_vendor/lib:/opt/ros/humble/lib/x86_64-linux-gnu:/opt/ros/humble/lib /usr/bin/cmake /home/omen16/workspace/grad_ws/src/velodyne/velodyne_pointcloud -DCMAKE_INSTALL_PREFIX=/home/omen16/workspace/grad_ws/install/velodyne_pointcloud
[5.536s] DEBUG:colcon.colcon_core.event_handler.log_command:Invoked command in '/home/omen16/workspace/grad_ws/build/velodyne_driver' returned '0': CMAKE_PREFIX_PATH=/home/omen16/workspace/grad_ws/install/velodyne_msgs:/home/omen16/workspace/grad_ws/install/velodyne:/home/omen16/workspace/grad_ws/install/velodyne_pointcloud:/home/omen16/workspace/grad_ws/install/velodyne_driver:/home/omen16/workspace/grad_ws/install/velodyne_laserscan:/home/omen16/workspace/grad_ws/install/lidar_processor:/opt/ros/humble LD_LIBRARY_PATH=/home/omen16/workspace/grad_ws/install/velodyne_msgs/lib:/usr/local/cuda-12.8/lib64:/home/omen16/workspace/grad_ws/install/velodyne_pointcloud/lib:/home/omen16/workspace/grad_ws/install/velodyne_driver/lib:/home/omen16/workspace/grad_ws/install/velodyne_laserscan/lib:/opt/ros/humble/opt/rviz_ogre_vendor/lib:/opt/ros/humble/lib/x86_64-linux-gnu:/opt/ros/humble/lib /usr/bin/cmake /home/omen16/workspace/grad_ws/src/velodyne/velodyne_driver -DCMAKE_INSTALL_PREFIX=/home/omen16/workspace/grad_ws/install/velodyne_driver
[5.538s] DEBUG:colcon.colcon_core.event_handler.log_command:Invoking command in '/home/omen16/workspace/grad_ws/build/velodyne_driver': CMAKE_PREFIX_PATH=/home/omen16/workspace/grad_ws/install/velodyne_msgs:/home/omen16/workspace/grad_ws/install/velodyne:/home/omen16/workspace/grad_ws/install/velodyne_pointcloud:/home/omen16/workspace/grad_ws/install/velodyne_driver:/home/omen16/workspace/grad_ws/install/velodyne_laserscan:/home/omen16/workspace/grad_ws/install/lidar_processor:/opt/ros/humble LD_LIBRARY_PATH=/home/omen16/workspace/grad_ws/install/velodyne_msgs/lib:/usr/local/cuda-12.8/lib64:/home/omen16/workspace/grad_ws/install/velodyne_pointcloud/lib:/home/omen16/workspace/grad_ws/install/velodyne_driver/lib:/home/omen16/workspace/grad_ws/install/velodyne_laserscan/lib:/opt/ros/humble/opt/rviz_ogre_vendor/lib:/opt/ros/humble/lib/x86_64-linux-gnu:/opt/ros/humble/lib /usr/bin/cmake --build /home/omen16/workspace/grad_ws/build/velodyne_driver -- -j32 -l32
[5.663s] DEBUG:colcon.colcon_core.event_handler.log_command:Invoked command in '/home/omen16/workspace/grad_ws/build/velodyne_pointcloud' returned '0': CMAKE_PREFIX_PATH=/home/omen16/workspace/grad_ws/install/velodyne_msgs:/home/omen16/workspace/grad_ws/install/velodyne:/home/omen16/workspace/grad_ws/install/velodyne_pointcloud:/home/omen16/workspace/grad_ws/install/velodyne_driver:/home/omen16/workspace/grad_ws/install/velodyne_laserscan:/home/omen16/workspace/grad_ws/install/lidar_processor:/opt/ros/humble LD_LIBRARY_PATH=/home/omen16/workspace/grad_ws/install/velodyne_msgs/lib:/usr/local/cuda-12.8/lib64:/home/omen16/workspace/grad_ws/install/velodyne_pointcloud/lib:/home/omen16/workspace/grad_ws/install/velodyne_driver/lib:/home/omen16/workspace/grad_ws/install/velodyne_laserscan/lib:/opt/ros/humble/opt/rviz_ogre_vendor/lib:/opt/ros/humble/lib/x86_64-linux-gnu:/opt/ros/humble/lib /usr/bin/cmake /home/omen16/workspace/grad_ws/src/velodyne/velodyne_pointcloud -DCMAKE_INSTALL_PREFIX=/home/omen16/workspace/grad_ws/install/velodyne_pointcloud
[5.664s] DEBUG:colcon.colcon_core.event_handler.log_command:Invoking command in '/home/omen16/workspace/grad_ws/build/velodyne_pointcloud': CMAKE_PREFIX_PATH=/home/omen16/workspace/grad_ws/install/velodyne_msgs:/home/omen16/workspace/grad_ws/install/velodyne:/home/omen16/workspace/grad_ws/install/velodyne_pointcloud:/home/omen16/workspace/grad_ws/install/velodyne_driver:/home/omen16/workspace/grad_ws/install/velodyne_laserscan:/home/omen16/workspace/grad_ws/install/lidar_processor:/opt/ros/humble LD_LIBRARY_PATH=/home/omen16/workspace/grad_ws/install/velodyne_msgs/lib:/usr/local/cuda-12.8/lib64:/home/omen16/workspace/grad_ws/install/velodyne_pointcloud/lib:/home/omen16/workspace/grad_ws/install/velodyne_driver/lib:/home/omen16/workspace/grad_ws/install/velodyne_laserscan/lib:/opt/ros/humble/opt/rviz_ogre_vendor/lib:/opt/ros/humble/lib/x86_64-linux-gnu:/opt/ros/humble/lib /usr/bin/cmake --build /home/omen16/workspace/grad_ws/build/velodyne_pointcloud -- -j32 -l32
[11.932s] DEBUG:colcon.colcon_core.event_handler.log_command:Invoked command in '/home/omen16/workspace/grad_ws/build/velodyne_laserscan' returned '0': CMAKE_PREFIX_PATH=${CMAKE_PREFIX_PATH}:/home/omen16/workspace/grad_ws/install/lidar_processor:/opt/ros/humble /usr/bin/cmake --build /home/omen16/workspace/grad_ws/build/velodyne_laserscan -- -j32 -l32
[11.933s] DEBUG:colcon.colcon_core.event_handler.log_command:Invoking command in '/home/omen16/workspace/grad_ws/build/velodyne_laserscan': CMAKE_PREFIX_PATH=${CMAKE_PREFIX_PATH}:/home/omen16/workspace/grad_ws/install/lidar_processor:/opt/ros/humble /usr/bin/cmake --install /home/omen16/workspace/grad_ws/build/velodyne_laserscan
[11.957s] Level 1:colcon.colcon_core.environment:create_environment_scripts_only(velodyne_laserscan)
[11.958s] Level 1:colcon.colcon_core.environment:checking '/home/omen16/workspace/grad_ws/install/velodyne_laserscan' for CMake module files
[11.958s] DEBUG:colcon.colcon_core.event_handler.log_command:Invoked command in '/home/omen16/workspace/grad_ws/build/velodyne_laserscan' returned '0': CMAKE_PREFIX_PATH=${CMAKE_PREFIX_PATH}:/home/omen16/workspace/grad_ws/install/lidar_processor:/opt/ros/humble /usr/bin/cmake --install /home/omen16/workspace/grad_ws/build/velodyne_laserscan
[11.959s] Level 1:colcon.colcon_core.environment:checking '/home/omen16/workspace/grad_ws/install/velodyne_laserscan' for CMake config files
[11.959s] Level 1:colcon.colcon_core.shell:create_environment_hook('velodyne_laserscan', 'cmake_prefix_path')
[11.959s] INFO:colcon.colcon_core.shell:Creating environment hook '/home/omen16/workspace/grad_ws/install/velodyne_laserscan/share/velodyne_laserscan/hook/cmake_prefix_path.ps1'
[11.959s] INFO:colcon.colcon_core.shell:Creating environment descriptor '/home/omen16/workspace/grad_ws/install/velodyne_laserscan/share/velodyne_laserscan/hook/cmake_prefix_path.dsv'
[11.960s] INFO:colcon.colcon_core.shell:Creating environment hook '/home/omen16/workspace/grad_ws/install/velodyne_laserscan/share/velodyne_laserscan/hook/cmake_prefix_path.sh'
[11.960s] Level 1:colcon.colcon_core.environment:checking '/home/omen16/workspace/grad_ws/install/velodyne_laserscan/lib'
[11.960s] Level 1:colcon.colcon_core.shell:create_environment_hook('velodyne_laserscan', 'ld_library_path_lib')
[11.960s] INFO:colcon.colcon_core.shell:Creating environment hook '/home/omen16/workspace/grad_ws/install/velodyne_laserscan/share/velodyne_laserscan/hook/ld_library_path_lib.ps1'
[11.960s] INFO:colcon.colcon_core.shell:Creating environment descriptor '/home/omen16/workspace/grad_ws/install/velodyne_laserscan/share/velodyne_laserscan/hook/ld_library_path_lib.dsv'
[11.960s] INFO:colcon.colcon_core.shell:Creating environment hook '/home/omen16/workspace/grad_ws/install/velodyne_laserscan/share/velodyne_laserscan/hook/ld_library_path_lib.sh'
[11.961s] Level 1:colcon.colcon_core.environment:checking '/home/omen16/workspace/grad_ws/install/velodyne_laserscan/bin'
[11.961s] Level 1:colcon.colcon_core.environment:checking '/home/omen16/workspace/grad_ws/install/velodyne_laserscan/lib/pkgconfig/velodyne_laserscan.pc'
[11.961s] Level 1:colcon.colcon_core.environment:checking '/home/omen16/workspace/grad_ws/install/velodyne_laserscan/lib/python3.10/site-packages'
[11.961s] Level 1:colcon.colcon_core.environment:checking '/home/omen16/workspace/grad_ws/install/velodyne_laserscan/bin'
[11.961s] INFO:colcon.colcon_core.shell:Creating package script '/home/omen16/workspace/grad_ws/install/velodyne_laserscan/share/velodyne_laserscan/package.ps1'
[11.961s] INFO:colcon.colcon_core.shell:Creating package descriptor '/home/omen16/workspace/grad_ws/install/velodyne_laserscan/share/velodyne_laserscan/package.dsv'
[11.962s] INFO:colcon.colcon_core.shell:Creating package script '/home/omen16/workspace/grad_ws/install/velodyne_laserscan/share/velodyne_laserscan/package.sh'
[11.962s] INFO:colcon.colcon_core.shell:Creating package script '/home/omen16/workspace/grad_ws/install/velodyne_laserscan/share/velodyne_laserscan/package.bash'
[11.962s] INFO:colcon.colcon_core.shell:Creating package script '/home/omen16/workspace/grad_ws/install/velodyne_laserscan/share/velodyne_laserscan/package.zsh'
[11.962s] Level 1:colcon.colcon_core.environment:create_file_with_runtime_dependencies(/home/omen16/workspace/grad_ws/install/velodyne_laserscan/share/colcon-core/packages/velodyne_laserscan)
[11.963s] Level 1:colcon.colcon_core.environment:create_environment_scripts_only(velodyne_laserscan)
[11.963s] Level 1:colcon.colcon_core.environment:checking '/home/omen16/workspace/grad_ws/install/velodyne_laserscan' for CMake module files
[11.963s] Level 1:colcon.colcon_core.environment:checking '/home/omen16/workspace/grad_ws/install/velodyne_laserscan' for CMake config files
[11.963s] Level 1:colcon.colcon_core.shell:create_environment_hook('velodyne_laserscan', 'cmake_prefix_path')
[11.963s] INFO:colcon.colcon_core.shell:Creating environment hook '/home/omen16/workspace/grad_ws/install/velodyne_laserscan/share/velodyne_laserscan/hook/cmake_prefix_path.ps1'
[11.964s] INFO:colcon.colcon_core.shell:Creating environment descriptor '/home/omen16/workspace/grad_ws/install/velodyne_laserscan/share/velodyne_laserscan/hook/cmake_prefix_path.dsv'
[11.964s] INFO:colcon.colcon_core.shell:Creating environment hook '/home/omen16/workspace/grad_ws/install/velodyne_laserscan/share/velodyne_laserscan/hook/cmake_prefix_path.sh'
[11.964s] Level 1:colcon.colcon_core.environment:checking '/home/omen16/workspace/grad_ws/install/velodyne_laserscan/lib'
[11.964s] Level 1:colcon.colcon_core.shell:create_environment_hook('velodyne_laserscan', 'ld_library_path_lib')
[11.964s] INFO:colcon.colcon_core.shell:Creating environment hook '/home/omen16/workspace/grad_ws/install/velodyne_laserscan/share/velodyne_laserscan/hook/ld_library_path_lib.ps1'
[11.965s] INFO:colcon.colcon_core.shell:Creating environment descriptor '/home/omen16/workspace/grad_ws/install/velodyne_laserscan/share/velodyne_laserscan/hook/ld_library_path_lib.dsv'
[11.965s] INFO:colcon.colcon_core.shell:Creating environment hook '/home/omen16/workspace/grad_ws/install/velodyne_laserscan/share/velodyne_laserscan/hook/ld_library_path_lib.sh'
[11.965s] Level 1:colcon.colcon_core.environment:checking '/home/omen16/workspace/grad_ws/install/velodyne_laserscan/bin'
[11.965s] Level 1:colcon.colcon_core.environment:checking '/home/omen16/workspace/grad_ws/install/velodyne_laserscan/lib/pkgconfig/velodyne_laserscan.pc'
[11.965s] Level 1:colcon.colcon_core.environment:checking '/home/omen16/workspace/grad_ws/install/velodyne_laserscan/lib/python3.10/site-packages'
[11.965s] Level 1:colcon.colcon_core.environment:checking '/home/omen16/workspace/grad_ws/install/velodyne_laserscan/bin'
[11.966s] INFO:colcon.colcon_core.shell:Creating package script '/home/omen16/workspace/grad_ws/install/velodyne_laserscan/share/velodyne_laserscan/package.ps1'
[11.966s] INFO:colcon.colcon_core.shell:Creating package descriptor '/home/omen16/workspace/grad_ws/install/velodyne_laserscan/share/velodyne_laserscan/package.dsv'
[11.966s] INFO:colcon.colcon_core.shell:Creating package script '/home/omen16/workspace/grad_ws/install/velodyne_laserscan/share/velodyne_laserscan/package.sh'
[11.966s] INFO:colcon.colcon_core.shell:Creating package script '/home/omen16/workspace/grad_ws/install/velodyne_laserscan/share/velodyne_laserscan/package.bash'
[11.967s] INFO:colcon.colcon_core.shell:Creating package script '/home/omen16/workspace/grad_ws/install/velodyne_laserscan/share/velodyne_laserscan/package.zsh'
[11.967s] Level 1:colcon.colcon_core.environment:create_file_with_runtime_dependencies(/home/omen16/workspace/grad_ws/install/velodyne_laserscan/share/colcon-core/packages/velodyne_laserscan)
[18.381s] DEBUG:colcon.colcon_core.event_handler.log_command:Invoked command in '/home/omen16/workspace/grad_ws/build/velodyne_driver' returned '0': CMAKE_PREFIX_PATH=/home/omen16/workspace/grad_ws/install/velodyne_msgs:/home/omen16/workspace/grad_ws/install/velodyne:/home/omen16/workspace/grad_ws/install/velodyne_pointcloud:/home/omen16/workspace/grad_ws/install/velodyne_driver:/home/omen16/workspace/grad_ws/install/velodyne_laserscan:/home/omen16/workspace/grad_ws/install/lidar_processor:/opt/ros/humble LD_LIBRARY_PATH=/home/omen16/workspace/grad_ws/install/velodyne_msgs/lib:/usr/local/cuda-12.8/lib64:/home/omen16/workspace/grad_ws/install/velodyne_pointcloud/lib:/home/omen16/workspace/grad_ws/install/velodyne_driver/lib:/home/omen16/workspace/grad_ws/install/velodyne_laserscan/lib:/opt/ros/humble/opt/rviz_ogre_vendor/lib:/opt/ros/humble/lib/x86_64-linux-gnu:/opt/ros/humble/lib /usr/bin/cmake --build /home/omen16/workspace/grad_ws/build/velodyne_driver -- -j32 -l32
[18.383s] DEBUG:colcon.colcon_core.event_handler.log_command:Invoking command in '/home/omen16/workspace/grad_ws/build/velodyne_driver': CMAKE_PREFIX_PATH=/home/omen16/workspace/grad_ws/install/velodyne_msgs:/home/omen16/workspace/grad_ws/install/velodyne:/home/omen16/workspace/grad_ws/install/velodyne_pointcloud:/home/omen16/workspace/grad_ws/install/velodyne_driver:/home/omen16/workspace/grad_ws/install/velodyne_laserscan:/home/omen16/workspace/grad_ws/install/lidar_processor:/opt/ros/humble LD_LIBRARY_PATH=/home/omen16/workspace/grad_ws/install/velodyne_msgs/lib:/usr/local/cuda-12.8/lib64:/home/omen16/workspace/grad_ws/install/velodyne_pointcloud/lib:/home/omen16/workspace/grad_ws/install/velodyne_driver/lib:/home/omen16/workspace/grad_ws/install/velodyne_laserscan/lib:/opt/ros/humble/opt/rviz_ogre_vendor/lib:/opt/ros/humble/lib/x86_64-linux-gnu:/opt/ros/humble/lib /usr/bin/cmake --install /home/omen16/workspace/grad_ws/build/velodyne_driver
[18.495s] Level 1:colcon.colcon_core.environment:create_environment_scripts_only(velodyne_driver)
[18.495s] Level 1:colcon.colcon_core.environment:checking '/home/omen16/workspace/grad_ws/install/velodyne_driver' for CMake module files
[18.496s] DEBUG:colcon.colcon_core.event_handler.log_command:Invoked command in '/home/omen16/workspace/grad_ws/build/velodyne_driver' returned '0': CMAKE_PREFIX_PATH=/home/omen16/workspace/grad_ws/install/velodyne_msgs:/home/omen16/workspace/grad_ws/install/velodyne:/home/omen16/workspace/grad_ws/install/velodyne_pointcloud:/home/omen16/workspace/grad_ws/install/velodyne_driver:/home/omen16/workspace/grad_ws/install/velodyne_laserscan:/home/omen16/workspace/grad_ws/install/lidar_processor:/opt/ros/humble LD_LIBRARY_PATH=/home/omen16/workspace/grad_ws/install/velodyne_msgs/lib:/usr/local/cuda-12.8/lib64:/home/omen16/workspace/grad_ws/install/velodyne_pointcloud/lib:/home/omen16/workspace/grad_ws/install/velodyne_driver/lib:/home/omen16/workspace/grad_ws/install/velodyne_laserscan/lib:/opt/ros/humble/opt/rviz_ogre_vendor/lib:/opt/ros/humble/lib/x86_64-linux-gnu:/opt/ros/humble/lib /usr/bin/cmake --install /home/omen16/workspace/grad_ws/build/velodyne_driver
[18.496s] Level 1:colcon.colcon_core.environment:checking '/home/omen16/workspace/grad_ws/install/velodyne_driver' for CMake config files
[18.496s] Level 1:colcon.colcon_core.shell:create_environment_hook('velodyne_driver', 'cmake_prefix_path')
[18.496s] INFO:colcon.colcon_core.shell:Creating environment hook '/home/omen16/workspace/grad_ws/install/velodyne_driver/share/velodyne_driver/hook/cmake_prefix_path.ps1'
[18.497s] INFO:colcon.colcon_core.shell:Creating environment descriptor '/home/omen16/workspace/grad_ws/install/velodyne_driver/share/velodyne_driver/hook/cmake_prefix_path.dsv'
[18.497s] INFO:colcon.colcon_core.shell:Creating environment hook '/home/omen16/workspace/grad_ws/install/velodyne_driver/share/velodyne_driver/hook/cmake_prefix_path.sh'
[18.497s] Level 1:colcon.colcon_core.environment:checking '/home/omen16/workspace/grad_ws/install/velodyne_driver/lib'
[18.497s] Level 1:colcon.colcon_core.shell:create_environment_hook('velodyne_driver', 'ld_library_path_lib')
[18.497s] INFO:colcon.colcon_core.shell:Creating environment hook '/home/omen16/workspace/grad_ws/install/velodyne_driver/share/velodyne_driver/hook/ld_library_path_lib.ps1'
[18.497s] INFO:colcon.colcon_core.shell:Creating environment descriptor '/home/omen16/workspace/grad_ws/install/velodyne_driver/share/velodyne_driver/hook/ld_library_path_lib.dsv'
[18.498s] INFO:colcon.colcon_core.shell:Creating environment hook '/home/omen16/workspace/grad_ws/install/velodyne_driver/share/velodyne_driver/hook/ld_library_path_lib.sh'
[18.498s] Level 1:colcon.colcon_core.environment:checking '/home/omen16/workspace/grad_ws/install/velodyne_driver/bin'
[18.498s] Level 1:colcon.colcon_core.environment:checking '/home/omen16/workspace/grad_ws/install/velodyne_driver/lib/pkgconfig/velodyne_driver.pc'
[18.498s] Level 1:colcon.colcon_core.environment:checking '/home/omen16/workspace/grad_ws/install/velodyne_driver/lib/python3.10/site-packages'
[18.498s] Level 1:colcon.colcon_core.environment:checking '/home/omen16/workspace/grad_ws/install/velodyne_driver/bin'
[18.498s] INFO:colcon.colcon_core.shell:Creating package script '/home/omen16/workspace/grad_ws/install/velodyne_driver/share/velodyne_driver/package.ps1'
[18.499s] INFO:colcon.colcon_core.shell:Creating package descriptor '/home/omen16/workspace/grad_ws/install/velodyne_driver/share/velodyne_driver/package.dsv'
[18.499s] INFO:colcon.colcon_core.shell:Creating package script '/home/omen16/workspace/grad_ws/install/velodyne_driver/share/velodyne_driver/package.sh'
[18.499s] INFO:colcon.colcon_core.shell:Creating package script '/home/omen16/workspace/grad_ws/install/velodyne_driver/share/velodyne_driver/package.bash'
[18.499s] INFO:colcon.colcon_core.shell:Creating package script '/home/omen16/workspace/grad_ws/install/velodyne_driver/share/velodyne_driver/package.zsh'
[18.499s] Level 1:colcon.colcon_core.environment:create_file_with_runtime_dependencies(/home/omen16/workspace/grad_ws/install/velodyne_driver/share/colcon-core/packages/velodyne_driver)
[18.500s] Level 1:colcon.colcon_core.environment:create_environment_scripts_only(velodyne_driver)
[18.500s] Level 1:colcon.colcon_core.environment:checking '/home/omen16/workspace/grad_ws/install/velodyne_driver' for CMake module files
[18.501s] Level 1:colcon.colcon_core.environment:checking '/home/omen16/workspace/grad_ws/install/velodyne_driver' for CMake config files
[18.501s] Level 1:colcon.colcon_core.shell:create_environment_hook('velodyne_driver', 'cmake_prefix_path')
[18.501s] INFO:colcon.colcon_core.shell:Creating environment hook '/home/omen16/workspace/grad_ws/install/velodyne_driver/share/velodyne_driver/hook/cmake_prefix_path.ps1'
[18.501s] INFO:colcon.colcon_core.shell:Creating environment descriptor '/home/omen16/workspace/grad_ws/install/velodyne_driver/share/velodyne_driver/hook/cmake_prefix_path.dsv'
[18.501s] INFO:colcon.colcon_core.shell:Creating environment hook '/home/omen16/workspace/grad_ws/install/velodyne_driver/share/velodyne_driver/hook/cmake_prefix_path.sh'
[18.502s] Level 1:colcon.colcon_core.environment:checking '/home/omen16/workspace/grad_ws/install/velodyne_driver/lib'
[18.502s] Level 1:colcon.colcon_core.shell:create_environment_hook('velodyne_driver', 'ld_library_path_lib')
[18.502s] INFO:colcon.colcon_core.shell:Creating environment hook '/home/omen16/workspace/grad_ws/install/velodyne_driver/share/velodyne_driver/hook/ld_library_path_lib.ps1'
[18.502s] INFO:colcon.colcon_core.shell:Creating environment descriptor '/home/omen16/workspace/grad_ws/install/velodyne_driver/share/velodyne_driver/hook/ld_library_path_lib.dsv'
[18.502s] INFO:colcon.colcon_core.shell:Creating environment hook '/home/omen16/workspace/grad_ws/install/velodyne_driver/share/velodyne_driver/hook/ld_library_path_lib.sh'
[18.502s] Level 1:colcon.colcon_core.environment:checking '/home/omen16/workspace/grad_ws/install/velodyne_driver/bin'
[18.503s] Level 1:colcon.colcon_core.environment:checking '/home/omen16/workspace/grad_ws/install/velodyne_driver/lib/pkgconfig/velodyne_driver.pc'
[18.503s] Level 1:colcon.colcon_core.environment:checking '/home/omen16/workspace/grad_ws/install/velodyne_driver/lib/python3.10/site-packages'
[18.503s] Level 1:colcon.colcon_core.environment:checking '/home/omen16/workspace/grad_ws/install/velodyne_driver/bin'
[18.503s] INFO:colcon.colcon_core.shell:Creating package script '/home/omen16/workspace/grad_ws/install/velodyne_driver/share/velodyne_driver/package.ps1'
[18.503s] INFO:colcon.colcon_core.shell:Creating package descriptor '/home/omen16/workspace/grad_ws/install/velodyne_driver/share/velodyne_driver/package.dsv'
[18.504s] INFO:colcon.colcon_core.shell:Creating package script '/home/omen16/workspace/grad_ws/install/velodyne_driver/share/velodyne_driver/package.sh'
[18.504s] INFO:colcon.colcon_core.shell:Creating package script '/home/omen16/workspace/grad_ws/install/velodyne_driver/share/velodyne_driver/package.bash'
[18.504s] INFO:colcon.colcon_core.shell:Creating package script '/home/omen16/workspace/grad_ws/install/velodyne_driver/share/velodyne_driver/package.zsh'
[18.504s] Level 1:colcon.colcon_core.environment:create_file_with_runtime_dependencies(/home/omen16/workspace/grad_ws/install/velodyne_driver/share/colcon-core/packages/velodyne_driver)
[23.042s] DEBUG:colcon.colcon_core.event_handler.log_command:Invoked command in '/home/omen16/workspace/grad_ws/build/velodyne_pointcloud' returned '0': CMAKE_PREFIX_PATH=/home/omen16/workspace/grad_ws/install/velodyne_msgs:/home/omen16/workspace/grad_ws/install/velodyne:/home/omen16/workspace/grad_ws/install/velodyne_pointcloud:/home/omen16/workspace/grad_ws/install/velodyne_driver:/home/omen16/workspace/grad_ws/install/velodyne_laserscan:/home/omen16/workspace/grad_ws/install/lidar_processor:/opt/ros/humble LD_LIBRARY_PATH=/home/omen16/workspace/grad_ws/install/velodyne_msgs/lib:/usr/local/cuda-12.8/lib64:/home/omen16/workspace/grad_ws/install/velodyne_pointcloud/lib:/home/omen16/workspace/grad_ws/install/velodyne_driver/lib:/home/omen16/workspace/grad_ws/install/velodyne_laserscan/lib:/opt/ros/humble/opt/rviz_ogre_vendor/lib:/opt/ros/humble/lib/x86_64-linux-gnu:/opt/ros/humble/lib /usr/bin/cmake --build /home/omen16/workspace/grad_ws/build/velodyne_pointcloud -- -j32 -l32
[23.043s] DEBUG:colcon.colcon_core.event_handler.log_command:Invoking command in '/home/omen16/workspace/grad_ws/build/velodyne_pointcloud': CMAKE_PREFIX_PATH=/home/omen16/workspace/grad_ws/install/velodyne_msgs:/home/omen16/workspace/grad_ws/install/velodyne:/home/omen16/workspace/grad_ws/install/velodyne_pointcloud:/home/omen16/workspace/grad_ws/install/velodyne_driver:/home/omen16/workspace/grad_ws/install/velodyne_laserscan:/home/omen16/workspace/grad_ws/install/lidar_processor:/opt/ros/humble LD_LIBRARY_PATH=/home/omen16/workspace/grad_ws/install/velodyne_msgs/lib:/usr/local/cuda-12.8/lib64:/home/omen16/workspace/grad_ws/install/velodyne_pointcloud/lib:/home/omen16/workspace/grad_ws/install/velodyne_driver/lib:/home/omen16/workspace/grad_ws/install/velodyne_laserscan/lib:/opt/ros/humble/opt/rviz_ogre_vendor/lib:/opt/ros/humble/lib/x86_64-linux-gnu:/opt/ros/humble/lib /usr/bin/cmake --install /home/omen16/workspace/grad_ws/build/velodyne_pointcloud
[23.076s] Level 1:colcon.colcon_core.environment:create_environment_scripts_only(velodyne_pointcloud)
[23.077s] Level 1:colcon.colcon_core.environment:checking '/home/omen16/workspace/grad_ws/install/velodyne_pointcloud' for CMake module files
[23.077s] DEBUG:colcon.colcon_core.event_handler.log_command:Invoked command in '/home/omen16/workspace/grad_ws/build/velodyne_pointcloud' returned '0': CMAKE_PREFIX_PATH=/home/omen16/workspace/grad_ws/install/velodyne_msgs:/home/omen16/workspace/grad_ws/install/velodyne:/home/omen16/workspace/grad_ws/install/velodyne_pointcloud:/home/omen16/workspace/grad_ws/install/velodyne_driver:/home/omen16/workspace/grad_ws/install/velodyne_laserscan:/home/omen16/workspace/grad_ws/install/lidar_processor:/opt/ros/humble LD_LIBRARY_PATH=/home/omen16/workspace/grad_ws/install/velodyne_msgs/lib:/usr/local/cuda-12.8/lib64:/home/omen16/workspace/grad_ws/install/velodyne_pointcloud/lib:/home/omen16/workspace/grad_ws/install/velodyne_driver/lib:/home/omen16/workspace/grad_ws/install/velodyne_laserscan/lib:/opt/ros/humble/opt/rviz_ogre_vendor/lib:/opt/ros/humble/lib/x86_64-linux-gnu:/opt/ros/humble/lib /usr/bin/cmake --install /home/omen16/workspace/grad_ws/build/velodyne_pointcloud
[23.077s] Level 1:colcon.colcon_core.environment:checking '/home/omen16/workspace/grad_ws/install/velodyne_pointcloud' for CMake config files
[23.077s] Level 1:colcon.colcon_core.shell:create_environment_hook('velodyne_pointcloud', 'cmake_prefix_path')
[23.077s] INFO:colcon.colcon_core.shell:Creating environment hook '/home/omen16/workspace/grad_ws/install/velodyne_pointcloud/share/velodyne_pointcloud/hook/cmake_prefix_path.ps1'
[23.078s] INFO:colcon.colcon_core.shell:Creating environment descriptor '/home/omen16/workspace/grad_ws/install/velodyne_pointcloud/share/velodyne_pointcloud/hook/cmake_prefix_path.dsv'
[23.078s] INFO:colcon.colcon_core.shell:Creating environment hook '/home/omen16/workspace/grad_ws/install/velodyne_pointcloud/share/velodyne_pointcloud/hook/cmake_prefix_path.sh'
[23.078s] Level 1:colcon.colcon_core.environment:checking '/home/omen16/workspace/grad_ws/install/velodyne_pointcloud/lib'
[23.078s] Level 1:colcon.colcon_core.shell:create_environment_hook('velodyne_pointcloud', 'ld_library_path_lib')
[23.078s] INFO:colcon.colcon_core.shell:Creating environment hook '/home/omen16/workspace/grad_ws/install/velodyne_pointcloud/share/velodyne_pointcloud/hook/ld_library_path_lib.ps1'
[23.079s] INFO:colcon.colcon_core.shell:Creating environment descriptor '/home/omen16/workspace/grad_ws/install/velodyne_pointcloud/share/velodyne_pointcloud/hook/ld_library_path_lib.dsv'
[23.079s] INFO:colcon.colcon_core.shell:Creating environment hook '/home/omen16/workspace/grad_ws/install/velodyne_pointcloud/share/velodyne_pointcloud/hook/ld_library_path_lib.sh'
[23.079s] Level 1:colcon.colcon_core.environment:checking '/home/omen16/workspace/grad_ws/install/velodyne_pointcloud/bin'
[23.079s] Level 1:colcon.colcon_core.environment:checking '/home/omen16/workspace/grad_ws/install/velodyne_pointcloud/lib/pkgconfig/velodyne_pointcloud.pc'
[23.079s] Level 1:colcon.colcon_core.environment:checking '/home/omen16/workspace/grad_ws/install/velodyne_pointcloud/lib/python3.10/site-packages'
[23.079s] Level 1:colcon.colcon_core.environment:checking '/home/omen16/workspace/grad_ws/install/velodyne_pointcloud/bin'
[23.080s] INFO:colcon.colcon_core.shell:Creating package script '/home/omen16/workspace/grad_ws/install/velodyne_pointcloud/share/velodyne_pointcloud/package.ps1'
[23.080s] INFO:colcon.colcon_core.shell:Creating package descriptor '/home/omen16/workspace/grad_ws/install/velodyne_pointcloud/share/velodyne_pointcloud/package.dsv'
[23.080s] INFO:colcon.colcon_core.shell:Creating package script '/home/omen16/workspace/grad_ws/install/velodyne_pointcloud/share/velodyne_pointcloud/package.sh'
[23.080s] INFO:colcon.colcon_core.shell:Creating package script '/home/omen16/workspace/grad_ws/install/velodyne_pointcloud/share/velodyne_pointcloud/package.bash'
[23.081s] INFO:colcon.colcon_core.shell:Creating package script '/home/omen16/workspace/grad_ws/install/velodyne_pointcloud/share/velodyne_pointcloud/package.zsh'
[23.081s] Level 1:colcon.colcon_core.environment:create_file_with_runtime_dependencies(/home/omen16/workspace/grad_ws/install/velodyne_pointcloud/share/colcon-core/packages/velodyne_pointcloud)
[23.081s] Level 1:colcon.colcon_core.environment:create_environment_scripts_only(velodyne_pointcloud)
[23.081s] Level 1:colcon.colcon_core.environment:checking '/home/omen16/workspace/grad_ws/install/velodyne_pointcloud' for CMake module files
[23.082s] Level 1:colcon.colcon_core.environment:checking '/home/omen16/workspace/grad_ws/install/velodyne_pointcloud' for CMake config files
[23.082s] Level 1:colcon.colcon_core.shell:create_environment_hook('velodyne_pointcloud', 'cmake_prefix_path')
[23.082s] INFO:colcon.colcon_core.shell:Creating environment hook '/home/omen16/workspace/grad_ws/install/velodyne_pointcloud/share/velodyne_pointcloud/hook/cmake_prefix_path.ps1'
[23.082s] INFO:colcon.colcon_core.shell:Creating environment descriptor '/home/omen16/workspace/grad_ws/install/velodyne_pointcloud/share/velodyne_pointcloud/hook/cmake_prefix_path.dsv'
[23.082s] INFO:colcon.colcon_core.shell:Creating environment hook '/home/omen16/workspace/grad_ws/install/velodyne_pointcloud/share/velodyne_pointcloud/hook/cmake_prefix_path.sh'
[23.083s] Level 1:colcon.colcon_core.environment:checking '/home/omen16/workspace/grad_ws/install/velodyne_pointcloud/lib'
[23.083s] Level 1:colcon.colcon_core.shell:create_environment_hook('velodyne_pointcloud', 'ld_library_path_lib')
[23.083s] INFO:colcon.colcon_core.shell:Creating environment hook '/home/omen16/workspace/grad_ws/install/velodyne_pointcloud/share/velodyne_pointcloud/hook/ld_library_path_lib.ps1'
[23.083s] INFO:colcon.colcon_core.shell:Creating environment descriptor '/home/omen16/workspace/grad_ws/install/velodyne_pointcloud/share/velodyne_pointcloud/hook/ld_library_path_lib.dsv'
[23.084s] INFO:colcon.colcon_core.shell:Creating environment hook '/home/omen16/workspace/grad_ws/install/velodyne_pointcloud/share/velodyne_pointcloud/hook/ld_library_path_lib.sh'
[23.084s] Level 1:colcon.colcon_core.environment:checking '/home/omen16/workspace/grad_ws/install/velodyne_pointcloud/bin'
[23.084s] Level 1:colcon.colcon_core.environment:checking '/home/omen16/workspace/grad_ws/install/velodyne_pointcloud/lib/pkgconfig/velodyne_pointcloud.pc'
[23.084s] Level 1:colcon.colcon_core.environment:checking '/home/omen16/workspace/grad_ws/install/velodyne_pointcloud/lib/python3.10/site-packages'
[23.084s] Level 1:colcon.colcon_core.environment:checking '/home/omen16/workspace/grad_ws/install/velodyne_pointcloud/bin'
[23.084s] INFO:colcon.colcon_core.shell:Creating package script '/home/omen16/workspace/grad_ws/install/velodyne_pointcloud/share/velodyne_pointcloud/package.ps1'
[23.085s] INFO:colcon.colcon_core.shell:Creating package descriptor '/home/omen16/workspace/grad_ws/install/velodyne_pointcloud/share/velodyne_pointcloud/package.dsv'
[23.085s] INFO:colcon.colcon_core.shell:Creating package script '/home/omen16/workspace/grad_ws/install/velodyne_pointcloud/share/velodyne_pointcloud/package.sh'
[23.085s] INFO:colcon.colcon_core.shell:Creating package script '/home/omen16/workspace/grad_ws/install/velodyne_pointcloud/share/velodyne_pointcloud/package.bash'
[23.085s] INFO:colcon.colcon_core.shell:Creating package script '/home/omen16/workspace/grad_ws/install/velodyne_pointcloud/share/velodyne_pointcloud/package.zsh'
[23.086s] Level 1:colcon.colcon_core.environment:create_file_with_runtime_dependencies(/home/omen16/workspace/grad_ws/install/velodyne_pointcloud/share/colcon-core/packages/velodyne_pointcloud)
[23.086s] INFO:colcon.colcon_ros.task.ament_cmake.build:Building ROS package in '/home/omen16/workspace/grad_ws/src/velodyne/velodyne' with build type 'ament_cmake'
[23.086s] INFO:colcon.colcon_cmake.task.cmake.build:Building CMake package in '/home/omen16/workspace/grad_ws/src/velodyne/velodyne'
[23.086s] INFO:colcon.colcon_core.shell:Skip shell extension 'powershell' for command environment: Not usable outside of PowerShell
[23.086s] DEBUG:colcon.colcon_core.shell:Skip shell extension 'dsv' for command environment
[23.099s] DEBUG:colcon.colcon_core.event_handler.log_command:Invoking command in '/home/omen16/workspace/grad_ws/build/velodyne': CMAKE_PREFIX_PATH=/home/omen16/workspace/grad_ws/install/velodyne_pointcloud:/home/omen16/workspace/grad_ws/install/velodyne_driver:/home/omen16/workspace/grad_ws/install/velodyne_msgs:/home/omen16/workspace/grad_ws/install/velodyne_laserscan:/home/omen16/workspace/grad_ws/install/velodyne:/home/omen16/workspace/grad_ws/install/lidar_processor:/opt/ros/humble LD_LIBRARY_PATH=/home/omen16/workspace/grad_ws/install/velodyne_pointcloud/lib:/home/omen16/workspace/grad_ws/install/velodyne_driver/lib:/home/omen16/workspace/grad_ws/install/velodyne_msgs/lib:/home/omen16/workspace/grad_ws/install/velodyne_laserscan/lib:/usr/local/cuda-12.8/lib64:/opt/ros/humble/opt/rviz_ogre_vendor/lib:/opt/ros/humble/lib/x86_64-linux-gnu:/opt/ros/humble/lib /usr/bin/cmake /home/omen16/workspace/grad_ws/src/velodyne/velodyne -DCMAKE_INSTALL_PREFIX=/home/omen16/workspace/grad_ws/install/velodyne
[23.760s] DEBUG:colcon.colcon_core.event_handler.log_command:Invoked command in '/home/omen16/workspace/grad_ws/build/velodyne' returned '0': CMAKE_PREFIX_PATH=/home/omen16/workspace/grad_ws/install/velodyne_pointcloud:/home/omen16/workspace/grad_ws/install/velodyne_driver:/home/omen16/workspace/grad_ws/install/velodyne_msgs:/home/omen16/workspace/grad_ws/install/velodyne_laserscan:/home/omen16/workspace/grad_ws/install/velodyne:/home/omen16/workspace/grad_ws/install/lidar_processor:/opt/ros/humble LD_LIBRARY_PATH=/home/omen16/workspace/grad_ws/install/velodyne_pointcloud/lib:/home/omen16/workspace/grad_ws/install/velodyne_driver/lib:/home/omen16/workspace/grad_ws/install/velodyne_msgs/lib:/home/omen16/workspace/grad_ws/install/velodyne_laserscan/lib:/usr/local/cuda-12.8/lib64:/opt/ros/humble/opt/rviz_ogre_vendor/lib:/opt/ros/humble/lib/x86_64-linux-gnu:/opt/ros/humble/lib /usr/bin/cmake /home/omen16/workspace/grad_ws/src/velodyne/velodyne -DCMAKE_INSTALL_PREFIX=/home/omen16/workspace/grad_ws/install/velodyne
[23.761s] DEBUG:colcon.colcon_core.event_handler.log_command:Invoking command in '/home/omen16/workspace/grad_ws/build/velodyne': CMAKE_PREFIX_PATH=/home/omen16/workspace/grad_ws/install/velodyne_pointcloud:/home/omen16/workspace/grad_ws/install/velodyne_driver:/home/omen16/workspace/grad_ws/install/velodyne_msgs:/home/omen16/workspace/grad_ws/install/velodyne_laserscan:/home/omen16/workspace/grad_ws/install/velodyne:/home/omen16/workspace/grad_ws/install/lidar_processor:/opt/ros/humble LD_LIBRARY_PATH=/home/omen16/workspace/grad_ws/install/velodyne_pointcloud/lib:/home/omen16/workspace/grad_ws/install/velodyne_driver/lib:/home/omen16/workspace/grad_ws/install/velodyne_msgs/lib:/home/omen16/workspace/grad_ws/install/velodyne_laserscan/lib:/usr/local/cuda-12.8/lib64:/opt/ros/humble/opt/rviz_ogre_vendor/lib:/opt/ros/humble/lib/x86_64-linux-gnu:/opt/ros/humble/lib /usr/bin/cmake --build /home/omen16/workspace/grad_ws/build/velodyne -- -j32 -l32
[23.790s] DEBUG:colcon.colcon_core.event_handler.log_command:Invoked command in '/home/omen16/workspace/grad_ws/build/velodyne' returned '0': CMAKE_PREFIX_PATH=/home/omen16/workspace/grad_ws/install/velodyne_pointcloud:/home/omen16/workspace/grad_ws/install/velodyne_driver:/home/omen16/workspace/grad_ws/install/velodyne_msgs:/home/omen16/workspace/grad_ws/install/velodyne_laserscan:/home/omen16/workspace/grad_ws/install/velodyne:/home/omen16/workspace/grad_ws/install/lidar_processor:/opt/ros/humble LD_LIBRARY_PATH=/home/omen16/workspace/grad_ws/install/velodyne_pointcloud/lib:/home/omen16/workspace/grad_ws/install/velodyne_driver/lib:/home/omen16/workspace/grad_ws/install/velodyne_msgs/lib:/home/omen16/workspace/grad_ws/install/velodyne_laserscan/lib:/usr/local/cuda-12.8/lib64:/opt/ros/humble/opt/rviz_ogre_vendor/lib:/opt/ros/humble/lib/x86_64-linux-gnu:/opt/ros/humble/lib /usr/bin/cmake --build /home/omen16/workspace/grad_ws/build/velodyne -- -j32 -l32
[23.791s] DEBUG:colcon.colcon_core.event_handler.log_command:Invoking command in '/home/omen16/workspace/grad_ws/build/velodyne': CMAKE_PREFIX_PATH=/home/omen16/workspace/grad_ws/install/velodyne_pointcloud:/home/omen16/workspace/grad_ws/install/velodyne_driver:/home/omen16/workspace/grad_ws/install/velodyne_msgs:/home/omen16/workspace/grad_ws/install/velodyne_laserscan:/home/omen16/workspace/grad_ws/install/velodyne:/home/omen16/workspace/grad_ws/install/lidar_processor:/opt/ros/humble LD_LIBRARY_PATH=/home/omen16/workspace/grad_ws/install/velodyne_pointcloud/lib:/home/omen16/workspace/grad_ws/install/velodyne_driver/lib:/home/omen16/workspace/grad_ws/install/velodyne_msgs/lib:/home/omen16/workspace/grad_ws/install/velodyne_laserscan/lib:/usr/local/cuda-12.8/lib64:/opt/ros/humble/opt/rviz_ogre_vendor/lib:/opt/ros/humble/lib/x86_64-linux-gnu:/opt/ros/humble/lib /usr/bin/cmake --install /home/omen16/workspace/grad_ws/build/velodyne
[23.803s] Level 1:colcon.colcon_core.environment:create_environment_scripts_only(velodyne)
[23.803s] Level 1:colcon.colcon_core.environment:checking '/home/omen16/workspace/grad_ws/install/velodyne' for CMake module files
[23.804s] DEBUG:colcon.colcon_core.event_handler.log_command:Invoked command in '/home/omen16/workspace/grad_ws/build/velodyne' returned '0': CMAKE_PREFIX_PATH=/home/omen16/workspace/grad_ws/install/velodyne_pointcloud:/home/omen16/workspace/grad_ws/install/velodyne_driver:/home/omen16/workspace/grad_ws/install/velodyne_msgs:/home/omen16/workspace/grad_ws/install/velodyne_laserscan:/home/omen16/workspace/grad_ws/install/velodyne:/home/omen16/workspace/grad_ws/install/lidar_processor:/opt/ros/humble LD_LIBRARY_PATH=/home/omen16/workspace/grad_ws/install/velodyne_pointcloud/lib:/home/omen16/workspace/grad_ws/install/velodyne_driver/lib:/home/omen16/workspace/grad_ws/install/velodyne_msgs/lib:/home/omen16/workspace/grad_ws/install/velodyne_laserscan/lib:/usr/local/cuda-12.8/lib64:/opt/ros/humble/opt/rviz_ogre_vendor/lib:/opt/ros/humble/lib/x86_64-linux-gnu:/opt/ros/humble/lib /usr/bin/cmake --install /home/omen16/workspace/grad_ws/build/velodyne
[23.804s] Level 1:colcon.colcon_core.environment:checking '/home/omen16/workspace/grad_ws/install/velodyne' for CMake config files
[23.804s] Level 1:colcon.colcon_core.shell:create_environment_hook('velodyne', 'cmake_prefix_path')
[23.804s] INFO:colcon.colcon_core.shell:Creating environment hook '/home/omen16/workspace/grad_ws/install/velodyne/share/velodyne/hook/cmake_prefix_path.ps1'
[23.805s] INFO:colcon.colcon_core.shell:Creating environment descriptor '/home/omen16/workspace/grad_ws/install/velodyne/share/velodyne/hook/cmake_prefix_path.dsv'
[23.805s] INFO:colcon.colcon_core.shell:Creating environment hook '/home/omen16/workspace/grad_ws/install/velodyne/share/velodyne/hook/cmake_prefix_path.sh'
[23.805s] Level 1:colcon.colcon_core.environment:checking '/home/omen16/workspace/grad_ws/install/velodyne/bin'
[23.805s] Level 1:colcon.colcon_core.environment:checking '/home/omen16/workspace/grad_ws/install/velodyne/lib/pkgconfig/velodyne.pc'
[23.805s] Level 1:colcon.colcon_core.environment:checking '/home/omen16/workspace/grad_ws/install/velodyne/lib/python3.10/site-packages'
[23.805s] Level 1:colcon.colcon_core.environment:checking '/home/omen16/workspace/grad_ws/install/velodyne/bin'
[23.806s] INFO:colcon.colcon_core.shell:Creating package script '/home/omen16/workspace/grad_ws/install/velodyne/share/velodyne/package.ps1'
[23.806s] INFO:colcon.colcon_core.shell:Creating package descriptor '/home/omen16/workspace/grad_ws/install/velodyne/share/velodyne/package.dsv'
[23.806s] INFO:colcon.colcon_core.shell:Creating package script '/home/omen16/workspace/grad_ws/install/velodyne/share/velodyne/package.sh'
[23.806s] INFO:colcon.colcon_core.shell:Creating package script '/home/omen16/workspace/grad_ws/install/velodyne/share/velodyne/package.bash'
[23.806s] INFO:colcon.colcon_core.shell:Creating package script '/home/omen16/workspace/grad_ws/install/velodyne/share/velodyne/package.zsh'
[23.807s] Level 1:colcon.colcon_core.environment:create_file_with_runtime_dependencies(/home/omen16/workspace/grad_ws/install/velodyne/share/colcon-core/packages/velodyne)
[23.807s] Level 1:colcon.colcon_core.environment:create_environment_scripts_only(velodyne)
[23.807s] Level 1:colcon.colcon_core.environment:checking '/home/omen16/workspace/grad_ws/install/velodyne' for CMake module files
[23.807s] Level 1:colcon.colcon_core.environment:checking '/home/omen16/workspace/grad_ws/install/velodyne' for CMake config files
[23.807s] Level 1:colcon.colcon_core.shell:create_environment_hook('velodyne', 'cmake_prefix_path')
[23.808s] INFO:colcon.colcon_core.shell:Creating environment hook '/home/omen16/workspace/grad_ws/install/velodyne/share/velodyne/hook/cmake_prefix_path.ps1'
[23.808s] INFO:colcon.colcon_core.shell:Creating environment descriptor '/home/omen16/workspace/grad_ws/install/velodyne/share/velodyne/hook/cmake_prefix_path.dsv'
[23.808s] INFO:colcon.colcon_core.shell:Creating environment hook '/home/omen16/workspace/grad_ws/install/velodyne/share/velodyne/hook/cmake_prefix_path.sh'
[23.808s] Level 1:colcon.colcon_core.environment:checking '/home/omen16/workspace/grad_ws/install/velodyne/bin'
[23.808s] Level 1:colcon.colcon_core.environment:checking '/home/omen16/workspace/grad_ws/install/velodyne/lib/pkgconfig/velodyne.pc'
[23.808s] Level 1:colcon.colcon_core.environment:checking '/home/omen16/workspace/grad_ws/install/velodyne/lib/python3.10/site-packages'
[23.809s] Level 1:colcon.colcon_core.environment:checking '/home/omen16/workspace/grad_ws/install/velodyne/bin'
[23.809s] INFO:colcon.colcon_core.shell:Creating package script '/home/omen16/workspace/grad_ws/install/velodyne/share/velodyne/package.ps1'
[23.809s] INFO:colcon.colcon_core.shell:Creating package descriptor '/home/omen16/workspace/grad_ws/install/velodyne/share/velodyne/package.dsv'
[23.809s] INFO:colcon.colcon_core.shell:Creating package script '/home/omen16/workspace/grad_ws/install/velodyne/share/velodyne/package.sh'
[23.809s] INFO:colcon.colcon_core.shell:Creating package script '/home/omen16/workspace/grad_ws/install/velodyne/share/velodyne/package.bash'
[23.810s] INFO:colcon.colcon_core.shell:Creating package script '/home/omen16/workspace/grad_ws/install/velodyne/share/velodyne/package.zsh'
[23.810s] Level 1:colcon.colcon_core.environment:create_file_with_runtime_dependencies(/home/omen16/workspace/grad_ws/install/velodyne/share/colcon-core/packages/velodyne)
[23.810s] DEBUG:colcon.colcon_parallel_executor.executor.parallel:closing loop
[23.810s] DEBUG:colcon.colcon_parallel_executor.executor.parallel:loop closed
[23.810s] DEBUG:colcon.colcon_parallel_executor.executor.parallel:run_until_complete finished with '0'
[23.810s] DEBUG:colcon.colcon_core.event_reactor:joining thread
[23.819s] INFO:colcon.colcon_core.plugin_system:Skipping extension 'colcon_notification.desktop_notification.terminal_notifier': Not used on non-Darwin systems
[23.819s] INFO:colcon.colcon_core.plugin_system:Skipping extension 'colcon_notification.desktop_notification.win32': Not used on non-Windows systems
[23.819s] INFO:colcon.colcon_notification.desktop_notification:Sending desktop notification using 'notify2'
[23.830s] DEBUG:colcon.colcon_core.event_reactor:joined thread
[23.831s] INFO:colcon.colcon_core.shell:Creating prefix script '/home/omen16/workspace/grad_ws/install/local_setup.ps1'
[23.831s] INFO:colcon.colcon_core.shell:Creating prefix util module '/home/omen16/workspace/grad_ws/install/_local_setup_util_ps1.py'
[23.832s] INFO:colcon.colcon_core.shell:Creating prefix chain script '/home/omen16/workspace/grad_ws/install/setup.ps1'
[23.833s] INFO:colcon.colcon_core.shell:Creating prefix script '/home/omen16/workspace/grad_ws/install/local_setup.sh'
[23.834s] INFO:colcon.colcon_core.shell:Creating prefix util module '/home/omen16/workspace/grad_ws/install/_local_setup_util_sh.py'
[23.834s] INFO:colcon.colcon_core.shell:Creating prefix chain script '/home/omen16/workspace/grad_ws/install/setup.sh'
[23.835s] INFO:colcon.colcon_core.shell:Creating prefix script '/home/omen16/workspace/grad_ws/install/local_setup.bash'
[23.835s] INFO:colcon.colcon_core.shell:Creating prefix chain script '/home/omen16/workspace/grad_ws/install/setup.bash'
[23.836s] INFO:colcon.colcon_core.shell:Creating prefix script '/home/omen16/workspace/grad_ws/install/local_setup.zsh'
[23.836s] INFO:colcon.colcon_core.shell:Creating prefix chain script '/home/omen16/workspace/grad_ws/install/setup.zsh'
